[35m[1mConsolidate compiler generated dependencies of target check_point_4[0m
[ 50%] [32mBuilding CXX object CMakeFiles/check_point_4.dir/src/check_point_4.cpp.o[0m
[100%] [32m[1mLinking CXX executable check_point_4[0m
[100%] Built target check_point_4
-- Install configuration: ""
-- Installing: /home/tdk/ros2_ws/install/navigation/lib/navigation/check_point_4
-- Set runtime path of "/home/tdk/ros2_ws/install/navigation/lib/navigation/check_point_4" to ""
-- Up-to-date: /home/tdk/ros2_ws/install/navigation/share/ament_index/resource_index/package_run_dependencies/navigation
-- Up-to-date: /home/tdk/ros2_ws/install/navigation/share/ament_index/resource_index/parent_prefix_path/navigation
-- Up-to-date: /home/tdk/ros2_ws/install/navigation/share/navigation/environment/ament_prefix_path.sh
-- Up-to-date: /home/tdk/ros2_ws/install/navigation/share/navigation/environment/ament_prefix_path.dsv
-- Up-to-date: /home/tdk/ros2_ws/install/navigation/share/navigation/environment/path.sh
-- Up-to-date: /home/tdk/ros2_ws/install/navigation/share/navigation/environment/path.dsv
-- Up-to-date: /home/tdk/ros2_ws/install/navigation/share/navigation/local_setup.bash
-- Up-to-date: /home/tdk/ros2_ws/install/navigation/share/navigation/local_setup.sh
-- Up-to-date: /home/tdk/ros2_ws/install/navigation/share/navigation/local_setup.zsh
-- Up-to-date: /home/tdk/ros2_ws/install/navigation/share/navigation/local_setup.dsv
-- Installing: /home/tdk/ros2_ws/install/navigation/share/navigation/package.dsv
-- Up-to-date: /home/tdk/ros2_ws/install/navigation/share/ament_index/resource_index/packages/navigation
-- Up-to-date: /home/tdk/ros2_ws/install/navigation/share/navigation/cmake/navigationConfig.cmake
-- Up-to-date: /home/tdk/ros2_ws/install/navigation/share/navigation/cmake/navigationConfig-version.cmake
-- Up-to-date: /home/tdk/ros2_ws/install/navigation/share/navigation/package.xml
