[ 25%] [32mBuilding CXX object CMakeFiles/chassis_controller.dir/src/chassis_controller.cpp.o[0m
[ 75%] Built target check_point_4
[100%] [32m[1mLinking CXX executable chassis_controller[0m
[100%] Built target chassis_controller
-- Install configuration: ""
-- Up-to-date: /ros2_ws/install/navigation/lib/navigation/check_point_4
-- Installing: /ros2_ws/install/navigation/lib/navigation/chassis_controller
-- Set runtime path of "/ros2_ws/install/navigation/lib/navigation/chassis_controller" to ""
-- Up-to-date: /ros2_ws/install/navigation/share/ament_index/resource_index/package_run_dependencies/navigation
-- Up-to-date: /ros2_ws/install/navigation/share/ament_index/resource_index/parent_prefix_path/navigation
-- Up-to-date: /ros2_ws/install/navigation/share/navigation/environment/ament_prefix_path.sh
-- Up-to-date: /ros2_ws/install/navigation/share/navigation/environment/ament_prefix_path.dsv
-- Up-to-date: /ros2_ws/install/navigation/share/navigation/environment/path.sh
-- Up-to-date: /ros2_ws/install/navigation/share/navigation/environment/path.dsv
-- Up-to-date: /ros2_ws/install/navigation/share/navigation/local_setup.bash
-- Up-to-date: /ros2_ws/install/navigation/share/navigation/local_setup.sh
-- Up-to-date: /ros2_ws/install/navigation/share/navigation/local_setup.zsh
-- Up-to-date: /ros2_ws/install/navigation/share/navigation/local_setup.dsv
-- Installing: /ros2_ws/install/navigation/share/navigation/package.dsv
-- Up-to-date: /ros2_ws/install/navigation/share/ament_index/resource_index/packages/navigation
-- Up-to-date: /ros2_ws/install/navigation/share/navigation/cmake/navigationConfig.cmake
-- Up-to-date: /ros2_ws/install/navigation/share/navigation/cmake/navigationConfig-version.cmake
-- Up-to-date: /ros2_ws/install/navigation/share/navigation/package.xml
