[0.013s] Invoking command in '/ros2_ws/build/camera': CMAKE_PREFIX_PATH=/opt/ros/humble /usr/bin/cmake --build /ros2_ws/build/camera -- -j12 -l12
[0.073s] [35m[1mConsolidate compiler generated dependencies of target coffee1[0m
[0.094s] [ 28%] Built target imread
[0.095s] [ 28%] Built target TFsetup
[0.095s] [ 42%] Built target coffee2
[0.097s] [ 57%] Built target orange
[0.099s] [ 78%] Built target transform
[0.100s] [ 85%] Built target arm
[0.104s] [100%] Built target coffee1
[0.119s] Invoked command in '/ros2_ws/build/camera' returned '0': CMAKE_PREFIX_PATH=/opt/ros/humble /usr/bin/cmake --build /ros2_ws/build/camera -- -j12 -l12
[0.133s] Invoking command in '/ros2_ws/build/camera': CMAKE_PREFIX_PATH=/opt/ros/humble /usr/bin/cmake --install /ros2_ws/build/camera
[0.143s] -- Install configuration: ""
[0.143s] -- Up-to-date: /ros2_ws/install/camera/lib/camera/imread
[0.144s] -- Installing: /ros2_ws/install/camera/lib/camera/coffee1
[0.155s] -- Set runtime path of "/ros2_ws/install/camera/lib/camera/coffee1" to ""
[0.155s] -- Up-to-date: /ros2_ws/install/camera/lib/camera/coffee2
[0.156s] -- Up-to-date: /ros2_ws/install/camera/lib/camera/orange
[0.156s] -- Up-to-date: /ros2_ws/install/camera/lib/camera/TFsetup
[0.157s] -- Up-to-date: /ros2_ws/install/camera/lib/camera/transform
[0.157s] -- Up-to-date: /ros2_ws/install/camera/lib/camera/arm
[0.158s] -- Up-to-date: /ros2_ws/install/camera/share/camera/launch
[0.158s] -- Up-to-date: /ros2_ws/install/camera/share/camera/launch/launch.xml
[0.158s] -- Up-to-date: /ros2_ws/install/camera/share/ament_index/resource_index/package_run_dependencies/camera
[0.158s] -- Installing: /ros2_ws/install/camera/share/ament_index/resource_index/parent_prefix_path/camera
[0.158s] -- Up-to-date: /ros2_ws/install/camera/share/camera/environment/ament_prefix_path.sh
[0.158s] -- Installing: /ros2_ws/install/camera/share/camera/environment/ament_prefix_path.dsv
[0.159s] -- Up-to-date: /ros2_ws/install/camera/share/camera/environment/path.sh
[0.159s] -- Installing: /ros2_ws/install/camera/share/camera/environment/path.dsv
[0.159s] -- Up-to-date: /ros2_ws/install/camera/share/camera/local_setup.bash
[0.159s] -- Up-to-date: /ros2_ws/install/camera/share/camera/local_setup.sh
[0.159s] -- Up-to-date: /ros2_ws/install/camera/share/camera/local_setup.zsh
[0.159s] -- Installing: /ros2_ws/install/camera/share/camera/local_setup.dsv
[0.159s] -- Installing: /ros2_ws/install/camera/share/camera/package.dsv
[0.160s] -- Up-to-date: /ros2_ws/install/camera/share/ament_index/resource_index/packages/camera
[0.160s] -- Up-to-date: /ros2_ws/install/camera/share/camera/cmake/cameraConfig.cmake
[0.160s] -- Up-to-date: /ros2_ws/install/camera/share/camera/cmake/cameraConfig-version.cmake
[0.160s] -- Up-to-date: /ros2_ws/install/camera/share/camera/package.xml
[0.163s] Invoked command in '/ros2_ws/build/camera' returned '0': CMAKE_PREFIX_PATH=/opt/ros/humble /usr/bin/cmake --install /ros2_ws/build/camera
