[0.007s] Invoking command in '/ros2_ws/build/navigation': AMENT_PREFIX_PATH=/ros2_ws/install/rospi_pre:${AMENT_PREFIX_PATH} CMAKE_PREFIX_PATH=/ros2_ws/install/rospi_pre:/opt/ros/humble LD_LIBRARY_PATH=/ros2_ws/install/rospi_pre/lib:${LD_LIBRARY_PATH} PYTHONPATH=/ros2_ws/install/rospi_pre/local/lib/python3.10/dist-packages:${PYTHONPATH} /usr/bin/cmake /ros2_ws/src/navigation -DCMAKE_INSTALL_PREFIX=/ros2_ws/install/navigation
[0.056s] -- The C compiler identification is GNU 11.4.0
[0.104s] -- The CXX compiler identification is GNU 11.4.0
[0.110s] -- Detecting C compiler ABI info
[0.171s] -- Detecting C compiler ABI info - done
[0.176s] -- Check for working C compiler: /usr/bin/cc - skipped
[0.177s] -- Detecting C compile features
[0.177s] -- Detecting C compile features - done
[0.179s] -- Detecting CXX compiler ABI info
[0.247s] -- Detecting CXX compiler ABI info - done
[0.252s] -- Check for working CXX compiler: /usr/bin/c++ - skipped
[0.252s] -- Detecting CXX compile features
[0.252s] -- Detecting CXX compile features - done
[0.255s] -- Found ament_cmake: 1.3.12 (/opt/ros/humble/share/ament_cmake/cmake)
[0.357s] -- Found Python3: /usr/bin/python3 (found version "3.10.12") found components: Interpreter 
[0.428s] -- Found rclcpp: 16.0.14 (/opt/ros/humble/share/rclcpp/cmake)
[0.461s] -- Found rosidl_generator_c: 3.1.7 (/opt/ros/humble/share/rosidl_generator_c/cmake)
[0.465s] -- Found rosidl_adapter: 3.1.7 (/opt/ros/humble/share/rosidl_adapter/cmake)
[0.471s] -- Found rosidl_generator_cpp: 3.1.7 (/opt/ros/humble/share/rosidl_generator_cpp/cmake)
[0.481s] -- Using all available rosidl_typesupport_c: rosidl_typesupport_fastrtps_c;rosidl_typesupport_introspection_c
[0.493s] -- Using all available rosidl_typesupport_cpp: rosidl_typesupport_fastrtps_cpp;rosidl_typesupport_introspection_cpp
[0.528s] -- Found rmw_implementation_cmake: 6.1.2 (/opt/ros/humble/share/rmw_implementation_cmake/cmake)
[0.530s] -- Found rmw_cyclonedds_cpp: 1.3.4 (/opt/ros/humble/share/rmw_cyclonedds_cpp/cmake)
[0.547s] -- Using RMW implementation 'rmw_cyclonedds_cpp' as default
[0.555s] -- Looking for pthread.h
[0.621s] -- Looking for pthread.h - found
[0.621s] -- Performing Test CMAKE_HAVE_LIBC_PTHREAD
[0.689s] -- Performing Test CMAKE_HAVE_LIBC_PTHREAD - Success
[0.690s] -- Found Threads: TRUE  
[0.735s] -- Found nav_msgs: 4.9.0 (/opt/ros/humble/share/nav_msgs/cmake)
[0.759s] -- Found rospi_pre: 0.0.0 (/ros2_ws/install/rospi_pre/share/rospi_pre/cmake)
[0.772s] -- Found ament_lint_auto: 0.12.14 (/opt/ros/humble/share/ament_lint_auto/cmake)
[0.844s] -- Added test 'cppcheck' to perform static code analysis on C / C++ code
[0.844s] -- Configured cppcheck include dirs: 
[0.845s] -- Configured cppcheck exclude dirs and/or files: 
[0.845s] -- Added test 'lint_cmake' to check CMake code style
[0.847s] -- Added test 'uncrustify' to check C / C++ code style
[0.847s] -- Configured uncrustify additional arguments: 
[0.847s] -- Added test 'xmllint' to check XML markup files
[0.849s] -- Configuring done
[0.861s] -- Generating done
[0.865s] -- Build files have been written to: /ros2_ws/build/navigation
[0.873s] Invoked command in '/ros2_ws/build/navigation' returned '0': AMENT_PREFIX_PATH=/ros2_ws/install/rospi_pre:${AMENT_PREFIX_PATH} CMAKE_PREFIX_PATH=/ros2_ws/install/rospi_pre:/opt/ros/humble LD_LIBRARY_PATH=/ros2_ws/install/rospi_pre/lib:${LD_LIBRARY_PATH} PYTHONPATH=/ros2_ws/install/rospi_pre/local/lib/python3.10/dist-packages:${PYTHONPATH} /usr/bin/cmake /ros2_ws/src/navigation -DCMAKE_INSTALL_PREFIX=/ros2_ws/install/navigation
[0.874s] Invoking command in '/ros2_ws/build/navigation': AMENT_PREFIX_PATH=/ros2_ws/install/rospi_pre:${AMENT_PREFIX_PATH} CMAKE_PREFIX_PATH=/ros2_ws/install/rospi_pre:/opt/ros/humble LD_LIBRARY_PATH=/ros2_ws/install/rospi_pre/lib:${LD_LIBRARY_PATH} PYTHONPATH=/ros2_ws/install/rospi_pre/local/lib/python3.10/dist-packages:${PYTHONPATH} /usr/bin/cmake --build /ros2_ws/build/navigation -- -j12 -l12
[0.923s] [ 50%] [32mBuilding CXX object CMakeFiles/chassis_controller.dir/src/chassis_controller.cpp.o[0m
[0.923s] [ 50%] [32mBuilding CXX object CMakeFiles/check_point_4.dir/src/check_point_4.cpp.o[0m
[4.261s] [ 75%] [32m[1mLinking CXX executable check_point_4[0m
[4.559s] [ 75%] Built target check_point_4
[10.830s] [100%] [32m[1mLinking CXX executable chassis_controller[0m
[11.502s] [100%] Built target chassis_controller
[11.522s] Invoked command in '/ros2_ws/build/navigation' returned '0': AMENT_PREFIX_PATH=/ros2_ws/install/rospi_pre:${AMENT_PREFIX_PATH} CMAKE_PREFIX_PATH=/ros2_ws/install/rospi_pre:/opt/ros/humble LD_LIBRARY_PATH=/ros2_ws/install/rospi_pre/lib:${LD_LIBRARY_PATH} PYTHONPATH=/ros2_ws/install/rospi_pre/local/lib/python3.10/dist-packages:${PYTHONPATH} /usr/bin/cmake --build /ros2_ws/build/navigation -- -j12 -l12
[11.529s] Invoking command in '/ros2_ws/build/navigation': AMENT_PREFIX_PATH=/ros2_ws/install/rospi_pre:${AMENT_PREFIX_PATH} CMAKE_PREFIX_PATH=/ros2_ws/install/rospi_pre:/opt/ros/humble LD_LIBRARY_PATH=/ros2_ws/install/rospi_pre/lib:${LD_LIBRARY_PATH} PYTHONPATH=/ros2_ws/install/rospi_pre/local/lib/python3.10/dist-packages:${PYTHONPATH} /usr/bin/cmake --install /ros2_ws/build/navigation
[11.547s] -- Install configuration: ""
[11.547s] -- Installing: /ros2_ws/install/navigation/lib/navigation/check_point_4
[11.556s] -- Set runtime path of "/ros2_ws/install/navigation/lib/navigation/check_point_4" to ""
[11.557s] -- Installing: /ros2_ws/install/navigation/lib/navigation/chassis_controller
[11.566s] -- Set runtime path of "/ros2_ws/install/navigation/lib/navigation/chassis_controller" to ""
[11.566s] -- Installing: /ros2_ws/install/navigation/share/ament_index/resource_index/package_run_dependencies/navigation
[11.567s] -- Installing: /ros2_ws/install/navigation/share/ament_index/resource_index/parent_prefix_path/navigation
[11.567s] -- Installing: /ros2_ws/install/navigation/share/navigation/environment/ament_prefix_path.sh
[11.567s] -- Installing: /ros2_ws/install/navigation/share/navigation/environment/ament_prefix_path.dsv
[11.567s] -- Installing: /ros2_ws/install/navigation/share/navigation/environment/path.sh
[11.567s] -- Installing: /ros2_ws/install/navigation/share/navigation/environment/path.dsv
[11.568s] -- Installing: /ros2_ws/install/navigation/share/navigation/local_setup.bash
[11.568s] -- Installing: /ros2_ws/install/navigation/share/navigation/local_setup.sh
[11.568s] -- Installing: /ros2_ws/install/navigation/share/navigation/local_setup.zsh
[11.572s] -- Installing: /ros2_ws/install/navigation/share/navigation/local_setup.dsv
[11.575s] -- Installing: /ros2_ws/install/navigation/share/navigation/package.dsv
[11.575s] -- Installing: /ros2_ws/install/navigation/share/ament_index/resource_index/packages/navigation
[11.576s] -- Installing: /ros2_ws/install/navigation/share/navigation/cmake/navigationConfig.cmake
[11.576s] -- Installing: /ros2_ws/install/navigation/share/navigation/cmake/navigationConfig-version.cmake
[11.576s] -- Installing: /ros2_ws/install/navigation/share/navigation/package.xml
[11.577s] Invoked command in '/ros2_ws/build/navigation' returned '0': AMENT_PREFIX_PATH=/ros2_ws/install/rospi_pre:${AMENT_PREFIX_PATH} CMAKE_PREFIX_PATH=/ros2_ws/install/rospi_pre:/opt/ros/humble LD_LIBRARY_PATH=/ros2_ws/install/rospi_pre/lib:${LD_LIBRARY_PATH} PYTHONPATH=/ros2_ws/install/rospi_pre/local/lib/python3.10/dist-packages:${PYTHONPATH} /usr/bin/cmake --install /ros2_ws/build/navigation
