[0.022s] Invoking command in '/ros2_ws/build/navigation': CMAKE_PREFIX_PATH=/ros2_ws/install/rospi_pre:/ros2_ws/install/navigation:/ros2_ws/install/realsense2_description:/ros2_ws/install/realsense2_camera:/ros2_ws/install/realsense2_camera_msgs:/ros2_ws/install/main_pkg:/ros2_ws/install/camera:/opt/ros/humble /usr/bin/cmake --build /ros2_ws/build/navigation -- -j12 -l12
[0.042s] -- Found ament_cmake: 1.3.12 (/opt/ros/humble/share/ament_cmake/cmake)
[0.142s] -- Found rclcpp: 16.0.14 (/opt/ros/humble/share/rclcpp/cmake)
[0.163s] -- Found rosidl_generator_c: 3.1.7 (/opt/ros/humble/share/rosidl_generator_c/cmake)
[0.164s] -- Found rosidl_adapter: 3.1.7 (/opt/ros/humble/share/rosidl_adapter/cmake)
[0.168s] -- Found rosidl_generator_cpp: 3.1.7 (/opt/ros/humble/share/rosidl_generator_cpp/cmake)
[0.175s] -- Using all available rosidl_typesupport_c: rosidl_typesupport_fastrtps_c;rosidl_typesupport_introspection_c
[0.184s] -- Using all available rosidl_typesupport_cpp: rosidl_typesupport_fastrtps_cpp;rosidl_typesupport_introspection_cpp
[0.207s] -- Found rmw_implementation_cmake: 6.1.2 (/opt/ros/humble/share/rmw_implementation_cmake/cmake)
[0.208s] [31mCMake Error at /opt/ros/humble/share/rmw_implementation_cmake/cmake/get_default_rmw_implementation.cmake:60 (message):
[0.208s]   Could not find ROS middleware implementation 'rmw_cyclonedds_cpp'.  Choose
[0.208s]   one of the following: rmw_fastrtps_cpp
[0.208s] Call Stack (most recent call first):
[0.208s]   /opt/ros/humble/share/rmw_implementation/cmake/rmw_implementation-extras.cmake:19 (get_default_rmw_implementation)
[0.208s]   /opt/ros/humble/share/rmw_implementation/cmake/rmw_implementationConfig.cmake:41 (include)
[0.208s]   /opt/ros/humble/share/rcl/cmake/ament_cmake_export_dependencies-extras.cmake:21 (find_package)
[0.208s]   /opt/ros/humble/share/rcl/cmake/rclConfig.cmake:41 (include)
[0.208s]   /opt/ros/humble/share/libstatistics_collector/cmake/ament_cmake_export_dependencies-extras.cmake:21 (find_package)
[0.208s]   /opt/ros/humble/share/libstatistics_collector/cmake/libstatistics_collectorConfig.cmake:41 (include)
[0.208s]   /opt/ros/humble/share/rclcpp/cmake/ament_cmake_export_dependencies-extras.cmake:21 (find_package)
[0.208s]   /opt/ros/humble/share/rclcpp/cmake/rclcppConfig.cmake:41 (include)
[0.208s]   CMakeLists.txt:10 (find_package)
[0.208s] 
[0.208s] [0m
[0.208s] -- Configuring incomplete, errors occurred!
[0.208s] See also "/ros2_ws/build/navigation/CMakeFiles/CMakeOutput.log".
[0.212s] gmake: *** [Makefile:308: cmake_check_build_system] Error 1
[0.214s] Invoked command in '/ros2_ws/build/navigation' returned '2': CMAKE_PREFIX_PATH=/ros2_ws/install/rospi_pre:/ros2_ws/install/navigation:/ros2_ws/install/realsense2_description:/ros2_ws/install/realsense2_camera:/ros2_ws/install/realsense2_camera_msgs:/ros2_ws/install/main_pkg:/ros2_ws/install/camera:/opt/ros/humble /usr/bin/cmake --build /ros2_ws/build/navigation -- -j12 -l12
