[0.011s] Invoking command in '/home/tdk/ros2_ws/build/navigation': CMAKE_PREFIX_PATH=/opt/ros/humble /usr/bin/cmake /home/tdk/ros2_ws/src/navigation -DCMAKE_INSTALL_PREFIX=/home/tdk/ros2_ws/install/navigation
[0.121s] -- The C compiler identification is GNU 11.4.0
[0.190s] -- The CXX compiler identification is GNU 11.4.0
[0.199s] -- Detecting C compiler ABI info
[0.262s] -- Detecting C compiler ABI info - done
[0.267s] -- Check for working C compiler: /usr/bin/cc - skipped
[0.268s] -- Detecting C compile features
[0.268s] -- Detecting C compile features - done
[0.271s] -- Detecting CXX compiler ABI info
[0.341s] -- Detecting CXX compiler ABI info - done
[0.346s] -- Check for working CXX compiler: /usr/bin/c++ - skipped
[0.346s] -- Detecting CXX compile features
[0.347s] -- Detecting CXX compile features - done
[0.352s] -- Found ament_cmake: 1.3.11 (/opt/ros/humble/share/ament_cmake/cmake)
[0.470s] -- Found Python3: /usr/bin/python3 (found version "3.10.12") found components: Interpreter 
[0.561s] -- Found rclcpp: 16.0.12 (/opt/ros/humble/share/rclcpp/cmake)
[0.610s] -- Found rosidl_generator_c: 3.1.6 (/opt/ros/humble/share/rosidl_generator_c/cmake)
[0.616s] -- Found rosidl_adapter: 3.1.6 (/opt/ros/humble/share/rosidl_adapter/cmake)
[0.625s] -- Found rosidl_generator_cpp: 3.1.6 (/opt/ros/humble/share/rosidl_generator_cpp/cmake)
[0.637s] -- Using all available rosidl_typesupport_c: rosidl_typesupport_fastrtps_c;rosidl_typesupport_introspection_c
[0.654s] -- Using all available rosidl_typesupport_cpp: rosidl_typesupport_fastrtps_cpp;rosidl_typesupport_introspection_cpp
[0.698s] -- Found rmw_implementation_cmake: 6.1.2 (/opt/ros/humble/share/rmw_implementation_cmake/cmake)
[0.702s] -- Found rmw_cyclonedds_cpp: 1.3.4 (/opt/ros/humble/share/rmw_cyclonedds_cpp/cmake)
[0.724s] -- Using RMW implementation 'rmw_cyclonedds_cpp' as default
[0.736s] -- Looking for pthread.h
[0.802s] -- Looking for pthread.h - found
[0.803s] -- Performing Test CMAKE_HAVE_LIBC_PTHREAD
[0.865s] -- Performing Test CMAKE_HAVE_LIBC_PTHREAD - Success
[0.866s] -- Found Threads: TRUE  
[0.914s] -- Found nav_msgs: 4.9.0 (/opt/ros/humble/share/nav_msgs/cmake)
[0.944s] -- Found ament_lint_auto: 0.12.12 (/opt/ros/humble/share/ament_lint_auto/cmake)
[1.028s] -- Added test 'cppcheck' to perform static code analysis on C / C++ code
[1.028s] -- Configured cppcheck include dirs: 
[1.028s] -- Configured cppcheck exclude dirs and/or files: 
[1.029s] -- Added test 'lint_cmake' to check CMake code style
[1.030s] -- Added test 'uncrustify' to check C / C++ code style
[1.030s] -- Configured uncrustify additional arguments: 
[1.031s] -- Added test 'xmllint' to check XML markup files
[1.032s] -- Configuring done
[1.041s] -- Generating done
[1.044s] -- Build files have been written to: /home/tdk/ros2_ws/build/navigation
[1.050s] Invoked command in '/home/tdk/ros2_ws/build/navigation' returned '0': CMAKE_PREFIX_PATH=/opt/ros/humble /usr/bin/cmake /home/tdk/ros2_ws/src/navigation -DCMAKE_INSTALL_PREFIX=/home/tdk/ros2_ws/install/navigation
[1.052s] Invoking command in '/home/tdk/ros2_ws/build/navigation': CMAKE_PREFIX_PATH=/opt/ros/humble /usr/bin/cmake --build /home/tdk/ros2_ws/build/navigation -- -j12 -l12
[1.095s] [ 50%] [32mBuilding CXX object CMakeFiles/check_point_4.dir/src/check_point_4.cpp.o[0m
[4.258s] [100%] [32m[1mLinking CXX executable check_point_4[0m
[4.417s] [100%] Built target check_point_4
[4.427s] Invoked command in '/home/tdk/ros2_ws/build/navigation' returned '0': CMAKE_PREFIX_PATH=/opt/ros/humble /usr/bin/cmake --build /home/tdk/ros2_ws/build/navigation -- -j12 -l12
[4.436s] Invoking command in '/home/tdk/ros2_ws/build/navigation': CMAKE_PREFIX_PATH=/opt/ros/humble /usr/bin/cmake --install /home/tdk/ros2_ws/build/navigation
[4.442s] -- Install configuration: ""
[4.442s] -- Installing: /home/tdk/ros2_ws/install/navigation/lib/navigation/check_point_4
[4.444s] -- Set runtime path of "/home/tdk/ros2_ws/install/navigation/lib/navigation/check_point_4" to ""
[4.444s] -- Installing: /home/tdk/ros2_ws/install/navigation/share/ament_index/resource_index/package_run_dependencies/navigation
[4.444s] -- Installing: /home/tdk/ros2_ws/install/navigation/share/ament_index/resource_index/parent_prefix_path/navigation
[4.444s] -- Installing: /home/tdk/ros2_ws/install/navigation/share/navigation/environment/ament_prefix_path.sh
[4.445s] -- Installing: /home/tdk/ros2_ws/install/navigation/share/navigation/environment/ament_prefix_path.dsv
[4.445s] -- Installing: /home/tdk/ros2_ws/install/navigation/share/navigation/environment/path.sh
[4.445s] -- Installing: /home/tdk/ros2_ws/install/navigation/share/navigation/environment/path.dsv
[4.445s] -- Installing: /home/tdk/ros2_ws/install/navigation/share/navigation/local_setup.bash
[4.446s] -- Installing: /home/tdk/ros2_ws/install/navigation/share/navigation/local_setup.sh
[4.446s] -- Installing: /home/tdk/ros2_ws/install/navigation/share/navigation/local_setup.zsh
[4.446s] -- Installing: /home/tdk/ros2_ws/install/navigation/share/navigation/local_setup.dsv
[4.446s] -- Installing: /home/tdk/ros2_ws/install/navigation/share/navigation/package.dsv
[4.446s] -- Installing: /home/tdk/ros2_ws/install/navigation/share/ament_index/resource_index/packages/navigation
[4.446s] -- Installing: /home/tdk/ros2_ws/install/navigation/share/navigation/cmake/navigationConfig.cmake
[4.447s] -- Installing: /home/tdk/ros2_ws/install/navigation/share/navigation/cmake/navigationConfig-version.cmake
[4.447s] -- Installing: /home/tdk/ros2_ws/install/navigation/share/navigation/package.xml
[4.449s] Invoked command in '/home/tdk/ros2_ws/build/navigation' returned '0': CMAKE_PREFIX_PATH=/opt/ros/humble /usr/bin/cmake --install /home/tdk/ros2_ws/build/navigation
