[0.009s] Invoking command in '/ros2_ws/build/rospi_pre': CMAKE_PREFIX_PATH=${CMAKE_PREFIX_PATH}:/opt/ros/humble /usr/bin/cmake /ros2_ws/src/rospi_pre -DCMAKE_INSTALL_PREFIX=/ros2_ws/install/rospi_pre
[0.019s] -- Found ament_cmake: 1.3.11 (/opt/ros/humble/share/ament_cmake/cmake)
[0.112s] -- Found std_msgs: 4.9.0 (/opt/ros/humble/share/std_msgs/cmake)
[0.130s] -- Found rosidl_generator_c: 3.1.6 (/opt/ros/humble/share/rosidl_generator_c/cmake)
[0.132s] -- Found rosidl_adapter: 3.1.6 (/opt/ros/humble/share/rosidl_adapter/cmake)
[0.137s] -- Found rosidl_generator_cpp: 3.1.6 (/opt/ros/humble/share/rosidl_generator_cpp/cmake)
[0.144s] -- Using all available rosidl_typesupport_c: rosidl_typesupport_fastrtps_c;rosidl_typesupport_introspection_c
[0.152s] -- Using all available rosidl_typesupport_cpp: rosidl_typesupport_fastrtps_cpp;rosidl_typesupport_introspection_cpp
[0.168s] -- Found rosidl_default_generators: 1.2.0 (/opt/ros/humble/share/rosidl_default_generators/cmake)
[0.362s] -- Found ament_cmake_ros: 0.10.0 (/opt/ros/humble/share/ament_cmake_ros/cmake)
[0.628s] -- Using all available rosidl_typesupport_c: rosidl_typesupport_fastrtps_c;rosidl_typesupport_introspection_c
[0.729s] -- Using all available rosidl_typesupport_cpp: rosidl_typesupport_fastrtps_cpp;rosidl_typesupport_introspection_cpp
[0.748s] -- Found PythonInterp: /usr/bin/python3 (found suitable version "3.10.12", minimum required is "3.6") 
[0.750s] -- Found python_cmake_module: 0.10.0 (/opt/ros/humble/share/python_cmake_module/cmake)
[0.772s] -- Found PythonLibs: /usr/lib/x86_64-linux-gnu/libpython3.10.so (found suitable version "3.10.12", minimum required is "3.5") 
[0.772s] -- Using PYTHON_EXECUTABLE: /usr/bin/python3
[0.772s] -- Using PYTHON_INCLUDE_DIRS: /usr/include/python3.10
[0.772s] -- Using PYTHON_LIBRARIES: /usr/lib/x86_64-linux-gnu/libpython3.10.so
[0.788s] -- Found PythonExtra: .so  
[0.829s] -- Configuring done
[0.855s] -- Generating done
[0.863s] -- Build files have been written to: /ros2_ws/build/rospi_pre
[0.869s] Invoked command in '/ros2_ws/build/rospi_pre' returned '0': CMAKE_PREFIX_PATH=${CMAKE_PREFIX_PATH}:/opt/ros/humble /usr/bin/cmake /ros2_ws/src/rospi_pre -DCMAKE_INSTALL_PREFIX=/ros2_ws/install/rospi_pre
[0.871s] Invoking command in '/ros2_ws/build/rospi_pre': CMAKE_PREFIX_PATH=${CMAKE_PREFIX_PATH}:/opt/ros/humble /usr/bin/cmake --build /ros2_ws/build/rospi_pre -- -j12 -l12
[0.904s] [  3%] [34m[1mGenerating C code for ROS interfaces[0m
[0.912s] [  6%] [34m[1mGenerating C++ code for ROS interfaces[0m
[0.920s] [  6%] Built target ament_cmake_python_copy_rospi_pre
[1.084s] running egg_info
[1.084s] creating rospi_pre.egg-info
[1.084s] writing rospi_pre.egg-info/PKG-INFO
[1.085s] writing dependency_links to rospi_pre.egg-info/dependency_links.txt
[1.085s] writing top-level names to rospi_pre.egg-info/top_level.txt
[1.085s] writing manifest file 'rospi_pre.egg-info/SOURCES.txt'
[1.087s] reading manifest file 'rospi_pre.egg-info/SOURCES.txt'
[1.088s] writing manifest file 'rospi_pre.egg-info/SOURCES.txt'
[1.126s] [  6%] Built target ament_cmake_python_build_rospi_pre_egg
[1.126s] [  6%] Built target rospi_pre__cpp
[1.135s] [ 19%] [34m[1mGenerating C++ type support for eProsima Fast-RTPS[0m
[1.135s] [ 19%] [32mBuilding C object CMakeFiles/rospi_pre__rosidl_generator_c.dir/rosidl_generator_c/rospi_pre/srv/detail/chassis_manager__functions.c.o[0m
[1.135s] [ 19%] [34m[1mGenerating C++ type support dispatch for ROS interfaces[0m
[1.135s] [ 19%] [34m[1mGenerating C++ introspection for ROS interfaces[0m
[1.192s] [ 22%] [32m[1mLinking C shared library librospi_pre__rosidl_generator_c.so[0m
[1.224s] [ 22%] Built target rospi_pre__rosidl_generator_c
[1.234s] [ 29%] [34m[1mGenerating C type support for eProsima Fast-RTPS[0m
[1.234s] [ 29%] [34m[1mGenerating C introspection for ROS interfaces[0m
[1.234s] [ 32%] [34m[1mGenerating C type support dispatch for ROS interfaces[0m
[1.363s] [ 35%] [32mBuilding CXX object CMakeFiles/rospi_pre__rosidl_typesupport_cpp.dir/rosidl_typesupport_cpp/rospi_pre/srv/chassis_manager__type_support.cpp.o[0m
[1.380s] [ 38%] [32mBuilding CXX object CMakeFiles/rospi_pre__rosidl_typesupport_introspection_cpp.dir/rosidl_typesupport_introspection_cpp/rospi_pre/srv/detail/chassis_manager__type_support.cpp.o[0m
[1.384s] [ 41%] [32mBuilding CXX object CMakeFiles/rospi_pre__rosidl_typesupport_fastrtps_cpp.dir/rosidl_typesupport_fastrtps_cpp/rospi_pre/srv/detail/dds_fastrtps/chassis_manager__type_support.cpp.o[0m
[1.451s] [ 45%] [32mBuilding CXX object CMakeFiles/rospi_pre__rosidl_typesupport_c.dir/rosidl_typesupport_c/rospi_pre/srv/chassis_manager__type_support.cpp.o[0m
[1.481s] [ 48%] [32m[1mLinking CXX shared library librospi_pre__rosidl_typesupport_c.so[0m
[1.483s] [ 51%] [32mBuilding C object CMakeFiles/rospi_pre__rosidl_typesupport_introspection_c.dir/rosidl_typesupport_introspection_c/rospi_pre/srv/detail/chassis_manager__type_support.c.o[0m
[1.491s] [ 54%] [32mBuilding CXX object CMakeFiles/rospi_pre__rosidl_typesupport_fastrtps_c.dir/rosidl_typesupport_fastrtps_c/rospi_pre/srv/detail/chassis_manager__type_support_c.cpp.o[0m
[1.520s] [ 58%] [32m[1mLinking C shared library librospi_pre__rosidl_typesupport_introspection_c.so[0m
[1.522s] [ 58%] Built target rospi_pre__rosidl_typesupport_c
[1.551s] [ 58%] Built target rospi_pre__rosidl_typesupport_introspection_c
[1.613s] [ 61%] [32m[1mLinking CXX shared library librospi_pre__rosidl_typesupport_cpp.so[0m
[1.653s] [ 61%] Built target rospi_pre__rosidl_typesupport_cpp
[1.711s] [ 64%] [32m[1mLinking CXX shared library librospi_pre__rosidl_typesupport_introspection_cpp.so[0m
[1.734s] [ 67%] [32m[1mLinking CXX shared library librospi_pre__rosidl_typesupport_fastrtps_cpp.so[0m
[1.773s] [ 67%] Built target rospi_pre__rosidl_typesupport_introspection_cpp
[1.774s] [ 70%] [32m[1mLinking CXX shared library librospi_pre__rosidl_typesupport_fastrtps_c.so[0m
[1.806s] [ 70%] Built target rospi_pre__rosidl_typesupport_fastrtps_cpp
[1.840s] [ 70%] Built target rospi_pre__rosidl_typesupport_fastrtps_c
[1.857s] [ 70%] Built target rospi_pre
[1.875s] [ 74%] [34m[1mGenerating Python code for ROS interfaces[0m
[2.123s] [ 74%] Built target rospi_pre__py
[2.142s] [ 77%] [32mBuilding C object CMakeFiles/rospi_pre__rosidl_generator_py.dir/rosidl_generator_py/rospi_pre/srv/_chassis_manager_s.c.o[0m
[2.235s] [ 80%] [32m[1mLinking C shared library rosidl_generator_py/rospi_pre/librospi_pre__rosidl_generator_py.so[0m
[2.269s] [ 80%] Built target rospi_pre__rosidl_generator_py
[2.287s] [ 90%] [32mBuilding C object CMakeFiles/rospi_pre__rosidl_typesupport_c__pyext.dir/rosidl_generator_py/rospi_pre/_rospi_pre_s.ep.rosidl_typesupport_c.c.o[0m
[2.287s] [ 90%] [32mBuilding C object CMakeFiles/rospi_pre__rosidl_typesupport_introspection_c__pyext.dir/rosidl_generator_py/rospi_pre/_rospi_pre_s.ep.rosidl_typesupport_introspection_c.c.o[0m
[2.287s] [ 90%] [32mBuilding C object CMakeFiles/rospi_pre__rosidl_typesupport_fastrtps_c__pyext.dir/rosidl_generator_py/rospi_pre/_rospi_pre_s.ep.rosidl_typesupport_fastrtps_c.c.o[0m
[2.367s] [100%] [32m[1mLinking C shared library rosidl_generator_py/rospi_pre/rospi_pre_s__rosidl_typesupport_fastrtps_c.cpython-310-x86_64-linux-gnu.so[0m
[2.367s] [100%] [32m[1mLinking C shared library rosidl_generator_py/rospi_pre/rospi_pre_s__rosidl_typesupport_introspection_c.cpython-310-x86_64-linux-gnu.so[0m
[2.367s] [100%] [32m[1mLinking C shared library rosidl_generator_py/rospi_pre/rospi_pre_s__rosidl_typesupport_c.cpython-310-x86_64-linux-gnu.so[0m
[2.400s] [100%] Built target rospi_pre__rosidl_typesupport_c__pyext
[2.400s] [100%] Built target rospi_pre__rosidl_typesupport_fastrtps_c__pyext
[2.400s] [100%] Built target rospi_pre__rosidl_typesupport_introspection_c__pyext
[2.410s] Invoked command in '/ros2_ws/build/rospi_pre' returned '0': CMAKE_PREFIX_PATH=${CMAKE_PREFIX_PATH}:/opt/ros/humble /usr/bin/cmake --build /ros2_ws/build/rospi_pre -- -j12 -l12
[2.420s] Invoking command in '/ros2_ws/build/rospi_pre': CMAKE_PREFIX_PATH=${CMAKE_PREFIX_PATH}:/opt/ros/humble /usr/bin/cmake --install /ros2_ws/build/rospi_pre
[2.427s] -- Install configuration: ""
[2.427s] -- Installing: /ros2_ws/install/rospi_pre/share/ament_index/resource_index/rosidl_interfaces/rospi_pre
[2.427s] -- Installing: /ros2_ws/install/rospi_pre/include/rospi_pre/rospi_pre
[2.427s] -- Installing: /ros2_ws/install/rospi_pre/include/rospi_pre/rospi_pre/msg
[2.427s] -- Installing: /ros2_ws/install/rospi_pre/include/rospi_pre/rospi_pre/msg/rosidl_generator_c__visibility_control.h
[2.427s] -- Installing: /ros2_ws/install/rospi_pre/include/rospi_pre/rospi_pre/srv
[2.427s] -- Installing: /ros2_ws/install/rospi_pre/include/rospi_pre/rospi_pre/srv/detail
[2.427s] -- Installing: /ros2_ws/install/rospi_pre/include/rospi_pre/rospi_pre/srv/detail/chassis_manager__struct.h
[2.427s] -- Installing: /ros2_ws/install/rospi_pre/include/rospi_pre/rospi_pre/srv/detail/chassis_manager__functions.h
[2.427s] -- Installing: /ros2_ws/install/rospi_pre/include/rospi_pre/rospi_pre/srv/detail/chassis_manager__functions.c
[2.428s] -- Installing: /ros2_ws/install/rospi_pre/include/rospi_pre/rospi_pre/srv/detail/chassis_manager__type_support.h
[2.428s] -- Installing: /ros2_ws/install/rospi_pre/include/rospi_pre/rospi_pre/srv/chassis_manager.h
[2.428s] -- Up-to-date: /ros2_ws/install/rospi_pre/share/rospi_pre/environment/library_path.sh
[2.428s] -- Installing: /ros2_ws/install/rospi_pre/share/rospi_pre/environment/library_path.dsv
[2.428s] -- Installing: /ros2_ws/install/rospi_pre/lib/librospi_pre__rosidl_generator_c.so
[2.428s] -- Set runtime path of "/ros2_ws/install/rospi_pre/lib/librospi_pre__rosidl_generator_c.so" to ""
[2.428s] -- Up-to-date: /ros2_ws/install/rospi_pre/include/rospi_pre/rospi_pre
[2.428s] -- Up-to-date: /ros2_ws/install/rospi_pre/include/rospi_pre/rospi_pre/msg
[2.429s] -- Installing: /ros2_ws/install/rospi_pre/include/rospi_pre/rospi_pre/msg/rosidl_typesupport_fastrtps_c__visibility_control.h
[2.429s] -- Up-to-date: /ros2_ws/install/rospi_pre/include/rospi_pre/rospi_pre/srv
[2.429s] -- Up-to-date: /ros2_ws/install/rospi_pre/include/rospi_pre/rospi_pre/srv/detail
[2.429s] -- Installing: /ros2_ws/install/rospi_pre/include/rospi_pre/rospi_pre/srv/detail/chassis_manager__rosidl_typesupport_fastrtps_c.h
[2.429s] -- Installing: /ros2_ws/install/rospi_pre/lib/librospi_pre__rosidl_typesupport_fastrtps_c.so
[2.429s] -- Set runtime path of "/ros2_ws/install/rospi_pre/lib/librospi_pre__rosidl_typesupport_fastrtps_c.so" to ""
[2.429s] -- Up-to-date: /ros2_ws/install/rospi_pre/include/rospi_pre/rospi_pre
[2.429s] -- Up-to-date: /ros2_ws/install/rospi_pre/include/rospi_pre/rospi_pre/msg
[2.429s] -- Installing: /ros2_ws/install/rospi_pre/include/rospi_pre/rospi_pre/msg/rosidl_generator_cpp__visibility_control.hpp
[2.429s] -- Up-to-date: /ros2_ws/install/rospi_pre/include/rospi_pre/rospi_pre/srv
[2.429s] -- Up-to-date: /ros2_ws/install/rospi_pre/include/rospi_pre/rospi_pre/srv/detail
[2.429s] -- Installing: /ros2_ws/install/rospi_pre/include/rospi_pre/rospi_pre/srv/detail/chassis_manager__traits.hpp
[2.429s] -- Installing: /ros2_ws/install/rospi_pre/include/rospi_pre/rospi_pre/srv/detail/chassis_manager__type_support.hpp
[2.430s] -- Installing: /ros2_ws/install/rospi_pre/include/rospi_pre/rospi_pre/srv/detail/chassis_manager__struct.hpp
[2.430s] -- Installing: /ros2_ws/install/rospi_pre/include/rospi_pre/rospi_pre/srv/detail/chassis_manager__builder.hpp
[2.430s] -- Installing: /ros2_ws/install/rospi_pre/include/rospi_pre/rospi_pre/srv/chassis_manager.hpp
[2.430s] -- Up-to-date: /ros2_ws/install/rospi_pre/include/rospi_pre/rospi_pre
[2.430s] -- Up-to-date: /ros2_ws/install/rospi_pre/include/rospi_pre/rospi_pre/msg
[2.430s] -- Installing: /ros2_ws/install/rospi_pre/include/rospi_pre/rospi_pre/msg/rosidl_typesupport_fastrtps_cpp__visibility_control.h
[2.430s] -- Up-to-date: /ros2_ws/install/rospi_pre/include/rospi_pre/rospi_pre/srv
[2.430s] -- Up-to-date: /ros2_ws/install/rospi_pre/include/rospi_pre/rospi_pre/srv/detail
[2.430s] -- Installing: /ros2_ws/install/rospi_pre/include/rospi_pre/rospi_pre/srv/detail/chassis_manager__rosidl_typesupport_fastrtps_cpp.hpp
[2.430s] -- Installing: /ros2_ws/install/rospi_pre/include/rospi_pre/rospi_pre/srv/detail/dds_fastrtps
[2.430s] -- Installing: /ros2_ws/install/rospi_pre/lib/librospi_pre__rosidl_typesupport_fastrtps_cpp.so
[2.431s] -- Set runtime path of "/ros2_ws/install/rospi_pre/lib/librospi_pre__rosidl_typesupport_fastrtps_cpp.so" to ""
[2.431s] -- Up-to-date: /ros2_ws/install/rospi_pre/include/rospi_pre/rospi_pre
[2.431s] -- Up-to-date: /ros2_ws/install/rospi_pre/include/rospi_pre/rospi_pre/msg
[2.431s] -- Installing: /ros2_ws/install/rospi_pre/include/rospi_pre/rospi_pre/msg/rosidl_typesupport_introspection_c__visibility_control.h
[2.431s] -- Up-to-date: /ros2_ws/install/rospi_pre/include/rospi_pre/rospi_pre/srv
[2.431s] -- Up-to-date: /ros2_ws/install/rospi_pre/include/rospi_pre/rospi_pre/srv/detail
[2.431s] -- Installing: /ros2_ws/install/rospi_pre/include/rospi_pre/rospi_pre/srv/detail/chassis_manager__rosidl_typesupport_introspection_c.h
[2.432s] -- Installing: /ros2_ws/install/rospi_pre/include/rospi_pre/rospi_pre/srv/detail/chassis_manager__type_support.c
[2.432s] -- Installing: /ros2_ws/install/rospi_pre/lib/librospi_pre__rosidl_typesupport_introspection_c.so
[2.432s] -- Set runtime path of "/ros2_ws/install/rospi_pre/lib/librospi_pre__rosidl_typesupport_introspection_c.so" to ""
[2.432s] -- Installing: /ros2_ws/install/rospi_pre/lib/librospi_pre__rosidl_typesupport_c.so
[2.432s] -- Set runtime path of "/ros2_ws/install/rospi_pre/lib/librospi_pre__rosidl_typesupport_c.so" to ""
[2.433s] -- Up-to-date: /ros2_ws/install/rospi_pre/include/rospi_pre/rospi_pre
[2.433s] -- Up-to-date: /ros2_ws/install/rospi_pre/include/rospi_pre/rospi_pre/srv
[2.433s] -- Up-to-date: /ros2_ws/install/rospi_pre/include/rospi_pre/rospi_pre/srv/detail
[2.433s] -- Installing: /ros2_ws/install/rospi_pre/include/rospi_pre/rospi_pre/srv/detail/chassis_manager__rosidl_typesupport_introspection_cpp.hpp
[2.433s] -- Installing: /ros2_ws/install/rospi_pre/include/rospi_pre/rospi_pre/srv/detail/chassis_manager__type_support.cpp
[2.433s] -- Installing: /ros2_ws/install/rospi_pre/lib/librospi_pre__rosidl_typesupport_introspection_cpp.so
[2.433s] -- Set runtime path of "/ros2_ws/install/rospi_pre/lib/librospi_pre__rosidl_typesupport_introspection_cpp.so" to ""
[2.433s] -- Installing: /ros2_ws/install/rospi_pre/lib/librospi_pre__rosidl_typesupport_cpp.so
[2.434s] -- Set runtime path of "/ros2_ws/install/rospi_pre/lib/librospi_pre__rosidl_typesupport_cpp.so" to ""
[2.434s] -- Installing: /ros2_ws/install/rospi_pre/share/rospi_pre/environment/pythonpath.sh
[2.434s] -- Installing: /ros2_ws/install/rospi_pre/share/rospi_pre/environment/pythonpath.dsv
[2.434s] -- Installing: /ros2_ws/install/rospi_pre/local/lib/python3.10/dist-packages/rospi_pre-0.0.0-py3.10.egg-info
[2.434s] -- Installing: /ros2_ws/install/rospi_pre/local/lib/python3.10/dist-packages/rospi_pre-0.0.0-py3.10.egg-info/PKG-INFO
[2.434s] -- Installing: /ros2_ws/install/rospi_pre/local/lib/python3.10/dist-packages/rospi_pre-0.0.0-py3.10.egg-info/dependency_links.txt
[2.434s] -- Installing: /ros2_ws/install/rospi_pre/local/lib/python3.10/dist-packages/rospi_pre-0.0.0-py3.10.egg-info/SOURCES.txt
[2.434s] -- Installing: /ros2_ws/install/rospi_pre/local/lib/python3.10/dist-packages/rospi_pre-0.0.0-py3.10.egg-info/top_level.txt
[2.435s] -- Installing: /ros2_ws/install/rospi_pre/local/lib/python3.10/dist-packages/rospi_pre
[2.435s] -- Installing: /ros2_ws/install/rospi_pre/local/lib/python3.10/dist-packages/rospi_pre/_rospi_pre_s.ep.rosidl_typesupport_introspection_c.c
[2.435s] -- Installing: /ros2_ws/install/rospi_pre/local/lib/python3.10/dist-packages/rospi_pre/_rospi_pre_s.ep.rosidl_typesupport_c.c
[2.435s] -- Installing: /ros2_ws/install/rospi_pre/local/lib/python3.10/dist-packages/rospi_pre/_rospi_pre_s.ep.rosidl_typesupport_fastrtps_c.c
[2.435s] -- Installing: /ros2_ws/install/rospi_pre/local/lib/python3.10/dist-packages/rospi_pre/rospi_pre_s__rosidl_typesupport_introspection_c.cpython-310-x86_64-linux-gnu.so
[2.435s] -- Installing: /ros2_ws/install/rospi_pre/local/lib/python3.10/dist-packages/rospi_pre/librospi_pre__rosidl_generator_py.so
[2.435s] -- Installing: /ros2_ws/install/rospi_pre/local/lib/python3.10/dist-packages/rospi_pre/srv
[2.435s] -- Installing: /ros2_ws/install/rospi_pre/local/lib/python3.10/dist-packages/rospi_pre/srv/_chassis_manager.py
[2.435s] -- Installing: /ros2_ws/install/rospi_pre/local/lib/python3.10/dist-packages/rospi_pre/srv/_chassis_manager_s.c
[2.435s] -- Installing: /ros2_ws/install/rospi_pre/local/lib/python3.10/dist-packages/rospi_pre/srv/__init__.py
[2.436s] -- Installing: /ros2_ws/install/rospi_pre/local/lib/python3.10/dist-packages/rospi_pre/rospi_pre_s__rosidl_typesupport_fastrtps_c.cpython-310-x86_64-linux-gnu.so
[2.436s] -- Installing: /ros2_ws/install/rospi_pre/local/lib/python3.10/dist-packages/rospi_pre/__init__.py
[2.436s] -- Installing: /ros2_ws/install/rospi_pre/local/lib/python3.10/dist-packages/rospi_pre/rospi_pre_s__rosidl_typesupport_c.cpython-310-x86_64-linux-gnu.so
[2.462s] Listing '/ros2_ws/install/rospi_pre/local/lib/python3.10/dist-packages/rospi_pre'...
[2.463s] Compiling '/ros2_ws/install/rospi_pre/local/lib/python3.10/dist-packages/rospi_pre/__init__.py'...
[2.463s] Listing '/ros2_ws/install/rospi_pre/local/lib/python3.10/dist-packages/rospi_pre/srv'...
[2.463s] Compiling '/ros2_ws/install/rospi_pre/local/lib/python3.10/dist-packages/rospi_pre/srv/__init__.py'...
[2.463s] Compiling '/ros2_ws/install/rospi_pre/local/lib/python3.10/dist-packages/rospi_pre/srv/_chassis_manager.py'...
[2.467s] -- Installing: /ros2_ws/install/rospi_pre/local/lib/python3.10/dist-packages/rospi_pre/rospi_pre_s__rosidl_typesupport_fastrtps_c.cpython-310-x86_64-linux-gnu.so
[2.467s] -- Set runtime path of "/ros2_ws/install/rospi_pre/local/lib/python3.10/dist-packages/rospi_pre/rospi_pre_s__rosidl_typesupport_fastrtps_c.cpython-310-x86_64-linux-gnu.so" to ""
[2.467s] -- Installing: /ros2_ws/install/rospi_pre/local/lib/python3.10/dist-packages/rospi_pre/rospi_pre_s__rosidl_typesupport_introspection_c.cpython-310-x86_64-linux-gnu.so
[2.467s] -- Set runtime path of "/ros2_ws/install/rospi_pre/local/lib/python3.10/dist-packages/rospi_pre/rospi_pre_s__rosidl_typesupport_introspection_c.cpython-310-x86_64-linux-gnu.so" to ""
[2.467s] -- Installing: /ros2_ws/install/rospi_pre/local/lib/python3.10/dist-packages/rospi_pre/rospi_pre_s__rosidl_typesupport_c.cpython-310-x86_64-linux-gnu.so
[2.468s] -- Set runtime path of "/ros2_ws/install/rospi_pre/local/lib/python3.10/dist-packages/rospi_pre/rospi_pre_s__rosidl_typesupport_c.cpython-310-x86_64-linux-gnu.so" to ""
[2.468s] -- Installing: /ros2_ws/install/rospi_pre/lib/librospi_pre__rosidl_generator_py.so
[2.468s] -- Set runtime path of "/ros2_ws/install/rospi_pre/lib/librospi_pre__rosidl_generator_py.so" to ""
[2.468s] -- Installing: /ros2_ws/install/rospi_pre/share/rospi_pre/srv/ChassisManager.idl
[2.468s] -- Installing: /ros2_ws/install/rospi_pre/share/rospi_pre/srv/ChassisManager.srv
[2.468s] -- Installing: /ros2_ws/install/rospi_pre/share/rospi_pre/srv/ChassisManager_Request.msg
[2.468s] -- Installing: /ros2_ws/install/rospi_pre/share/rospi_pre/srv/ChassisManager_Response.msg
[2.468s] -- Installing: /ros2_ws/install/rospi_pre/share/ament_index/resource_index/package_run_dependencies/rospi_pre
[2.469s] -- Up-to-date: /ros2_ws/install/rospi_pre/share/ament_index/resource_index/parent_prefix_path/rospi_pre
[2.469s] -- Up-to-date: /ros2_ws/install/rospi_pre/share/rospi_pre/environment/ament_prefix_path.sh
[2.469s] -- Installing: /ros2_ws/install/rospi_pre/share/rospi_pre/environment/ament_prefix_path.dsv
[2.469s] -- Up-to-date: /ros2_ws/install/rospi_pre/share/rospi_pre/environment/path.sh
[2.469s] -- Installing: /ros2_ws/install/rospi_pre/share/rospi_pre/environment/path.dsv
[2.469s] -- Up-to-date: /ros2_ws/install/rospi_pre/share/rospi_pre/local_setup.bash
[2.469s] -- Installing: /ros2_ws/install/rospi_pre/share/rospi_pre/local_setup.sh
[2.469s] -- Up-to-date: /ros2_ws/install/rospi_pre/share/rospi_pre/local_setup.zsh
[2.469s] -- Installing: /ros2_ws/install/rospi_pre/share/rospi_pre/local_setup.dsv
[2.469s] -- Installing: /ros2_ws/install/rospi_pre/share/rospi_pre/package.dsv
[2.469s] -- Up-to-date: /ros2_ws/install/rospi_pre/share/ament_index/resource_index/packages/rospi_pre
[2.470s] -- Installing: /ros2_ws/install/rospi_pre/share/rospi_pre/cmake/export_rospi_pre__rosidl_generator_cExport.cmake
[2.470s] -- Installing: /ros2_ws/install/rospi_pre/share/rospi_pre/cmake/export_rospi_pre__rosidl_generator_cExport-noconfig.cmake
[2.470s] -- Installing: /ros2_ws/install/rospi_pre/share/rospi_pre/cmake/export_rospi_pre__rosidl_typesupport_fastrtps_cExport.cmake
[2.470s] -- Installing: /ros2_ws/install/rospi_pre/share/rospi_pre/cmake/export_rospi_pre__rosidl_typesupport_fastrtps_cExport-noconfig.cmake
[2.470s] -- Installing: /ros2_ws/install/rospi_pre/share/rospi_pre/cmake/export_rospi_pre__rosidl_generator_cppExport.cmake
[2.470s] -- Installing: /ros2_ws/install/rospi_pre/share/rospi_pre/cmake/export_rospi_pre__rosidl_typesupport_fastrtps_cppExport.cmake
[2.470s] -- Installing: /ros2_ws/install/rospi_pre/share/rospi_pre/cmake/export_rospi_pre__rosidl_typesupport_fastrtps_cppExport-noconfig.cmake
[2.471s] -- Installing: /ros2_ws/install/rospi_pre/share/rospi_pre/cmake/rospi_pre__rosidl_typesupport_introspection_cExport.cmake
[2.471s] -- Installing: /ros2_ws/install/rospi_pre/share/rospi_pre/cmake/rospi_pre__rosidl_typesupport_introspection_cExport-noconfig.cmake
[2.471s] -- Installing: /ros2_ws/install/rospi_pre/share/rospi_pre/cmake/rospi_pre__rosidl_typesupport_cExport.cmake
[2.471s] -- Installing: /ros2_ws/install/rospi_pre/share/rospi_pre/cmake/rospi_pre__rosidl_typesupport_cExport-noconfig.cmake
[2.471s] -- Installing: /ros2_ws/install/rospi_pre/share/rospi_pre/cmake/rospi_pre__rosidl_typesupport_introspection_cppExport.cmake
[2.471s] -- Installing: /ros2_ws/install/rospi_pre/share/rospi_pre/cmake/rospi_pre__rosidl_typesupport_introspection_cppExport-noconfig.cmake
[2.472s] -- Installing: /ros2_ws/install/rospi_pre/share/rospi_pre/cmake/rospi_pre__rosidl_typesupport_cppExport.cmake
[2.472s] -- Installing: /ros2_ws/install/rospi_pre/share/rospi_pre/cmake/rospi_pre__rosidl_typesupport_cppExport-noconfig.cmake
[2.472s] -- Installing: /ros2_ws/install/rospi_pre/share/rospi_pre/cmake/export_rospi_pre__rosidl_generator_pyExport.cmake
[2.472s] -- Installing: /ros2_ws/install/rospi_pre/share/rospi_pre/cmake/export_rospi_pre__rosidl_generator_pyExport-noconfig.cmake
[2.472s] -- Installing: /ros2_ws/install/rospi_pre/share/rospi_pre/cmake/rosidl_cmake-extras.cmake
[2.472s] -- Installing: /ros2_ws/install/rospi_pre/share/rospi_pre/cmake/ament_cmake_export_dependencies-extras.cmake
[2.472s] -- Installing: /ros2_ws/install/rospi_pre/share/rospi_pre/cmake/ament_cmake_export_include_directories-extras.cmake
[2.473s] -- Installing: /ros2_ws/install/rospi_pre/share/rospi_pre/cmake/ament_cmake_export_libraries-extras.cmake
[2.473s] -- Installing: /ros2_ws/install/rospi_pre/share/rospi_pre/cmake/ament_cmake_export_targets-extras.cmake
[2.473s] -- Installing: /ros2_ws/install/rospi_pre/share/rospi_pre/cmake/rosidl_cmake_export_typesupport_targets-extras.cmake
[2.473s] -- Installing: /ros2_ws/install/rospi_pre/share/rospi_pre/cmake/rosidl_cmake_export_typesupport_libraries-extras.cmake
[2.473s] -- Installing: /ros2_ws/install/rospi_pre/share/rospi_pre/cmake/rospi_preConfig.cmake
[2.473s] -- Up-to-date: /ros2_ws/install/rospi_pre/share/rospi_pre/cmake/rospi_preConfig-version.cmake
[2.473s] -- Installing: /ros2_ws/install/rospi_pre/share/rospi_pre/package.xml
[2.476s] Invoked command in '/ros2_ws/build/rospi_pre' returned '0': CMAKE_PREFIX_PATH=${CMAKE_PREFIX_PATH}:/opt/ros/humble /usr/bin/cmake --install /ros2_ws/build/rospi_pre
