[0.022s] Invoking command in '/ros2_ws/build/realsense2_description': CMAKE_PREFIX_PATH=/ros2_ws/install/realsense2_camera_msgs:/ros2_ws/install/navigation:/ros2_ws/install/rospi_pre:/ros2_ws/install/realsense2_description:/ros2_ws/install/realsense2_camera:/ros2_ws/install/main_pkg:/ros2_ws/install/camera:/opt/ros/humble LD_LIBRARY_PATH=/ros2_ws/install/realsense2_camera_msgs/lib:/ros2_ws/install/rospi_pre/lib:/ros2_ws/install/realsense2_camera/lib:/opt/ros/humble/lib/x86_64-linux-gnu:/opt/ros/humble/lib /usr/bin/cmake /ros2_ws/src/realsense-pkg/realsense2_description -DCMAKE_INSTALL_PREFIX=/ros2_ws/install/realsense2_description
[0.095s] -- The C compiler identification is GNU 11.4.0
[0.168s] -- The CXX compiler identification is GNU 11.4.0
[0.178s] -- Detecting C compiler ABI info
[0.283s] -- Detecting C compiler ABI info - done
[0.293s] -- Check for working C compiler: /usr/bin/cc - skipped
[0.293s] -- Detecting C compile features
[0.294s] -- Detecting C compile features - done
[0.301s] -- Detecting CXX compiler ABI info
[0.437s] -- Detecting CXX compiler ABI info - done
[0.444s] -- Check for working CXX compiler: /usr/bin/c++ - skipped
[0.444s] -- Detecting CXX compile features
[0.445s] -- Detecting CXX compile features - done
[0.451s] -- Found ament_cmake: 1.3.12 (/opt/ros/humble/share/ament_cmake/cmake)
[0.728s] -- Found Python3: /usr/bin/python3 (found version "3.10.12") found components: Interpreter 
[0.964s] -- Configuring done
[0.986s] -- Generating done
[0.998s] -- Build files have been written to: /ros2_ws/build/realsense2_description
[1.007s] Invoked command in '/ros2_ws/build/realsense2_description' returned '0': CMAKE_PREFIX_PATH=/ros2_ws/install/realsense2_camera_msgs:/ros2_ws/install/navigation:/ros2_ws/install/rospi_pre:/ros2_ws/install/realsense2_description:/ros2_ws/install/realsense2_camera:/ros2_ws/install/main_pkg:/ros2_ws/install/camera:/opt/ros/humble LD_LIBRARY_PATH=/ros2_ws/install/realsense2_camera_msgs/lib:/ros2_ws/install/rospi_pre/lib:/ros2_ws/install/realsense2_camera/lib:/opt/ros/humble/lib/x86_64-linux-gnu:/opt/ros/humble/lib /usr/bin/cmake /ros2_ws/src/realsense-pkg/realsense2_description -DCMAKE_INSTALL_PREFIX=/ros2_ws/install/realsense2_description
[1.008s] Invoking command in '/ros2_ws/build/realsense2_description': CMAKE_PREFIX_PATH=/ros2_ws/install/realsense2_camera_msgs:/ros2_ws/install/navigation:/ros2_ws/install/rospi_pre:/ros2_ws/install/realsense2_description:/ros2_ws/install/realsense2_camera:/ros2_ws/install/main_pkg:/ros2_ws/install/camera:/opt/ros/humble LD_LIBRARY_PATH=/ros2_ws/install/realsense2_camera_msgs/lib:/ros2_ws/install/rospi_pre/lib:/ros2_ws/install/realsense2_camera/lib:/opt/ros/humble/lib/x86_64-linux-gnu:/opt/ros/humble/lib /usr/bin/cmake --build /ros2_ws/build/realsense2_description -- -j12 -l12
[1.073s] Invoked command in '/ros2_ws/build/realsense2_description' returned '0': CMAKE_PREFIX_PATH=/ros2_ws/install/realsense2_camera_msgs:/ros2_ws/install/navigation:/ros2_ws/install/rospi_pre:/ros2_ws/install/realsense2_description:/ros2_ws/install/realsense2_camera:/ros2_ws/install/main_pkg:/ros2_ws/install/camera:/opt/ros/humble LD_LIBRARY_PATH=/ros2_ws/install/realsense2_camera_msgs/lib:/ros2_ws/install/rospi_pre/lib:/ros2_ws/install/realsense2_camera/lib:/opt/ros/humble/lib/x86_64-linux-gnu:/opt/ros/humble/lib /usr/bin/cmake --build /ros2_ws/build/realsense2_description -- -j12 -l12
[1.075s] Invoking command in '/ros2_ws/build/realsense2_description': CMAKE_PREFIX_PATH=/ros2_ws/install/realsense2_camera_msgs:/ros2_ws/install/navigation:/ros2_ws/install/rospi_pre:/ros2_ws/install/realsense2_description:/ros2_ws/install/realsense2_camera:/ros2_ws/install/main_pkg:/ros2_ws/install/camera:/opt/ros/humble LD_LIBRARY_PATH=/ros2_ws/install/realsense2_camera_msgs/lib:/ros2_ws/install/rospi_pre/lib:/ros2_ws/install/realsense2_camera/lib:/opt/ros/humble/lib/x86_64-linux-gnu:/opt/ros/humble/lib /usr/bin/cmake --install /ros2_ws/build/realsense2_description
[1.086s] -- Install configuration: ""
[1.087s] -- Installing: /ros2_ws/install/realsense2_description/share/realsense2_description/launch
[1.087s] -- Installing: /ros2_ws/install/realsense2_description/share/realsense2_description/launch/view_model.launch.py
[1.087s] -- Installing: /ros2_ws/install/realsense2_description/share/realsense2_description/launch/launch_utils.py
[1.091s] -- Installing: /ros2_ws/install/realsense2_description/share/realsense2_description/meshes
[1.091s] -- Installing: /ros2_ws/install/realsense2_description/share/realsense2_description/meshes/d405.stl
[1.091s] -- Installing: /ros2_ws/install/realsense2_description/share/realsense2_description/meshes/l515.dae
[1.131s] -- Installing: /ros2_ws/install/realsense2_description/share/realsense2_description/meshes/plug_collision.stl
[1.132s] -- Installing: /ros2_ws/install/realsense2_description/share/realsense2_description/meshes/d415.stl
[1.161s] -- Installing: /ros2_ws/install/realsense2_description/share/realsense2_description/meshes/plug.stl
[1.162s] -- Installing: /ros2_ws/install/realsense2_description/share/realsense2_description/meshes/d435.dae
[1.186s] -- Installing: /ros2_ws/install/realsense2_description/share/realsense2_description/meshes/d455.stl
[1.186s] -- Installing: /ros2_ws/install/realsense2_description/share/realsense2_description/rviz
[1.187s] -- Installing: /ros2_ws/install/realsense2_description/share/realsense2_description/rviz/urdf.rviz
[1.188s] -- Installing: /ros2_ws/install/realsense2_description/share/realsense2_description/urdf
[1.188s] -- Installing: /ros2_ws/install/realsense2_description/share/realsense2_description/urdf/_d405.urdf.xacro
[1.189s] -- Installing: /ros2_ws/install/realsense2_description/share/realsense2_description/urdf/_d455.urdf.xacro
[1.189s] -- Installing: /ros2_ws/install/realsense2_description/share/realsense2_description/urdf/_d435.urdf.xacro
[1.194s] -- Installing: /ros2_ws/install/realsense2_description/share/realsense2_description/urdf/_r430.urdf.xacro
[1.195s] -- Installing: /ros2_ws/install/realsense2_description/share/realsense2_description/urdf/_d435i_imu_modules.urdf.xacro
[1.196s] -- Installing: /ros2_ws/install/realsense2_description/share/realsense2_description/urdf/test_d415_camera.urdf.xacro
[1.196s] -- Installing: /ros2_ws/install/realsense2_description/share/realsense2_description/urdf/_d435i.urdf.xacro
[1.197s] -- Installing: /ros2_ws/install/realsense2_description/share/realsense2_description/urdf/test_d435_camera.urdf.xacro
[1.198s] -- Installing: /ros2_ws/install/realsense2_description/share/realsense2_description/urdf/test_d405_camera.urdf.xacro
[1.198s] -- Installing: /ros2_ws/install/realsense2_description/share/realsense2_description/urdf/test_d435i_camera.urdf.xacro
[1.199s] -- Installing: /ros2_ws/install/realsense2_description/share/realsense2_description/urdf/_d415.urdf.xacro
[1.201s] -- Installing: /ros2_ws/install/realsense2_description/share/realsense2_description/urdf/test_d435_multiple_cameras.urdf.xacro
[1.201s] -- Installing: /ros2_ws/install/realsense2_description/share/realsense2_description/urdf/_usb_plug.urdf.xacro
[1.201s] -- Installing: /ros2_ws/install/realsense2_description/share/realsense2_description/urdf/_r410.urdf.xacro
[1.201s] -- Installing: /ros2_ws/install/realsense2_description/share/realsense2_description/urdf/test_d455_camera.urdf.xacro
[1.201s] -- Installing: /ros2_ws/install/realsense2_description/share/realsense2_description/urdf/test_r430_camera.urdf.xacro
[1.201s] -- Installing: /ros2_ws/install/realsense2_description/share/realsense2_description/urdf/test_r410_camera.urdf.xacro
[1.201s] -- Installing: /ros2_ws/install/realsense2_description/share/realsense2_description/urdf/_materials.urdf.xacro
[1.201s] -- Installing: /ros2_ws/install/realsense2_description/share/ament_index/resource_index/package_run_dependencies/realsense2_description
[1.202s] -- Installing: /ros2_ws/install/realsense2_description/share/ament_index/resource_index/parent_prefix_path/realsense2_description
[1.202s] -- Installing: /ros2_ws/install/realsense2_description/share/realsense2_description/environment/ament_prefix_path.sh
[1.202s] -- Installing: /ros2_ws/install/realsense2_description/share/realsense2_description/environment/ament_prefix_path.dsv
[1.202s] -- Installing: /ros2_ws/install/realsense2_description/share/realsense2_description/environment/path.sh
[1.202s] -- Installing: /ros2_ws/install/realsense2_description/share/realsense2_description/environment/path.dsv
[1.202s] -- Installing: /ros2_ws/install/realsense2_description/share/realsense2_description/local_setup.bash
[1.202s] -- Installing: /ros2_ws/install/realsense2_description/share/realsense2_description/local_setup.sh
[1.202s] -- Installing: /ros2_ws/install/realsense2_description/share/realsense2_description/local_setup.zsh
[1.202s] -- Installing: /ros2_ws/install/realsense2_description/share/realsense2_description/local_setup.dsv
[1.202s] -- Installing: /ros2_ws/install/realsense2_description/share/realsense2_description/package.dsv
[1.202s] -- Installing: /ros2_ws/install/realsense2_description/share/ament_index/resource_index/packages/realsense2_description
[1.203s] -- Installing: /ros2_ws/install/realsense2_description/share/realsense2_description/cmake/realsense2_descriptionConfig.cmake
[1.203s] -- Installing: /ros2_ws/install/realsense2_description/share/realsense2_description/cmake/realsense2_descriptionConfig-version.cmake
[1.203s] -- Installing: /ros2_ws/install/realsense2_description/share/realsense2_description/package.xml
[1.203s] Invoked command in '/ros2_ws/build/realsense2_description' returned '0': CMAKE_PREFIX_PATH=/ros2_ws/install/realsense2_camera_msgs:/ros2_ws/install/navigation:/ros2_ws/install/rospi_pre:/ros2_ws/install/realsense2_description:/ros2_ws/install/realsense2_camera:/ros2_ws/install/main_pkg:/ros2_ws/install/camera:/opt/ros/humble LD_LIBRARY_PATH=/ros2_ws/install/realsense2_camera_msgs/lib:/ros2_ws/install/rospi_pre/lib:/ros2_ws/install/realsense2_camera/lib:/opt/ros/humble/lib/x86_64-linux-gnu:/opt/ros/humble/lib /usr/bin/cmake --install /ros2_ws/build/realsense2_description
