[0.012s] Invoking command in '/ros2_ws/build/navigation': AMENT_PREFIX_PATH=/ros2_ws/install/rospi_pre:${AMENT_PREFIX_PATH} CMAKE_PREFIX_PATH=/ros2_ws/install/rospi_pre:/opt/ros/humble LD_LIBRARY_PATH=/ros2_ws/install/rospi_pre/lib:${LD_LIBRARY_PATH} PYTHONPATH=/ros2_ws/install/rospi_pre/local/lib/python3.10/dist-packages:${PYTHONPATH} /usr/bin/cmake /ros2_ws/src/navigation -DCMAKE_INSTALL_PREFIX=/ros2_ws/install/navigation
[0.091s] -- The C compiler identification is GNU 11.4.0
[0.182s] -- The CXX compiler identification is GNU 11.4.0
[0.191s] -- Detecting C compiler ABI info
[0.310s] -- Detecting C compiler ABI info - done
[0.320s] -- Check for working C compiler: /usr/bin/cc - skipped
[0.320s] -- Detecting C compile features
[0.321s] -- Detecting C compile features - done
[0.325s] -- Detecting CXX compiler ABI info
[0.463s] -- Detecting CXX compiler ABI info - done
[0.473s] -- Check for working CXX compiler: /usr/bin/c++ - skipped
[0.473s] -- Detecting CXX compile features
[0.474s] -- Detecting CXX compile features - done
[0.480s] -- Found ament_cmake: 1.3.12 (/opt/ros/humble/share/ament_cmake/cmake)
[0.683s] -- Found Python3: /usr/bin/python3 (found version "3.10.12") found components: Interpreter 
[0.808s] -- Found rclcpp: 16.0.14 (/opt/ros/humble/share/rclcpp/cmake)
[0.856s] -- Found rosidl_generator_c: 3.1.7 (/opt/ros/humble/share/rosidl_generator_c/cmake)
[0.861s] -- Found rosidl_adapter: 3.1.7 (/opt/ros/humble/share/rosidl_adapter/cmake)
[0.872s] -- Found rosidl_generator_cpp: 3.1.7 (/opt/ros/humble/share/rosidl_generator_cpp/cmake)
[0.884s] -- Using all available rosidl_typesupport_c: rosidl_typesupport_fastrtps_c;rosidl_typesupport_introspection_c
[0.901s] -- Using all available rosidl_typesupport_cpp: rosidl_typesupport_fastrtps_cpp;rosidl_typesupport_introspection_cpp
[0.951s] -- Found rmw_implementation_cmake: 6.1.2 (/opt/ros/humble/share/rmw_implementation_cmake/cmake)
[0.954s] -- Found rmw_cyclonedds_cpp: 1.3.4 (/opt/ros/humble/share/rmw_cyclonedds_cpp/cmake)
[0.981s] -- Using RMW implementation 'rmw_cyclonedds_cpp' as default
[0.992s] -- Looking for pthread.h
[1.110s] -- Looking for pthread.h - found
[1.110s] -- Performing Test CMAKE_HAVE_LIBC_PTHREAD
[1.223s] -- Performing Test CMAKE_HAVE_LIBC_PTHREAD - Success
[1.223s] -- Found Threads: TRUE  
[1.314s] -- Found nav_msgs: 4.9.0 (/opt/ros/humble/share/nav_msgs/cmake)
[1.355s] -- Found rospi_pre: 0.0.0 (/ros2_ws/install/rospi_pre/share/rospi_pre/cmake)
[1.380s] -- Found ament_lint_auto: 0.12.14 (/opt/ros/humble/share/ament_lint_auto/cmake)
[1.525s] -- Added test 'cppcheck' to perform static code analysis on C / C++ code
[1.525s] -- Configured cppcheck include dirs: 
[1.525s] -- Configured cppcheck exclude dirs and/or files: 
[1.526s] -- Added test 'flake8' to check Python code syntax and style conventions
[1.527s] -- Added test 'lint_cmake' to check CMake code style
[1.527s] -- Added test 'pep257' to check Python code against some of the docstring style conventions in PEP 257
[1.529s] -- Added test 'uncrustify' to check C / C++ code style
[1.529s] -- Configured uncrustify additional arguments: 
[1.530s] -- Added test 'xmllint' to check XML markup files
[1.532s] -- Configuring done
[1.559s] -- Generating done
[1.565s] -- Build files have been written to: /ros2_ws/build/navigation
[1.581s] Invoked command in '/ros2_ws/build/navigation' returned '0': AMENT_PREFIX_PATH=/ros2_ws/install/rospi_pre:${AMENT_PREFIX_PATH} CMAKE_PREFIX_PATH=/ros2_ws/install/rospi_pre:/opt/ros/humble LD_LIBRARY_PATH=/ros2_ws/install/rospi_pre/lib:${LD_LIBRARY_PATH} PYTHONPATH=/ros2_ws/install/rospi_pre/local/lib/python3.10/dist-packages:${PYTHONPATH} /usr/bin/cmake /ros2_ws/src/navigation -DCMAKE_INSTALL_PREFIX=/ros2_ws/install/navigation
[1.582s] Invoking command in '/ros2_ws/build/navigation': AMENT_PREFIX_PATH=/ros2_ws/install/rospi_pre:${AMENT_PREFIX_PATH} CMAKE_PREFIX_PATH=/ros2_ws/install/rospi_pre:/opt/ros/humble LD_LIBRARY_PATH=/ros2_ws/install/rospi_pre/lib:${LD_LIBRARY_PATH} PYTHONPATH=/ros2_ws/install/rospi_pre/local/lib/python3.10/dist-packages:${PYTHONPATH} /usr/bin/cmake --build /ros2_ws/build/navigation -- -j12 -l12
[1.658s] [ 50%] [32mBuilding CXX object CMakeFiles/chassis_controller.dir/src/chassis_controller.cpp.o[0m
[1.658s] [ 50%] [32mBuilding CXX object CMakeFiles/check_point_4.dir/src/check_point_4.cpp.o[0m
[7.067s] [ 75%] [32m[1mLinking CXX executable check_point_4[0m
[7.349s] [ 75%] Built target check_point_4
[17.887s] [100%] [32m[1mLinking CXX executable chassis_controller[0m
[18.832s] [100%] Built target chassis_controller
[18.870s] Invoked command in '/ros2_ws/build/navigation' returned '0': AMENT_PREFIX_PATH=/ros2_ws/install/rospi_pre:${AMENT_PREFIX_PATH} CMAKE_PREFIX_PATH=/ros2_ws/install/rospi_pre:/opt/ros/humble LD_LIBRARY_PATH=/ros2_ws/install/rospi_pre/lib:${LD_LIBRARY_PATH} PYTHONPATH=/ros2_ws/install/rospi_pre/local/lib/python3.10/dist-packages:${PYTHONPATH} /usr/bin/cmake --build /ros2_ws/build/navigation -- -j12 -l12
[18.875s] Invoking command in '/ros2_ws/build/navigation': AMENT_PREFIX_PATH=/ros2_ws/install/rospi_pre:${AMENT_PREFIX_PATH} CMAKE_PREFIX_PATH=/ros2_ws/install/rospi_pre:/opt/ros/humble LD_LIBRARY_PATH=/ros2_ws/install/rospi_pre/lib:${LD_LIBRARY_PATH} PYTHONPATH=/ros2_ws/install/rospi_pre/local/lib/python3.10/dist-packages:${PYTHONPATH} /usr/bin/cmake --install /ros2_ws/build/navigation
[18.899s] -- Install configuration: ""
[18.899s] -- Installing: /ros2_ws/install/navigation/lib/navigation/check_point_4
[18.905s] -- Set runtime path of "/ros2_ws/install/navigation/lib/navigation/check_point_4" to ""
[18.905s] -- Installing: /ros2_ws/install/navigation/lib/navigation/chassis_controller
[18.916s] -- Set runtime path of "/ros2_ws/install/navigation/lib/navigation/chassis_controller" to ""
[18.919s] -- Installing: /ros2_ws/install/navigation/share/ament_index/resource_index/package_run_dependencies/navigation
[18.919s] -- Installing: /ros2_ws/install/navigation/share/ament_index/resource_index/parent_prefix_path/navigation
[18.919s] -- Installing: /ros2_ws/install/navigation/share/navigation/environment/ament_prefix_path.sh
[18.919s] -- Installing: /ros2_ws/install/navigation/share/navigation/environment/ament_prefix_path.dsv
[18.921s] -- Installing: /ros2_ws/install/navigation/share/navigation/environment/path.sh
[18.921s] -- Installing: /ros2_ws/install/navigation/share/navigation/environment/path.dsv
[18.921s] -- Installing: /ros2_ws/install/navigation/share/navigation/local_setup.bash
[18.922s] -- Installing: /ros2_ws/install/navigation/share/navigation/local_setup.sh
[18.922s] -- Installing: /ros2_ws/install/navigation/share/navigation/local_setup.zsh
[18.922s] -- Installing: /ros2_ws/install/navigation/share/navigation/local_setup.dsv
[18.923s] -- Installing: /ros2_ws/install/navigation/share/navigation/package.dsv
[18.923s] -- Installing: /ros2_ws/install/navigation/share/ament_index/resource_index/packages/navigation
[18.923s] -- Installing: /ros2_ws/install/navigation/share/navigation/cmake/navigationConfig.cmake
[18.923s] -- Installing: /ros2_ws/install/navigation/share/navigation/cmake/navigationConfig-version.cmake
[18.924s] -- Installing: /ros2_ws/install/navigation/share/navigation/package.xml
[18.928s] Invoked command in '/ros2_ws/build/navigation' returned '0': AMENT_PREFIX_PATH=/ros2_ws/install/rospi_pre:${AMENT_PREFIX_PATH} CMAKE_PREFIX_PATH=/ros2_ws/install/rospi_pre:/opt/ros/humble LD_LIBRARY_PATH=/ros2_ws/install/rospi_pre/lib:${LD_LIBRARY_PATH} PYTHONPATH=/ros2_ws/install/rospi_pre/local/lib/python3.10/dist-packages:${PYTHONPATH} /usr/bin/cmake --install /ros2_ws/build/navigation
