[0.352s] DEBUG:colcon:Command line arguments: ['/usr/bin/colcon', 'build']
[0.352s] DEBUG:colcon:Parsed command line arguments: Namespace(log_base=None, log_level=None, verb_name='build', build_base='build', install_base='install', merge_install=False, symlink_install=False, test_result_base=None, continue_on_error=False, executor='parallel', parallel_workers=16, event_handlers=None, ignore_user_meta=False, metas=['./colcon.meta'], base_paths=['.'], packages_ignore=None, packages_ignore_regex=None, paths=None, packages_up_to=None, packages_up_to_regex=None, packages_above=None, packages_above_and_dependencies=None, packages_above_depth=None, packages_select_by_dep=None, packages_skip_by_dep=None, packages_skip_up_to=None, packages_select_build_failed=False, packages_skip_build_finished=False, packages_select_test_failures=False, packages_skip_test_passed=False, packages_select=None, packages_skip=None, packages_select_regex=None, packages_skip_regex=None, packages_start=None, packages_end=None, cmake_args=None, cmake_target=None, cmake_target_skip_unavailable=False, cmake_clean_cache=False, cmake_clean_first=False, cmake_force_configure=False, ament_cmake_args=None, catkin_cmake_args=None, catkin_skip_building_tests=False, mixin_files=None, mixin=None, verb_parser=<colcon_mixin.mixin.mixin_argument.MixinArgumentDecorator object at 0x7db44e55bcd0>, verb_extension=<colcon_core.verb.build.BuildVerb object at 0x7db44e55b760>, main=<bound method BuildVerb.main of <colcon_core.verb.build.BuildVerb object at 0x7db44e55b760>>, mixin_verb=('build',))
[0.598s] Level 1:colcon.colcon_core.package_discovery:discover_packages(colcon_meta) check parameters
[0.606s] INFO:colcon.colcon_metadata.package_discovery.colcon_meta:Using configuration from '/root/.colcon/metadata/default/Gazebo.meta'
[0.609s] INFO:colcon.colcon_metadata.package_discovery.colcon_meta:Using configuration from '/root/.colcon/metadata/default/fastdds.meta'
[0.611s] INFO:colcon.colcon_metadata.package_discovery.colcon_meta:Using configuration from '/root/.colcon/metadata/default/fastrtps.meta'
[0.611s] Level 1:colcon.colcon_core.package_discovery:discover_packages(recursive) check parameters
[0.612s] Level 1:colcon.colcon_core.package_discovery:discover_packages(ignore) check parameters
[0.612s] Level 1:colcon.colcon_core.package_discovery:discover_packages(path) check parameters
[0.612s] Level 1:colcon.colcon_core.package_discovery:discover_packages(colcon_meta) discover
[0.612s] Level 1:colcon.colcon_core.package_discovery:discover_packages(recursive) discover
[0.612s] INFO:colcon.colcon_core.package_discovery:Crawling recursively for packages in '/ros2_ws'
[0.612s] Level 1:colcon.colcon_core.package_identification:_identify(.) by extensions ['ignore', 'ignore_ament_install']
[0.612s] Level 1:colcon.colcon_core.package_identification:_identify(.) by extension 'ignore'
[0.612s] Level 1:colcon.colcon_core.package_identification:_identify(.) by extension 'ignore_ament_install'
[0.612s] Level 1:colcon.colcon_core.package_identification:_identify(.) by extensions ['colcon_pkg']
[0.612s] Level 1:colcon.colcon_core.package_identification:_identify(.) by extension 'colcon_pkg'
[0.612s] Level 1:colcon.colcon_core.package_identification:_identify(.) by extensions ['colcon_meta']
[0.612s] Level 1:colcon.colcon_core.package_identification:_identify(.) by extension 'colcon_meta'
[0.612s] Level 1:colcon.colcon_core.package_identification:_identify(.) by extensions ['ros']
[0.612s] Level 1:colcon.colcon_core.package_identification:_identify(.) by extension 'ros'
[0.665s] Level 1:colcon.colcon_core.package_identification:_identify(.) by extensions ['cmake', 'python']
[0.666s] Level 1:colcon.colcon_core.package_identification:_identify(.) by extension 'cmake'
[0.666s] Level 1:colcon.colcon_core.package_identification:_identify(.) by extension 'python'
[0.666s] Level 1:colcon.colcon_core.package_identification:_identify(.) by extensions ['python_setup_py']
[0.666s] Level 1:colcon.colcon_core.package_identification:_identify(.) by extension 'python_setup_py'
[0.666s] Level 1:colcon.colcon_core.package_identification:_identify(build) by extensions ['ignore', 'ignore_ament_install']
[0.666s] Level 1:colcon.colcon_core.package_identification:_identify(build) by extension 'ignore'
[0.666s] Level 1:colcon.colcon_core.package_identification:_identify(build) ignored
[0.666s] Level 1:colcon.colcon_core.package_identification:_identify(install) by extensions ['ignore', 'ignore_ament_install']
[0.666s] Level 1:colcon.colcon_core.package_identification:_identify(install) by extension 'ignore'
[0.666s] Level 1:colcon.colcon_core.package_identification:_identify(install) ignored
[0.666s] Level 1:colcon.colcon_core.package_identification:_identify(log) by extensions ['ignore', 'ignore_ament_install']
[0.666s] Level 1:colcon.colcon_core.package_identification:_identify(log) by extension 'ignore'
[0.666s] Level 1:colcon.colcon_core.package_identification:_identify(log) ignored
[0.666s] Level 1:colcon.colcon_core.package_identification:_identify(src) by extensions ['ignore', 'ignore_ament_install']
[0.666s] Level 1:colcon.colcon_core.package_identification:_identify(src) by extension 'ignore'
[0.666s] Level 1:colcon.colcon_core.package_identification:_identify(src) by extension 'ignore_ament_install'
[0.667s] Level 1:colcon.colcon_core.package_identification:_identify(src) by extensions ['colcon_pkg']
[0.667s] Level 1:colcon.colcon_core.package_identification:_identify(src) by extension 'colcon_pkg'
[0.667s] Level 1:colcon.colcon_core.package_identification:_identify(src) by extensions ['colcon_meta']
[0.667s] Level 1:colcon.colcon_core.package_identification:_identify(src) by extension 'colcon_meta'
[0.667s] Level 1:colcon.colcon_core.package_identification:_identify(src) by extensions ['ros']
[0.667s] Level 1:colcon.colcon_core.package_identification:_identify(src) by extension 'ros'
[0.667s] Level 1:colcon.colcon_core.package_identification:_identify(src) by extensions ['cmake', 'python']
[0.667s] Level 1:colcon.colcon_core.package_identification:_identify(src) by extension 'cmake'
[0.667s] Level 1:colcon.colcon_core.package_identification:_identify(src) by extension 'python'
[0.667s] Level 1:colcon.colcon_core.package_identification:_identify(src) by extensions ['python_setup_py']
[0.667s] Level 1:colcon.colcon_core.package_identification:_identify(src) by extension 'python_setup_py'
[0.667s] Level 1:colcon.colcon_core.package_identification:_identify(src/camera) by extensions ['ignore', 'ignore_ament_install']
[0.667s] Level 1:colcon.colcon_core.package_identification:_identify(src/camera) by extension 'ignore'
[0.667s] Level 1:colcon.colcon_core.package_identification:_identify(src/camera) by extension 'ignore_ament_install'
[0.667s] Level 1:colcon.colcon_core.package_identification:_identify(src/camera) by extensions ['colcon_pkg']
[0.667s] Level 1:colcon.colcon_core.package_identification:_identify(src/camera) by extension 'colcon_pkg'
[0.667s] Level 1:colcon.colcon_core.package_identification:_identify(src/camera) by extensions ['colcon_meta']
[0.667s] Level 1:colcon.colcon_core.package_identification:_identify(src/camera) by extension 'colcon_meta'
[0.667s] Level 1:colcon.colcon_core.package_identification:_identify(src/camera) by extensions ['ros']
[0.667s] Level 1:colcon.colcon_core.package_identification:_identify(src/camera) by extension 'ros'
[0.674s] DEBUG:colcon.colcon_core.package_identification:Package 'src/camera' with type 'ros.ament_cmake' and name 'camera'
[0.674s] Level 1:colcon.colcon_core.package_identification:_identify(src/navigation) by extensions ['ignore', 'ignore_ament_install']
[0.674s] Level 1:colcon.colcon_core.package_identification:_identify(src/navigation) by extension 'ignore'
[0.675s] Level 1:colcon.colcon_core.package_identification:_identify(src/navigation) by extension 'ignore_ament_install'
[0.675s] Level 1:colcon.colcon_core.package_identification:_identify(src/navigation) by extensions ['colcon_pkg']
[0.675s] Level 1:colcon.colcon_core.package_identification:_identify(src/navigation) by extension 'colcon_pkg'
[0.675s] Level 1:colcon.colcon_core.package_identification:_identify(src/navigation) by extensions ['colcon_meta']
[0.675s] Level 1:colcon.colcon_core.package_identification:_identify(src/navigation) by extension 'colcon_meta'
[0.675s] Level 1:colcon.colcon_core.package_identification:_identify(src/navigation) by extensions ['ros']
[0.675s] Level 1:colcon.colcon_core.package_identification:_identify(src/navigation) by extension 'ros'
[0.675s] DEBUG:colcon.colcon_core.package_identification:Package 'src/navigation' with type 'ros.ament_cmake' and name 'navigation'
[0.675s] Level 1:colcon.colcon_core.package_identification:_identify(src/realsense-pkg) by extensions ['ignore', 'ignore_ament_install']
[0.675s] Level 1:colcon.colcon_core.package_identification:_identify(src/realsense-pkg) by extension 'ignore'
[0.675s] Level 1:colcon.colcon_core.package_identification:_identify(src/realsense-pkg) by extension 'ignore_ament_install'
[0.675s] Level 1:colcon.colcon_core.package_identification:_identify(src/realsense-pkg) by extensions ['colcon_pkg']
[0.675s] Level 1:colcon.colcon_core.package_identification:_identify(src/realsense-pkg) by extension 'colcon_pkg'
[0.675s] Level 1:colcon.colcon_core.package_identification:_identify(src/realsense-pkg) by extensions ['colcon_meta']
[0.675s] Level 1:colcon.colcon_core.package_identification:_identify(src/realsense-pkg) by extension 'colcon_meta'
[0.675s] Level 1:colcon.colcon_core.package_identification:_identify(src/realsense-pkg) by extensions ['ros']
[0.675s] Level 1:colcon.colcon_core.package_identification:_identify(src/realsense-pkg) by extension 'ros'
[0.675s] Level 1:colcon.colcon_core.package_identification:_identify(src/realsense-pkg) by extensions ['cmake', 'python']
[0.675s] Level 1:colcon.colcon_core.package_identification:_identify(src/realsense-pkg) by extension 'cmake'
[0.675s] Level 1:colcon.colcon_core.package_identification:_identify(src/realsense-pkg) by extension 'python'
[0.675s] Level 1:colcon.colcon_core.package_identification:_identify(src/realsense-pkg) by extensions ['python_setup_py']
[0.675s] Level 1:colcon.colcon_core.package_identification:_identify(src/realsense-pkg) by extension 'python_setup_py'
[0.675s] Level 1:colcon.colcon_core.package_identification:_identify(src/realsense-pkg/realsense2_camera) by extensions ['ignore', 'ignore_ament_install']
[0.675s] Level 1:colcon.colcon_core.package_identification:_identify(src/realsense-pkg/realsense2_camera) by extension 'ignore'
[0.675s] Level 1:colcon.colcon_core.package_identification:_identify(src/realsense-pkg/realsense2_camera) by extension 'ignore_ament_install'
[0.676s] Level 1:colcon.colcon_core.package_identification:_identify(src/realsense-pkg/realsense2_camera) by extensions ['colcon_pkg']
[0.676s] Level 1:colcon.colcon_core.package_identification:_identify(src/realsense-pkg/realsense2_camera) by extension 'colcon_pkg'
[0.676s] Level 1:colcon.colcon_core.package_identification:_identify(src/realsense-pkg/realsense2_camera) by extensions ['colcon_meta']
[0.676s] Level 1:colcon.colcon_core.package_identification:_identify(src/realsense-pkg/realsense2_camera) by extension 'colcon_meta'
[0.676s] Level 1:colcon.colcon_core.package_identification:_identify(src/realsense-pkg/realsense2_camera) by extensions ['ros']
[0.676s] Level 1:colcon.colcon_core.package_identification:_identify(src/realsense-pkg/realsense2_camera) by extension 'ros'
[0.678s] DEBUG:colcon.colcon_core.package_identification:Package 'src/realsense-pkg/realsense2_camera' with type 'ros.ament_cmake' and name 'realsense2_camera'
[0.678s] Level 1:colcon.colcon_core.package_identification:_identify(src/realsense-pkg/realsense2_camera_msgs) by extensions ['ignore', 'ignore_ament_install']
[0.678s] Level 1:colcon.colcon_core.package_identification:_identify(src/realsense-pkg/realsense2_camera_msgs) by extension 'ignore'
[0.678s] Level 1:colcon.colcon_core.package_identification:_identify(src/realsense-pkg/realsense2_camera_msgs) by extension 'ignore_ament_install'
[0.678s] Level 1:colcon.colcon_core.package_identification:_identify(src/realsense-pkg/realsense2_camera_msgs) by extensions ['colcon_pkg']
[0.678s] Level 1:colcon.colcon_core.package_identification:_identify(src/realsense-pkg/realsense2_camera_msgs) by extension 'colcon_pkg'
[0.678s] Level 1:colcon.colcon_core.package_identification:_identify(src/realsense-pkg/realsense2_camera_msgs) by extensions ['colcon_meta']
[0.678s] Level 1:colcon.colcon_core.package_identification:_identify(src/realsense-pkg/realsense2_camera_msgs) by extension 'colcon_meta'
[0.678s] Level 1:colcon.colcon_core.package_identification:_identify(src/realsense-pkg/realsense2_camera_msgs) by extensions ['ros']
[0.678s] Level 1:colcon.colcon_core.package_identification:_identify(src/realsense-pkg/realsense2_camera_msgs) by extension 'ros'
[0.679s] DEBUG:colcon.colcon_core.package_identification:Package 'src/realsense-pkg/realsense2_camera_msgs' with type 'ros.ament_cmake' and name 'realsense2_camera_msgs'
[0.679s] Level 1:colcon.colcon_core.package_identification:_identify(src/realsense-pkg/realsense2_description) by extensions ['ignore', 'ignore_ament_install']
[0.679s] Level 1:colcon.colcon_core.package_identification:_identify(src/realsense-pkg/realsense2_description) by extension 'ignore'
[0.679s] Level 1:colcon.colcon_core.package_identification:_identify(src/realsense-pkg/realsense2_description) by extension 'ignore_ament_install'
[0.679s] Level 1:colcon.colcon_core.package_identification:_identify(src/realsense-pkg/realsense2_description) by extensions ['colcon_pkg']
[0.679s] Level 1:colcon.colcon_core.package_identification:_identify(src/realsense-pkg/realsense2_description) by extension 'colcon_pkg'
[0.679s] Level 1:colcon.colcon_core.package_identification:_identify(src/realsense-pkg/realsense2_description) by extensions ['colcon_meta']
[0.679s] Level 1:colcon.colcon_core.package_identification:_identify(src/realsense-pkg/realsense2_description) by extension 'colcon_meta'
[0.679s] Level 1:colcon.colcon_core.package_identification:_identify(src/realsense-pkg/realsense2_description) by extensions ['ros']
[0.679s] Level 1:colcon.colcon_core.package_identification:_identify(src/realsense-pkg/realsense2_description) by extension 'ros'
[0.679s] DEBUG:colcon.colcon_core.package_identification:Package 'src/realsense-pkg/realsense2_description' with type 'ros.ament_cmake' and name 'realsense2_description'
[0.679s] Level 1:colcon.colcon_core.package_identification:_identify(src/realsense-pkg/scripts) by extensions ['ignore', 'ignore_ament_install']
[0.679s] Level 1:colcon.colcon_core.package_identification:_identify(src/realsense-pkg/scripts) by extension 'ignore'
[0.679s] Level 1:colcon.colcon_core.package_identification:_identify(src/realsense-pkg/scripts) by extension 'ignore_ament_install'
[0.679s] Level 1:colcon.colcon_core.package_identification:_identify(src/realsense-pkg/scripts) by extensions ['colcon_pkg']
[0.679s] Level 1:colcon.colcon_core.package_identification:_identify(src/realsense-pkg/scripts) by extension 'colcon_pkg'
[0.680s] Level 1:colcon.colcon_core.package_identification:_identify(src/realsense-pkg/scripts) by extensions ['colcon_meta']
[0.680s] Level 1:colcon.colcon_core.package_identification:_identify(src/realsense-pkg/scripts) by extension 'colcon_meta'
[0.680s] Level 1:colcon.colcon_core.package_identification:_identify(src/realsense-pkg/scripts) by extensions ['ros']
[0.680s] Level 1:colcon.colcon_core.package_identification:_identify(src/realsense-pkg/scripts) by extension 'ros'
[0.680s] Level 1:colcon.colcon_core.package_identification:_identify(src/realsense-pkg/scripts) by extensions ['cmake', 'python']
[0.680s] Level 1:colcon.colcon_core.package_identification:_identify(src/realsense-pkg/scripts) by extension 'cmake'
[0.680s] Level 1:colcon.colcon_core.package_identification:_identify(src/realsense-pkg/scripts) by extension 'python'
[0.680s] Level 1:colcon.colcon_core.package_identification:_identify(src/realsense-pkg/scripts) by extensions ['python_setup_py']
[0.680s] Level 1:colcon.colcon_core.package_identification:_identify(src/realsense-pkg/scripts) by extension 'python_setup_py'
[0.680s] Level 1:colcon.colcon_core.package_identification:_identify(src/rospi_pre) by extensions ['ignore', 'ignore_ament_install']
[0.680s] Level 1:colcon.colcon_core.package_identification:_identify(src/rospi_pre) by extension 'ignore'
[0.680s] Level 1:colcon.colcon_core.package_identification:_identify(src/rospi_pre) by extension 'ignore_ament_install'
[0.680s] Level 1:colcon.colcon_core.package_identification:_identify(src/rospi_pre) by extensions ['colcon_pkg']
[0.680s] Level 1:colcon.colcon_core.package_identification:_identify(src/rospi_pre) by extension 'colcon_pkg'
[0.680s] Level 1:colcon.colcon_core.package_identification:_identify(src/rospi_pre) by extensions ['colcon_meta']
[0.680s] Level 1:colcon.colcon_core.package_identification:_identify(src/rospi_pre) by extension 'colcon_meta'
[0.680s] Level 1:colcon.colcon_core.package_identification:_identify(src/rospi_pre) by extensions ['ros']
[0.680s] Level 1:colcon.colcon_core.package_identification:_identify(src/rospi_pre) by extension 'ros'
[0.680s] DEBUG:colcon.colcon_core.package_identification:Package 'src/rospi_pre' with type 'ros.ament_cmake' and name 'rospi_pre'
[0.680s] Level 1:colcon.colcon_core.package_identification:_identify(src/tool) by extensions ['ignore', 'ignore_ament_install']
[0.680s] Level 1:colcon.colcon_core.package_identification:_identify(src/tool) by extension 'ignore'
[0.680s] Level 1:colcon.colcon_core.package_identification:_identify(src/tool) by extension 'ignore_ament_install'
[0.680s] Level 1:colcon.colcon_core.package_identification:_identify(src/tool) by extensions ['colcon_pkg']
[0.680s] Level 1:colcon.colcon_core.package_identification:_identify(src/tool) by extension 'colcon_pkg'
[0.680s] Level 1:colcon.colcon_core.package_identification:_identify(src/tool) by extensions ['colcon_meta']
[0.680s] Level 1:colcon.colcon_core.package_identification:_identify(src/tool) by extension 'colcon_meta'
[0.680s] Level 1:colcon.colcon_core.package_identification:_identify(src/tool) by extensions ['ros']
[0.680s] Level 1:colcon.colcon_core.package_identification:_identify(src/tool) by extension 'ros'
[0.680s] Level 1:colcon.colcon_core.package_identification:_identify(src/tool) by extensions ['cmake', 'python']
[0.680s] Level 1:colcon.colcon_core.package_identification:_identify(src/tool) by extension 'cmake'
[0.680s] Level 1:colcon.colcon_core.package_identification:_identify(src/tool) by extension 'python'
[0.680s] Level 1:colcon.colcon_core.package_identification:_identify(src/tool) by extensions ['python_setup_py']
[0.680s] Level 1:colcon.colcon_core.package_identification:_identify(src/tool) by extension 'python_setup_py'
[0.680s] Level 1:colcon.colcon_core.package_discovery:discover_packages(recursive) using defaults
[0.680s] Level 1:colcon.colcon_core.package_discovery:discover_packages(ignore) discover
[0.680s] Level 1:colcon.colcon_core.package_discovery:discover_packages(ignore) using defaults
[0.680s] Level 1:colcon.colcon_core.package_discovery:discover_packages(path) discover
[0.680s] Level 1:colcon.colcon_core.package_discovery:discover_packages(path) using defaults
[0.736s] Level 5:colcon.colcon_core.verb:set package 'camera' build argument 'cmake_args' from command line to 'None'
[0.736s] Level 5:colcon.colcon_core.verb:set package 'camera' build argument 'cmake_target' from command line to 'None'
[0.736s] Level 5:colcon.colcon_core.verb:set package 'camera' build argument 'cmake_target_skip_unavailable' from command line to 'False'
[0.736s] Level 5:colcon.colcon_core.verb:set package 'camera' build argument 'cmake_clean_cache' from command line to 'False'
[0.736s] Level 5:colcon.colcon_core.verb:set package 'camera' build argument 'cmake_clean_first' from command line to 'False'
[0.736s] Level 5:colcon.colcon_core.verb:set package 'camera' build argument 'cmake_force_configure' from command line to 'False'
[0.736s] Level 5:colcon.colcon_core.verb:set package 'camera' build argument 'ament_cmake_args' from command line to 'None'
[0.736s] Level 5:colcon.colcon_core.verb:set package 'camera' build argument 'catkin_cmake_args' from command line to 'None'
[0.736s] Level 5:colcon.colcon_core.verb:set package 'camera' build argument 'catkin_skip_building_tests' from command line to 'False'
[0.736s] DEBUG:colcon.colcon_core.verb:Building package 'camera' with the following arguments: {'ament_cmake_args': None, 'build_base': '/ros2_ws/build/camera', 'catkin_cmake_args': None, 'catkin_skip_building_tests': False, 'cmake_args': None, 'cmake_clean_cache': False, 'cmake_clean_first': False, 'cmake_force_configure': False, 'cmake_target': None, 'cmake_target_skip_unavailable': False, 'install_base': '/ros2_ws/install/camera', 'merge_install': False, 'path': '/ros2_ws/src/camera', 'symlink_install': False, 'test_result_base': None}
[0.736s] Level 5:colcon.colcon_core.verb:set package 'realsense2_camera_msgs' build argument 'cmake_args' from command line to 'None'
[0.736s] Level 5:colcon.colcon_core.verb:set package 'realsense2_camera_msgs' build argument 'cmake_target' from command line to 'None'
[0.736s] Level 5:colcon.colcon_core.verb:set package 'realsense2_camera_msgs' build argument 'cmake_target_skip_unavailable' from command line to 'False'
[0.736s] Level 5:colcon.colcon_core.verb:set package 'realsense2_camera_msgs' build argument 'cmake_clean_cache' from command line to 'False'
[0.736s] Level 5:colcon.colcon_core.verb:set package 'realsense2_camera_msgs' build argument 'cmake_clean_first' from command line to 'False'
[0.736s] Level 5:colcon.colcon_core.verb:set package 'realsense2_camera_msgs' build argument 'cmake_force_configure' from command line to 'False'
[0.736s] Level 5:colcon.colcon_core.verb:set package 'realsense2_camera_msgs' build argument 'ament_cmake_args' from command line to 'None'
[0.736s] Level 5:colcon.colcon_core.verb:set package 'realsense2_camera_msgs' build argument 'catkin_cmake_args' from command line to 'None'
[0.736s] Level 5:colcon.colcon_core.verb:set package 'realsense2_camera_msgs' build argument 'catkin_skip_building_tests' from command line to 'False'
[0.736s] DEBUG:colcon.colcon_core.verb:Building package 'realsense2_camera_msgs' with the following arguments: {'ament_cmake_args': None, 'build_base': '/ros2_ws/build/realsense2_camera_msgs', 'catkin_cmake_args': None, 'catkin_skip_building_tests': False, 'cmake_args': None, 'cmake_clean_cache': False, 'cmake_clean_first': False, 'cmake_force_configure': False, 'cmake_target': None, 'cmake_target_skip_unavailable': False, 'install_base': '/ros2_ws/install/realsense2_camera_msgs', 'merge_install': False, 'path': '/ros2_ws/src/realsense-pkg/realsense2_camera_msgs', 'symlink_install': False, 'test_result_base': None}
[0.736s] Level 5:colcon.colcon_core.verb:set package 'rospi_pre' build argument 'cmake_args' from command line to 'None'
[0.736s] Level 5:colcon.colcon_core.verb:set package 'rospi_pre' build argument 'cmake_target' from command line to 'None'
[0.736s] Level 5:colcon.colcon_core.verb:set package 'rospi_pre' build argument 'cmake_target_skip_unavailable' from command line to 'False'
[0.736s] Level 5:colcon.colcon_core.verb:set package 'rospi_pre' build argument 'cmake_clean_cache' from command line to 'False'
[0.737s] Level 5:colcon.colcon_core.verb:set package 'rospi_pre' build argument 'cmake_clean_first' from command line to 'False'
[0.737s] Level 5:colcon.colcon_core.verb:set package 'rospi_pre' build argument 'cmake_force_configure' from command line to 'False'
[0.737s] Level 5:colcon.colcon_core.verb:set package 'rospi_pre' build argument 'ament_cmake_args' from command line to 'None'
[0.737s] Level 5:colcon.colcon_core.verb:set package 'rospi_pre' build argument 'catkin_cmake_args' from command line to 'None'
[0.737s] Level 5:colcon.colcon_core.verb:set package 'rospi_pre' build argument 'catkin_skip_building_tests' from command line to 'False'
[0.737s] DEBUG:colcon.colcon_core.verb:Building package 'rospi_pre' with the following arguments: {'ament_cmake_args': None, 'build_base': '/ros2_ws/build/rospi_pre', 'catkin_cmake_args': None, 'catkin_skip_building_tests': False, 'cmake_args': None, 'cmake_clean_cache': False, 'cmake_clean_first': False, 'cmake_force_configure': False, 'cmake_target': None, 'cmake_target_skip_unavailable': False, 'install_base': '/ros2_ws/install/rospi_pre', 'merge_install': False, 'path': '/ros2_ws/src/rospi_pre', 'symlink_install': False, 'test_result_base': None}
[0.737s] Level 5:colcon.colcon_core.verb:set package 'navigation' build argument 'cmake_args' from command line to 'None'
[0.737s] Level 5:colcon.colcon_core.verb:set package 'navigation' build argument 'cmake_target' from command line to 'None'
[0.737s] Level 5:colcon.colcon_core.verb:set package 'navigation' build argument 'cmake_target_skip_unavailable' from command line to 'False'
[0.737s] Level 5:colcon.colcon_core.verb:set package 'navigation' build argument 'cmake_clean_cache' from command line to 'False'
[0.737s] Level 5:colcon.colcon_core.verb:set package 'navigation' build argument 'cmake_clean_first' from command line to 'False'
[0.737s] Level 5:colcon.colcon_core.verb:set package 'navigation' build argument 'cmake_force_configure' from command line to 'False'
[0.737s] Level 5:colcon.colcon_core.verb:set package 'navigation' build argument 'ament_cmake_args' from command line to 'None'
[0.737s] Level 5:colcon.colcon_core.verb:set package 'navigation' build argument 'catkin_cmake_args' from command line to 'None'
[0.737s] Level 5:colcon.colcon_core.verb:set package 'navigation' build argument 'catkin_skip_building_tests' from command line to 'False'
[0.737s] DEBUG:colcon.colcon_core.verb:Building package 'navigation' with the following arguments: {'ament_cmake_args': None, 'build_base': '/ros2_ws/build/navigation', 'catkin_cmake_args': None, 'catkin_skip_building_tests': False, 'cmake_args': None, 'cmake_clean_cache': False, 'cmake_clean_first': False, 'cmake_force_configure': False, 'cmake_target': None, 'cmake_target_skip_unavailable': False, 'install_base': '/ros2_ws/install/navigation', 'merge_install': False, 'path': '/ros2_ws/src/navigation', 'symlink_install': False, 'test_result_base': None}
[0.737s] Level 5:colcon.colcon_core.verb:set package 'realsense2_camera' build argument 'cmake_args' from command line to 'None'
[0.737s] Level 5:colcon.colcon_core.verb:set package 'realsense2_camera' build argument 'cmake_target' from command line to 'None'
[0.737s] Level 5:colcon.colcon_core.verb:set package 'realsense2_camera' build argument 'cmake_target_skip_unavailable' from command line to 'False'
[0.737s] Level 5:colcon.colcon_core.verb:set package 'realsense2_camera' build argument 'cmake_clean_cache' from command line to 'False'
[0.737s] Level 5:colcon.colcon_core.verb:set package 'realsense2_camera' build argument 'cmake_clean_first' from command line to 'False'
[0.737s] Level 5:colcon.colcon_core.verb:set package 'realsense2_camera' build argument 'cmake_force_configure' from command line to 'False'
[0.737s] Level 5:colcon.colcon_core.verb:set package 'realsense2_camera' build argument 'ament_cmake_args' from command line to 'None'
[0.737s] Level 5:colcon.colcon_core.verb:set package 'realsense2_camera' build argument 'catkin_cmake_args' from command line to 'None'
[0.737s] Level 5:colcon.colcon_core.verb:set package 'realsense2_camera' build argument 'catkin_skip_building_tests' from command line to 'False'
[0.737s] DEBUG:colcon.colcon_core.verb:Building package 'realsense2_camera' with the following arguments: {'ament_cmake_args': None, 'build_base': '/ros2_ws/build/realsense2_camera', 'catkin_cmake_args': None, 'catkin_skip_building_tests': False, 'cmake_args': None, 'cmake_clean_cache': False, 'cmake_clean_first': False, 'cmake_force_configure': False, 'cmake_target': None, 'cmake_target_skip_unavailable': False, 'install_base': '/ros2_ws/install/realsense2_camera', 'merge_install': False, 'path': '/ros2_ws/src/realsense-pkg/realsense2_camera', 'symlink_install': False, 'test_result_base': None}
[0.737s] Level 5:colcon.colcon_core.verb:set package 'realsense2_description' build argument 'cmake_args' from command line to 'None'
[0.737s] Level 5:colcon.colcon_core.verb:set package 'realsense2_description' build argument 'cmake_target' from command line to 'None'
[0.737s] Level 5:colcon.colcon_core.verb:set package 'realsense2_description' build argument 'cmake_target_skip_unavailable' from command line to 'False'
[0.737s] Level 5:colcon.colcon_core.verb:set package 'realsense2_description' build argument 'cmake_clean_cache' from command line to 'False'
[0.737s] Level 5:colcon.colcon_core.verb:set package 'realsense2_description' build argument 'cmake_clean_first' from command line to 'False'
[0.737s] Level 5:colcon.colcon_core.verb:set package 'realsense2_description' build argument 'cmake_force_configure' from command line to 'False'
[0.737s] Level 5:colcon.colcon_core.verb:set package 'realsense2_description' build argument 'ament_cmake_args' from command line to 'None'
[0.737s] Level 5:colcon.colcon_core.verb:set package 'realsense2_description' build argument 'catkin_cmake_args' from command line to 'None'
[0.737s] Level 5:colcon.colcon_core.verb:set package 'realsense2_description' build argument 'catkin_skip_building_tests' from command line to 'False'
[0.738s] DEBUG:colcon.colcon_core.verb:Building package 'realsense2_description' with the following arguments: {'ament_cmake_args': None, 'build_base': '/ros2_ws/build/realsense2_description', 'catkin_cmake_args': None, 'catkin_skip_building_tests': False, 'cmake_args': None, 'cmake_clean_cache': False, 'cmake_clean_first': False, 'cmake_force_configure': False, 'cmake_target': None, 'cmake_target_skip_unavailable': False, 'install_base': '/ros2_ws/install/realsense2_description', 'merge_install': False, 'path': '/ros2_ws/src/realsense-pkg/realsense2_description', 'symlink_install': False, 'test_result_base': None}
[0.738s] INFO:colcon.colcon_core.executor:Executing jobs using 'parallel' executor
[0.738s] DEBUG:colcon.colcon_parallel_executor.executor.parallel:run_until_complete
[0.738s] INFO:colcon.colcon_ros.task.ament_cmake.build:Building ROS package in '/ros2_ws/src/realsense-pkg/realsense2_camera_msgs' with build type 'ament_cmake'
[0.739s] INFO:colcon.colcon_cmake.task.cmake.build:Building CMake package in '/ros2_ws/src/realsense-pkg/realsense2_camera_msgs'
[0.779s] INFO:colcon.colcon_core.plugin_system:Skipping extension 'colcon_core.shell.bat': Not used on non-Windows systems
[0.779s] INFO:colcon.colcon_core.shell:Skip shell extension 'powershell' for command environment: Not usable outside of PowerShell
[0.779s] DEBUG:colcon.colcon_core.shell:Skip shell extension 'dsv' for command environment
[0.812s] INFO:colcon.colcon_ros.task.ament_cmake.build:Building ROS package in '/ros2_ws/src/rospi_pre' with build type 'ament_cmake'
[0.812s] INFO:colcon.colcon_cmake.task.cmake.build:Building CMake package in '/ros2_ws/src/rospi_pre'
[0.812s] INFO:colcon.colcon_core.shell:Skip shell extension 'powershell' for command environment: Not usable outside of PowerShell
[0.812s] DEBUG:colcon.colcon_core.shell:Skip shell extension 'dsv' for command environment
[0.816s] INFO:colcon.colcon_ros.task.ament_cmake.build:Building ROS package in '/ros2_ws/src/camera' with build type 'ament_cmake'
[0.816s] INFO:colcon.colcon_cmake.task.cmake.build:Building CMake package in '/ros2_ws/src/camera'
[0.817s] INFO:colcon.colcon_core.shell:Skip shell extension 'powershell' for command environment: Not usable outside of PowerShell
[0.817s] DEBUG:colcon.colcon_core.shell:Skip shell extension 'dsv' for command environment
[0.823s] DEBUG:colcon.colcon_core.event_handler.log_command:Invoking command in '/ros2_ws/build/rospi_pre': CMAKE_PREFIX_PATH=${CMAKE_PREFIX_PATH}:/opt/ros/humble /usr/bin/cmake --build /ros2_ws/build/rospi_pre -- -j16 -l16
[0.836s] DEBUG:colcon.colcon_core.event_handler.log_command:Invoking command in '/ros2_ws/build/realsense2_camera_msgs': CMAKE_PREFIX_PATH=${CMAKE_PREFIX_PATH}:/opt/ros/humble /usr/bin/cmake --build /ros2_ws/build/realsense2_camera_msgs -- -j16 -l16
[0.838s] DEBUG:colcon.colcon_core.event_handler.log_command:Invoking command in '/ros2_ws/build/camera': CMAKE_PREFIX_PATH=${CMAKE_PREFIX_PATH}:/opt/ros/humble /usr/bin/cmake --build /ros2_ws/build/camera -- -j16 -l16
[3.835s] DEBUG:colcon.colcon_core.event_handler.log_command:Invoked command in '/ros2_ws/build/rospi_pre' returned '0': CMAKE_PREFIX_PATH=${CMAKE_PREFIX_PATH}:/opt/ros/humble /usr/bin/cmake --build /ros2_ws/build/rospi_pre -- -j16 -l16
[3.849s] DEBUG:colcon.colcon_core.event_handler.log_command:Invoking command in '/ros2_ws/build/rospi_pre': CMAKE_PREFIX_PATH=${CMAKE_PREFIX_PATH}:/opt/ros/humble /usr/bin/cmake --install /ros2_ws/build/rospi_pre
[3.921s] Level 1:colcon.colcon_core.environment:create_environment_scripts_only(rospi_pre)
[3.922s] DEBUG:colcon.colcon_core.event_handler.log_command:Invoked command in '/ros2_ws/build/rospi_pre' returned '0': CMAKE_PREFIX_PATH=${CMAKE_PREFIX_PATH}:/opt/ros/humble /usr/bin/cmake --install /ros2_ws/build/rospi_pre
[3.927s] Level 1:colcon.colcon_core.environment:checking '/ros2_ws/install/rospi_pre' for CMake module files
[3.928s] Level 1:colcon.colcon_core.environment:checking '/ros2_ws/install/rospi_pre' for CMake config files
[3.929s] Level 1:colcon.colcon_core.shell:create_environment_hook('rospi_pre', 'cmake_prefix_path')
[3.929s] INFO:colcon.colcon_core.shell:Creating environment hook '/ros2_ws/install/rospi_pre/share/rospi_pre/hook/cmake_prefix_path.ps1'
[3.930s] INFO:colcon.colcon_core.shell:Creating environment descriptor '/ros2_ws/install/rospi_pre/share/rospi_pre/hook/cmake_prefix_path.dsv'
[3.931s] INFO:colcon.colcon_core.shell:Creating environment hook '/ros2_ws/install/rospi_pre/share/rospi_pre/hook/cmake_prefix_path.sh'
[3.932s] Level 1:colcon.colcon_core.environment:checking '/ros2_ws/install/rospi_pre/lib'
[3.932s] Level 1:colcon.colcon_core.shell:create_environment_hook('rospi_pre', 'ld_library_path_lib')
[3.933s] INFO:colcon.colcon_core.shell:Creating environment hook '/ros2_ws/install/rospi_pre/share/rospi_pre/hook/ld_library_path_lib.ps1'
[3.933s] INFO:colcon.colcon_core.shell:Creating environment descriptor '/ros2_ws/install/rospi_pre/share/rospi_pre/hook/ld_library_path_lib.dsv'
[3.934s] INFO:colcon.colcon_core.shell:Creating environment hook '/ros2_ws/install/rospi_pre/share/rospi_pre/hook/ld_library_path_lib.sh'
[3.934s] Level 1:colcon.colcon_core.environment:checking '/ros2_ws/install/rospi_pre/bin'
[3.934s] Level 1:colcon.colcon_core.environment:checking '/ros2_ws/install/rospi_pre/lib/pkgconfig/rospi_pre.pc'
[3.937s] Level 1:colcon.colcon_core.environment:checking '/ros2_ws/install/rospi_pre/lib/python3.10/site-packages'
[3.937s] Level 1:colcon.colcon_core.environment:checking '/ros2_ws/install/rospi_pre/bin'
[3.938s] INFO:colcon.colcon_core.shell:Creating package script '/ros2_ws/install/rospi_pre/share/rospi_pre/package.ps1'
[3.939s] INFO:colcon.colcon_core.shell:Creating package descriptor '/ros2_ws/install/rospi_pre/share/rospi_pre/package.dsv'
[3.940s] INFO:colcon.colcon_core.shell:Creating package script '/ros2_ws/install/rospi_pre/share/rospi_pre/package.sh'
[3.941s] INFO:colcon.colcon_core.shell:Creating package script '/ros2_ws/install/rospi_pre/share/rospi_pre/package.bash'
[3.942s] INFO:colcon.colcon_core.shell:Creating package script '/ros2_ws/install/rospi_pre/share/rospi_pre/package.zsh'
[3.943s] Level 1:colcon.colcon_core.environment:create_file_with_runtime_dependencies(/ros2_ws/install/rospi_pre/share/colcon-core/packages/rospi_pre)
[3.944s] Level 1:colcon.colcon_core.environment:create_environment_scripts_only(rospi_pre)
[3.945s] Level 1:colcon.colcon_core.environment:checking '/ros2_ws/install/rospi_pre' for CMake module files
[3.945s] Level 1:colcon.colcon_core.environment:checking '/ros2_ws/install/rospi_pre' for CMake config files
[3.946s] Level 1:colcon.colcon_core.shell:create_environment_hook('rospi_pre', 'cmake_prefix_path')
[3.946s] INFO:colcon.colcon_core.shell:Creating environment hook '/ros2_ws/install/rospi_pre/share/rospi_pre/hook/cmake_prefix_path.ps1'
[3.947s] INFO:colcon.colcon_core.shell:Creating environment descriptor '/ros2_ws/install/rospi_pre/share/rospi_pre/hook/cmake_prefix_path.dsv'
[3.947s] INFO:colcon.colcon_core.shell:Creating environment hook '/ros2_ws/install/rospi_pre/share/rospi_pre/hook/cmake_prefix_path.sh'
[3.948s] Level 1:colcon.colcon_core.environment:checking '/ros2_ws/install/rospi_pre/lib'
[3.948s] Level 1:colcon.colcon_core.shell:create_environment_hook('rospi_pre', 'ld_library_path_lib')
[3.949s] INFO:colcon.colcon_core.shell:Creating environment hook '/ros2_ws/install/rospi_pre/share/rospi_pre/hook/ld_library_path_lib.ps1'
[3.949s] INFO:colcon.colcon_core.shell:Creating environment descriptor '/ros2_ws/install/rospi_pre/share/rospi_pre/hook/ld_library_path_lib.dsv'
[3.950s] INFO:colcon.colcon_core.shell:Creating environment hook '/ros2_ws/install/rospi_pre/share/rospi_pre/hook/ld_library_path_lib.sh'
[3.950s] Level 1:colcon.colcon_core.environment:checking '/ros2_ws/install/rospi_pre/bin'
[3.950s] Level 1:colcon.colcon_core.environment:checking '/ros2_ws/install/rospi_pre/lib/pkgconfig/rospi_pre.pc'
[3.950s] Level 1:colcon.colcon_core.environment:checking '/ros2_ws/install/rospi_pre/lib/python3.10/site-packages'
[3.951s] Level 1:colcon.colcon_core.environment:checking '/ros2_ws/install/rospi_pre/bin'
[3.951s] INFO:colcon.colcon_core.shell:Creating package script '/ros2_ws/install/rospi_pre/share/rospi_pre/package.ps1'
[3.952s] INFO:colcon.colcon_core.shell:Creating package descriptor '/ros2_ws/install/rospi_pre/share/rospi_pre/package.dsv'
[3.952s] INFO:colcon.colcon_core.shell:Creating package script '/ros2_ws/install/rospi_pre/share/rospi_pre/package.sh'
[3.953s] INFO:colcon.colcon_core.shell:Creating package script '/ros2_ws/install/rospi_pre/share/rospi_pre/package.bash'
[3.954s] INFO:colcon.colcon_core.shell:Creating package script '/ros2_ws/install/rospi_pre/share/rospi_pre/package.zsh'
[3.954s] Level 1:colcon.colcon_core.environment:create_file_with_runtime_dependencies(/ros2_ws/install/rospi_pre/share/colcon-core/packages/rospi_pre)
[3.955s] INFO:colcon.colcon_ros.task.ament_cmake.build:Building ROS package in '/ros2_ws/src/navigation' with build type 'ament_cmake'
[3.955s] INFO:colcon.colcon_cmake.task.cmake.build:Building CMake package in '/ros2_ws/src/navigation'
[3.955s] INFO:colcon.colcon_core.shell:Skip shell extension 'powershell' for command environment: Not usable outside of PowerShell
[3.955s] DEBUG:colcon.colcon_core.shell:Skip shell extension 'dsv' for command environment
[3.970s] DEBUG:colcon.colcon_core.event_handler.log_command:Invoking command in '/ros2_ws/build/navigation': CMAKE_PREFIX_PATH=/ros2_ws/install/rospi_pre:/ros2_ws/install/navigation:/ros2_ws/install/realsense2_description:/ros2_ws/install/realsense2_camera:/ros2_ws/install/realsense2_camera_msgs:/ros2_ws/install/camera:/opt/ros/humble /usr/bin/cmake --build /ros2_ws/build/navigation -- -j16 -l16
[4.399s] DEBUG:colcon.colcon_core.event_handler.log_command:Invoked command in '/ros2_ws/build/realsense2_camera_msgs' returned '0': CMAKE_PREFIX_PATH=${CMAKE_PREFIX_PATH}:/opt/ros/humble /usr/bin/cmake --build /ros2_ws/build/realsense2_camera_msgs -- -j16 -l16
[4.401s] DEBUG:colcon.colcon_core.event_handler.log_command:Invoking command in '/ros2_ws/build/realsense2_camera_msgs': CMAKE_PREFIX_PATH=${CMAKE_PREFIX_PATH}:/opt/ros/humble /usr/bin/cmake --install /ros2_ws/build/realsense2_camera_msgs
[4.481s] Level 1:colcon.colcon_core.environment:create_environment_scripts_only(realsense2_camera_msgs)
[4.481s] Level 1:colcon.colcon_core.environment:checking '/ros2_ws/install/realsense2_camera_msgs' for CMake module files
[4.481s] DEBUG:colcon.colcon_core.event_handler.log_command:Invoked command in '/ros2_ws/build/realsense2_camera_msgs' returned '0': CMAKE_PREFIX_PATH=${CMAKE_PREFIX_PATH}:/opt/ros/humble /usr/bin/cmake --install /ros2_ws/build/realsense2_camera_msgs
[4.482s] Level 1:colcon.colcon_core.environment:checking '/ros2_ws/install/realsense2_camera_msgs' for CMake config files
[4.483s] Level 1:colcon.colcon_core.shell:create_environment_hook('realsense2_camera_msgs', 'cmake_prefix_path')
[4.483s] INFO:colcon.colcon_core.shell:Creating environment hook '/ros2_ws/install/realsense2_camera_msgs/share/realsense2_camera_msgs/hook/cmake_prefix_path.ps1'
[4.483s] INFO:colcon.colcon_core.shell:Creating environment descriptor '/ros2_ws/install/realsense2_camera_msgs/share/realsense2_camera_msgs/hook/cmake_prefix_path.dsv'
[4.484s] INFO:colcon.colcon_core.shell:Creating environment hook '/ros2_ws/install/realsense2_camera_msgs/share/realsense2_camera_msgs/hook/cmake_prefix_path.sh'
[4.484s] Level 1:colcon.colcon_core.environment:checking '/ros2_ws/install/realsense2_camera_msgs/lib'
[4.485s] Level 1:colcon.colcon_core.shell:create_environment_hook('realsense2_camera_msgs', 'ld_library_path_lib')
[4.485s] INFO:colcon.colcon_core.shell:Creating environment hook '/ros2_ws/install/realsense2_camera_msgs/share/realsense2_camera_msgs/hook/ld_library_path_lib.ps1'
[4.485s] INFO:colcon.colcon_core.shell:Creating environment descriptor '/ros2_ws/install/realsense2_camera_msgs/share/realsense2_camera_msgs/hook/ld_library_path_lib.dsv'
[4.486s] INFO:colcon.colcon_core.shell:Creating environment hook '/ros2_ws/install/realsense2_camera_msgs/share/realsense2_camera_msgs/hook/ld_library_path_lib.sh'
[4.486s] Level 1:colcon.colcon_core.environment:checking '/ros2_ws/install/realsense2_camera_msgs/bin'
[4.486s] Level 1:colcon.colcon_core.environment:checking '/ros2_ws/install/realsense2_camera_msgs/lib/pkgconfig/realsense2_camera_msgs.pc'
[4.486s] Level 1:colcon.colcon_core.environment:checking '/ros2_ws/install/realsense2_camera_msgs/lib/python3.10/site-packages'
[4.487s] Level 1:colcon.colcon_core.environment:checking '/ros2_ws/install/realsense2_camera_msgs/bin'
[4.487s] INFO:colcon.colcon_core.shell:Creating package script '/ros2_ws/install/realsense2_camera_msgs/share/realsense2_camera_msgs/package.ps1'
[4.487s] INFO:colcon.colcon_core.shell:Creating package descriptor '/ros2_ws/install/realsense2_camera_msgs/share/realsense2_camera_msgs/package.dsv'
[4.488s] INFO:colcon.colcon_core.shell:Creating package script '/ros2_ws/install/realsense2_camera_msgs/share/realsense2_camera_msgs/package.sh'
[4.489s] INFO:colcon.colcon_core.shell:Creating package script '/ros2_ws/install/realsense2_camera_msgs/share/realsense2_camera_msgs/package.bash'
[4.489s] INFO:colcon.colcon_core.shell:Creating package script '/ros2_ws/install/realsense2_camera_msgs/share/realsense2_camera_msgs/package.zsh'
[4.490s] Level 1:colcon.colcon_core.environment:create_file_with_runtime_dependencies(/ros2_ws/install/realsense2_camera_msgs/share/colcon-core/packages/realsense2_camera_msgs)
[4.490s] Level 1:colcon.colcon_core.environment:create_environment_scripts_only(realsense2_camera_msgs)
[4.490s] Level 1:colcon.colcon_core.environment:checking '/ros2_ws/install/realsense2_camera_msgs' for CMake module files
[4.491s] Level 1:colcon.colcon_core.environment:checking '/ros2_ws/install/realsense2_camera_msgs' for CMake config files
[4.492s] Level 1:colcon.colcon_core.shell:create_environment_hook('realsense2_camera_msgs', 'cmake_prefix_path')
[4.492s] INFO:colcon.colcon_core.shell:Creating environment hook '/ros2_ws/install/realsense2_camera_msgs/share/realsense2_camera_msgs/hook/cmake_prefix_path.ps1'
[4.492s] INFO:colcon.colcon_core.shell:Creating environment descriptor '/ros2_ws/install/realsense2_camera_msgs/share/realsense2_camera_msgs/hook/cmake_prefix_path.dsv'
[4.493s] INFO:colcon.colcon_core.shell:Creating environment hook '/ros2_ws/install/realsense2_camera_msgs/share/realsense2_camera_msgs/hook/cmake_prefix_path.sh'
[4.493s] Level 1:colcon.colcon_core.environment:checking '/ros2_ws/install/realsense2_camera_msgs/lib'
[4.494s] Level 1:colcon.colcon_core.shell:create_environment_hook('realsense2_camera_msgs', 'ld_library_path_lib')
[4.494s] INFO:colcon.colcon_core.shell:Creating environment hook '/ros2_ws/install/realsense2_camera_msgs/share/realsense2_camera_msgs/hook/ld_library_path_lib.ps1'
[4.494s] INFO:colcon.colcon_core.shell:Creating environment descriptor '/ros2_ws/install/realsense2_camera_msgs/share/realsense2_camera_msgs/hook/ld_library_path_lib.dsv'
[4.495s] INFO:colcon.colcon_core.shell:Creating environment hook '/ros2_ws/install/realsense2_camera_msgs/share/realsense2_camera_msgs/hook/ld_library_path_lib.sh'
[4.495s] Level 1:colcon.colcon_core.environment:checking '/ros2_ws/install/realsense2_camera_msgs/bin'
[4.495s] Level 1:colcon.colcon_core.environment:checking '/ros2_ws/install/realsense2_camera_msgs/lib/pkgconfig/realsense2_camera_msgs.pc'
[4.495s] Level 1:colcon.colcon_core.environment:checking '/ros2_ws/install/realsense2_camera_msgs/lib/python3.10/site-packages'
[4.496s] Level 1:colcon.colcon_core.environment:checking '/ros2_ws/install/realsense2_camera_msgs/bin'
[4.496s] INFO:colcon.colcon_core.shell:Creating package script '/ros2_ws/install/realsense2_camera_msgs/share/realsense2_camera_msgs/package.ps1'
[4.497s] INFO:colcon.colcon_core.shell:Creating package descriptor '/ros2_ws/install/realsense2_camera_msgs/share/realsense2_camera_msgs/package.dsv'
[4.497s] INFO:colcon.colcon_core.shell:Creating package script '/ros2_ws/install/realsense2_camera_msgs/share/realsense2_camera_msgs/package.sh'
[4.498s] INFO:colcon.colcon_core.shell:Creating package script '/ros2_ws/install/realsense2_camera_msgs/share/realsense2_camera_msgs/package.bash'
[4.498s] INFO:colcon.colcon_core.shell:Creating package script '/ros2_ws/install/realsense2_camera_msgs/share/realsense2_camera_msgs/package.zsh'
[4.499s] Level 1:colcon.colcon_core.environment:create_file_with_runtime_dependencies(/ros2_ws/install/realsense2_camera_msgs/share/colcon-core/packages/realsense2_camera_msgs)
[4.499s] INFO:colcon.colcon_ros.task.ament_cmake.build:Building ROS package in '/ros2_ws/src/realsense-pkg/realsense2_camera' with build type 'ament_cmake'
[4.499s] INFO:colcon.colcon_cmake.task.cmake.build:Building CMake package in '/ros2_ws/src/realsense-pkg/realsense2_camera'
[4.500s] INFO:colcon.colcon_core.shell:Skip shell extension 'powershell' for command environment: Not usable outside of PowerShell
[4.500s] DEBUG:colcon.colcon_core.shell:Skip shell extension 'dsv' for command environment
[4.505s] INFO:colcon.colcon_ros.task.ament_cmake.build:Building ROS package in '/ros2_ws/src/realsense-pkg/realsense2_description' with build type 'ament_cmake'
[4.505s] INFO:colcon.colcon_cmake.task.cmake.build:Building CMake package in '/ros2_ws/src/realsense-pkg/realsense2_description'
[4.505s] INFO:colcon.colcon_core.shell:Skip shell extension 'powershell' for command environment: Not usable outside of PowerShell
[4.505s] DEBUG:colcon.colcon_core.shell:Skip shell extension 'dsv' for command environment
[4.513s] DEBUG:colcon.colcon_core.event_handler.log_command:Invoking command in '/ros2_ws/build/realsense2_camera': CMAKE_PREFIX_PATH=/ros2_ws/install/realsense2_camera_msgs:/ros2_ws/install/navigation:/ros2_ws/install/rospi_pre:/ros2_ws/install/realsense2_description:/ros2_ws/install/realsense2_camera:/ros2_ws/install/camera:/opt/ros/humble LD_LIBRARY_PATH=/ros2_ws/install/realsense2_camera_msgs/lib:/ros2_ws/install/rospi_pre/lib:/ros2_ws/install/realsense2_camera/lib:/opt/ros/humble/opt/rviz_ogre_vendor/lib:/opt/ros/humble/lib/x86_64-linux-gnu:/opt/ros/humble/lib /usr/bin/cmake --build /ros2_ws/build/realsense2_camera -- -j16 -l16
[4.517s] DEBUG:colcon.colcon_core.event_handler.log_command:Invoking command in '/ros2_ws/build/realsense2_description': CMAKE_PREFIX_PATH=/ros2_ws/install/realsense2_camera_msgs:/ros2_ws/install/navigation:/ros2_ws/install/rospi_pre:/ros2_ws/install/realsense2_description:/ros2_ws/install/realsense2_camera:/ros2_ws/install/camera:/opt/ros/humble LD_LIBRARY_PATH=/ros2_ws/install/realsense2_camera_msgs/lib:/ros2_ws/install/rospi_pre/lib:/ros2_ws/install/realsense2_camera/lib:/opt/ros/humble/opt/rviz_ogre_vendor/lib:/opt/ros/humble/lib/x86_64-linux-gnu:/opt/ros/humble/lib /usr/bin/cmake --build /ros2_ws/build/realsense2_description -- -j16 -l16
[4.784s] DEBUG:colcon.colcon_core.event_handler.log_command:Invoked command in '/ros2_ws/build/realsense2_description' returned '0': CMAKE_PREFIX_PATH=/ros2_ws/install/realsense2_camera_msgs:/ros2_ws/install/navigation:/ros2_ws/install/rospi_pre:/ros2_ws/install/realsense2_description:/ros2_ws/install/realsense2_camera:/ros2_ws/install/camera:/opt/ros/humble LD_LIBRARY_PATH=/ros2_ws/install/realsense2_camera_msgs/lib:/ros2_ws/install/rospi_pre/lib:/ros2_ws/install/realsense2_camera/lib:/opt/ros/humble/opt/rviz_ogre_vendor/lib:/opt/ros/humble/lib/x86_64-linux-gnu:/opt/ros/humble/lib /usr/bin/cmake --build /ros2_ws/build/realsense2_description -- -j16 -l16
[4.786s] DEBUG:colcon.colcon_core.event_handler.log_command:Invoking command in '/ros2_ws/build/realsense2_description': CMAKE_PREFIX_PATH=/ros2_ws/install/realsense2_camera_msgs:/ros2_ws/install/navigation:/ros2_ws/install/rospi_pre:/ros2_ws/install/realsense2_description:/ros2_ws/install/realsense2_camera:/ros2_ws/install/camera:/opt/ros/humble LD_LIBRARY_PATH=/ros2_ws/install/realsense2_camera_msgs/lib:/ros2_ws/install/rospi_pre/lib:/ros2_ws/install/realsense2_camera/lib:/opt/ros/humble/opt/rviz_ogre_vendor/lib:/opt/ros/humble/lib/x86_64-linux-gnu:/opt/ros/humble/lib /usr/bin/cmake --install /ros2_ws/build/realsense2_description
[4.799s] Level 1:colcon.colcon_core.environment:create_environment_scripts_only(realsense2_description)
[4.800s] Level 1:colcon.colcon_core.environment:checking '/ros2_ws/install/realsense2_description' for CMake module files
[4.800s] DEBUG:colcon.colcon_core.event_handler.log_command:Invoked command in '/ros2_ws/build/realsense2_description' returned '0': CMAKE_PREFIX_PATH=/ros2_ws/install/realsense2_camera_msgs:/ros2_ws/install/navigation:/ros2_ws/install/rospi_pre:/ros2_ws/install/realsense2_description:/ros2_ws/install/realsense2_camera:/ros2_ws/install/camera:/opt/ros/humble LD_LIBRARY_PATH=/ros2_ws/install/realsense2_camera_msgs/lib:/ros2_ws/install/rospi_pre/lib:/ros2_ws/install/realsense2_camera/lib:/opt/ros/humble/opt/rviz_ogre_vendor/lib:/opt/ros/humble/lib/x86_64-linux-gnu:/opt/ros/humble/lib /usr/bin/cmake --install /ros2_ws/build/realsense2_description
[4.801s] Level 1:colcon.colcon_core.environment:checking '/ros2_ws/install/realsense2_description' for CMake config files
[4.801s] Level 1:colcon.colcon_core.shell:create_environment_hook('realsense2_description', 'cmake_prefix_path')
[4.801s] INFO:colcon.colcon_core.shell:Creating environment hook '/ros2_ws/install/realsense2_description/share/realsense2_description/hook/cmake_prefix_path.ps1'
[4.802s] INFO:colcon.colcon_core.shell:Creating environment descriptor '/ros2_ws/install/realsense2_description/share/realsense2_description/hook/cmake_prefix_path.dsv'
[4.802s] INFO:colcon.colcon_core.shell:Creating environment hook '/ros2_ws/install/realsense2_description/share/realsense2_description/hook/cmake_prefix_path.sh'
[4.803s] Level 1:colcon.colcon_core.environment:checking '/ros2_ws/install/realsense2_description/bin'
[4.803s] Level 1:colcon.colcon_core.environment:checking '/ros2_ws/install/realsense2_description/lib/pkgconfig/realsense2_description.pc'
[4.803s] Level 1:colcon.colcon_core.environment:checking '/ros2_ws/install/realsense2_description/lib/python3.10/site-packages'
[4.803s] Level 1:colcon.colcon_core.environment:checking '/ros2_ws/install/realsense2_description/bin'
[4.804s] INFO:colcon.colcon_core.shell:Creating package script '/ros2_ws/install/realsense2_description/share/realsense2_description/package.ps1'
[4.804s] INFO:colcon.colcon_core.shell:Creating package descriptor '/ros2_ws/install/realsense2_description/share/realsense2_description/package.dsv'
[4.805s] INFO:colcon.colcon_core.shell:Creating package script '/ros2_ws/install/realsense2_description/share/realsense2_description/package.sh'
[4.805s] INFO:colcon.colcon_core.shell:Creating package script '/ros2_ws/install/realsense2_description/share/realsense2_description/package.bash'
[4.805s] INFO:colcon.colcon_core.shell:Creating package script '/ros2_ws/install/realsense2_description/share/realsense2_description/package.zsh'
[4.806s] Level 1:colcon.colcon_core.environment:create_file_with_runtime_dependencies(/ros2_ws/install/realsense2_description/share/colcon-core/packages/realsense2_description)
[4.806s] Level 1:colcon.colcon_core.environment:create_environment_scripts_only(realsense2_description)
[4.807s] Level 1:colcon.colcon_core.environment:checking '/ros2_ws/install/realsense2_description' for CMake module files
[4.807s] Level 1:colcon.colcon_core.environment:checking '/ros2_ws/install/realsense2_description' for CMake config files
[4.807s] Level 1:colcon.colcon_core.shell:create_environment_hook('realsense2_description', 'cmake_prefix_path')
[4.808s] INFO:colcon.colcon_core.shell:Creating environment hook '/ros2_ws/install/realsense2_description/share/realsense2_description/hook/cmake_prefix_path.ps1'
[4.808s] INFO:colcon.colcon_core.shell:Creating environment descriptor '/ros2_ws/install/realsense2_description/share/realsense2_description/hook/cmake_prefix_path.dsv'
[4.808s] INFO:colcon.colcon_core.shell:Creating environment hook '/ros2_ws/install/realsense2_description/share/realsense2_description/hook/cmake_prefix_path.sh'
[4.809s] Level 1:colcon.colcon_core.environment:checking '/ros2_ws/install/realsense2_description/bin'
[4.809s] Level 1:colcon.colcon_core.environment:checking '/ros2_ws/install/realsense2_description/lib/pkgconfig/realsense2_description.pc'
[4.809s] Level 1:colcon.colcon_core.environment:checking '/ros2_ws/install/realsense2_description/lib/python3.10/site-packages'
[4.810s] Level 1:colcon.colcon_core.environment:checking '/ros2_ws/install/realsense2_description/bin'
[4.810s] INFO:colcon.colcon_core.shell:Creating package script '/ros2_ws/install/realsense2_description/share/realsense2_description/package.ps1'
[4.810s] INFO:colcon.colcon_core.shell:Creating package descriptor '/ros2_ws/install/realsense2_description/share/realsense2_description/package.dsv'
[4.811s] INFO:colcon.colcon_core.shell:Creating package script '/ros2_ws/install/realsense2_description/share/realsense2_description/package.sh'
[4.811s] INFO:colcon.colcon_core.shell:Creating package script '/ros2_ws/install/realsense2_description/share/realsense2_description/package.bash'
[4.812s] INFO:colcon.colcon_core.shell:Creating package script '/ros2_ws/install/realsense2_description/share/realsense2_description/package.zsh'
[4.812s] Level 1:colcon.colcon_core.environment:create_file_with_runtime_dependencies(/ros2_ws/install/realsense2_description/share/colcon-core/packages/realsense2_description)
[5.133s] DEBUG:colcon.colcon_core.event_handler.log_command:Invoked command in '/ros2_ws/build/realsense2_camera' returned '2': CMAKE_PREFIX_PATH=/ros2_ws/install/realsense2_camera_msgs:/ros2_ws/install/navigation:/ros2_ws/install/rospi_pre:/ros2_ws/install/realsense2_description:/ros2_ws/install/realsense2_camera:/ros2_ws/install/camera:/opt/ros/humble LD_LIBRARY_PATH=/ros2_ws/install/realsense2_camera_msgs/lib:/ros2_ws/install/rospi_pre/lib:/ros2_ws/install/realsense2_camera/lib:/opt/ros/humble/opt/rviz_ogre_vendor/lib:/opt/ros/humble/lib/x86_64-linux-gnu:/opt/ros/humble/lib /usr/bin/cmake --build /ros2_ws/build/realsense2_camera -- -j16 -l16
[5.134s] Level 1:colcon.colcon_core.environment:create_environment_scripts_only(realsense2_camera)
[5.134s] Level 1:colcon.colcon_core.environment:checking '/ros2_ws/install/realsense2_camera' for CMake module files
[5.135s] Level 1:colcon.colcon_core.environment:checking '/ros2_ws/install/realsense2_camera' for CMake config files
[5.136s] Level 1:colcon.colcon_core.shell:create_environment_hook('realsense2_camera', 'cmake_prefix_path')
[5.136s] INFO:colcon.colcon_core.shell:Creating environment hook '/ros2_ws/install/realsense2_camera/share/realsense2_camera/hook/cmake_prefix_path.ps1'
[5.137s] INFO:colcon.colcon_core.shell:Creating environment descriptor '/ros2_ws/install/realsense2_camera/share/realsense2_camera/hook/cmake_prefix_path.dsv'
[5.137s] INFO:colcon.colcon_core.shell:Creating environment hook '/ros2_ws/install/realsense2_camera/share/realsense2_camera/hook/cmake_prefix_path.sh'
[5.138s] Level 1:colcon.colcon_core.environment:checking '/ros2_ws/install/realsense2_camera/lib'
[5.138s] Level 1:colcon.colcon_core.shell:create_environment_hook('realsense2_camera', 'ld_library_path_lib')
[5.138s] INFO:colcon.colcon_core.shell:Creating environment hook '/ros2_ws/install/realsense2_camera/share/realsense2_camera/hook/ld_library_path_lib.ps1'
[5.139s] INFO:colcon.colcon_core.shell:Creating environment descriptor '/ros2_ws/install/realsense2_camera/share/realsense2_camera/hook/ld_library_path_lib.dsv'
[5.139s] INFO:colcon.colcon_core.shell:Creating environment hook '/ros2_ws/install/realsense2_camera/share/realsense2_camera/hook/ld_library_path_lib.sh'
[5.139s] Level 1:colcon.colcon_core.environment:checking '/ros2_ws/install/realsense2_camera/bin'
[5.140s] Level 1:colcon.colcon_core.environment:checking '/ros2_ws/install/realsense2_camera/lib/pkgconfig/realsense2_camera.pc'
[5.140s] Level 1:colcon.colcon_core.environment:checking '/ros2_ws/install/realsense2_camera/lib/python3.10/site-packages'
[5.140s] Level 1:colcon.colcon_core.environment:checking '/ros2_ws/install/realsense2_camera/bin'
[5.140s] INFO:colcon.colcon_core.shell:Creating package script '/ros2_ws/install/realsense2_camera/share/realsense2_camera/package.ps1'
[5.141s] INFO:colcon.colcon_core.shell:Creating package descriptor '/ros2_ws/install/realsense2_camera/share/realsense2_camera/package.dsv'
[5.142s] INFO:colcon.colcon_core.shell:Creating package script '/ros2_ws/install/realsense2_camera/share/realsense2_camera/package.sh'
[5.142s] INFO:colcon.colcon_core.shell:Creating package script '/ros2_ws/install/realsense2_camera/share/realsense2_camera/package.bash'
[5.143s] INFO:colcon.colcon_core.shell:Creating package script '/ros2_ws/install/realsense2_camera/share/realsense2_camera/package.zsh'
[5.143s] Level 1:colcon.colcon_core.environment:create_file_with_runtime_dependencies(/ros2_ws/install/realsense2_camera/share/colcon-core/packages/realsense2_camera)
[15.094s] DEBUG:colcon.colcon_parallel_executor.executor.parallel:closing loop
[15.094s] DEBUG:colcon.colcon_parallel_executor.executor.parallel:loop closed
[15.094s] DEBUG:colcon.colcon_parallel_executor.executor.parallel:run_until_complete finished with '2'
[15.094s] DEBUG:colcon.colcon_core.event_reactor:joining thread
[15.100s] INFO:colcon.colcon_core.plugin_system:Skipping extension 'colcon_notification.desktop_notification.notify_send': Could not find 'notify-send'
[15.100s] INFO:colcon.colcon_core.plugin_system:Skipping extension 'colcon_notification.desktop_notification.terminal_notifier': Not used on non-Darwin systems
[15.100s] INFO:colcon.colcon_core.plugin_system:Skipping extension 'colcon_notification.desktop_notification.win32': Not used on non-Windows systems
[15.100s] INFO:colcon.colcon_notification.desktop_notification:Sending desktop notification using 'notify2'
[15.100s] DEBUG:colcon.colcon_notification.desktop_notification.notify2:Failed to initialize notify2: org.freedesktop.DBus.Error.NotSupported: Unable to autolaunch a dbus-daemon without a $DISPLAY for X11
[15.100s] DEBUG:colcon.colcon_core.event_reactor:joined thread
[15.100s] INFO:colcon.colcon_core.shell:Creating prefix script '/ros2_ws/install/local_setup.ps1'
[15.102s] INFO:colcon.colcon_core.shell:Creating prefix util module '/ros2_ws/install/_local_setup_util_ps1.py'
[15.102s] INFO:colcon.colcon_core.shell:Creating prefix chain script '/ros2_ws/install/setup.ps1'
[15.103s] INFO:colcon.colcon_core.shell:Creating prefix script '/ros2_ws/install/local_setup.sh'
[15.103s] INFO:colcon.colcon_core.shell:Creating prefix util module '/ros2_ws/install/_local_setup_util_sh.py'
[15.104s] INFO:colcon.colcon_core.shell:Creating prefix chain script '/ros2_ws/install/setup.sh'
[15.104s] INFO:colcon.colcon_core.shell:Creating prefix script '/ros2_ws/install/local_setup.bash'
[15.105s] INFO:colcon.colcon_core.shell:Creating prefix chain script '/ros2_ws/install/setup.bash'
[15.105s] INFO:colcon.colcon_core.shell:Creating prefix script '/ros2_ws/install/local_setup.zsh'
[15.106s] INFO:colcon.colcon_core.shell:Creating prefix chain script '/ros2_ws/install/setup.zsh'
