[0.007s] Invoking command in '/ros2_ws/build/realsense2_camera': AMENT_PREFIX_PATH=/ros2_ws/install/realsense2_camera_msgs:${AMENT_PREFIX_PATH} CMAKE_PREFIX_PATH=/ros2_ws/install/realsense2_camera_msgs:/home/realsense/vision-ws/install/realsense2_description:/home/realsense/vision-ws/install/realsense2_camera:/home/realsense/vision-ws/install/realsense2_camera_msgs:/opt/ros/humble LD_LIBRARY_PATH=/ros2_ws/install/realsense2_camera_msgs/lib:${LD_LIBRARY_PATH} PYTHONPATH=/ros2_ws/install/realsense2_camera_msgs/local/lib/python3.10/dist-packages:${PYTHONPATH} /usr/bin/cmake --build /ros2_ws/build/realsense2_camera -- -j16 -l16
[0.048s] -- Create Release Build.
[0.048s] -- Found ament_cmake: 1.3.11 (/opt/ros/humble/share/ament_cmake/cmake)
[0.133s] -- Found builtin_interfaces: 1.2.1 (/opt/ros/humble/share/builtin_interfaces/cmake)
[0.147s] -- Found rosidl_generator_c: 3.1.6 (/opt/ros/humble/share/rosidl_generator_c/cmake)
[0.148s] -- Found rosidl_adapter: 3.1.6 (/opt/ros/humble/share/rosidl_adapter/cmake)
[0.152s] -- Found rosidl_generator_cpp: 3.1.6 (/opt/ros/humble/share/rosidl_generator_cpp/cmake)
[0.167s] -- Using all available rosidl_typesupport_c: rosidl_typesupport_fastrtps_c;rosidl_typesupport_introspection_c
[0.175s] -- Using all available rosidl_typesupport_cpp: rosidl_typesupport_fastrtps_cpp;rosidl_typesupport_introspection_cpp
[0.188s] -- Found cv_bridge: 3.2.1 (/opt/ros/humble/share/cv_bridge/cmake)
[0.336s] -- Found image_transport: 3.1.12 (/opt/ros/humble/share/image_transport/cmake)
[0.364s] -- Found rmw_implementation_cmake: 6.1.2 (/opt/ros/humble/share/rmw_implementation_cmake/cmake)
[0.376s] -- Found rmw_cyclonedds_cpp: 1.3.4 (/opt/ros/humble/share/rmw_cyclonedds_cpp/cmake)
[0.453s] -- Using RMW implementation 'rmw_cyclonedds_cpp' as default
[0.486s] -- Found rclcpp_components: 16.0.12 (/opt/ros/humble/share/rclcpp_components/cmake)
[0.495s] -- Found realsense2_camera_msgs: 4.55.1 (/ros2_ws/install/realsense2_camera_msgs/share/realsense2_camera_msgs/cmake)
[0.504s] -- Found nav_msgs: 4.9.0 (/opt/ros/humble/share/nav_msgs/cmake)
[0.514s] -- Found tf2_ros: 0.25.13 (/opt/ros/humble/share/tf2_ros/cmake)
[0.558s] -- Found diagnostic_updater: 4.0.6 (/opt/ros/humble/share/diagnostic_updater/cmake)
[0.678s] -- Build for ROS2 Humble
[0.685s] -- Found ament_cmake_gtest: 1.3.11 (/opt/ros/humble/share/ament_cmake_gtest/cmake)
[0.686s] -- Found gtest sources under '/opt/ros/humble/src/gtest_vendor': C++ tests using 'Google Test' will be built
[0.694s] -- Found ament_cmake_pytest: 1.3.11 (/opt/ros/humble/share/ament_cmake_pytest/cmake)
[3.996s] -- rs_device_info:
[3.996s] -- No device detected. Is it plugged in?
[3.996s] 
[4.045s] -- Configuring done
[4.073s] -- Generating done
[4.078s] -- Build files have been written to: /ros2_ws/build/realsense2_camera
[4.103s] [35m[1mConsolidate compiler generated dependencies of target gtest_main[0m
[4.103s] [35m[1mConsolidate compiler generated dependencies of target gtest[0m
[4.104s] [35m[1mConsolidate compiler generated dependencies of target realsense2_camera_node[0m
[4.109s] [35m[1mConsolidate compiler generated dependencies of target realsense2_camera[0m
[4.119s] [  9%] Built target gtest_main
[4.121s] [ 18%] Built target gtest
[4.125s] [ 22%] [32mBuilding CXX object CMakeFiles/realsense2_camera_node.dir/rclcpp_components/node_main_realsense2_camera_node.cpp.o[0m
[4.129s] [35m[1mConsolidate compiler generated dependencies of target gtest_template[0m
[4.142s] [ 27%] [32mBuilding CXX object CMakeFiles/gtest_template.dir/test/gtest_template.cpp.o[0m
[4.175s] [ 45%] [32mBuilding CXX object CMakeFiles/realsense2_camera.dir/src/base_realsense_node.cpp.o[0m
[4.175s] [ 45%] [32mBuilding CXX object CMakeFiles/realsense2_camera.dir/src/parameters.cpp.o[0m
[4.176s] [ 45%] [32mBuilding CXX object CMakeFiles/realsense2_camera.dir/src/rs_node_setup.cpp.o[0m
[4.176s] [ 45%] [32mBuilding CXX object CMakeFiles/realsense2_camera.dir/src/realsense_node_factory.cpp.o[0m
[4.177s] [ 50%] [32mBuilding CXX object CMakeFiles/realsense2_camera.dir/src/ros_sensor.cpp.o[0m
[4.177s] [ 54%] [32mBuilding CXX object CMakeFiles/realsense2_camera.dir/src/ros_utils.cpp.o[0m
[4.178s] [ 59%] [32mBuilding CXX object CMakeFiles/realsense2_camera.dir/src/dynamic_params.cpp.o[0m
[4.178s] [ 63%] [32mBuilding CXX object CMakeFiles/realsense2_camera.dir/src/sensor_params.cpp.o[0m
[4.181s] [ 72%] [32mBuilding CXX object CMakeFiles/realsense2_camera.dir/src/named_filter.cpp.o[0m
[4.181s] [ 72%] [32mBuilding CXX object CMakeFiles/realsense2_camera.dir/src/profile_manager.cpp.o[0m
[4.185s] [ 77%] [32mBuilding CXX object CMakeFiles/realsense2_camera.dir/src/image_publisher.cpp.o[0m
[4.185s] [ 81%] [32mBuilding CXX object CMakeFiles/realsense2_camera.dir/src/tfs.cpp.o[0m
[4.185s] [ 86%] [32mBuilding CXX object CMakeFiles/realsense2_camera.dir/src/ros_param_backend.cpp.o[0m
[5.171s] [ 90%] [32m[1mLinking CXX executable gtest_template[0m
[5.336s] [ 90%] Built target gtest_template
[7.927s] [ 95%] [32m[1mLinking CXX executable realsense2_camera_node[0m
[8.118s] [ 95%] Built target realsense2_camera_node
[17.037s] [100%] [32m[1mLinking CXX shared library librealsense2_camera.so[0m
[18.729s] [100%] Built target realsense2_camera
[18.739s] Invoked command in '/ros2_ws/build/realsense2_camera' returned '0': AMENT_PREFIX_PATH=/ros2_ws/install/realsense2_camera_msgs:${AMENT_PREFIX_PATH} CMAKE_PREFIX_PATH=/ros2_ws/install/realsense2_camera_msgs:/home/realsense/vision-ws/install/realsense2_description:/home/realsense/vision-ws/install/realsense2_camera:/home/realsense/vision-ws/install/realsense2_camera_msgs:/opt/ros/humble LD_LIBRARY_PATH=/ros2_ws/install/realsense2_camera_msgs/lib:${LD_LIBRARY_PATH} PYTHONPATH=/ros2_ws/install/realsense2_camera_msgs/local/lib/python3.10/dist-packages:${PYTHONPATH} /usr/bin/cmake --build /ros2_ws/build/realsense2_camera -- -j16 -l16
[18.740s] Invoking command in '/ros2_ws/build/realsense2_camera': AMENT_PREFIX_PATH=/ros2_ws/install/realsense2_camera_msgs:${AMENT_PREFIX_PATH} CMAKE_PREFIX_PATH=/ros2_ws/install/realsense2_camera_msgs:/home/realsense/vision-ws/install/realsense2_description:/home/realsense/vision-ws/install/realsense2_camera:/home/realsense/vision-ws/install/realsense2_camera_msgs:/opt/ros/humble LD_LIBRARY_PATH=/ros2_ws/install/realsense2_camera_msgs/lib:${LD_LIBRARY_PATH} PYTHONPATH=/ros2_ws/install/realsense2_camera_msgs/local/lib/python3.10/dist-packages:${PYTHONPATH} /usr/bin/cmake --install /ros2_ws/build/realsense2_camera
[18.746s] -- Install configuration: "Release"
[18.746s] -- Installing: /ros2_ws/install/realsense2_camera/lib/realsense2_camera/realsense2_camera_node
[18.747s] -- Set runtime path of "/ros2_ws/install/realsense2_camera/lib/realsense2_camera/realsense2_camera_node" to ""
[18.747s] -- Installing: /ros2_ws/install/realsense2_camera/lib/librealsense2_camera.so
[18.750s] -- Set runtime path of "/ros2_ws/install/realsense2_camera/lib/librealsense2_camera.so" to ""
[18.750s] -- Up-to-date: /ros2_ws/install/realsense2_camera/include
[18.750s] -- Up-to-date: /ros2_ws/install/realsense2_camera/include/sensor_params.h
[18.750s] -- Up-to-date: /ros2_ws/install/realsense2_camera/include/profile_manager.h
[18.750s] -- Up-to-date: /ros2_ws/install/realsense2_camera/include/constants.h
[18.751s] -- Up-to-date: /ros2_ws/install/realsense2_camera/include/ros_utils.h
[18.751s] -- Up-to-date: /ros2_ws/install/realsense2_camera/include/ros_param_backend.h
[18.751s] -- Up-to-date: /ros2_ws/install/realsense2_camera/include/image_publisher.h
[18.751s] -- Up-to-date: /ros2_ws/install/realsense2_camera/include/named_filter.h
[18.751s] -- Up-to-date: /ros2_ws/install/realsense2_camera/include/dynamic_params.h
[18.751s] -- Up-to-date: /ros2_ws/install/realsense2_camera/include/ros_sensor.h
[18.751s] -- Up-to-date: /ros2_ws/install/realsense2_camera/include/base_realsense_node.h
[18.751s] -- Up-to-date: /ros2_ws/install/realsense2_camera/include/gl_window.h
[18.751s] -- Up-to-date: /ros2_ws/install/realsense2_camera/include/realsense_node_factory.h
[18.751s] -- Up-to-date: /ros2_ws/install/realsense2_camera/share/realsense2_camera/launch
[18.751s] -- Up-to-date: /ros2_ws/install/realsense2_camera/share/realsense2_camera/launch/visual_presets
[18.751s] -- Up-to-date: /ros2_ws/install/realsense2_camera/share/realsense2_camera/launch/visual_presets/DefaultPreset_D435.json
[18.751s] -- Up-to-date: /ros2_ws/install/realsense2_camera/share/realsense2_camera/launch/visual_presets/BodyScanPreset.json
[18.751s] -- Up-to-date: /ros2_ws/install/realsense2_camera/share/realsense2_camera/launch/visual_presets/MedDensityPreset.json
[18.751s] -- Up-to-date: /ros2_ws/install/realsense2_camera/share/realsense2_camera/launch/visual_presets/DefaultPreset_D415.json
[18.751s] -- Up-to-date: /ros2_ws/install/realsense2_camera/share/realsense2_camera/launch/visual_presets/ShortRangePreset.json
[18.751s] -- Up-to-date: /ros2_ws/install/realsense2_camera/share/realsense2_camera/launch/visual_presets/HandGesturePreset.json
[18.751s] -- Up-to-date: /ros2_ws/install/realsense2_camera/share/realsense2_camera/launch/visual_presets/HighAccuracyPreset.json
[18.751s] -- Up-to-date: /ros2_ws/install/realsense2_camera/share/realsense2_camera/launch/visual_presets/D415_RemoveIR.json
[18.751s] -- Up-to-date: /ros2_ws/install/realsense2_camera/share/realsense2_camera/launch/visual_presets/EdgeMapD435.json
[18.751s] -- Up-to-date: /ros2_ws/install/realsense2_camera/share/realsense2_camera/launch/visual_presets/HighDensityPreset.json
[18.751s] -- Up-to-date: /ros2_ws/install/realsense2_camera/share/realsense2_camera/launch/visual_presets/DefaultPreset_D455.json
[18.751s] -- Up-to-date: /ros2_ws/install/realsense2_camera/share/realsense2_camera/launch/rs_intra_process_demo_launch.py
[18.751s] -- Up-to-date: /ros2_ws/install/realsense2_camera/share/realsense2_camera/launch/default.rviz
[18.751s] -- Up-to-date: /ros2_ws/install/realsense2_camera/share/realsense2_camera/launch/rs_launch.py
[18.751s] -- Up-to-date: /ros2_ws/install/realsense2_camera/share/realsense2_camera/launch/rs_multi_camera_launch.py
[18.751s] -- Up-to-date: /ros2_ws/install/realsense2_camera/share/realsense2_camera/examples
[18.751s] -- Up-to-date: /ros2_ws/install/realsense2_camera/share/realsense2_camera/examples/align_depth
[18.751s] -- Up-to-date: /ros2_ws/install/realsense2_camera/share/realsense2_camera/examples/align_depth/rs_align_depth_launch.py
[18.751s] -- Up-to-date: /ros2_ws/install/realsense2_camera/share/realsense2_camera/examples/align_depth/README.md
[18.751s] -- Up-to-date: /ros2_ws/install/realsense2_camera/share/realsense2_camera/examples/launch_params_from_file
[18.752s] -- Up-to-date: /ros2_ws/install/realsense2_camera/share/realsense2_camera/examples/launch_params_from_file/config
[18.752s] -- Up-to-date: /ros2_ws/install/realsense2_camera/share/realsense2_camera/examples/launch_params_from_file/config/config.yaml
[18.752s] -- Up-to-date: /ros2_ws/install/realsense2_camera/share/realsense2_camera/examples/launch_params_from_file/rs_launch_get_params_from_yaml.py
[18.752s] -- Up-to-date: /ros2_ws/install/realsense2_camera/share/realsense2_camera/examples/launch_params_from_file/README.md
[18.752s] -- Up-to-date: /ros2_ws/install/realsense2_camera/share/realsense2_camera/examples/pointcloud
[18.752s] -- Up-to-date: /ros2_ws/install/realsense2_camera/share/realsense2_camera/examples/pointcloud/rs_d455_pointcloud_launch.py
[18.752s] -- Up-to-date: /ros2_ws/install/realsense2_camera/share/realsense2_camera/examples/pointcloud/rs_d405_pointcloud_launch.py
[18.752s] -- Up-to-date: /ros2_ws/install/realsense2_camera/share/realsense2_camera/examples/pointcloud/rviz
[18.752s] -- Up-to-date: /ros2_ws/install/realsense2_camera/share/realsense2_camera/examples/pointcloud/rviz/pointcloud.rviz
[18.752s] -- Up-to-date: /ros2_ws/install/realsense2_camera/share/realsense2_camera/examples/pointcloud/rviz/urdf_pointcloud.rviz
[18.752s] -- Up-to-date: /ros2_ws/install/realsense2_camera/share/realsense2_camera/examples/pointcloud/README.md
[18.752s] -- Up-to-date: /ros2_ws/install/realsense2_camera/share/realsense2_camera/examples/pointcloud/rs_pointcloud_launch.py
[18.752s] -- Up-to-date: /ros2_ws/install/realsense2_camera/share/realsense2_camera/examples/launch_from_rosbag
[18.752s] -- Up-to-date: /ros2_ws/install/realsense2_camera/share/realsense2_camera/examples/launch_from_rosbag/rs_launch_from_rosbag.py
[18.752s] -- Up-to-date: /ros2_ws/install/realsense2_camera/share/realsense2_camera/examples/launch_from_rosbag/README.md
[18.752s] -- Up-to-date: /ros2_ws/install/realsense2_camera/share/realsense2_camera/examples/dual_camera
[18.752s] -- Up-to-date: /ros2_ws/install/realsense2_camera/share/realsense2_camera/examples/dual_camera/rs_dual_camera_launch.py
[18.752s] -- Up-to-date: /ros2_ws/install/realsense2_camera/share/realsense2_camera/examples/dual_camera/rviz
[18.752s] -- Up-to-date: /ros2_ws/install/realsense2_camera/share/realsense2_camera/examples/dual_camera/rviz/dual_camera_pointcloud.rviz
[18.752s] -- Up-to-date: /ros2_ws/install/realsense2_camera/share/realsense2_camera/examples/dual_camera/README.md
[18.752s] -- Installing: /ros2_ws/install/realsense2_camera/share/realsense2_camera/environment/library_path.sh
[18.752s] -- Installing: /ros2_ws/install/realsense2_camera/share/realsense2_camera/environment/library_path.dsv
[18.752s] -- Up-to-date: /ros2_ws/install/realsense2_camera/share/ament_index/resource_index/package_run_dependencies/realsense2_camera
[18.752s] -- Installing: /ros2_ws/install/realsense2_camera/share/ament_index/resource_index/parent_prefix_path/realsense2_camera
[18.752s] -- Installing: /ros2_ws/install/realsense2_camera/share/realsense2_camera/environment/ament_prefix_path.sh
[18.753s] -- Installing: /ros2_ws/install/realsense2_camera/share/realsense2_camera/environment/ament_prefix_path.dsv
[18.753s] -- Installing: /ros2_ws/install/realsense2_camera/share/realsense2_camera/environment/path.sh
[18.753s] -- Installing: /ros2_ws/install/realsense2_camera/share/realsense2_camera/environment/path.dsv
[18.753s] -- Up-to-date: /ros2_ws/install/realsense2_camera/share/realsense2_camera/local_setup.bash
[18.753s] -- Up-to-date: /ros2_ws/install/realsense2_camera/share/realsense2_camera/local_setup.sh
[18.753s] -- Up-to-date: /ros2_ws/install/realsense2_camera/share/realsense2_camera/local_setup.zsh
[18.753s] -- Installing: /ros2_ws/install/realsense2_camera/share/realsense2_camera/local_setup.dsv
[18.753s] -- Installing: /ros2_ws/install/realsense2_camera/share/realsense2_camera/package.dsv
[18.754s] -- Up-to-date: /ros2_ws/install/realsense2_camera/share/ament_index/resource_index/packages/realsense2_camera
[18.754s] -- Up-to-date: /ros2_ws/install/realsense2_camera/share/ament_index/resource_index/rclcpp_components/realsense2_camera
[18.754s] -- Up-to-date: /ros2_ws/install/realsense2_camera/share/realsense2_camera/cmake/ament_cmake_export_include_directories-extras.cmake
[18.754s] -- Up-to-date: /ros2_ws/install/realsense2_camera/share/realsense2_camera/cmake/ament_cmake_export_libraries-extras.cmake
[18.754s] -- Up-to-date: /ros2_ws/install/realsense2_camera/share/realsense2_camera/cmake/ament_cmake_export_dependencies-extras.cmake
[18.754s] -- Up-to-date: /ros2_ws/install/realsense2_camera/share/realsense2_camera/cmake/realsense2_cameraConfig.cmake
[18.754s] -- Up-to-date: /ros2_ws/install/realsense2_camera/share/realsense2_camera/cmake/realsense2_cameraConfig-version.cmake
[18.754s] -- Up-to-date: /ros2_ws/install/realsense2_camera/share/realsense2_camera/package.xml
[18.756s] Invoked command in '/ros2_ws/build/realsense2_camera' returned '0': AMENT_PREFIX_PATH=/ros2_ws/install/realsense2_camera_msgs:${AMENT_PREFIX_PATH} CMAKE_PREFIX_PATH=/ros2_ws/install/realsense2_camera_msgs:/home/realsense/vision-ws/install/realsense2_description:/home/realsense/vision-ws/install/realsense2_camera:/home/realsense/vision-ws/install/realsense2_camera_msgs:/opt/ros/humble LD_LIBRARY_PATH=/ros2_ws/install/realsense2_camera_msgs/lib:${LD_LIBRARY_PATH} PYTHONPATH=/ros2_ws/install/realsense2_camera_msgs/local/lib/python3.10/dist-packages:${PYTHONPATH} /usr/bin/cmake --install /ros2_ws/build/realsense2_camera
