-- Found ament_cmake: 1.3.11 (/opt/ros/humble/share/ament_cmake/cmake)
-- Found ament_cmake_ros: 0.10.0 (/opt/ros/humble/share/ament_cmake_ros/cmake)
-- Found rclcpp: 16.0.12 (/opt/ros/humble/share/rclcpp/cmake)
-- Found rosidl_generator_c: 3.1.6 (/opt/ros/humble/share/rosidl_generator_c/cmake)
-- Found rosidl_adapter: 3.1.6 (/opt/ros/humble/share/rosidl_adapter/cmake)
-- Found rosidl_generator_cpp: 3.1.6 (/opt/ros/humble/share/rosidl_generator_cpp/cmake)
-- Using all available rosidl_typesupport_c: rosidl_typesupport_fastrtps_c;rosidl_typesupport_introspection_c
-- Using all available rosidl_typesupport_cpp: rosidl_typesupport_fastrtps_cpp;rosidl_typesupport_introspection_cpp
-- Found rmw_implementation_cmake: 6.1.2 (/opt/ros/humble/share/rmw_implementation_cmake/cmake)
-- Found rmw_cyclonedds_cpp: 1.3.4 (/opt/ros/humble/share/rmw_cyclonedds_cpp/cmake)
-- Using RMW implementation 'rmw_cyclonedds_cpp' as default
-- Looking for pthread.h
-- Looking for pthread.h - found
-- Performing Test CMAKE_HAVE_LIBC_PTHREAD
-- Performing Test CMAKE_HAVE_LIBC_PTHREAD - Success
-- Found Threads: TRUE  
-- Found geometry_msgs: 4.9.0 (/opt/ros/humble/share/geometry_msgs/cmake)
-- Found ament_lint_auto: 0.12.12 (/opt/ros/humble/share/ament_lint_auto/cmake)
-- Added test 'cppcheck' to perform static code analysis on C / C++ code
-- Configured cppcheck include dirs: $<BUILD_INTERFACE:/ros2_ws/src/rospi_pre/include>
-- Configured cppcheck exclude dirs and/or files: 
-- Added test 'lint_cmake' to check CMake code style
-- Added test 'uncrustify' to check C / C++ code style
-- Configured uncrustify additional arguments: 
-- Added test 'xmllint' to check XML markup files
-- Configuring done
-- Generating done
-- Build files have been written to: /ros2_ws/build/rospi_pre
[ 50%] [32mBuilding CXX object CMakeFiles/rospi_pre.dir/src/rospi_pre.cpp.o[0m
[100%] [32m[1mLinking CXX shared library librospi_pre.so[0m
[100%] Built target rospi_pre
-- Install configuration: ""
-- Installing: /ros2_ws/install/rospi_pre/include
-- Installing: /ros2_ws/install/rospi_pre/include/rospi_pre
-- Installing: /ros2_ws/install/rospi_pre/include/rospi_pre/visibility_control.h
-- Installing: /ros2_ws/install/rospi_pre/include/rospi_pre/rospi_pre.hpp
-- Installing: /ros2_ws/install/rospi_pre/lib/librospi_pre.so
-- Set runtime path of "/ros2_ws/install/rospi_pre/lib/librospi_pre.so" to ""
-- Installing: /ros2_ws/install/rospi_pre/share/rospi_pre/environment/library_path.sh
-- Installing: /ros2_ws/install/rospi_pre/share/rospi_pre/environment/library_path.dsv
-- Installing: /ros2_ws/install/rospi_pre/share/ament_index/resource_index/package_run_dependencies/rospi_pre
-- Installing: /ros2_ws/install/rospi_pre/share/ament_index/resource_index/parent_prefix_path/rospi_pre
-- Installing: /ros2_ws/install/rospi_pre/share/rospi_pre/environment/ament_prefix_path.sh
-- Installing: /ros2_ws/install/rospi_pre/share/rospi_pre/environment/ament_prefix_path.dsv
-- Installing: /ros2_ws/install/rospi_pre/share/rospi_pre/environment/path.sh
-- Installing: /ros2_ws/install/rospi_pre/share/rospi_pre/environment/path.dsv
-- Installing: /ros2_ws/install/rospi_pre/share/rospi_pre/local_setup.bash
-- Installing: /ros2_ws/install/rospi_pre/share/rospi_pre/local_setup.sh
-- Installing: /ros2_ws/install/rospi_pre/share/rospi_pre/local_setup.zsh
-- Installing: /ros2_ws/install/rospi_pre/share/rospi_pre/local_setup.dsv
-- Installing: /ros2_ws/install/rospi_pre/share/rospi_pre/package.dsv
-- Installing: /ros2_ws/install/rospi_pre/share/ament_index/resource_index/packages/rospi_pre
-- Installing: /ros2_ws/install/rospi_pre/share/rospi_pre/cmake/export_rospi_preExport.cmake
-- Installing: /ros2_ws/install/rospi_pre/share/rospi_pre/cmake/export_rospi_preExport-noconfig.cmake
-- Installing: /ros2_ws/install/rospi_pre/share/rospi_pre/cmake/ament_cmake_export_include_directories-extras.cmake
-- Installing: /ros2_ws/install/rospi_pre/share/rospi_pre/cmake/ament_cmake_export_libraries-extras.cmake
-- Installing: /ros2_ws/install/rospi_pre/share/rospi_pre/cmake/ament_cmake_export_targets-extras.cmake
-- Installing: /ros2_ws/install/rospi_pre/share/rospi_pre/cmake/rospi_preConfig.cmake
-- Installing: /ros2_ws/install/rospi_pre/share/rospi_pre/cmake/rospi_preConfig-version.cmake
-- Installing: /ros2_ws/install/rospi_pre/share/rospi_pre/package.xml
