[0.011s] Invoking command in '/ros2_ws/build/rospi_pre': CMAKE_PREFIX_PATH=${CMAKE_PREFIX_PATH}:/opt/ros/humble /usr/bin/cmake /ros2_ws/src/rospi_pre -DCMAKE_INSTALL_PREFIX=/ros2_ws/install/rospi_pre
[0.047s] -- Found ament_cmake: 1.3.11 (/opt/ros/humble/share/ament_cmake/cmake)
[0.171s] -- Found ament_cmake_ros: 0.10.0 (/opt/ros/humble/share/ament_cmake_ros/cmake)
[0.184s] -- Found rclcpp: 16.0.12 (/opt/ros/humble/share/rclcpp/cmake)
[0.234s] -- Found rosidl_generator_c: 3.1.6 (/opt/ros/humble/share/rosidl_generator_c/cmake)
[0.237s] -- Found rosidl_adapter: 3.1.6 (/opt/ros/humble/share/rosidl_adapter/cmake)
[0.243s] -- Found rosidl_generator_cpp: 3.1.6 (/opt/ros/humble/share/rosidl_generator_cpp/cmake)
[0.253s] -- Using all available rosidl_typesupport_c: rosidl_typesupport_fastrtps_c;rosidl_typesupport_introspection_c
[0.264s] -- Using all available rosidl_typesupport_cpp: rosidl_typesupport_fastrtps_cpp;rosidl_typesupport_introspection_cpp
[0.315s] -- Found rmw_implementation_cmake: 6.1.2 (/opt/ros/humble/share/rmw_implementation_cmake/cmake)
[0.319s] -- Found rmw_cyclonedds_cpp: 1.3.4 (/opt/ros/humble/share/rmw_cyclonedds_cpp/cmake)
[0.342s] -- Using RMW implementation 'rmw_cyclonedds_cpp' as default
[0.354s] -- Looking for pthread.h
[0.458s] -- Looking for pthread.h - found
[0.458s] -- Performing Test CMAKE_HAVE_LIBC_PTHREAD
[0.526s] -- Performing Test CMAKE_HAVE_LIBC_PTHREAD - Success
[0.527s] -- Found Threads: TRUE  
[0.578s] -- Found geometry_msgs: 4.9.0 (/opt/ros/humble/share/geometry_msgs/cmake)
[0.593s] -- Found ament_lint_auto: 0.12.12 (/opt/ros/humble/share/ament_lint_auto/cmake)
[0.664s] -- Added test 'cppcheck' to perform static code analysis on C / C++ code
[0.664s] -- Configured cppcheck include dirs: $<BUILD_INTERFACE:/ros2_ws/src/rospi_pre/include>
[0.664s] -- Configured cppcheck exclude dirs and/or files: 
[0.665s] -- Added test 'lint_cmake' to check CMake code style
[0.666s] -- Added test 'uncrustify' to check C / C++ code style
[0.666s] -- Configured uncrustify additional arguments: 
[0.666s] -- Added test 'xmllint' to check XML markup files
[0.670s] -- Configuring done
[0.678s] -- Generating done
[0.681s] -- Build files have been written to: /ros2_ws/build/rospi_pre
[0.687s] Invoked command in '/ros2_ws/build/rospi_pre' returned '0': CMAKE_PREFIX_PATH=${CMAKE_PREFIX_PATH}:/opt/ros/humble /usr/bin/cmake /ros2_ws/src/rospi_pre -DCMAKE_INSTALL_PREFIX=/ros2_ws/install/rospi_pre
[0.688s] Invoking command in '/ros2_ws/build/rospi_pre': CMAKE_PREFIX_PATH=${CMAKE_PREFIX_PATH}:/opt/ros/humble /usr/bin/cmake --build /ros2_ws/build/rospi_pre -- -j12 -l12
[0.737s] [ 50%] [32mBuilding CXX object CMakeFiles/rospi_pre.dir/src/rospi_pre.cpp.o[0m
[0.787s] [100%] [32m[1mLinking CXX shared library librospi_pre.so[0m
[0.889s] [100%] Built target rospi_pre
[0.900s] Invoked command in '/ros2_ws/build/rospi_pre' returned '0': CMAKE_PREFIX_PATH=${CMAKE_PREFIX_PATH}:/opt/ros/humble /usr/bin/cmake --build /ros2_ws/build/rospi_pre -- -j12 -l12
[0.909s] Invoking command in '/ros2_ws/build/rospi_pre': CMAKE_PREFIX_PATH=${CMAKE_PREFIX_PATH}:/opt/ros/humble /usr/bin/cmake --install /ros2_ws/build/rospi_pre
[0.916s] -- Install configuration: ""
[0.916s] -- Installing: /ros2_ws/install/rospi_pre/include
[0.916s] -- Installing: /ros2_ws/install/rospi_pre/include/rospi_pre
[0.916s] -- Installing: /ros2_ws/install/rospi_pre/include/rospi_pre/visibility_control.h
[0.916s] -- Installing: /ros2_ws/install/rospi_pre/include/rospi_pre/rospi_pre.hpp
[0.916s] -- Installing: /ros2_ws/install/rospi_pre/lib/librospi_pre.so
[0.917s] -- Set runtime path of "/ros2_ws/install/rospi_pre/lib/librospi_pre.so" to ""
[0.917s] -- Installing: /ros2_ws/install/rospi_pre/share/rospi_pre/environment/library_path.sh
[0.917s] -- Installing: /ros2_ws/install/rospi_pre/share/rospi_pre/environment/library_path.dsv
[0.917s] -- Installing: /ros2_ws/install/rospi_pre/share/ament_index/resource_index/package_run_dependencies/rospi_pre
[0.917s] -- Installing: /ros2_ws/install/rospi_pre/share/ament_index/resource_index/parent_prefix_path/rospi_pre
[0.917s] -- Installing: /ros2_ws/install/rospi_pre/share/rospi_pre/environment/ament_prefix_path.sh
[0.917s] -- Installing: /ros2_ws/install/rospi_pre/share/rospi_pre/environment/ament_prefix_path.dsv
[0.918s] -- Installing: /ros2_ws/install/rospi_pre/share/rospi_pre/environment/path.sh
[0.918s] -- Installing: /ros2_ws/install/rospi_pre/share/rospi_pre/environment/path.dsv
[0.918s] -- Installing: /ros2_ws/install/rospi_pre/share/rospi_pre/local_setup.bash
[0.918s] -- Installing: /ros2_ws/install/rospi_pre/share/rospi_pre/local_setup.sh
[0.918s] -- Installing: /ros2_ws/install/rospi_pre/share/rospi_pre/local_setup.zsh
[0.918s] -- Installing: /ros2_ws/install/rospi_pre/share/rospi_pre/local_setup.dsv
[0.918s] -- Installing: /ros2_ws/install/rospi_pre/share/rospi_pre/package.dsv
[0.918s] -- Installing: /ros2_ws/install/rospi_pre/share/ament_index/resource_index/packages/rospi_pre
[0.919s] -- Installing: /ros2_ws/install/rospi_pre/share/rospi_pre/cmake/export_rospi_preExport.cmake
[0.919s] -- Installing: /ros2_ws/install/rospi_pre/share/rospi_pre/cmake/export_rospi_preExport-noconfig.cmake
[0.919s] -- Installing: /ros2_ws/install/rospi_pre/share/rospi_pre/cmake/ament_cmake_export_include_directories-extras.cmake
[0.919s] -- Installing: /ros2_ws/install/rospi_pre/share/rospi_pre/cmake/ament_cmake_export_libraries-extras.cmake
[0.919s] -- Installing: /ros2_ws/install/rospi_pre/share/rospi_pre/cmake/ament_cmake_export_targets-extras.cmake
[0.919s] -- Installing: /ros2_ws/install/rospi_pre/share/rospi_pre/cmake/rospi_preConfig.cmake
[0.919s] -- Installing: /ros2_ws/install/rospi_pre/share/rospi_pre/cmake/rospi_preConfig-version.cmake
[0.919s] -- Installing: /ros2_ws/install/rospi_pre/share/rospi_pre/package.xml
[0.921s] Invoked command in '/ros2_ws/build/rospi_pre' returned '0': CMAKE_PREFIX_PATH=${CMAKE_PREFIX_PATH}:/opt/ros/humble /usr/bin/cmake --install /ros2_ws/build/rospi_pre
