[0.010s] Invoking command in '/ros2_ws/build/rospi_pre': CMAKE_PREFIX_PATH=/opt/ros/humble /usr/bin/cmake /ros2_ws/src/rospi_pre -DCMAKE_INSTALL_PREFIX=/ros2_ws/install/rospi_pre
[0.056s] -- The C compiler identification is GNU 11.4.0
[0.103s] -- The CXX compiler identification is GNU 11.4.0
[0.110s] -- Detecting C compiler ABI info
[0.169s] -- Detecting C compiler ABI info - done
[0.175s] -- Check for working C compiler: /usr/bin/cc - skipped
[0.175s] -- Detecting C compile features
[0.176s] -- Detecting C compile features - done
[0.178s] -- Detecting CXX compiler ABI info
[0.247s] -- Detecting CXX compiler ABI info - done
[0.252s] -- Check for working CXX compiler: /usr/bin/c++ - skipped
[0.252s] -- Detecting CXX compile features
[0.253s] -- Detecting CXX compile features - done
[0.256s] -- Found ament_cmake: 1.3.12 (/opt/ros/humble/share/ament_cmake/cmake)
[0.364s] -- Found Python3: /usr/bin/python3 (found version "3.10.12") found components: Interpreter 
[0.451s] -- Found std_msgs: 4.9.0 (/opt/ros/humble/share/std_msgs/cmake)
[0.477s] -- Found rosidl_generator_c: 3.1.7 (/opt/ros/humble/share/rosidl_generator_c/cmake)
[0.481s] -- Found rosidl_adapter: 3.1.7 (/opt/ros/humble/share/rosidl_adapter/cmake)
[0.488s] -- Found rosidl_generator_cpp: 3.1.7 (/opt/ros/humble/share/rosidl_generator_cpp/cmake)
[0.497s] -- Using all available rosidl_typesupport_c: rosidl_typesupport_fastrtps_c;rosidl_typesupport_introspection_c
[0.510s] -- Using all available rosidl_typesupport_cpp: rosidl_typesupport_fastrtps_cpp;rosidl_typesupport_introspection_cpp
[0.531s] -- Found rosidl_default_generators: 1.2.0 (/opt/ros/humble/share/rosidl_default_generators/cmake)
[0.752s] -- Found ament_cmake_ros: 0.10.0 (/opt/ros/humble/share/ament_cmake_ros/cmake)
[1.026s] -- Using all available rosidl_typesupport_c: rosidl_typesupport_fastrtps_c;rosidl_typesupport_introspection_c
[1.150s] -- Using all available rosidl_typesupport_cpp: rosidl_typesupport_fastrtps_cpp;rosidl_typesupport_introspection_cpp
[1.169s] -- Found PythonInterp: /usr/bin/python3 (found suitable version "3.10.12", minimum required is "3.6") 
[1.172s] -- Found python_cmake_module: 0.10.0 (/opt/ros/humble/share/python_cmake_module/cmake)
[1.193s] -- Found PythonLibs: /usr/lib/x86_64-linux-gnu/libpython3.10.so (found suitable version "3.10.12", minimum required is "3.5") 
[1.194s] -- Using PYTHON_EXECUTABLE: /usr/bin/python3
[1.194s] -- Using PYTHON_INCLUDE_DIRS: /usr/include/python3.10
[1.194s] -- Using PYTHON_LIBRARIES: /usr/lib/x86_64-linux-gnu/libpython3.10.so
[1.215s] -- Found PythonExtra: .so  
[1.271s] -- Configuring done
[1.319s] -- Generating done
[1.332s] -- Build files have been written to: /ros2_ws/build/rospi_pre
[1.342s] Invoked command in '/ros2_ws/build/rospi_pre' returned '0': CMAKE_PREFIX_PATH=/opt/ros/humble /usr/bin/cmake /ros2_ws/src/rospi_pre -DCMAKE_INSTALL_PREFIX=/ros2_ws/install/rospi_pre
[1.344s] Invoking command in '/ros2_ws/build/rospi_pre': CMAKE_PREFIX_PATH=/opt/ros/humble /usr/bin/cmake --build /ros2_ws/build/rospi_pre -- -j12 -l12
[1.393s] [  3%] [34m[1mGenerating C code for ROS interfaces[0m
[1.417s] [  6%] [34m[1mGenerating C++ code for ROS interfaces[0m
[1.417s] [  6%] Built target ament_cmake_python_copy_rospi_pre
[1.791s] running egg_info
[1.791s] creating rospi_pre.egg-info
[1.792s] writing rospi_pre.egg-info/PKG-INFO
[1.792s] writing dependency_links to rospi_pre.egg-info/dependency_links.txt
[1.793s] writing top-level names to rospi_pre.egg-info/top_level.txt
[1.793s] writing manifest file 'rospi_pre.egg-info/SOURCES.txt'
[1.799s] reading manifest file 'rospi_pre.egg-info/SOURCES.txt'
[1.799s] writing manifest file 'rospi_pre.egg-info/SOURCES.txt'
[1.869s] [  6%] Built target ament_cmake_python_build_rospi_pre_egg
[1.869s] [  6%] Built target rospi_pre__cpp
[1.882s] [  9%] [34m[1mGenerating C++ introspection for ROS interfaces[0m
[1.887s] [ 12%] [34m[1mGenerating C++ type support dispatch for ROS interfaces[0m
[1.895s] [ 16%] [34m[1mGenerating C++ type support for eProsima Fast-RTPS[0m
[1.942s] [ 19%] [32mBuilding C object CMakeFiles/rospi_pre__rosidl_generator_c.dir/rosidl_generator_c/rospi_pre/srv/detail/chassis_manager__functions.c.o[0m
[2.096s] [ 22%] [32m[1mLinking C shared library librospi_pre__rosidl_generator_c.so[0m
[2.240s] [ 22%] Built target rospi_pre__rosidl_generator_c
[2.276s] [ 29%] [34m[1mGenerating C introspection for ROS interfaces[0m
[2.276s] [ 29%] [34m[1mGenerating C type support dispatch for ROS interfaces[0m
[2.278s] [ 32%] [34m[1mGenerating C type support for eProsima Fast-RTPS[0m
[2.402s] [ 35%] [32mBuilding CXX object CMakeFiles/rospi_pre__rosidl_typesupport_cpp.dir/rosidl_typesupport_cpp/rospi_pre/srv/chassis_manager__type_support.cpp.o[0m
[2.435s] [ 41%] [32mBuilding CXX object CMakeFiles/rospi_pre__rosidl_typesupport_fastrtps_cpp.dir/rosidl_typesupport_fastrtps_cpp/rospi_pre/srv/detail/dds_fastrtps/chassis_manager__type_support.cpp.o[0m
[2.435s] [ 41%] [32mBuilding CXX object CMakeFiles/rospi_pre__rosidl_typesupport_introspection_cpp.dir/rosidl_typesupport_introspection_cpp/rospi_pre/srv/detail/chassis_manager__type_support.cpp.o[0m
[2.722s] [ 45%] [32mBuilding CXX object CMakeFiles/rospi_pre__rosidl_typesupport_c.dir/rosidl_typesupport_c/rospi_pre/srv/chassis_manager__type_support.cpp.o[0m
[2.768s] [ 48%] [32m[1mLinking CXX shared library librospi_pre__rosidl_typesupport_c.so[0m
[2.856s] [ 51%] [32mBuilding C object CMakeFiles/rospi_pre__rosidl_typesupport_introspection_c.dir/rosidl_typesupport_introspection_c/rospi_pre/srv/detail/chassis_manager__type_support.c.o[0m
[2.878s] [ 51%] Built target rospi_pre__rosidl_typesupport_c
[2.910s] [ 54%] [32m[1mLinking C shared library librospi_pre__rosidl_typesupport_introspection_c.so[0m
[2.977s] [ 58%] [32m[1mLinking CXX shared library librospi_pre__rosidl_typesupport_cpp.so[0m
[2.985s] [ 58%] Built target rospi_pre__rosidl_typesupport_introspection_c
[2.993s] [ 61%] [32mBuilding CXX object CMakeFiles/rospi_pre__rosidl_typesupport_fastrtps_c.dir/rosidl_typesupport_fastrtps_c/rospi_pre/srv/detail/chassis_manager__type_support_c.cpp.o[0m
[3.043s] [ 64%] [32m[1mLinking CXX shared library librospi_pre__rosidl_typesupport_fastrtps_cpp.so[0m
[3.107s] [ 64%] Built target rospi_pre__rosidl_typesupport_cpp
[3.366s] [ 64%] Built target rospi_pre__rosidl_typesupport_fastrtps_cpp
[3.498s] [ 67%] [32m[1mLinking CXX shared library librospi_pre__rosidl_typesupport_introspection_cpp.so[0m
[3.541s] [ 70%] [32m[1mLinking CXX shared library librospi_pre__rosidl_typesupport_fastrtps_c.so[0m
[3.704s] [ 70%] Built target rospi_pre__rosidl_typesupport_introspection_cpp
[3.752s] [ 70%] Built target rospi_pre__rosidl_typesupport_fastrtps_c
[3.815s] [ 70%] Built target rospi_pre
[3.880s] [ 74%] [34m[1mGenerating Python code for ROS interfaces[0m
[5.018s] [ 74%] Built target rospi_pre__py
[5.090s] [ 77%] [32mBuilding C object CMakeFiles/rospi_pre__rosidl_generator_py.dir/rosidl_generator_py/rospi_pre/srv/_chassis_manager_s.c.o[0m
[5.461s] [ 80%] [32m[1mLinking C shared library rosidl_generator_py/rospi_pre/librospi_pre__rosidl_generator_py.so[0m
[5.612s] [ 80%] Built target rospi_pre__rosidl_generator_py
[5.678s] [ 83%] [32mBuilding C object CMakeFiles/rospi_pre__rosidl_typesupport_c__pyext.dir/rosidl_generator_py/rospi_pre/_rospi_pre_s.ep.rosidl_typesupport_c.c.o[0m
[5.694s] [ 87%] [32mBuilding C object CMakeFiles/rospi_pre__rosidl_typesupport_introspection_c__pyext.dir/rosidl_generator_py/rospi_pre/_rospi_pre_s.ep.rosidl_typesupport_introspection_c.c.o[0m
[5.695s] [ 90%] [32mBuilding C object CMakeFiles/rospi_pre__rosidl_typesupport_fastrtps_c__pyext.dir/rosidl_generator_py/rospi_pre/_rospi_pre_s.ep.rosidl_typesupport_fastrtps_c.c.o[0m
[5.960s] [ 93%] [32m[1mLinking C shared library rosidl_generator_py/rospi_pre/rospi_pre_s__rosidl_typesupport_introspection_c.cpython-310-x86_64-linux-gnu.so[0m
[6.011s] [ 96%] [32m[1mLinking C shared library rosidl_generator_py/rospi_pre/rospi_pre_s__rosidl_typesupport_fastrtps_c.cpython-310-x86_64-linux-gnu.so[0m
[6.014s] [100%] [32m[1mLinking C shared library rosidl_generator_py/rospi_pre/rospi_pre_s__rosidl_typesupport_c.cpython-310-x86_64-linux-gnu.so[0m
[6.107s] [100%] Built target rospi_pre__rosidl_typesupport_introspection_c__pyext
[6.112s] [100%] Built target rospi_pre__rosidl_typesupport_fastrtps_c__pyext
[6.123s] [100%] Built target rospi_pre__rosidl_typesupport_c__pyext
[6.157s] Invoked command in '/ros2_ws/build/rospi_pre' returned '0': CMAKE_PREFIX_PATH=/opt/ros/humble /usr/bin/cmake --build /ros2_ws/build/rospi_pre -- -j12 -l12
[6.181s] Invoking command in '/ros2_ws/build/rospi_pre': CMAKE_PREFIX_PATH=/opt/ros/humble /usr/bin/cmake --install /ros2_ws/build/rospi_pre
[6.202s] -- Install configuration: ""
[6.203s] -- Installing: /ros2_ws/install/rospi_pre/share/ament_index/resource_index/rosidl_interfaces/rospi_pre
[6.208s] -- Installing: /ros2_ws/install/rospi_pre/include/rospi_pre/rospi_pre
[6.208s] -- Installing: /ros2_ws/install/rospi_pre/include/rospi_pre/rospi_pre/msg
[6.208s] -- Installing: /ros2_ws/install/rospi_pre/include/rospi_pre/rospi_pre/msg/rosidl_generator_c__visibility_control.h
[6.208s] -- Installing: /ros2_ws/install/rospi_pre/include/rospi_pre/rospi_pre/srv
[6.208s] -- Installing: /ros2_ws/install/rospi_pre/include/rospi_pre/rospi_pre/srv/detail
[6.211s] -- Installing: /ros2_ws/install/rospi_pre/include/rospi_pre/rospi_pre/srv/detail/chassis_manager__struct.h
[6.211s] -- Installing: /ros2_ws/install/rospi_pre/include/rospi_pre/rospi_pre/srv/detail/chassis_manager__type_support.h
[6.211s] -- Installing: /ros2_ws/install/rospi_pre/include/rospi_pre/rospi_pre/srv/detail/chassis_manager__functions.h
[6.211s] -- Installing: /ros2_ws/install/rospi_pre/include/rospi_pre/rospi_pre/srv/detail/chassis_manager__functions.c
[6.211s] -- Installing: /ros2_ws/install/rospi_pre/include/rospi_pre/rospi_pre/srv/chassis_manager.h
[6.211s] -- Installing: /ros2_ws/install/rospi_pre/share/rospi_pre/environment/library_path.sh
[6.211s] -- Installing: /ros2_ws/install/rospi_pre/share/rospi_pre/environment/library_path.dsv
[6.211s] -- Installing: /ros2_ws/install/rospi_pre/lib/librospi_pre__rosidl_generator_c.so
[6.211s] -- Set runtime path of "/ros2_ws/install/rospi_pre/lib/librospi_pre__rosidl_generator_c.so" to ""
[6.212s] -- Up-to-date: /ros2_ws/install/rospi_pre/include/rospi_pre/rospi_pre
[6.212s] -- Up-to-date: /ros2_ws/install/rospi_pre/include/rospi_pre/rospi_pre/msg
[6.212s] -- Installing: /ros2_ws/install/rospi_pre/include/rospi_pre/rospi_pre/msg/rosidl_typesupport_fastrtps_c__visibility_control.h
[6.212s] -- Up-to-date: /ros2_ws/install/rospi_pre/include/rospi_pre/rospi_pre/srv
[6.212s] -- Up-to-date: /ros2_ws/install/rospi_pre/include/rospi_pre/rospi_pre/srv/detail
[6.212s] -- Installing: /ros2_ws/install/rospi_pre/include/rospi_pre/rospi_pre/srv/detail/chassis_manager__rosidl_typesupport_fastrtps_c.h
[6.215s] -- Installing: /ros2_ws/install/rospi_pre/lib/librospi_pre__rosidl_typesupport_fastrtps_c.so
[6.216s] -- Set runtime path of "/ros2_ws/install/rospi_pre/lib/librospi_pre__rosidl_typesupport_fastrtps_c.so" to ""
[6.216s] -- Up-to-date: /ros2_ws/install/rospi_pre/include/rospi_pre/rospi_pre
[6.218s] -- Up-to-date: /ros2_ws/install/rospi_pre/include/rospi_pre/rospi_pre/msg
[6.218s] -- Installing: /ros2_ws/install/rospi_pre/include/rospi_pre/rospi_pre/msg/rosidl_generator_cpp__visibility_control.hpp
[6.219s] -- Up-to-date: /ros2_ws/install/rospi_pre/include/rospi_pre/rospi_pre/srv
[6.219s] -- Up-to-date: /ros2_ws/install/rospi_pre/include/rospi_pre/rospi_pre/srv/detail
[6.219s] -- Installing: /ros2_ws/install/rospi_pre/include/rospi_pre/rospi_pre/srv/detail/chassis_manager__type_support.hpp
[6.219s] -- Installing: /ros2_ws/install/rospi_pre/include/rospi_pre/rospi_pre/srv/detail/chassis_manager__traits.hpp
[6.219s] -- Installing: /ros2_ws/install/rospi_pre/include/rospi_pre/rospi_pre/srv/detail/chassis_manager__struct.hpp
[6.219s] -- Installing: /ros2_ws/install/rospi_pre/include/rospi_pre/rospi_pre/srv/detail/chassis_manager__builder.hpp
[6.219s] -- Installing: /ros2_ws/install/rospi_pre/include/rospi_pre/rospi_pre/srv/chassis_manager.hpp
[6.219s] -- Up-to-date: /ros2_ws/install/rospi_pre/include/rospi_pre/rospi_pre
[6.219s] -- Up-to-date: /ros2_ws/install/rospi_pre/include/rospi_pre/rospi_pre/msg
[6.219s] -- Installing: /ros2_ws/install/rospi_pre/include/rospi_pre/rospi_pre/msg/rosidl_typesupport_fastrtps_cpp__visibility_control.h
[6.220s] -- Up-to-date: /ros2_ws/install/rospi_pre/include/rospi_pre/rospi_pre/srv
[6.220s] -- Up-to-date: /ros2_ws/install/rospi_pre/include/rospi_pre/rospi_pre/srv/detail
[6.220s] -- Installing: /ros2_ws/install/rospi_pre/include/rospi_pre/rospi_pre/srv/detail/dds_fastrtps
[6.220s] -- Installing: /ros2_ws/install/rospi_pre/include/rospi_pre/rospi_pre/srv/detail/chassis_manager__rosidl_typesupport_fastrtps_cpp.hpp
[6.220s] -- Installing: /ros2_ws/install/rospi_pre/lib/librospi_pre__rosidl_typesupport_fastrtps_cpp.so
[6.224s] -- Set runtime path of "/ros2_ws/install/rospi_pre/lib/librospi_pre__rosidl_typesupport_fastrtps_cpp.so" to ""
[6.225s] -- Up-to-date: /ros2_ws/install/rospi_pre/include/rospi_pre/rospi_pre
[6.225s] -- Up-to-date: /ros2_ws/install/rospi_pre/include/rospi_pre/rospi_pre/msg
[6.227s] -- Installing: /ros2_ws/install/rospi_pre/include/rospi_pre/rospi_pre/msg/rosidl_typesupport_introspection_c__visibility_control.h
[6.227s] -- Up-to-date: /ros2_ws/install/rospi_pre/include/rospi_pre/rospi_pre/srv
[6.227s] -- Up-to-date: /ros2_ws/install/rospi_pre/include/rospi_pre/rospi_pre/srv/detail
[6.227s] -- Installing: /ros2_ws/install/rospi_pre/include/rospi_pre/rospi_pre/srv/detail/chassis_manager__rosidl_typesupport_introspection_c.h
[6.227s] -- Installing: /ros2_ws/install/rospi_pre/include/rospi_pre/rospi_pre/srv/detail/chassis_manager__type_support.c
[6.227s] -- Installing: /ros2_ws/install/rospi_pre/lib/librospi_pre__rosidl_typesupport_introspection_c.so
[6.229s] -- Set runtime path of "/ros2_ws/install/rospi_pre/lib/librospi_pre__rosidl_typesupport_introspection_c.so" to ""
[6.232s] -- Installing: /ros2_ws/install/rospi_pre/lib/librospi_pre__rosidl_typesupport_c.so
[6.232s] -- Set runtime path of "/ros2_ws/install/rospi_pre/lib/librospi_pre__rosidl_typesupport_c.so" to ""
[6.232s] -- Up-to-date: /ros2_ws/install/rospi_pre/include/rospi_pre/rospi_pre
[6.232s] -- Up-to-date: /ros2_ws/install/rospi_pre/include/rospi_pre/rospi_pre/srv
[6.232s] -- Up-to-date: /ros2_ws/install/rospi_pre/include/rospi_pre/rospi_pre/srv/detail
[6.232s] -- Installing: /ros2_ws/install/rospi_pre/include/rospi_pre/rospi_pre/srv/detail/chassis_manager__type_support.cpp
[6.233s] -- Installing: /ros2_ws/install/rospi_pre/include/rospi_pre/rospi_pre/srv/detail/chassis_manager__rosidl_typesupport_introspection_cpp.hpp
[6.233s] -- Installing: /ros2_ws/install/rospi_pre/lib/librospi_pre__rosidl_typesupport_introspection_cpp.so
[6.235s] -- Set runtime path of "/ros2_ws/install/rospi_pre/lib/librospi_pre__rosidl_typesupport_introspection_cpp.so" to ""
[6.235s] -- Installing: /ros2_ws/install/rospi_pre/lib/librospi_pre__rosidl_typesupport_cpp.so
[6.238s] -- Set runtime path of "/ros2_ws/install/rospi_pre/lib/librospi_pre__rosidl_typesupport_cpp.so" to ""
[6.239s] -- Installing: /ros2_ws/install/rospi_pre/share/rospi_pre/environment/pythonpath.sh
[6.239s] -- Installing: /ros2_ws/install/rospi_pre/share/rospi_pre/environment/pythonpath.dsv
[6.239s] -- Installing: /ros2_ws/install/rospi_pre/local/lib/python3.10/dist-packages/rospi_pre-0.0.0-py3.10.egg-info
[6.240s] -- Installing: /ros2_ws/install/rospi_pre/local/lib/python3.10/dist-packages/rospi_pre-0.0.0-py3.10.egg-info/PKG-INFO
[6.242s] -- Installing: /ros2_ws/install/rospi_pre/local/lib/python3.10/dist-packages/rospi_pre-0.0.0-py3.10.egg-info/SOURCES.txt
[6.244s] -- Installing: /ros2_ws/install/rospi_pre/local/lib/python3.10/dist-packages/rospi_pre-0.0.0-py3.10.egg-info/top_level.txt
[6.245s] -- Installing: /ros2_ws/install/rospi_pre/local/lib/python3.10/dist-packages/rospi_pre-0.0.0-py3.10.egg-info/dependency_links.txt
[6.247s] -- Installing: /ros2_ws/install/rospi_pre/local/lib/python3.10/dist-packages/rospi_pre
[6.248s] -- Installing: /ros2_ws/install/rospi_pre/local/lib/python3.10/dist-packages/rospi_pre/_rospi_pre_s.ep.rosidl_typesupport_introspection_c.c
[6.251s] -- Installing: /ros2_ws/install/rospi_pre/local/lib/python3.10/dist-packages/rospi_pre/__init__.py
[6.251s] -- Installing: /ros2_ws/install/rospi_pre/local/lib/python3.10/dist-packages/rospi_pre/rospi_pre_s__rosidl_typesupport_c.cpython-310-x86_64-linux-gnu.so
[6.254s] -- Installing: /ros2_ws/install/rospi_pre/local/lib/python3.10/dist-packages/rospi_pre/rospi_pre_s__rosidl_typesupport_introspection_c.cpython-310-x86_64-linux-gnu.so
[6.261s] -- Installing: /ros2_ws/install/rospi_pre/local/lib/python3.10/dist-packages/rospi_pre/_rospi_pre_s.ep.rosidl_typesupport_c.c
[6.261s] -- Installing: /ros2_ws/install/rospi_pre/local/lib/python3.10/dist-packages/rospi_pre/_rospi_pre_s.ep.rosidl_typesupport_fastrtps_c.c
[6.265s] -- Installing: /ros2_ws/install/rospi_pre/local/lib/python3.10/dist-packages/rospi_pre/rospi_pre_s__rosidl_typesupport_fastrtps_c.cpython-310-x86_64-linux-gnu.so
[6.265s] -- Installing: /ros2_ws/install/rospi_pre/local/lib/python3.10/dist-packages/rospi_pre/librospi_pre__rosidl_generator_py.so
[6.268s] -- Installing: /ros2_ws/install/rospi_pre/local/lib/python3.10/dist-packages/rospi_pre/srv
[6.268s] -- Installing: /ros2_ws/install/rospi_pre/local/lib/python3.10/dist-packages/rospi_pre/srv/__init__.py
[6.270s] -- Installing: /ros2_ws/install/rospi_pre/local/lib/python3.10/dist-packages/rospi_pre/srv/_chassis_manager.py
[6.272s] -- Installing: /ros2_ws/install/rospi_pre/local/lib/python3.10/dist-packages/rospi_pre/srv/_chassis_manager_s.c
[6.336s] Listing '/ros2_ws/install/rospi_pre/local/lib/python3.10/dist-packages/rospi_pre'...
[6.336s] Compiling '/ros2_ws/install/rospi_pre/local/lib/python3.10/dist-packages/rospi_pre/__init__.py'...
[6.336s] Listing '/ros2_ws/install/rospi_pre/local/lib/python3.10/dist-packages/rospi_pre/srv'...
[6.336s] Compiling '/ros2_ws/install/rospi_pre/local/lib/python3.10/dist-packages/rospi_pre/srv/__init__.py'...
[6.336s] Compiling '/ros2_ws/install/rospi_pre/local/lib/python3.10/dist-packages/rospi_pre/srv/_chassis_manager.py'...
[6.346s] -- Installing: /ros2_ws/install/rospi_pre/local/lib/python3.10/dist-packages/rospi_pre/rospi_pre_s__rosidl_typesupport_fastrtps_c.cpython-310-x86_64-linux-gnu.so
[6.350s] -- Set runtime path of "/ros2_ws/install/rospi_pre/local/lib/python3.10/dist-packages/rospi_pre/rospi_pre_s__rosidl_typesupport_fastrtps_c.cpython-310-x86_64-linux-gnu.so" to ""
[6.350s] -- Installing: /ros2_ws/install/rospi_pre/local/lib/python3.10/dist-packages/rospi_pre/rospi_pre_s__rosidl_typesupport_introspection_c.cpython-310-x86_64-linux-gnu.so
[6.355s] -- Set runtime path of "/ros2_ws/install/rospi_pre/local/lib/python3.10/dist-packages/rospi_pre/rospi_pre_s__rosidl_typesupport_introspection_c.cpython-310-x86_64-linux-gnu.so" to ""
[6.355s] -- Installing: /ros2_ws/install/rospi_pre/local/lib/python3.10/dist-packages/rospi_pre/rospi_pre_s__rosidl_typesupport_c.cpython-310-x86_64-linux-gnu.so
[6.359s] -- Set runtime path of "/ros2_ws/install/rospi_pre/local/lib/python3.10/dist-packages/rospi_pre/rospi_pre_s__rosidl_typesupport_c.cpython-310-x86_64-linux-gnu.so" to ""
[6.359s] -- Installing: /ros2_ws/install/rospi_pre/lib/librospi_pre__rosidl_generator_py.so
[6.362s] -- Set runtime path of "/ros2_ws/install/rospi_pre/lib/librospi_pre__rosidl_generator_py.so" to ""
[6.362s] -- Installing: /ros2_ws/install/rospi_pre/share/rospi_pre/srv/ChassisManager.idl
[6.362s] -- Installing: /ros2_ws/install/rospi_pre/share/rospi_pre/srv/ChassisManager.srv
[6.362s] -- Installing: /ros2_ws/install/rospi_pre/share/rospi_pre/srv/ChassisManager_Request.msg
[6.363s] -- Installing: /ros2_ws/install/rospi_pre/share/rospi_pre/srv/ChassisManager_Response.msg
[6.363s] -- Installing: /ros2_ws/install/rospi_pre/share/ament_index/resource_index/package_run_dependencies/rospi_pre
[6.363s] -- Installing: /ros2_ws/install/rospi_pre/share/ament_index/resource_index/parent_prefix_path/rospi_pre
[6.363s] -- Installing: /ros2_ws/install/rospi_pre/share/rospi_pre/environment/ament_prefix_path.sh
[6.364s] -- Installing: /ros2_ws/install/rospi_pre/share/rospi_pre/environment/ament_prefix_path.dsv
[6.364s] -- Installing: /ros2_ws/install/rospi_pre/share/rospi_pre/environment/path.sh
[6.364s] -- Installing: /ros2_ws/install/rospi_pre/share/rospi_pre/environment/path.dsv
[6.364s] -- Installing: /ros2_ws/install/rospi_pre/share/rospi_pre/local_setup.bash
[6.364s] -- Installing: /ros2_ws/install/rospi_pre/share/rospi_pre/local_setup.sh
[6.365s] -- Installing: /ros2_ws/install/rospi_pre/share/rospi_pre/local_setup.zsh
[6.365s] -- Installing: /ros2_ws/install/rospi_pre/share/rospi_pre/local_setup.dsv
[6.365s] -- Installing: /ros2_ws/install/rospi_pre/share/rospi_pre/package.dsv
[6.365s] -- Installing: /ros2_ws/install/rospi_pre/share/ament_index/resource_index/packages/rospi_pre
[6.366s] -- Installing: /ros2_ws/install/rospi_pre/share/rospi_pre/cmake/export_rospi_pre__rosidl_generator_cExport.cmake
[6.366s] -- Installing: /ros2_ws/install/rospi_pre/share/rospi_pre/cmake/export_rospi_pre__rosidl_generator_cExport-noconfig.cmake
[6.366s] -- Installing: /ros2_ws/install/rospi_pre/share/rospi_pre/cmake/export_rospi_pre__rosidl_typesupport_fastrtps_cExport.cmake
[6.366s] -- Installing: /ros2_ws/install/rospi_pre/share/rospi_pre/cmake/export_rospi_pre__rosidl_typesupport_fastrtps_cExport-noconfig.cmake
[6.366s] -- Installing: /ros2_ws/install/rospi_pre/share/rospi_pre/cmake/export_rospi_pre__rosidl_generator_cppExport.cmake
[6.367s] -- Installing: /ros2_ws/install/rospi_pre/share/rospi_pre/cmake/export_rospi_pre__rosidl_typesupport_fastrtps_cppExport.cmake
[6.367s] -- Installing: /ros2_ws/install/rospi_pre/share/rospi_pre/cmake/export_rospi_pre__rosidl_typesupport_fastrtps_cppExport-noconfig.cmake
[6.367s] -- Installing: /ros2_ws/install/rospi_pre/share/rospi_pre/cmake/rospi_pre__rosidl_typesupport_introspection_cExport.cmake
[6.367s] -- Installing: /ros2_ws/install/rospi_pre/share/rospi_pre/cmake/rospi_pre__rosidl_typesupport_introspection_cExport-noconfig.cmake
[6.367s] -- Installing: /ros2_ws/install/rospi_pre/share/rospi_pre/cmake/rospi_pre__rosidl_typesupport_cExport.cmake
[6.368s] -- Installing: /ros2_ws/install/rospi_pre/share/rospi_pre/cmake/rospi_pre__rosidl_typesupport_cExport-noconfig.cmake
[6.368s] -- Installing: /ros2_ws/install/rospi_pre/share/rospi_pre/cmake/rospi_pre__rosidl_typesupport_introspection_cppExport.cmake
[6.368s] -- Installing: /ros2_ws/install/rospi_pre/share/rospi_pre/cmake/rospi_pre__rosidl_typesupport_introspection_cppExport-noconfig.cmake
[6.368s] -- Installing: /ros2_ws/install/rospi_pre/share/rospi_pre/cmake/rospi_pre__rosidl_typesupport_cppExport.cmake
[6.369s] -- Installing: /ros2_ws/install/rospi_pre/share/rospi_pre/cmake/rospi_pre__rosidl_typesupport_cppExport-noconfig.cmake
[6.369s] -- Installing: /ros2_ws/install/rospi_pre/share/rospi_pre/cmake/export_rospi_pre__rosidl_generator_pyExport.cmake
[6.369s] -- Installing: /ros2_ws/install/rospi_pre/share/rospi_pre/cmake/export_rospi_pre__rosidl_generator_pyExport-noconfig.cmake
[6.369s] -- Installing: /ros2_ws/install/rospi_pre/share/rospi_pre/cmake/rosidl_cmake-extras.cmake
[6.370s] -- Installing: /ros2_ws/install/rospi_pre/share/rospi_pre/cmake/ament_cmake_export_dependencies-extras.cmake
[6.370s] -- Installing: /ros2_ws/install/rospi_pre/share/rospi_pre/cmake/ament_cmake_export_include_directories-extras.cmake
[6.370s] -- Installing: /ros2_ws/install/rospi_pre/share/rospi_pre/cmake/ament_cmake_export_libraries-extras.cmake
[6.370s] -- Installing: /ros2_ws/install/rospi_pre/share/rospi_pre/cmake/ament_cmake_export_targets-extras.cmake
[6.371s] -- Installing: /ros2_ws/install/rospi_pre/share/rospi_pre/cmake/rosidl_cmake_export_typesupport_targets-extras.cmake
[6.371s] -- Installing: /ros2_ws/install/rospi_pre/share/rospi_pre/cmake/rosidl_cmake_export_typesupport_libraries-extras.cmake
[6.371s] -- Installing: /ros2_ws/install/rospi_pre/share/rospi_pre/cmake/rospi_preConfig.cmake
[6.371s] -- Installing: /ros2_ws/install/rospi_pre/share/rospi_pre/cmake/rospi_preConfig-version.cmake
[6.371s] -- Installing: /ros2_ws/install/rospi_pre/share/rospi_pre/package.xml
[6.375s] Invoked command in '/ros2_ws/build/rospi_pre' returned '0': CMAKE_PREFIX_PATH=/opt/ros/humble /usr/bin/cmake --install /ros2_ws/build/rospi_pre
