-- Found ament_cmake: 1.3.12 (/opt/ros/humble/share/ament_cmake/cmake)
-- Found rclcpp: 16.0.14 (/opt/ros/humble/share/rclcpp/cmake)
-- Found rosidl_generator_c: 3.1.7 (/opt/ros/humble/share/rosidl_generator_c/cmake)
-- Found rosidl_adapter: 3.1.7 (/opt/ros/humble/share/rosidl_adapter/cmake)
-- Found rosidl_generator_cpp: 3.1.7 (/opt/ros/humble/share/rosidl_generator_cpp/cmake)
-- Using all available rosidl_typesupport_c: rosidl_typesupport_fastrtps_c;rosidl_typesupport_introspection_c
-- Using all available rosidl_typesupport_cpp: rosidl_typesupport_fastrtps_cpp;rosidl_typesupport_introspection_cpp
-- Found rmw_implementation_cmake: 6.1.2 (/opt/ros/humble/share/rmw_implementation_cmake/cmake)
-- Found rmw_cyclonedds_cpp: 1.3.4 (/opt/ros/humble/share/rmw_cyclonedds_cpp/cmake)
-- Using RMW implementation 'rmw_cyclonedds_cpp' as default
-- Found sensor_msgs: 4.9.0 (/opt/ros/humble/share/sensor_msgs/cmake)
-- Found cv_bridge: 3.2.1 (/opt/ros/humble/share/cv_bridge/cmake)
-- Found image_transport: 3.1.12 (/opt/ros/humble/share/image_transport/cmake)
-- Found tf2: 0.25.15 (/opt/ros/humble/share/tf2/cmake)
-- Found tf2_ros: 0.25.15 (/opt/ros/humble/share/tf2_ros/cmake)
-- Found tf2_geometry_msgs: 0.25.15 (/opt/ros/humble/share/tf2_geometry_msgs/cmake)
-- Found eigen3_cmake_module: 0.1.1 (/opt/ros/humble/share/eigen3_cmake_module/cmake)
-- Ensuring Eigen3 include directory is part of orocos-kdl CMake target
-- Found visualization_msgs: 4.9.0 (/opt/ros/humble/share/visualization_msgs/cmake)
-- Found ament_lint_auto: 0.12.14 (/opt/ros/humble/share/ament_lint_auto/cmake)
-- Added test 'cppcheck' to perform static code analysis on C / C++ code
-- Configured cppcheck include dirs: /ros2_ws/src/camera/include
-- Configured cppcheck exclude dirs and/or files: 
-- Added test 'lint_cmake' to check CMake code style
-- Added test 'uncrustify' to check C / C++ code style
-- Configured uncrustify additional arguments: 
-- Added test 'xmllint' to check XML markup files
-- Configuring done
-- Generating done
-- Build files have been written to: /ros2_ws/build/camera
[35m[1mConsolidate compiler generated dependencies of target arm[0m
[35m[1mConsolidate compiler generated dependencies of target TFsetup[0m
[35m[1mConsolidate compiler generated dependencies of target coffee1[0m
[35m[1mConsolidate compiler generated dependencies of target imread[0m
[35m[1mConsolidate compiler generated dependencies of target coffee2[0m
[35m[1mConsolidate compiler generated dependencies of target orange[0m
[35m[1mConsolidate compiler generated dependencies of target transform[0m
[ 14%] Built target TFsetup
[ 57%] [32mBuilding CXX object CMakeFiles/coffee1.dir/src/coffee1.cpp.o[0m
[ 64%] Built target imread
[ 64%] Built target arm
[ 64%] Built target orange
[ 78%] Built target coffee2
[ 92%] Built target transform
[100%] [32m[1mLinking CXX executable coffee1[0m
[100%] Built target coffee1
