[0.013s] Invoking command in '/ros2_ws/build/camera': CMAKE_PREFIX_PATH=/opt/ros/humble /usr/bin/cmake --build /ros2_ws/build/camera -- -j12 -l12
[0.045s] -- Found ament_cmake: 1.3.12 (/opt/ros/humble/share/ament_cmake/cmake)
[0.149s] -- Found rclcpp: 16.0.14 (/opt/ros/humble/share/rclcpp/cmake)
[0.170s] -- Found rosidl_generator_c: 3.1.7 (/opt/ros/humble/share/rosidl_generator_c/cmake)
[0.172s] -- Found rosidl_adapter: 3.1.7 (/opt/ros/humble/share/rosidl_adapter/cmake)
[0.177s] -- Found rosidl_generator_cpp: 3.1.7 (/opt/ros/humble/share/rosidl_generator_cpp/cmake)
[0.184s] -- Using all available rosidl_typesupport_c: rosidl_typesupport_fastrtps_c;rosidl_typesupport_introspection_c
[0.194s] -- Using all available rosidl_typesupport_cpp: rosidl_typesupport_fastrtps_cpp;rosidl_typesupport_introspection_cpp
[0.219s] -- Found rmw_implementation_cmake: 6.1.2 (/opt/ros/humble/share/rmw_implementation_cmake/cmake)
[0.220s] -- Found rmw_cyclonedds_cpp: 1.3.4 (/opt/ros/humble/share/rmw_cyclonedds_cpp/cmake)
[0.236s] -- Using RMW implementation 'rmw_cyclonedds_cpp' as default
[0.276s] -- Found sensor_msgs: 4.9.0 (/opt/ros/humble/share/sensor_msgs/cmake)
[0.305s] -- Found cv_bridge: 3.2.1 (/opt/ros/humble/share/cv_bridge/cmake)
[0.306s] -- Found image_transport: 3.1.12 (/opt/ros/humble/share/image_transport/cmake)
[0.327s] -- Found tf2: 0.25.15 (/opt/ros/humble/share/tf2/cmake)
[0.330s] -- Found tf2_ros: 0.25.15 (/opt/ros/humble/share/tf2_ros/cmake)
[0.395s] -- Found tf2_geometry_msgs: 0.25.15 (/opt/ros/humble/share/tf2_geometry_msgs/cmake)
[0.398s] -- Found eigen3_cmake_module: 0.1.1 (/opt/ros/humble/share/eigen3_cmake_module/cmake)
[0.399s] -- Ensuring Eigen3 include directory is part of orocos-kdl CMake target
[0.401s] -- Found visualization_msgs: 4.9.0 (/opt/ros/humble/share/visualization_msgs/cmake)
[0.424s] -- Found ament_lint_auto: 0.12.14 (/opt/ros/humble/share/ament_lint_auto/cmake)
[0.502s] -- Added test 'cppcheck' to perform static code analysis on C / C++ code
[0.502s] -- Configured cppcheck include dirs: /ros2_ws/src/camera/include
[0.502s] -- Configured cppcheck exclude dirs and/or files: 
[0.503s] -- Added test 'lint_cmake' to check CMake code style
[0.504s] -- Added test 'uncrustify' to check C / C++ code style
[0.504s] -- Configured uncrustify additional arguments: 
[0.504s] -- Added test 'xmllint' to check XML markup files
[0.505s] -- Configuring done
[0.543s] -- Generating done
[0.554s] -- Build files have been written to: /ros2_ws/build/camera
[0.580s] [35m[1mConsolidate compiler generated dependencies of target arm[0m
[0.580s] [35m[1mConsolidate compiler generated dependencies of target TFsetup[0m
[0.580s] [35m[1mConsolidate compiler generated dependencies of target coffee1[0m
[0.580s] [35m[1mConsolidate compiler generated dependencies of target imread[0m
[0.581s] [35m[1mConsolidate compiler generated dependencies of target coffee2[0m
[0.581s] [35m[1mConsolidate compiler generated dependencies of target orange[0m
[0.581s] [35m[1mConsolidate compiler generated dependencies of target transform[0m
[0.607s] [ 14%] Built target TFsetup
[0.607s] [ 57%] [32mBuilding CXX object CMakeFiles/coffee1.dir/src/coffee1.cpp.o[0m
[0.607s] [ 64%] Built target imread
[0.607s] [ 64%] Built target arm
[0.607s] [ 64%] Built target orange
[0.608s] [ 78%] Built target coffee2
[0.609s] [ 92%] Built target transform
[10.246s] [100%] [32m[1mLinking CXX executable coffee1[0m
[10.892s] [100%] Built target coffee1
