[0.011s] Invoking command in '/ros2_ws/build/navigation': CMAKE_PREFIX_PATH=${CMAKE_PREFIX_PATH}:/opt/ros/humble /usr/bin/cmake --build /ros2_ws/build/navigation -- -j12 -l12
[0.060s] [35m[1mConsolidate compiler generated dependencies of target check_point_4[0m
[0.083s] [ 50%] [32mBuilding CXX object CMakeFiles/check_point_4.dir/src/check_point_4.cpp.o[0m
[3.488s] [100%] [32m[1mLinking CXX executable check_point_4[0m
[3.639s] [100%] Built target check_point_4
[3.651s] Invoked command in '/ros2_ws/build/navigation' returned '0': CMAKE_PREFIX_PATH=${CMAKE_PREFIX_PATH}:/opt/ros/humble /usr/bin/cmake --build /ros2_ws/build/navigation -- -j12 -l12
[3.659s] Invoking command in '/ros2_ws/build/navigation': CMAKE_PREFIX_PATH=${CMAKE_PREFIX_PATH}:/opt/ros/humble /usr/bin/cmake --install /ros2_ws/build/navigation
[3.665s] -- Install configuration: ""
[3.665s] -- Installing: /ros2_ws/install/navigation/lib/navigation/check_point_4
[3.666s] -- Set runtime path of "/ros2_ws/install/navigation/lib/navigation/check_point_4" to ""
[3.666s] -- Up-to-date: /ros2_ws/install/navigation/share/ament_index/resource_index/package_run_dependencies/navigation
[3.666s] -- Up-to-date: /ros2_ws/install/navigation/share/ament_index/resource_index/parent_prefix_path/navigation
[3.666s] -- Up-to-date: /ros2_ws/install/navigation/share/navigation/environment/ament_prefix_path.sh
[3.667s] -- Up-to-date: /ros2_ws/install/navigation/share/navigation/environment/ament_prefix_path.dsv
[3.667s] -- Up-to-date: /ros2_ws/install/navigation/share/navigation/environment/path.sh
[3.667s] -- Up-to-date: /ros2_ws/install/navigation/share/navigation/environment/path.dsv
[3.667s] -- Up-to-date: /ros2_ws/install/navigation/share/navigation/local_setup.bash
[3.667s] -- Up-to-date: /ros2_ws/install/navigation/share/navigation/local_setup.sh
[3.667s] -- Up-to-date: /ros2_ws/install/navigation/share/navigation/local_setup.zsh
[3.667s] -- Up-to-date: /ros2_ws/install/navigation/share/navigation/local_setup.dsv
[3.667s] -- Installing: /ros2_ws/install/navigation/share/navigation/package.dsv
[3.667s] -- Up-to-date: /ros2_ws/install/navigation/share/ament_index/resource_index/packages/navigation
[3.667s] -- Up-to-date: /ros2_ws/install/navigation/share/navigation/cmake/navigationConfig.cmake
[3.667s] -- Up-to-date: /ros2_ws/install/navigation/share/navigation/cmake/navigationConfig-version.cmake
[3.667s] -- Up-to-date: /ros2_ws/install/navigation/share/navigation/package.xml
[3.669s] Invoked command in '/ros2_ws/build/navigation' returned '0': CMAKE_PREFIX_PATH=${CMAKE_PREFIX_PATH}:/opt/ros/humble /usr/bin/cmake --install /ros2_ws/build/navigation
