[0.010s] Invoking command in '/ros2_ws/build/rospi_pre': CMAKE_PREFIX_PATH=${CMAKE_PREFIX_PATH}:/opt/ros/humble /usr/bin/cmake --build /ros2_ws/build/rospi_pre -- -j16 -l16
[0.165s] -- Found ament_cmake: 1.3.11 (/opt/ros/humble/share/ament_cmake/cmake)
[0.364s] -- Found std_msgs: 4.9.0 (/opt/ros/humble/share/std_msgs/cmake)
[0.438s] -- Found rosidl_generator_c: 3.1.6 (/opt/ros/humble/share/rosidl_generator_c/cmake)
[0.439s] -- Found rosidl_adapter: 3.1.6 (/opt/ros/humble/share/rosidl_adapter/cmake)
[0.444s] -- Found rosidl_generator_cpp: 3.1.6 (/opt/ros/humble/share/rosidl_generator_cpp/cmake)
[0.461s] -- Using all available rosidl_typesupport_c: rosidl_typesupport_fastrtps_c;rosidl_typesupport_introspection_c
[0.469s] -- Using all available rosidl_typesupport_cpp: rosidl_typesupport_fastrtps_cpp;rosidl_typesupport_introspection_cpp
[0.528s] -- Found rosidl_default_generators: 1.2.0 (/opt/ros/humble/share/rosidl_default_generators/cmake)
[0.752s] -- Found ament_cmake_ros: 0.10.0 (/opt/ros/humble/share/ament_cmake_ros/cmake)
[1.007s] -- Using all available rosidl_typesupport_c: rosidl_typesupport_fastrtps_c;rosidl_typesupport_introspection_c
[1.131s] -- Using all available rosidl_typesupport_cpp: rosidl_typesupport_fastrtps_cpp;rosidl_typesupport_introspection_cpp
[1.150s] -- Found python_cmake_module: 0.10.0 (/opt/ros/humble/share/python_cmake_module/cmake)
[1.169s] -- Using PYTHON_EXECUTABLE: /usr/bin/python3
[1.169s] -- Using PYTHON_INCLUDE_DIRS: /usr/include/python3.10
[1.169s] -- Using PYTHON_LIBRARIES: /usr/lib/x86_64-linux-gnu/libpython3.10.so
[1.194s] -- Configuring done
[1.220s] -- Generating done
[1.229s] -- Build files have been written to: /ros2_ws/build/rospi_pre
[1.258s] [35m[1mConsolidate compiler generated dependencies of target rospi_pre__rosidl_generator_c[0m
[1.269s] [  3%] Built target rospi_pre__cpp
[1.269s] [  6%] [32mBuilding C object CMakeFiles/rospi_pre__rosidl_generator_c.dir/rosidl_generator_c/rospi_pre/srv/detail/chassis_manager__functions.c.o[0m
[1.280s] [  6%] Built target ament_cmake_python_copy_rospi_pre
[1.280s] [35m[1mConsolidate compiler generated dependencies of target rospi_pre__rosidl_typesupport_cpp[0m
[1.280s] [35m[1mConsolidate compiler generated dependencies of target rospi_pre__rosidl_typesupport_introspection_cpp[0m
[1.291s] [35m[1mConsolidate compiler generated dependencies of target rospi_pre__rosidl_typesupport_fastrtps_cpp[0m
[1.297s] [ 12%] [32mBuilding CXX object CMakeFiles/rospi_pre__rosidl_typesupport_cpp.dir/rosidl_typesupport_cpp/rospi_pre/srv/chassis_manager__type_support.cpp.o[0m
[1.297s] [ 12%] [32mBuilding CXX object CMakeFiles/rospi_pre__rosidl_typesupport_introspection_cpp.dir/rosidl_typesupport_introspection_cpp/rospi_pre/srv/detail/chassis_manager__type_support.cpp.o[0m
[1.312s] [ 16%] [32mBuilding CXX object CMakeFiles/rospi_pre__rosidl_typesupport_fastrtps_cpp.dir/rosidl_typesupport_fastrtps_cpp/rospi_pre/srv/detail/dds_fastrtps/chassis_manager__type_support.cpp.o[0m
[1.362s] [ 19%] [32m[1mLinking C shared library librospi_pre__rosidl_generator_c.so[0m
[1.423s] [ 22%] Built target rospi_pre__rosidl_generator_c
[1.439s] [35m[1mConsolidate compiler generated dependencies of target rospi_pre__rosidl_typesupport_c[0m
[1.443s] [35m[1mConsolidate compiler generated dependencies of target rospi_pre__rosidl_typesupport_introspection_c[0m
[1.443s] [35m[1mConsolidate compiler generated dependencies of target rospi_pre__rosidl_typesupport_fastrtps_c[0m
[1.455s] [ 29%] [32mBuilding CXX object CMakeFiles/rospi_pre__rosidl_typesupport_c.dir/rosidl_typesupport_c/rospi_pre/srv/chassis_manager__type_support.cpp.o[0m
[1.455s] [ 29%] [32mBuilding C object CMakeFiles/rospi_pre__rosidl_typesupport_introspection_c.dir/rosidl_typesupport_introspection_c/rospi_pre/srv/detail/chassis_manager__type_support.c.o[0m
[1.461s] [ 32%] [32mBuilding CXX object CMakeFiles/rospi_pre__rosidl_typesupport_fastrtps_c.dir/rosidl_typesupport_fastrtps_c/rospi_pre/srv/detail/chassis_manager__type_support_c.cpp.o[0m
[1.504s] [ 35%] [32m[1mLinking CXX shared library librospi_pre__rosidl_typesupport_c.so[0m
[1.506s] [ 38%] [32m[1mLinking C shared library librospi_pre__rosidl_typesupport_introspection_c.so[0m
[1.551s] running egg_info
[1.552s] writing rospi_pre.egg-info/PKG-INFO
[1.553s] writing dependency_links to rospi_pre.egg-info/dependency_links.txt
[1.553s] writing top-level names to rospi_pre.egg-info/top_level.txt
[1.563s] reading manifest file 'rospi_pre.egg-info/SOURCES.txt'
[1.563s] writing manifest file 'rospi_pre.egg-info/SOURCES.txt'
[1.572s] [ 41%] Built target rospi_pre__rosidl_typesupport_introspection_c
[1.590s] [ 45%] Built target rospi_pre__rosidl_typesupport_c
[1.605s] [ 48%] [32m[1mLinking CXX shared library librospi_pre__rosidl_typesupport_cpp.so[0m
[1.616s] [ 48%] Built target ament_cmake_python_build_rospi_pre_egg
[1.661s] [ 51%] Built target rospi_pre__rosidl_typesupport_cpp
[1.700s] [ 54%] [32m[1mLinking CXX shared library librospi_pre__rosidl_typesupport_introspection_cpp.so[0m
[1.831s] [ 58%] [32m[1mLinking CXX shared library librospi_pre__rosidl_typesupport_fastrtps_cpp.so[0m
[1.890s] [ 61%] Built target rospi_pre__rosidl_typesupport_introspection_cpp
[1.923s] [ 64%] [32m[1mLinking CXX shared library librospi_pre__rosidl_typesupport_fastrtps_c.so[0m
[2.192s] [ 67%] Built target rospi_pre__rosidl_typesupport_fastrtps_c
[2.202s] [ 70%] Built target rospi_pre__rosidl_typesupport_fastrtps_cpp
[2.234s] [ 70%] Built target rospi_pre
[2.276s] [ 74%] Built target rospi_pre__py
[2.292s] [35m[1mConsolidate compiler generated dependencies of target rospi_pre__rosidl_generator_py[0m
[2.323s] [ 77%] [32mBuilding C object CMakeFiles/rospi_pre__rosidl_generator_py.dir/rosidl_generator_py/rospi_pre/srv/_chassis_manager_s.c.o[0m
[2.626s] [ 80%] [32m[1mLinking C shared library rosidl_generator_py/rospi_pre/librospi_pre__rosidl_generator_py.so[0m
[2.707s] [ 80%] Built target rospi_pre__rosidl_generator_py
[2.733s] [35m[1mConsolidate compiler generated dependencies of target rospi_pre__rosidl_typesupport_fastrtps_c__pyext[0m
[2.736s] [35m[1mConsolidate compiler generated dependencies of target rospi_pre__rosidl_typesupport_introspection_c__pyext[0m
[2.741s] [35m[1mConsolidate compiler generated dependencies of target rospi_pre__rosidl_typesupport_c__pyext[0m
[2.774s] [ 83%] [32mBuilding C object CMakeFiles/rospi_pre__rosidl_typesupport_fastrtps_c__pyext.dir/rosidl_generator_py/rospi_pre/_rospi_pre_s.ep.rosidl_typesupport_fastrtps_c.c.o[0m
[2.802s] [ 87%] [32mBuilding C object CMakeFiles/rospi_pre__rosidl_typesupport_introspection_c__pyext.dir/rosidl_generator_py/rospi_pre/_rospi_pre_s.ep.rosidl_typesupport_introspection_c.c.o[0m
[2.818s] [ 90%] [32mBuilding C object CMakeFiles/rospi_pre__rosidl_typesupport_c__pyext.dir/rosidl_generator_py/rospi_pre/_rospi_pre_s.ep.rosidl_typesupport_c.c.o[0m
[2.934s] [ 93%] [32m[1mLinking C shared library rosidl_generator_py/rospi_pre/rospi_pre_s__rosidl_typesupport_fastrtps_c.cpython-310-x86_64-linux-gnu.so[0m
[2.939s] [ 96%] [32m[1mLinking C shared library rosidl_generator_py/rospi_pre/rospi_pre_s__rosidl_typesupport_introspection_c.cpython-310-x86_64-linux-gnu.so[0m
[2.957s] [100%] [32m[1mLinking C shared library rosidl_generator_py/rospi_pre/rospi_pre_s__rosidl_typesupport_c.cpython-310-x86_64-linux-gnu.so[0m
[2.976s] [100%] Built target rospi_pre__rosidl_typesupport_introspection_c__pyext
[2.978s] [100%] Built target rospi_pre__rosidl_typesupport_fastrtps_c__pyext
[3.005s] [100%] Built target rospi_pre__rosidl_typesupport_c__pyext
[3.022s] Invoked command in '/ros2_ws/build/rospi_pre' returned '0': CMAKE_PREFIX_PATH=${CMAKE_PREFIX_PATH}:/opt/ros/humble /usr/bin/cmake --build /ros2_ws/build/rospi_pre -- -j16 -l16
[3.037s] Invoking command in '/ros2_ws/build/rospi_pre': CMAKE_PREFIX_PATH=${CMAKE_PREFIX_PATH}:/opt/ros/humble /usr/bin/cmake --install /ros2_ws/build/rospi_pre
[3.047s] -- Install configuration: ""
[3.047s] -- Up-to-date: /ros2_ws/install/rospi_pre/share/ament_index/resource_index/rosidl_interfaces/rospi_pre
[3.047s] -- Up-to-date: /ros2_ws/install/rospi_pre/include/rospi_pre/rospi_pre
[3.048s] -- Up-to-date: /ros2_ws/install/rospi_pre/include/rospi_pre/rospi_pre/srv
[3.048s] -- Up-to-date: /ros2_ws/install/rospi_pre/include/rospi_pre/rospi_pre/srv/detail
[3.048s] -- Up-to-date: /ros2_ws/install/rospi_pre/include/rospi_pre/rospi_pre/srv/detail/chassis_manager__functions.c
[3.048s] -- Up-to-date: /ros2_ws/install/rospi_pre/include/rospi_pre/rospi_pre/srv/detail/chassis_manager__type_support.h
[3.048s] -- Up-to-date: /ros2_ws/install/rospi_pre/include/rospi_pre/rospi_pre/srv/detail/chassis_manager__struct.h
[3.048s] -- Up-to-date: /ros2_ws/install/rospi_pre/include/rospi_pre/rospi_pre/srv/detail/chassis_manager__functions.h
[3.048s] -- Up-to-date: /ros2_ws/install/rospi_pre/include/rospi_pre/rospi_pre/srv/chassis_manager.h
[3.048s] -- Up-to-date: /ros2_ws/install/rospi_pre/include/rospi_pre/rospi_pre/msg
[3.048s] -- Up-to-date: /ros2_ws/install/rospi_pre/include/rospi_pre/rospi_pre/msg/rosidl_generator_c__visibility_control.h
[3.048s] -- Installing: /ros2_ws/install/rospi_pre/share/rospi_pre/environment/library_path.sh
[3.048s] -- Installing: /ros2_ws/install/rospi_pre/share/rospi_pre/environment/library_path.dsv
[3.048s] -- Installing: /ros2_ws/install/rospi_pre/lib/librospi_pre__rosidl_generator_c.so
[3.049s] -- Set runtime path of "/ros2_ws/install/rospi_pre/lib/librospi_pre__rosidl_generator_c.so" to ""
[3.049s] -- Up-to-date: /ros2_ws/install/rospi_pre/include/rospi_pre/rospi_pre
[3.049s] -- Up-to-date: /ros2_ws/install/rospi_pre/include/rospi_pre/rospi_pre/srv
[3.049s] -- Up-to-date: /ros2_ws/install/rospi_pre/include/rospi_pre/rospi_pre/srv/detail
[3.049s] -- Up-to-date: /ros2_ws/install/rospi_pre/include/rospi_pre/rospi_pre/srv/detail/chassis_manager__rosidl_typesupport_fastrtps_c.h
[3.049s] -- Up-to-date: /ros2_ws/install/rospi_pre/include/rospi_pre/rospi_pre/msg
[3.049s] -- Up-to-date: /ros2_ws/install/rospi_pre/include/rospi_pre/rospi_pre/msg/rosidl_typesupport_fastrtps_c__visibility_control.h
[3.049s] -- Installing: /ros2_ws/install/rospi_pre/lib/librospi_pre__rosidl_typesupport_fastrtps_c.so
[3.050s] -- Set runtime path of "/ros2_ws/install/rospi_pre/lib/librospi_pre__rosidl_typesupport_fastrtps_c.so" to ""
[3.050s] -- Up-to-date: /ros2_ws/install/rospi_pre/include/rospi_pre/rospi_pre
[3.050s] -- Up-to-date: /ros2_ws/install/rospi_pre/include/rospi_pre/rospi_pre/srv
[3.050s] -- Up-to-date: /ros2_ws/install/rospi_pre/include/rospi_pre/rospi_pre/srv/detail
[3.050s] -- Up-to-date: /ros2_ws/install/rospi_pre/include/rospi_pre/rospi_pre/srv/detail/chassis_manager__traits.hpp
[3.050s] -- Up-to-date: /ros2_ws/install/rospi_pre/include/rospi_pre/rospi_pre/srv/detail/chassis_manager__struct.hpp
[3.050s] -- Up-to-date: /ros2_ws/install/rospi_pre/include/rospi_pre/rospi_pre/srv/detail/chassis_manager__type_support.hpp
[3.050s] -- Up-to-date: /ros2_ws/install/rospi_pre/include/rospi_pre/rospi_pre/srv/detail/chassis_manager__builder.hpp
[3.050s] -- Up-to-date: /ros2_ws/install/rospi_pre/include/rospi_pre/rospi_pre/srv/chassis_manager.hpp
[3.050s] -- Up-to-date: /ros2_ws/install/rospi_pre/include/rospi_pre/rospi_pre/msg
[3.050s] -- Up-to-date: /ros2_ws/install/rospi_pre/include/rospi_pre/rospi_pre/msg/rosidl_generator_cpp__visibility_control.hpp
[3.050s] -- Up-to-date: /ros2_ws/install/rospi_pre/include/rospi_pre/rospi_pre
[3.050s] -- Up-to-date: /ros2_ws/install/rospi_pre/include/rospi_pre/rospi_pre/srv
[3.050s] -- Up-to-date: /ros2_ws/install/rospi_pre/include/rospi_pre/rospi_pre/srv/detail
[3.050s] -- Installing: /ros2_ws/install/rospi_pre/include/rospi_pre/rospi_pre/srv/detail/chassis_manager__rosidl_typesupport_fastrtps_cpp.hpp
[3.050s] -- Installing: /ros2_ws/install/rospi_pre/include/rospi_pre/rospi_pre/srv/detail/dds_fastrtps
[3.051s] -- Up-to-date: /ros2_ws/install/rospi_pre/include/rospi_pre/rospi_pre/msg
[3.051s] -- Up-to-date: /ros2_ws/install/rospi_pre/include/rospi_pre/rospi_pre/msg/rosidl_typesupport_fastrtps_cpp__visibility_control.h
[3.051s] -- Installing: /ros2_ws/install/rospi_pre/lib/librospi_pre__rosidl_typesupport_fastrtps_cpp.so
[3.051s] -- Set runtime path of "/ros2_ws/install/rospi_pre/lib/librospi_pre__rosidl_typesupport_fastrtps_cpp.so" to ""
[3.051s] -- Up-to-date: /ros2_ws/install/rospi_pre/include/rospi_pre/rospi_pre
[3.051s] -- Up-to-date: /ros2_ws/install/rospi_pre/include/rospi_pre/rospi_pre/srv
[3.052s] -- Up-to-date: /ros2_ws/install/rospi_pre/include/rospi_pre/rospi_pre/srv/detail
[3.052s] -- Up-to-date: /ros2_ws/install/rospi_pre/include/rospi_pre/rospi_pre/srv/detail/chassis_manager__rosidl_typesupport_introspection_c.h
[3.052s] -- Up-to-date: /ros2_ws/install/rospi_pre/include/rospi_pre/rospi_pre/srv/detail/chassis_manager__type_support.c
[3.052s] -- Up-to-date: /ros2_ws/install/rospi_pre/include/rospi_pre/rospi_pre/msg
[3.052s] -- Up-to-date: /ros2_ws/install/rospi_pre/include/rospi_pre/rospi_pre/msg/rosidl_typesupport_introspection_c__visibility_control.h
[3.052s] -- Installing: /ros2_ws/install/rospi_pre/lib/librospi_pre__rosidl_typesupport_introspection_c.so
[3.052s] -- Set runtime path of "/ros2_ws/install/rospi_pre/lib/librospi_pre__rosidl_typesupport_introspection_c.so" to ""
[3.052s] -- Installing: /ros2_ws/install/rospi_pre/lib/librospi_pre__rosidl_typesupport_c.so
[3.053s] -- Set runtime path of "/ros2_ws/install/rospi_pre/lib/librospi_pre__rosidl_typesupport_c.so" to ""
[3.053s] -- Up-to-date: /ros2_ws/install/rospi_pre/include/rospi_pre/rospi_pre
[3.053s] -- Up-to-date: /ros2_ws/install/rospi_pre/include/rospi_pre/rospi_pre/srv
[3.053s] -- Up-to-date: /ros2_ws/install/rospi_pre/include/rospi_pre/rospi_pre/srv/detail
[3.053s] -- Up-to-date: /ros2_ws/install/rospi_pre/include/rospi_pre/rospi_pre/srv/detail/chassis_manager__type_support.cpp
[3.053s] -- Up-to-date: /ros2_ws/install/rospi_pre/include/rospi_pre/rospi_pre/srv/detail/chassis_manager__rosidl_typesupport_introspection_cpp.hpp
[3.053s] -- Installing: /ros2_ws/install/rospi_pre/lib/librospi_pre__rosidl_typesupport_introspection_cpp.so
[3.054s] -- Set runtime path of "/ros2_ws/install/rospi_pre/lib/librospi_pre__rosidl_typesupport_introspection_cpp.so" to ""
[3.054s] -- Installing: /ros2_ws/install/rospi_pre/lib/librospi_pre__rosidl_typesupport_cpp.so
[3.054s] -- Set runtime path of "/ros2_ws/install/rospi_pre/lib/librospi_pre__rosidl_typesupport_cpp.so" to ""
[3.055s] -- Up-to-date: /ros2_ws/install/rospi_pre/share/rospi_pre/environment/pythonpath.sh
[3.055s] -- Installing: /ros2_ws/install/rospi_pre/share/rospi_pre/environment/pythonpath.dsv
[3.055s] -- Up-to-date: /ros2_ws/install/rospi_pre/local/lib/python3.10/dist-packages/rospi_pre-0.0.0-py3.10.egg-info
[3.055s] -- Installing: /ros2_ws/install/rospi_pre/local/lib/python3.10/dist-packages/rospi_pre-0.0.0-py3.10.egg-info/PKG-INFO
[3.055s] -- Installing: /ros2_ws/install/rospi_pre/local/lib/python3.10/dist-packages/rospi_pre-0.0.0-py3.10.egg-info/dependency_links.txt
[3.055s] -- Installing: /ros2_ws/install/rospi_pre/local/lib/python3.10/dist-packages/rospi_pre-0.0.0-py3.10.egg-info/top_level.txt
[3.055s] -- Installing: /ros2_ws/install/rospi_pre/local/lib/python3.10/dist-packages/rospi_pre-0.0.0-py3.10.egg-info/SOURCES.txt
[3.056s] -- Up-to-date: /ros2_ws/install/rospi_pre/local/lib/python3.10/dist-packages/rospi_pre
[3.056s] -- Installing: /ros2_ws/install/rospi_pre/local/lib/python3.10/dist-packages/rospi_pre/rospi_pre_s__rosidl_typesupport_c.cpython-310-x86_64-linux-gnu.so
[3.056s] -- Installing: /ros2_ws/install/rospi_pre/local/lib/python3.10/dist-packages/rospi_pre/__init__.py
[3.056s] -- Up-to-date: /ros2_ws/install/rospi_pre/local/lib/python3.10/dist-packages/rospi_pre/srv
[3.056s] -- Up-to-date: /ros2_ws/install/rospi_pre/local/lib/python3.10/dist-packages/rospi_pre/srv/_chassis_manager.py
[3.056s] -- Up-to-date: /ros2_ws/install/rospi_pre/local/lib/python3.10/dist-packages/rospi_pre/srv/__init__.py
[3.056s] -- Up-to-date: /ros2_ws/install/rospi_pre/local/lib/python3.10/dist-packages/rospi_pre/srv/_chassis_manager_s.c
[3.056s] -- Up-to-date: /ros2_ws/install/rospi_pre/local/lib/python3.10/dist-packages/rospi_pre/_rospi_pre_s.ep.rosidl_typesupport_introspection_c.c
[3.056s] -- Up-to-date: /ros2_ws/install/rospi_pre/local/lib/python3.10/dist-packages/rospi_pre/_rospi_pre_s.ep.rosidl_typesupport_c.c
[3.056s] -- Installing: /ros2_ws/install/rospi_pre/local/lib/python3.10/dist-packages/rospi_pre/librospi_pre__rosidl_generator_py.so
[3.056s] -- Installing: /ros2_ws/install/rospi_pre/local/lib/python3.10/dist-packages/rospi_pre/rospi_pre_s__rosidl_typesupport_fastrtps_c.cpython-310-x86_64-linux-gnu.so
[3.057s] -- Up-to-date: /ros2_ws/install/rospi_pre/local/lib/python3.10/dist-packages/rospi_pre/_rospi_pre_s.ep.rosidl_typesupport_fastrtps_c.c
[3.057s] -- Installing: /ros2_ws/install/rospi_pre/local/lib/python3.10/dist-packages/rospi_pre/rospi_pre_s__rosidl_typesupport_introspection_c.cpython-310-x86_64-linux-gnu.so
[3.097s] Listing '/ros2_ws/install/rospi_pre/local/lib/python3.10/dist-packages/rospi_pre'...
[3.097s] Compiling '/ros2_ws/install/rospi_pre/local/lib/python3.10/dist-packages/rospi_pre/__init__.py'...
[3.097s] Listing '/ros2_ws/install/rospi_pre/local/lib/python3.10/dist-packages/rospi_pre/srv'...
[3.097s] Compiling '/ros2_ws/install/rospi_pre/local/lib/python3.10/dist-packages/rospi_pre/srv/__init__.py'...
[3.097s] Compiling '/ros2_ws/install/rospi_pre/local/lib/python3.10/dist-packages/rospi_pre/srv/_chassis_manager.py'...
[3.102s] -- Installing: /ros2_ws/install/rospi_pre/local/lib/python3.10/dist-packages/rospi_pre/rospi_pre_s__rosidl_typesupport_fastrtps_c.cpython-310-x86_64-linux-gnu.so
[3.102s] -- Set runtime path of "/ros2_ws/install/rospi_pre/local/lib/python3.10/dist-packages/rospi_pre/rospi_pre_s__rosidl_typesupport_fastrtps_c.cpython-310-x86_64-linux-gnu.so" to ""
[3.102s] -- Installing: /ros2_ws/install/rospi_pre/local/lib/python3.10/dist-packages/rospi_pre/rospi_pre_s__rosidl_typesupport_introspection_c.cpython-310-x86_64-linux-gnu.so
[3.102s] -- Set runtime path of "/ros2_ws/install/rospi_pre/local/lib/python3.10/dist-packages/rospi_pre/rospi_pre_s__rosidl_typesupport_introspection_c.cpython-310-x86_64-linux-gnu.so" to ""
[3.103s] -- Installing: /ros2_ws/install/rospi_pre/local/lib/python3.10/dist-packages/rospi_pre/rospi_pre_s__rosidl_typesupport_c.cpython-310-x86_64-linux-gnu.so
[3.103s] -- Set runtime path of "/ros2_ws/install/rospi_pre/local/lib/python3.10/dist-packages/rospi_pre/rospi_pre_s__rosidl_typesupport_c.cpython-310-x86_64-linux-gnu.so" to ""
[3.103s] -- Installing: /ros2_ws/install/rospi_pre/lib/librospi_pre__rosidl_generator_py.so
[3.103s] -- Set runtime path of "/ros2_ws/install/rospi_pre/lib/librospi_pre__rosidl_generator_py.so" to ""
[3.104s] -- Up-to-date: /ros2_ws/install/rospi_pre/share/rospi_pre/srv/ChassisManager.idl
[3.104s] -- Up-to-date: /ros2_ws/install/rospi_pre/share/rospi_pre/srv/ChassisManager.srv
[3.104s] -- Up-to-date: /ros2_ws/install/rospi_pre/share/rospi_pre/srv/ChassisManager_Request.msg
[3.104s] -- Up-to-date: /ros2_ws/install/rospi_pre/share/rospi_pre/srv/ChassisManager_Response.msg
[3.104s] -- Up-to-date: /ros2_ws/install/rospi_pre/share/ament_index/resource_index/package_run_dependencies/rospi_pre
[3.104s] -- Installing: /ros2_ws/install/rospi_pre/share/ament_index/resource_index/parent_prefix_path/rospi_pre
[3.104s] -- Installing: /ros2_ws/install/rospi_pre/share/rospi_pre/environment/ament_prefix_path.sh
[3.104s] -- Installing: /ros2_ws/install/rospi_pre/share/rospi_pre/environment/ament_prefix_path.dsv
[3.104s] -- Installing: /ros2_ws/install/rospi_pre/share/rospi_pre/environment/path.sh
[3.104s] -- Installing: /ros2_ws/install/rospi_pre/share/rospi_pre/environment/path.dsv
[3.105s] -- Up-to-date: /ros2_ws/install/rospi_pre/share/rospi_pre/local_setup.bash
[3.105s] -- Up-to-date: /ros2_ws/install/rospi_pre/share/rospi_pre/local_setup.sh
[3.105s] -- Up-to-date: /ros2_ws/install/rospi_pre/share/rospi_pre/local_setup.zsh
[3.105s] -- Installing: /ros2_ws/install/rospi_pre/share/rospi_pre/local_setup.dsv
[3.105s] -- Installing: /ros2_ws/install/rospi_pre/share/rospi_pre/package.dsv
[3.105s] -- Up-to-date: /ros2_ws/install/rospi_pre/share/ament_index/resource_index/packages/rospi_pre
[3.105s] -- Up-to-date: /ros2_ws/install/rospi_pre/share/rospi_pre/cmake/export_rospi_pre__rosidl_generator_cExport.cmake
[3.105s] -- Up-to-date: /ros2_ws/install/rospi_pre/share/rospi_pre/cmake/export_rospi_pre__rosidl_generator_cExport-noconfig.cmake
[3.105s] -- Up-to-date: /ros2_ws/install/rospi_pre/share/rospi_pre/cmake/export_rospi_pre__rosidl_typesupport_fastrtps_cExport.cmake
[3.105s] -- Up-to-date: /ros2_ws/install/rospi_pre/share/rospi_pre/cmake/export_rospi_pre__rosidl_typesupport_fastrtps_cExport-noconfig.cmake
[3.105s] -- Up-to-date: /ros2_ws/install/rospi_pre/share/rospi_pre/cmake/export_rospi_pre__rosidl_generator_cppExport.cmake
[3.105s] -- Up-to-date: /ros2_ws/install/rospi_pre/share/rospi_pre/cmake/export_rospi_pre__rosidl_typesupport_fastrtps_cppExport.cmake
[3.106s] -- Up-to-date: /ros2_ws/install/rospi_pre/share/rospi_pre/cmake/export_rospi_pre__rosidl_typesupport_fastrtps_cppExport-noconfig.cmake
[3.106s] -- Up-to-date: /ros2_ws/install/rospi_pre/share/rospi_pre/cmake/rospi_pre__rosidl_typesupport_introspection_cExport.cmake
[3.106s] -- Up-to-date: /ros2_ws/install/rospi_pre/share/rospi_pre/cmake/rospi_pre__rosidl_typesupport_introspection_cExport-noconfig.cmake
[3.106s] -- Up-to-date: /ros2_ws/install/rospi_pre/share/rospi_pre/cmake/rospi_pre__rosidl_typesupport_cExport.cmake
[3.106s] -- Up-to-date: /ros2_ws/install/rospi_pre/share/rospi_pre/cmake/rospi_pre__rosidl_typesupport_cExport-noconfig.cmake
[3.106s] -- Up-to-date: /ros2_ws/install/rospi_pre/share/rospi_pre/cmake/rospi_pre__rosidl_typesupport_introspection_cppExport.cmake
[3.106s] -- Up-to-date: /ros2_ws/install/rospi_pre/share/rospi_pre/cmake/rospi_pre__rosidl_typesupport_introspection_cppExport-noconfig.cmake
[3.106s] -- Up-to-date: /ros2_ws/install/rospi_pre/share/rospi_pre/cmake/rospi_pre__rosidl_typesupport_cppExport.cmake
[3.106s] -- Up-to-date: /ros2_ws/install/rospi_pre/share/rospi_pre/cmake/rospi_pre__rosidl_typesupport_cppExport-noconfig.cmake
[3.106s] -- Up-to-date: /ros2_ws/install/rospi_pre/share/rospi_pre/cmake/export_rospi_pre__rosidl_generator_pyExport.cmake
[3.106s] -- Up-to-date: /ros2_ws/install/rospi_pre/share/rospi_pre/cmake/export_rospi_pre__rosidl_generator_pyExport-noconfig.cmake
[3.106s] -- Up-to-date: /ros2_ws/install/rospi_pre/share/rospi_pre/cmake/rosidl_cmake-extras.cmake
[3.106s] -- Up-to-date: /ros2_ws/install/rospi_pre/share/rospi_pre/cmake/ament_cmake_export_dependencies-extras.cmake
[3.106s] -- Up-to-date: /ros2_ws/install/rospi_pre/share/rospi_pre/cmake/ament_cmake_export_include_directories-extras.cmake
[3.107s] -- Up-to-date: /ros2_ws/install/rospi_pre/share/rospi_pre/cmake/ament_cmake_export_libraries-extras.cmake
[3.107s] -- Up-to-date: /ros2_ws/install/rospi_pre/share/rospi_pre/cmake/ament_cmake_export_targets-extras.cmake
[3.107s] -- Up-to-date: /ros2_ws/install/rospi_pre/share/rospi_pre/cmake/rosidl_cmake_export_typesupport_targets-extras.cmake
[3.107s] -- Up-to-date: /ros2_ws/install/rospi_pre/share/rospi_pre/cmake/rosidl_cmake_export_typesupport_libraries-extras.cmake
[3.107s] -- Up-to-date: /ros2_ws/install/rospi_pre/share/rospi_pre/cmake/rospi_preConfig.cmake
[3.107s] -- Up-to-date: /ros2_ws/install/rospi_pre/share/rospi_pre/cmake/rospi_preConfig-version.cmake
[3.107s] -- Up-to-date: /ros2_ws/install/rospi_pre/share/rospi_pre/package.xml
[3.109s] Invoked command in '/ros2_ws/build/rospi_pre' returned '0': CMAKE_PREFIX_PATH=${CMAKE_PREFIX_PATH}:/opt/ros/humble /usr/bin/cmake --install /ros2_ws/build/rospi_pre
