[0.025s] Invoking command in '/ros2_ws/build/realsense2_description': AMENT_PREFIX_PATH=/ros2_ws/install/realsense2_camera_msgs:${AMENT_PREFIX_PATH} CMAKE_PREFIX_PATH=/ros2_ws/install/realsense2_camera_msgs:/opt/ros/humble LD_LIBRARY_PATH=/ros2_ws/install/realsense2_camera_msgs/lib:${LD_LIBRARY_PATH} PYTHONPATH=/ros2_ws/install/realsense2_camera_msgs/local/lib/python3.10/dist-packages:${PYTHONPATH} /usr/bin/cmake /ros2_ws/src/realsense-pkg/realsense2_description -DCMAKE_INSTALL_PREFIX=/ros2_ws/install/realsense2_description
[0.150s] -- The C compiler identification is GNU 11.4.0
[0.237s] -- The CXX compiler identification is GNU 11.4.0
[0.250s] -- Detecting C compiler ABI info
[0.383s] -- Detecting C compiler ABI info - done
[0.397s] -- Check for working C compiler: /usr/bin/cc - skipped
[0.397s] -- Detecting C compile features
[0.397s] -- Detecting C compile features - done
[0.403s] -- Detecting CXX compiler ABI info
[0.587s] -- Detecting CXX compiler ABI info - done
[0.605s] -- Check for working CXX compiler: /usr/bin/c++ - skipped
[0.605s] -- Detecting CXX compile features
[0.606s] -- Detecting CXX compile features - done
[0.612s] -- Found ament_cmake: 1.3.12 (/opt/ros/humble/share/ament_cmake/cmake)
[0.810s] -- Found Python3: /usr/bin/python3 (found version "3.10.12") found components: Interpreter 
[1.052s] -- Configuring done
[1.057s] -- Generating done
[1.063s] -- Build files have been written to: /ros2_ws/build/realsense2_description
[1.069s] Invoked command in '/ros2_ws/build/realsense2_description' returned '0': AMENT_PREFIX_PATH=/ros2_ws/install/realsense2_camera_msgs:${AMENT_PREFIX_PATH} CMAKE_PREFIX_PATH=/ros2_ws/install/realsense2_camera_msgs:/opt/ros/humble LD_LIBRARY_PATH=/ros2_ws/install/realsense2_camera_msgs/lib:${LD_LIBRARY_PATH} PYTHONPATH=/ros2_ws/install/realsense2_camera_msgs/local/lib/python3.10/dist-packages:${PYTHONPATH} /usr/bin/cmake /ros2_ws/src/realsense-pkg/realsense2_description -DCMAKE_INSTALL_PREFIX=/ros2_ws/install/realsense2_description
[1.070s] Invoking command in '/ros2_ws/build/realsense2_description': AMENT_PREFIX_PATH=/ros2_ws/install/realsense2_camera_msgs:${AMENT_PREFIX_PATH} CMAKE_PREFIX_PATH=/ros2_ws/install/realsense2_camera_msgs:/opt/ros/humble LD_LIBRARY_PATH=/ros2_ws/install/realsense2_camera_msgs/lib:${LD_LIBRARY_PATH} PYTHONPATH=/ros2_ws/install/realsense2_camera_msgs/local/lib/python3.10/dist-packages:${PYTHONPATH} /usr/bin/cmake --build /ros2_ws/build/realsense2_description -- -j12 -l12
[1.127s] Invoked command in '/ros2_ws/build/realsense2_description' returned '0': AMENT_PREFIX_PATH=/ros2_ws/install/realsense2_camera_msgs:${AMENT_PREFIX_PATH} CMAKE_PREFIX_PATH=/ros2_ws/install/realsense2_camera_msgs:/opt/ros/humble LD_LIBRARY_PATH=/ros2_ws/install/realsense2_camera_msgs/lib:${LD_LIBRARY_PATH} PYTHONPATH=/ros2_ws/install/realsense2_camera_msgs/local/lib/python3.10/dist-packages:${PYTHONPATH} /usr/bin/cmake --build /ros2_ws/build/realsense2_description -- -j12 -l12
[1.128s] Invoking command in '/ros2_ws/build/realsense2_description': AMENT_PREFIX_PATH=/ros2_ws/install/realsense2_camera_msgs:${AMENT_PREFIX_PATH} CMAKE_PREFIX_PATH=/ros2_ws/install/realsense2_camera_msgs:/opt/ros/humble LD_LIBRARY_PATH=/ros2_ws/install/realsense2_camera_msgs/lib:${LD_LIBRARY_PATH} PYTHONPATH=/ros2_ws/install/realsense2_camera_msgs/local/lib/python3.10/dist-packages:${PYTHONPATH} /usr/bin/cmake --install /ros2_ws/build/realsense2_description
[1.143s] -- Install configuration: ""
[1.143s] -- Installing: /ros2_ws/install/realsense2_description/share/realsense2_description/launch
[1.143s] -- Installing: /ros2_ws/install/realsense2_description/share/realsense2_description/launch/view_model.launch.py
[1.143s] -- Installing: /ros2_ws/install/realsense2_description/share/realsense2_description/launch/launch_utils.py
[1.144s] -- Installing: /ros2_ws/install/realsense2_description/share/realsense2_description/meshes
[1.144s] -- Installing: /ros2_ws/install/realsense2_description/share/realsense2_description/meshes/d405.stl
[1.145s] -- Installing: /ros2_ws/install/realsense2_description/share/realsense2_description/meshes/l515.dae
[1.212s] -- Installing: /ros2_ws/install/realsense2_description/share/realsense2_description/meshes/plug_collision.stl
[1.216s] -- Installing: /ros2_ws/install/realsense2_description/share/realsense2_description/meshes/d415.stl
[1.253s] -- Installing: /ros2_ws/install/realsense2_description/share/realsense2_description/meshes/plug.stl
[1.255s] -- Installing: /ros2_ws/install/realsense2_description/share/realsense2_description/meshes/d435.dae
[1.284s] -- Installing: /ros2_ws/install/realsense2_description/share/realsense2_description/meshes/d455.stl
[1.289s] -- Installing: /ros2_ws/install/realsense2_description/share/realsense2_description/rviz
[1.289s] -- Installing: /ros2_ws/install/realsense2_description/share/realsense2_description/rviz/urdf.rviz
[1.290s] -- Installing: /ros2_ws/install/realsense2_description/share/realsense2_description/urdf
[1.290s] -- Installing: /ros2_ws/install/realsense2_description/share/realsense2_description/urdf/_d405.urdf.xacro
[1.291s] -- Installing: /ros2_ws/install/realsense2_description/share/realsense2_description/urdf/_d455.urdf.xacro
[1.291s] -- Installing: /ros2_ws/install/realsense2_description/share/realsense2_description/urdf/_d435.urdf.xacro
[1.291s] -- Installing: /ros2_ws/install/realsense2_description/share/realsense2_description/urdf/_r430.urdf.xacro
[1.292s] -- Installing: /ros2_ws/install/realsense2_description/share/realsense2_description/urdf/_d435i_imu_modules.urdf.xacro
[1.292s] -- Installing: /ros2_ws/install/realsense2_description/share/realsense2_description/urdf/test_d415_camera.urdf.xacro
[1.292s] -- Installing: /ros2_ws/install/realsense2_description/share/realsense2_description/urdf/_d435i.urdf.xacro
[1.293s] -- Installing: /ros2_ws/install/realsense2_description/share/realsense2_description/urdf/test_d435_camera.urdf.xacro
[1.293s] -- Installing: /ros2_ws/install/realsense2_description/share/realsense2_description/urdf/test_d405_camera.urdf.xacro
[1.293s] -- Installing: /ros2_ws/install/realsense2_description/share/realsense2_description/urdf/test_d435i_camera.urdf.xacro
[1.293s] -- Installing: /ros2_ws/install/realsense2_description/share/realsense2_description/urdf/_d415.urdf.xacro
[1.294s] -- Installing: /ros2_ws/install/realsense2_description/share/realsense2_description/urdf/test_d435_multiple_cameras.urdf.xacro
[1.294s] -- Installing: /ros2_ws/install/realsense2_description/share/realsense2_description/urdf/_usb_plug.urdf.xacro
[1.294s] -- Installing: /ros2_ws/install/realsense2_description/share/realsense2_description/urdf/_r410.urdf.xacro
[1.295s] -- Installing: /ros2_ws/install/realsense2_description/share/realsense2_description/urdf/test_d455_camera.urdf.xacro
[1.295s] -- Installing: /ros2_ws/install/realsense2_description/share/realsense2_description/urdf/test_r430_camera.urdf.xacro
[1.295s] -- Installing: /ros2_ws/install/realsense2_description/share/realsense2_description/urdf/test_r410_camera.urdf.xacro
[1.296s] -- Installing: /ros2_ws/install/realsense2_description/share/realsense2_description/urdf/_materials.urdf.xacro
[1.296s] -- Installing: /ros2_ws/install/realsense2_description/share/ament_index/resource_index/package_run_dependencies/realsense2_description
[1.297s] -- Installing: /ros2_ws/install/realsense2_description/share/ament_index/resource_index/parent_prefix_path/realsense2_description
[1.297s] -- Installing: /ros2_ws/install/realsense2_description/share/realsense2_description/environment/ament_prefix_path.sh
[1.297s] -- Installing: /ros2_ws/install/realsense2_description/share/realsense2_description/environment/ament_prefix_path.dsv
[1.298s] -- Installing: /ros2_ws/install/realsense2_description/share/realsense2_description/environment/path.sh
[1.298s] -- Installing: /ros2_ws/install/realsense2_description/share/realsense2_description/environment/path.dsv
[1.299s] -- Installing: /ros2_ws/install/realsense2_description/share/realsense2_description/local_setup.bash
[1.299s] -- Installing: /ros2_ws/install/realsense2_description/share/realsense2_description/local_setup.sh
[1.299s] -- Installing: /ros2_ws/install/realsense2_description/share/realsense2_description/local_setup.zsh
[1.300s] -- Installing: /ros2_ws/install/realsense2_description/share/realsense2_description/local_setup.dsv
[1.300s] -- Installing: /ros2_ws/install/realsense2_description/share/realsense2_description/package.dsv
[1.301s] -- Installing: /ros2_ws/install/realsense2_description/share/ament_index/resource_index/packages/realsense2_description
[1.301s] -- Installing: /ros2_ws/install/realsense2_description/share/realsense2_description/cmake/realsense2_descriptionConfig.cmake
[1.302s] -- Installing: /ros2_ws/install/realsense2_description/share/realsense2_description/cmake/realsense2_descriptionConfig-version.cmake
[1.302s] -- Installing: /ros2_ws/install/realsense2_description/share/realsense2_description/package.xml
[1.310s] Invoked command in '/ros2_ws/build/realsense2_description' returned '0': AMENT_PREFIX_PATH=/ros2_ws/install/realsense2_camera_msgs:${AMENT_PREFIX_PATH} CMAKE_PREFIX_PATH=/ros2_ws/install/realsense2_camera_msgs:/opt/ros/humble LD_LIBRARY_PATH=/ros2_ws/install/realsense2_camera_msgs/lib:${LD_LIBRARY_PATH} PYTHONPATH=/ros2_ws/install/realsense2_camera_msgs/local/lib/python3.10/dist-packages:${PYTHONPATH} /usr/bin/cmake --install /ros2_ws/build/realsense2_description
