-- Found ament_cmake: 1.3.12 (/opt/ros/humble/share/ament_cmake/cmake)
-- Found rclcpp: 16.0.14 (/opt/ros/humble/share/rclcpp/cmake)
-- Found rosidl_generator_c: 3.1.7 (/opt/ros/humble/share/rosidl_generator_c/cmake)
-- Found rosidl_adapter: 3.1.7 (/opt/ros/humble/share/rosidl_adapter/cmake)
-- Found rosidl_generator_cpp: 3.1.7 (/opt/ros/humble/share/rosidl_generator_cpp/cmake)
-- Using all available rosidl_typesupport_c: rosidl_typesupport_fastrtps_c;rosidl_typesupport_introspection_c
-- Using all available rosidl_typesupport_cpp: rosidl_typesupport_fastrtps_cpp;rosidl_typesupport_introspection_cpp
-- Found rmw_implementation_cmake: 6.1.2 (/opt/ros/humble/share/rmw_implementation_cmake/cmake)
-- Found rmw_cyclonedds_cpp: 1.3.4 (/opt/ros/humble/share/rmw_cyclonedds_cpp/cmake)
-- Using RMW implementation 'rmw_cyclonedds_cpp' as default
-- Found nav_msgs: 4.9.0 (/opt/ros/humble/share/nav_msgs/cmake)
-- Found rospi_pre: 0.0.0 (/ros2_ws/install/rospi_pre/share/rospi_pre/cmake)
-- Found ament_lint_auto: 0.12.14 (/opt/ros/humble/share/ament_lint_auto/cmake)
-- Added test 'cppcheck' to perform static code analysis on C / C++ code
-- Configured cppcheck include dirs: 
-- Configured cppcheck exclude dirs and/or files: 
-- Added test 'lint_cmake' to check CMake code style
-- Added test 'uncrustify' to check C / C++ code style
-- Configured uncrustify additional arguments: 
-- Added test 'xmllint' to check XML markup files
-- Configuring done
-- Generating done
-- Build files have been written to: /ros2_ws/build/navigation
[35m[1mConsolidate compiler generated dependencies of target chassis_controller[0m
[35m[1mConsolidate compiler generated dependencies of target check_point_4[0m
[100%] Built target chassis_controller
[100%] Built target check_point_4
-- Install configuration: ""
-- Up-to-date: /ros2_ws/install/navigation/lib/navigation/check_point_4
-- Up-to-date: /ros2_ws/install/navigation/lib/navigation/chassis_controller
-- Up-to-date: /ros2_ws/install/navigation/share/ament_index/resource_index/package_run_dependencies/navigation
-- Installing: /ros2_ws/install/navigation/share/ament_index/resource_index/parent_prefix_path/navigation
-- Up-to-date: /ros2_ws/install/navigation/share/navigation/environment/ament_prefix_path.sh
-- Installing: /ros2_ws/install/navigation/share/navigation/environment/ament_prefix_path.dsv
-- Up-to-date: /ros2_ws/install/navigation/share/navigation/environment/path.sh
-- Installing: /ros2_ws/install/navigation/share/navigation/environment/path.dsv
-- Up-to-date: /ros2_ws/install/navigation/share/navigation/local_setup.bash
-- Up-to-date: /ros2_ws/install/navigation/share/navigation/local_setup.sh
-- Up-to-date: /ros2_ws/install/navigation/share/navigation/local_setup.zsh
-- Installing: /ros2_ws/install/navigation/share/navigation/local_setup.dsv
-- Installing: /ros2_ws/install/navigation/share/navigation/package.dsv
-- Up-to-date: /ros2_ws/install/navigation/share/ament_index/resource_index/packages/navigation
-- Up-to-date: /ros2_ws/install/navigation/share/navigation/cmake/navigationConfig.cmake
-- Up-to-date: /ros2_ws/install/navigation/share/navigation/cmake/navigationConfig-version.cmake
-- Up-to-date: /ros2_ws/install/navigation/share/navigation/package.xml
