[0.022s] Invoking command in '/ros2_ws/build/navigation': CMAKE_PREFIX_PATH=/ros2_ws/install/rospi_pre:/ros2_ws/install/navigation:/ros2_ws/install/realsense2_description:/ros2_ws/install/realsense2_camera:/ros2_ws/install/realsense2_camera_msgs:/ros2_ws/install/main_pkg:/ros2_ws/install/camera:/opt/ros/humble /usr/bin/cmake --build /ros2_ws/build/navigation -- -j12 -l12
[0.044s] -- Found ament_cmake: 1.3.12 (/opt/ros/humble/share/ament_cmake/cmake)
[0.141s] -- Found rclcpp: 16.0.14 (/opt/ros/humble/share/rclcpp/cmake)
[0.163s] -- Found rosidl_generator_c: 3.1.7 (/opt/ros/humble/share/rosidl_generator_c/cmake)
[0.164s] -- Found rosidl_adapter: 3.1.7 (/opt/ros/humble/share/rosidl_adapter/cmake)
[0.168s] -- Found rosidl_generator_cpp: 3.1.7 (/opt/ros/humble/share/rosidl_generator_cpp/cmake)
[0.175s] -- Using all available rosidl_typesupport_c: rosidl_typesupport_fastrtps_c;rosidl_typesupport_introspection_c
[0.184s] -- Using all available rosidl_typesupport_cpp: rosidl_typesupport_fastrtps_cpp;rosidl_typesupport_introspection_cpp
[0.207s] -- Found rmw_implementation_cmake: 6.1.2 (/opt/ros/humble/share/rmw_implementation_cmake/cmake)
[0.208s] -- Found rmw_cyclonedds_cpp: 1.3.4 (/opt/ros/humble/share/rmw_cyclonedds_cpp/cmake)
[0.220s] -- Using RMW implementation 'rmw_cyclonedds_cpp' as default
[0.254s] -- Found nav_msgs: 4.9.0 (/opt/ros/humble/share/nav_msgs/cmake)
[0.274s] -- Found rospi_pre: 0.0.0 (/ros2_ws/install/rospi_pre/share/rospi_pre/cmake)
[0.286s] -- Found ament_lint_auto: 0.12.14 (/opt/ros/humble/share/ament_lint_auto/cmake)
[0.341s] -- Added test 'cppcheck' to perform static code analysis on C / C++ code
[0.341s] -- Configured cppcheck include dirs: 
[0.341s] -- Configured cppcheck exclude dirs and/or files: 
[0.341s] -- Added test 'lint_cmake' to check CMake code style
[0.343s] -- Added test 'uncrustify' to check C / C++ code style
[0.343s] -- Configured uncrustify additional arguments: 
[0.343s] -- Added test 'xmllint' to check XML markup files
[0.343s] -- Configuring done
[0.355s] -- Generating done
[0.359s] -- Build files have been written to: /ros2_ws/build/navigation
[0.381s] [35m[1mConsolidate compiler generated dependencies of target chassis_controller[0m
[0.382s] [35m[1mConsolidate compiler generated dependencies of target check_point_4[0m
[0.399s] [100%] Built target chassis_controller
[0.399s] [100%] Built target check_point_4
[0.409s] Invoked command in '/ros2_ws/build/navigation' returned '0': CMAKE_PREFIX_PATH=/ros2_ws/install/rospi_pre:/ros2_ws/install/navigation:/ros2_ws/install/realsense2_description:/ros2_ws/install/realsense2_camera:/ros2_ws/install/realsense2_camera_msgs:/ros2_ws/install/main_pkg:/ros2_ws/install/camera:/opt/ros/humble /usr/bin/cmake --build /ros2_ws/build/navigation -- -j12 -l12
[0.418s] Invoking command in '/ros2_ws/build/navigation': CMAKE_PREFIX_PATH=/ros2_ws/install/rospi_pre:/ros2_ws/install/navigation:/ros2_ws/install/realsense2_description:/ros2_ws/install/realsense2_camera:/ros2_ws/install/realsense2_camera_msgs:/ros2_ws/install/main_pkg:/ros2_ws/install/camera:/opt/ros/humble /usr/bin/cmake --install /ros2_ws/build/navigation
[0.425s] -- Install configuration: ""
[0.425s] -- Up-to-date: /ros2_ws/install/navigation/lib/navigation/check_point_4
[0.425s] -- Up-to-date: /ros2_ws/install/navigation/lib/navigation/chassis_controller
[0.425s] -- Up-to-date: /ros2_ws/install/navigation/share/ament_index/resource_index/package_run_dependencies/navigation
[0.425s] -- Installing: /ros2_ws/install/navigation/share/ament_index/resource_index/parent_prefix_path/navigation
[0.426s] -- Up-to-date: /ros2_ws/install/navigation/share/navigation/environment/ament_prefix_path.sh
[0.426s] -- Installing: /ros2_ws/install/navigation/share/navigation/environment/ament_prefix_path.dsv
[0.426s] -- Up-to-date: /ros2_ws/install/navigation/share/navigation/environment/path.sh
[0.426s] -- Installing: /ros2_ws/install/navigation/share/navigation/environment/path.dsv
[0.426s] -- Up-to-date: /ros2_ws/install/navigation/share/navigation/local_setup.bash
[0.426s] -- Up-to-date: /ros2_ws/install/navigation/share/navigation/local_setup.sh
[0.426s] -- Up-to-date: /ros2_ws/install/navigation/share/navigation/local_setup.zsh
[0.426s] -- Installing: /ros2_ws/install/navigation/share/navigation/local_setup.dsv
[0.426s] -- Installing: /ros2_ws/install/navigation/share/navigation/package.dsv
[0.427s] -- Up-to-date: /ros2_ws/install/navigation/share/ament_index/resource_index/packages/navigation
[0.427s] -- Up-to-date: /ros2_ws/install/navigation/share/navigation/cmake/navigationConfig.cmake
[0.427s] -- Up-to-date: /ros2_ws/install/navigation/share/navigation/cmake/navigationConfig-version.cmake
[0.427s] -- Up-to-date: /ros2_ws/install/navigation/share/navigation/package.xml
[0.428s] Invoked command in '/ros2_ws/build/navigation' returned '0': CMAKE_PREFIX_PATH=/ros2_ws/install/rospi_pre:/ros2_ws/install/navigation:/ros2_ws/install/realsense2_description:/ros2_ws/install/realsense2_camera:/ros2_ws/install/realsense2_camera_msgs:/ros2_ws/install/main_pkg:/ros2_ws/install/camera:/opt/ros/humble /usr/bin/cmake --install /ros2_ws/build/navigation
