[0.010s] Invoking command in '/home/tdk/ros2_ws/build/navigation': CMAKE_PREFIX_PATH=${CMAKE_PREFIX_PATH}:/opt/ros/humble /usr/bin/cmake --build /home/tdk/ros2_ws/build/navigation -- -j12 -l12
[0.047s] [35m[1mConsolidate compiler generated dependencies of target check_point_4[0m
[0.066s] [100%] Built target check_point_4
[0.076s] Invoked command in '/home/tdk/ros2_ws/build/navigation' returned '0': CMAKE_PREFIX_PATH=${CMAKE_PREFIX_PATH}:/opt/ros/humble /usr/bin/cmake --build /home/tdk/ros2_ws/build/navigation -- -j12 -l12
[0.083s] Invoking command in '/home/tdk/ros2_ws/build/navigation': CMAKE_PREFIX_PATH=${CMAKE_PREFIX_PATH}:/opt/ros/humble /usr/bin/cmake --install /home/tdk/ros2_ws/build/navigation
[0.089s] -- Install configuration: ""
[0.089s] -- Up-to-date: /home/tdk/ros2_ws/install/navigation/lib/navigation/check_point_4
[0.089s] -- Up-to-date: /home/tdk/ros2_ws/install/navigation/share/ament_index/resource_index/package_run_dependencies/navigation
[0.089s] -- Up-to-date: /home/tdk/ros2_ws/install/navigation/share/ament_index/resource_index/parent_prefix_path/navigation
[0.089s] -- Up-to-date: /home/tdk/ros2_ws/install/navigation/share/navigation/environment/ament_prefix_path.sh
[0.089s] -- Up-to-date: /home/tdk/ros2_ws/install/navigation/share/navigation/environment/ament_prefix_path.dsv
[0.090s] -- Up-to-date: /home/tdk/ros2_ws/install/navigation/share/navigation/environment/path.sh
[0.090s] -- Up-to-date: /home/tdk/ros2_ws/install/navigation/share/navigation/environment/path.dsv
[0.090s] -- Up-to-date: /home/tdk/ros2_ws/install/navigation/share/navigation/local_setup.bash
[0.090s] -- Up-to-date: /home/tdk/ros2_ws/install/navigation/share/navigation/local_setup.sh
[0.090s] -- Up-to-date: /home/tdk/ros2_ws/install/navigation/share/navigation/local_setup.zsh
[0.090s] -- Up-to-date: /home/tdk/ros2_ws/install/navigation/share/navigation/local_setup.dsv
[0.090s] -- Installing: /home/tdk/ros2_ws/install/navigation/share/navigation/package.dsv
[0.090s] -- Up-to-date: /home/tdk/ros2_ws/install/navigation/share/ament_index/resource_index/packages/navigation
[0.090s] -- Up-to-date: /home/tdk/ros2_ws/install/navigation/share/navigation/cmake/navigationConfig.cmake
[0.090s] -- Up-to-date: /home/tdk/ros2_ws/install/navigation/share/navigation/cmake/navigationConfig-version.cmake
[0.090s] -- Up-to-date: /home/tdk/ros2_ws/install/navigation/share/navigation/package.xml
[0.091s] Invoked command in '/home/tdk/ros2_ws/build/navigation' returned '0': CMAKE_PREFIX_PATH=${CMAKE_PREFIX_PATH}:/opt/ros/humble /usr/bin/cmake --install /home/tdk/ros2_ws/build/navigation
