[0.025s] Invoking command in '/ros2_ws/build/realsense2_camera_msgs': CMAKE_PREFIX_PATH=${CMAKE_PREFIX_PATH}:/opt/ros/humble /usr/bin/cmake --build /ros2_ws/build/realsense2_camera_msgs -- -j12 -l12
[0.108s] [35m[1mConsolidate compiler generated dependencies of target realsense2_camera_msgs__rosidl_generator_c[0m
[0.123s] [  1%] Built target realsense2_camera_msgs__cpp
[0.135s] [ 12%] Built target realsense2_camera_msgs__rosidl_generator_c
[0.142s] [ 12%] Built target ament_cmake_python_copy_realsense2_camera_msgs
[0.142s] [35m[1mConsolidate compiler generated dependencies of target realsense2_camera_msgs__rosidl_typesupport_cpp[0m
[0.143s] [35m[1mConsolidate compiler generated dependencies of target realsense2_camera_msgs__rosidl_typesupport_fastrtps_cpp[0m
[0.143s] [35m[1mConsolidate compiler generated dependencies of target realsense2_camera_msgs__rosidl_typesupport_introspection_cpp[0m
[0.158s] [35m[1mConsolidate compiler generated dependencies of target realsense2_camera_msgs__rosidl_typesupport_c[0m
[0.158s] [35m[1mConsolidate compiler generated dependencies of target realsense2_camera_msgs__rosidl_typesupport_introspection_c[0m
[0.159s] [35m[1mConsolidate compiler generated dependencies of target realsense2_camera_msgs__rosidl_typesupport_fastrtps_c[0m
[0.180s] [ 23%] Built target realsense2_camera_msgs__rosidl_typesupport_cpp
[0.182s] [ 34%] Built target realsense2_camera_msgs__rosidl_typesupport_fastrtps_cpp
[0.187s] [ 49%] Built target realsense2_camera_msgs__rosidl_typesupport_introspection_cpp
[0.187s] [ 57%] Built target realsense2_camera_msgs__rosidl_typesupport_c
[0.190s] [ 68%] Built target realsense2_camera_msgs__rosidl_typesupport_introspection_c
[0.197s] [ 79%] Built target realsense2_camera_msgs__rosidl_typesupport_fastrtps_c
[0.224s] [ 79%] Built target realsense2_camera_msgs
[0.250s] [ 80%] Built target realsense2_camera_msgs__py
[0.262s] [35m[1mConsolidate compiler generated dependencies of target realsense2_camera_msgs__rosidl_generator_py[0m
[0.282s] [ 90%] Built target realsense2_camera_msgs__rosidl_generator_py
[0.295s] [35m[1mConsolidate compiler generated dependencies of target realsense2_camera_msgs__rosidl_typesupport_introspection_c__pyext[0m
[0.295s] [35m[1mConsolidate compiler generated dependencies of target realsense2_camera_msgs__rosidl_typesupport_fastrtps_c__pyext[0m
[0.295s] [35m[1mConsolidate compiler generated dependencies of target realsense2_camera_msgs__rosidl_typesupport_c__pyext[0m
[0.310s] [ 93%] Built target realsense2_camera_msgs__rosidl_typesupport_introspection_c__pyext
[0.311s] [100%] Built target realsense2_camera_msgs__rosidl_typesupport_c__pyext
[0.311s] [100%] Built target realsense2_camera_msgs__rosidl_typesupport_fastrtps_c__pyext
[0.373s] running egg_info
[0.374s] writing realsense2_camera_msgs.egg-info/PKG-INFO
[0.374s] writing dependency_links to realsense2_camera_msgs.egg-info/dependency_links.txt
[0.374s] writing top-level names to realsense2_camera_msgs.egg-info/top_level.txt
[0.376s] reading manifest file 'realsense2_camera_msgs.egg-info/SOURCES.txt'
[0.377s] writing manifest file 'realsense2_camera_msgs.egg-info/SOURCES.txt'
[0.406s] [100%] Built target ament_cmake_python_build_realsense2_camera_msgs_egg
