[35m[1mConsolidate compiler generated dependencies of target TFsetup[0m
[35m[1mConsolidate compiler generated dependencies of target imread[0m
[35m[1mConsolidate compiler generated dependencies of target coffee2[0m
[35m[1mConsolidate compiler generated dependencies of target coffee1[0m
[35m[1mConsolidate compiler generated dependencies of target transform[0m
[35m[1mConsolidate compiler generated dependencies of target arm[0m
[35m[1mConsolidate compiler generated dependencies of target orange[0m
[ 14%] Built target coffee1
[ 28%] Built target TFsetup
[ 42%] Built target imread
[ 57%] Built target coffee2
[ 71%] Built target arm
[100%] Built target orange
[100%] Built target transform
-- Install configuration: ""
-- Installing: /ros2_ws/install/camera/lib/camera/imread
-- Set runtime path of "/ros2_ws/install/camera/lib/camera/imread" to ""
-- Installing: /ros2_ws/install/camera/lib/camera/coffee1
-- Set runtime path of "/ros2_ws/install/camera/lib/camera/coffee1" to ""
-- Installing: /ros2_ws/install/camera/lib/camera/coffee2
-- Set runtime path of "/ros2_ws/install/camera/lib/camera/coffee2" to ""
-- Installing: /ros2_ws/install/camera/lib/camera/orange
-- Set runtime path of "/ros2_ws/install/camera/lib/camera/orange" to ""
-- Installing: /ros2_ws/install/camera/lib/camera/TFsetup
-- Set runtime path of "/ros2_ws/install/camera/lib/camera/TFsetup" to ""
-- Installing: /ros2_ws/install/camera/lib/camera/transform
-- Set runtime path of "/ros2_ws/install/camera/lib/camera/transform" to ""
-- Installing: /ros2_ws/install/camera/lib/camera/arm
-- Set runtime path of "/ros2_ws/install/camera/lib/camera/arm" to ""
-- Up-to-date: /ros2_ws/install/camera/share/camera/launch
-- Up-to-date: /ros2_ws/install/camera/share/camera/launch/launch.xml
-- Up-to-date: /ros2_ws/install/camera/share/ament_index/resource_index/package_run_dependencies/camera
-- Installing: /ros2_ws/install/camera/share/ament_index/resource_index/parent_prefix_path/camera
-- Installing: /ros2_ws/install/camera/share/camera/environment/ament_prefix_path.sh
-- Installing: /ros2_ws/install/camera/share/camera/environment/ament_prefix_path.dsv
-- Installing: /ros2_ws/install/camera/share/camera/environment/path.sh
-- Installing: /ros2_ws/install/camera/share/camera/environment/path.dsv
-- Up-to-date: /ros2_ws/install/camera/share/camera/local_setup.bash
-- Up-to-date: /ros2_ws/install/camera/share/camera/local_setup.sh
-- Up-to-date: /ros2_ws/install/camera/share/camera/local_setup.zsh
-- Installing: /ros2_ws/install/camera/share/camera/local_setup.dsv
-- Installing: /ros2_ws/install/camera/share/camera/package.dsv
-- Up-to-date: /ros2_ws/install/camera/share/ament_index/resource_index/packages/camera
-- Up-to-date: /ros2_ws/install/camera/share/camera/cmake/cameraConfig.cmake
-- Up-to-date: /ros2_ws/install/camera/share/camera/cmake/cameraConfig-version.cmake
-- Up-to-date: /ros2_ws/install/camera/share/camera/package.xml
