[0.020s] Invoking command in '/ros2_ws/build/camera': CMAKE_PREFIX_PATH=/opt/ros/humble /usr/bin/cmake --build /ros2_ws/build/camera -- -j16 -l16
[0.059s] [35m[1mConsolidate compiler generated dependencies of target TFsetup[0m
[0.059s] [35m[1mConsolidate compiler generated dependencies of target imread[0m
[0.059s] [35m[1mConsolidate compiler generated dependencies of target coffee2[0m
[0.059s] [35m[1mConsolidate compiler generated dependencies of target coffee1[0m
[0.060s] [35m[1mConsolidate compiler generated dependencies of target transform[0m
[0.061s] [35m[1mConsolidate compiler generated dependencies of target arm[0m
[0.065s] [35m[1mConsolidate compiler generated dependencies of target orange[0m
[0.092s] [ 14%] Built target coffee1
[0.093s] [ 28%] Built target TFsetup
[0.094s] [ 42%] Built target imread
[0.094s] [ 57%] Built target coffee2
[0.094s] [ 71%] Built target arm
[0.099s] [100%] Built target orange
[0.099s] [100%] Built target transform
[0.109s] Invoked command in '/ros2_ws/build/camera' returned '0': CMAKE_PREFIX_PATH=/opt/ros/humble /usr/bin/cmake --build /ros2_ws/build/camera -- -j16 -l16
[0.150s] Invoking command in '/ros2_ws/build/camera': CMAKE_PREFIX_PATH=/opt/ros/humble /usr/bin/cmake --install /ros2_ws/build/camera
[0.156s] -- Install configuration: ""
[0.156s] -- Installing: /ros2_ws/install/camera/lib/camera/imread
[0.164s] -- Set runtime path of "/ros2_ws/install/camera/lib/camera/imread" to ""
[0.164s] -- Installing: /ros2_ws/install/camera/lib/camera/coffee1
[0.170s] -- Set runtime path of "/ros2_ws/install/camera/lib/camera/coffee1" to ""
[0.170s] -- Installing: /ros2_ws/install/camera/lib/camera/coffee2
[0.178s] -- Set runtime path of "/ros2_ws/install/camera/lib/camera/coffee2" to ""
[0.178s] -- Installing: /ros2_ws/install/camera/lib/camera/orange
[0.187s] -- Set runtime path of "/ros2_ws/install/camera/lib/camera/orange" to ""
[0.187s] -- Installing: /ros2_ws/install/camera/lib/camera/TFsetup
[0.194s] -- Set runtime path of "/ros2_ws/install/camera/lib/camera/TFsetup" to ""
[0.194s] -- Installing: /ros2_ws/install/camera/lib/camera/transform
[0.199s] -- Set runtime path of "/ros2_ws/install/camera/lib/camera/transform" to ""
[0.199s] -- Installing: /ros2_ws/install/camera/lib/camera/arm
[0.204s] -- Set runtime path of "/ros2_ws/install/camera/lib/camera/arm" to ""
[0.204s] -- Up-to-date: /ros2_ws/install/camera/share/camera/launch
[0.204s] -- Up-to-date: /ros2_ws/install/camera/share/camera/launch/launch.xml
[0.204s] -- Up-to-date: /ros2_ws/install/camera/share/ament_index/resource_index/package_run_dependencies/camera
[0.204s] -- Installing: /ros2_ws/install/camera/share/ament_index/resource_index/parent_prefix_path/camera
[0.204s] -- Installing: /ros2_ws/install/camera/share/camera/environment/ament_prefix_path.sh
[0.204s] -- Installing: /ros2_ws/install/camera/share/camera/environment/ament_prefix_path.dsv
[0.205s] -- Installing: /ros2_ws/install/camera/share/camera/environment/path.sh
[0.205s] -- Installing: /ros2_ws/install/camera/share/camera/environment/path.dsv
[0.205s] -- Up-to-date: /ros2_ws/install/camera/share/camera/local_setup.bash
[0.205s] -- Up-to-date: /ros2_ws/install/camera/share/camera/local_setup.sh
[0.205s] -- Up-to-date: /ros2_ws/install/camera/share/camera/local_setup.zsh
[0.205s] -- Installing: /ros2_ws/install/camera/share/camera/local_setup.dsv
[0.205s] -- Installing: /ros2_ws/install/camera/share/camera/package.dsv
[0.205s] -- Up-to-date: /ros2_ws/install/camera/share/ament_index/resource_index/packages/camera
[0.205s] -- Up-to-date: /ros2_ws/install/camera/share/camera/cmake/cameraConfig.cmake
[0.205s] -- Up-to-date: /ros2_ws/install/camera/share/camera/cmake/cameraConfig-version.cmake
[0.205s] -- Up-to-date: /ros2_ws/install/camera/share/camera/package.xml
[0.208s] Invoked command in '/ros2_ws/build/camera' returned '0': CMAKE_PREFIX_PATH=/opt/ros/humble /usr/bin/cmake --install /ros2_ws/build/camera
