[35m[1mConsolidate compiler generated dependencies of target rospi_pre__rosidl_generator_c[0m
[  3%] Built target rospi_pre__cpp
[ 12%] Built target rospi_pre__rosidl_generator_c
[ 12%] Built target ament_cmake_python_copy_rospi_pre
[35m[1mConsolidate compiler generated dependencies of target rospi_pre__rosidl_typesupport_cpp[0m
[35m[1mConsolidate compiler generated dependencies of target rospi_pre__rosidl_typesupport_fastrtps_cpp[0m
[35m[1mConsolidate compiler generated dependencies of target rospi_pre__rosidl_typesupport_introspection_cpp[0m
[35m[1mConsolidate compiler generated dependencies of target rospi_pre__rosidl_typesupport_fastrtps_c[0m
[35m[1mConsolidate compiler generated dependencies of target rospi_pre__rosidl_typesupport_introspection_c[0m
[35m[1mConsolidate compiler generated dependencies of target rospi_pre__rosidl_typesupport_c[0m
[ 22%] Built target rospi_pre__rosidl_typesupport_cpp
[ 32%] Built target rospi_pre__rosidl_typesupport_fastrtps_cpp
[ 41%] Built target rospi_pre__rosidl_typesupport_introspection_cpp
[ 51%] Built target rospi_pre__rosidl_typesupport_introspection_c
[ 61%] Built target rospi_pre__rosidl_typesupport_c
[ 70%] Built target rospi_pre__rosidl_typesupport_fastrtps_c
[ 70%] Built target rospi_pre
[ 74%] Built target rospi_pre__py
[35m[1mConsolidate compiler generated dependencies of target rospi_pre__rosidl_generator_py[0m
[ 80%] Built target rospi_pre__rosidl_generator_py
[35m[1mConsolidate compiler generated dependencies of target rospi_pre__rosidl_typesupport_fastrtps_c__pyext[0m
[35m[1mConsolidate compiler generated dependencies of target rospi_pre__rosidl_typesupport_introspection_c__pyext[0m
[35m[1mConsolidate compiler generated dependencies of target rospi_pre__rosidl_typesupport_c__pyext[0m
[100%] Built target rospi_pre__rosidl_typesupport_c__pyext
[100%] Built target rospi_pre__rosidl_typesupport_fastrtps_c__pyext
[100%] Built target rospi_pre__rosidl_typesupport_introspection_c__pyext
running egg_info
writing rospi_pre.egg-info/PKG-INFO
writing dependency_links to rospi_pre.egg-info/dependency_links.txt
writing top-level names to rospi_pre.egg-info/top_level.txt
reading manifest file 'rospi_pre.egg-info/SOURCES.txt'
writing manifest file 'rospi_pre.egg-info/SOURCES.txt'
[100%] Built target ament_cmake_python_build_rospi_pre_egg
