[0.012s] Invoking command in '/home/tdk/ros2_ws/build/cpp_pubsub': CMAKE_PREFIX_PATH=/opt/ros/humble /usr/bin/cmake /home/tdk/ros2_ws/src/cpp_pubsub -DCMAKE_INSTALL_PREFIX=/home/tdk/ros2_ws/install/cpp_pubsub
[0.121s] -- The C compiler identification is GNU 11.4.0
[0.200s] -- The CXX compiler identification is GNU 11.4.0
[0.210s] -- Detecting C compiler ABI info
[0.283s] -- Detecting C compiler ABI info - done
[0.288s] -- Check for working C compiler: /usr/bin/cc - skipped
[0.288s] -- Detecting C compile features
[0.289s] -- Detecting C compile features - done
[0.292s] -- Detecting CXX compiler ABI info
[0.368s] -- Detecting CXX compiler ABI info - done
[0.373s] -- Check for working CXX compiler: /usr/bin/c++ - skipped
[0.373s] -- Detecting CXX compile features
[0.374s] -- Detecting CXX compile features - done
[0.380s] -- Found ament_cmake: 1.3.11 (/opt/ros/humble/share/ament_cmake/cmake)
[0.515s] -- Found Python3: /usr/bin/python3 (found version "3.10.12") found components: Interpreter 
[0.608s] -- Found ament_lint_auto: 0.12.12 (/opt/ros/humble/share/ament_lint_auto/cmake)
[0.680s] -- Added test 'lint_cmake' to check CMake code style
[0.681s] -- Added test 'xmllint' to check XML markup files
[0.683s] -- Configuring done
[0.686s] -- Generating done
[0.688s] -- Build files have been written to: /home/tdk/ros2_ws/build/cpp_pubsub
[0.694s] Invoked command in '/home/tdk/ros2_ws/build/cpp_pubsub' returned '0': CMAKE_PREFIX_PATH=/opt/ros/humble /usr/bin/cmake /home/tdk/ros2_ws/src/cpp_pubsub -DCMAKE_INSTALL_PREFIX=/home/tdk/ros2_ws/install/cpp_pubsub
[0.696s] Invoking command in '/home/tdk/ros2_ws/build/cpp_pubsub': CMAKE_PREFIX_PATH=/opt/ros/humble /usr/bin/cmake --build /home/tdk/ros2_ws/build/cpp_pubsub -- -j12 -l12
[0.739s] Invoked command in '/home/tdk/ros2_ws/build/cpp_pubsub' returned '0': CMAKE_PREFIX_PATH=/opt/ros/humble /usr/bin/cmake --build /home/tdk/ros2_ws/build/cpp_pubsub -- -j12 -l12
[0.751s] Invoking command in '/home/tdk/ros2_ws/build/cpp_pubsub': CMAKE_PREFIX_PATH=/opt/ros/humble /usr/bin/cmake --install /home/tdk/ros2_ws/build/cpp_pubsub
[0.758s] -- Install configuration: ""
[0.758s] -- Installing: /home/tdk/ros2_ws/install/cpp_pubsub/share/ament_index/resource_index/package_run_dependencies/cpp_pubsub
[0.758s] -- Installing: /home/tdk/ros2_ws/install/cpp_pubsub/share/ament_index/resource_index/parent_prefix_path/cpp_pubsub
[0.758s] -- Installing: /home/tdk/ros2_ws/install/cpp_pubsub/share/cpp_pubsub/environment/ament_prefix_path.sh
[0.759s] -- Installing: /home/tdk/ros2_ws/install/cpp_pubsub/share/cpp_pubsub/environment/ament_prefix_path.dsv
[0.759s] -- Installing: /home/tdk/ros2_ws/install/cpp_pubsub/share/cpp_pubsub/environment/path.sh
[0.759s] -- Installing: /home/tdk/ros2_ws/install/cpp_pubsub/share/cpp_pubsub/environment/path.dsv
[0.759s] -- Installing: /home/tdk/ros2_ws/install/cpp_pubsub/share/cpp_pubsub/local_setup.bash
[0.759s] -- Installing: /home/tdk/ros2_ws/install/cpp_pubsub/share/cpp_pubsub/local_setup.sh
[0.759s] -- Installing: /home/tdk/ros2_ws/install/cpp_pubsub/share/cpp_pubsub/local_setup.zsh
[0.760s] -- Installing: /home/tdk/ros2_ws/install/cpp_pubsub/share/cpp_pubsub/local_setup.dsv
[0.760s] -- Installing: /home/tdk/ros2_ws/install/cpp_pubsub/share/cpp_pubsub/package.dsv
[0.760s] -- Installing: /home/tdk/ros2_ws/install/cpp_pubsub/share/ament_index/resource_index/packages/cpp_pubsub
[0.760s] -- Installing: /home/tdk/ros2_ws/install/cpp_pubsub/share/cpp_pubsub/cmake/cpp_pubsubConfig.cmake
[0.760s] -- Installing: /home/tdk/ros2_ws/install/cpp_pubsub/share/cpp_pubsub/cmake/cpp_pubsubConfig-version.cmake
[0.760s] -- Installing: /home/tdk/ros2_ws/install/cpp_pubsub/share/cpp_pubsub/package.xml
[0.763s] Invoked command in '/home/tdk/ros2_ws/build/cpp_pubsub' returned '0': CMAKE_PREFIX_PATH=/opt/ros/humble /usr/bin/cmake --install /home/tdk/ros2_ws/build/cpp_pubsub
