-- The C compiler identification is GNU 11.4.0
-- The CXX compiler identification is GNU 11.4.0
-- Detecting C compiler ABI info
-- Detecting C compiler ABI info - done
-- Check for working C compiler: /usr/bin/cc - skipped
-- Detecting C compile features
-- Detecting C compile features - done
-- Detecting CXX compiler ABI info
-- Detecting CXX compiler ABI info - done
-- Check for working CXX compiler: /usr/bin/c++ - skipped
-- Detecting CXX compile features
-- Detecting CXX compile features - done
-- Found ament_cmake: 1.3.12 (/opt/ros/humble/share/ament_cmake/cmake)
-- Found Python3: /usr/bin/python3 (found version "3.10.12") found components: Interpreter 
-- Found rclcpp: 16.0.14 (/opt/ros/humble/share/rclcpp/cmake)
-- Found rosidl_generator_c: 3.1.7 (/opt/ros/humble/share/rosidl_generator_c/cmake)
-- Found rosidl_adapter: 3.1.7 (/opt/ros/humble/share/rosidl_adapter/cmake)
-- Found rosidl_generator_cpp: 3.1.7 (/opt/ros/humble/share/rosidl_generator_cpp/cmake)
-- Using all available rosidl_typesupport_c: rosidl_typesupport_fastrtps_c;rosidl_typesupport_introspection_c
-- Using all available rosidl_typesupport_cpp: rosidl_typesupport_fastrtps_cpp;rosidl_typesupport_introspection_cpp
-- Found rmw_implementation_cmake: 6.1.2 (/opt/ros/humble/share/rmw_implementation_cmake/cmake)
-- Found rmw_cyclonedds_cpp: 1.3.4 (/opt/ros/humble/share/rmw_cyclonedds_cpp/cmake)
-- Using RMW implementation 'rmw_cyclonedds_cpp' as default
-- Looking for pthread.h
-- Looking for pthread.h - found
-- Performing Test CMAKE_HAVE_LIBC_PTHREAD
-- Performing Test CMAKE_HAVE_LIBC_PTHREAD - Success
-- Found Threads: TRUE  
-- Found sensor_msgs: 4.9.0 (/opt/ros/humble/share/sensor_msgs/cmake)
-- Found OpenCV: /usr (found version "4.5.4") found components: core imgproc highgui calib3d 
-- Found cv_bridge: 3.2.1 (/opt/ros/humble/share/cv_bridge/cmake)
-- Found image_transport: 3.1.12 (/opt/ros/humble/share/image_transport/cmake)
-- Found tf2: 0.25.15 (/opt/ros/humble/share/tf2/cmake)
-- Found tf2_ros: 0.25.15 (/opt/ros/humble/share/tf2_ros/cmake)
-- Found tf2_geometry_msgs: 0.25.15 (/opt/ros/humble/share/tf2_geometry_msgs/cmake)
-- Found eigen3_cmake_module: 0.1.1 (/opt/ros/humble/share/eigen3_cmake_module/cmake)
-- Found Eigen3: TRUE (found version "3.4.0") 
-- Ensuring Eigen3 include directory is part of orocos-kdl CMake target
-- Found visualization_msgs: 4.9.0 (/opt/ros/humble/share/visualization_msgs/cmake)
-- Found ament_lint_auto: 0.12.14 (/opt/ros/humble/share/ament_lint_auto/cmake)
-- Added test 'cppcheck' to perform static code analysis on C / C++ code
-- Configured cppcheck include dirs: /ros2_ws/src/camera/include
-- Configured cppcheck exclude dirs and/or files: 
-- Added test 'lint_cmake' to check CMake code style
-- Added test 'uncrustify' to check C / C++ code style
-- Configured uncrustify additional arguments: 
-- Added test 'xmllint' to check XML markup files
-- Configuring done
-- Generating done
-- Build files have been written to: /ros2_ws/build/camera
[  7%] [32mBuilding CXX object CMakeFiles/coffee1.dir/src/coffee1.cpp.o[0m
[ 14%] [32mBuilding CXX object CMakeFiles/imread.dir/src/imread.cpp.o[0m
[ 21%] [32mBuilding CXX object CMakeFiles/orange.dir/src/orange.cpp.o[0m
[ 28%] [32mBuilding CXX object CMakeFiles/arm.dir/src/arm.cpp.o[0m
[ 35%] [32mBuilding CXX object CMakeFiles/transform.dir/src/transform.cpp.o[0m
[ 42%] [32mBuilding CXX object CMakeFiles/coffee2.dir/src/coffee2.cpp.o[0m
[ 50%] [32mBuilding CXX object CMakeFiles/TFsetup.dir/src/TFsetup.cpp.o[0m
[ 57%] [32m[1mLinking CXX executable arm[0m
[ 57%] Built target arm
[ 64%] [32m[1mLinking CXX executable transform[0m
[ 64%] Built target transform
[ 71%] [32m[1mLinking CXX executable TFsetup[0m
[ 71%] Built target TFsetup
[ 78%] [32m[1mLinking CXX executable imread[0m
[ 85%] [32m[1mLinking CXX executable orange[0m
[ 92%] [32m[1mLinking CXX executable coffee2[0m
[100%] [32m[1mLinking CXX executable coffee1[0m
[100%] Built target imread
[100%] Built target orange
[100%] Built target coffee1
[100%] Built target coffee2
-- Install configuration: ""
-- Installing: /ros2_ws/install/camera/lib/camera/imread
-- Set runtime path of "/ros2_ws/install/camera/lib/camera/imread" to ""
-- Installing: /ros2_ws/install/camera/lib/camera/coffee1
-- Set runtime path of "/ros2_ws/install/camera/lib/camera/coffee1" to ""
-- Installing: /ros2_ws/install/camera/lib/camera/coffee2
-- Set runtime path of "/ros2_ws/install/camera/lib/camera/coffee2" to ""
-- Installing: /ros2_ws/install/camera/lib/camera/orange
-- Set runtime path of "/ros2_ws/install/camera/lib/camera/orange" to ""
-- Installing: /ros2_ws/install/camera/lib/camera/TFsetup
-- Set runtime path of "/ros2_ws/install/camera/lib/camera/TFsetup" to ""
-- Installing: /ros2_ws/install/camera/lib/camera/transform
-- Set runtime path of "/ros2_ws/install/camera/lib/camera/transform" to ""
-- Installing: /ros2_ws/install/camera/lib/camera/arm
-- Set runtime path of "/ros2_ws/install/camera/lib/camera/arm" to ""
-- Installing: /ros2_ws/install/camera/share/camera/launch
-- Installing: /ros2_ws/install/camera/share/camera/launch/launch.xml
-- Installing: /ros2_ws/install/camera/share/ament_index/resource_index/package_run_dependencies/camera
-- Installing: /ros2_ws/install/camera/share/ament_index/resource_index/parent_prefix_path/camera
-- Installing: /ros2_ws/install/camera/share/camera/environment/ament_prefix_path.sh
-- Installing: /ros2_ws/install/camera/share/camera/environment/ament_prefix_path.dsv
-- Installing: /ros2_ws/install/camera/share/camera/environment/path.sh
-- Installing: /ros2_ws/install/camera/share/camera/environment/path.dsv
-- Installing: /ros2_ws/install/camera/share/camera/local_setup.bash
-- Installing: /ros2_ws/install/camera/share/camera/local_setup.sh
-- Installing: /ros2_ws/install/camera/share/camera/local_setup.zsh
-- Installing: /ros2_ws/install/camera/share/camera/local_setup.dsv
-- Installing: /ros2_ws/install/camera/share/camera/package.dsv
-- Installing: /ros2_ws/install/camera/share/ament_index/resource_index/packages/camera
-- Installing: /ros2_ws/install/camera/share/camera/cmake/cameraConfig.cmake
-- Installing: /ros2_ws/install/camera/share/camera/cmake/cameraConfig-version.cmake
-- Installing: /ros2_ws/install/camera/share/camera/package.xml
