[0.011s] Invoking command in '/ros2_ws/build/camera': CMAKE_PREFIX_PATH=${CMAKE_PREFIX_PATH}:/opt/ros/humble /usr/bin/cmake /ros2_ws/src/camera -DCMAKE_INSTALL_PREFIX=/ros2_ws/install/camera
[0.074s] -- The C compiler identification is GNU 11.4.0
[0.125s] -- The CXX compiler identification is GNU 11.4.0
[0.132s] -- Detecting C compiler ABI info
[0.193s] -- Detecting C compiler ABI info - done
[0.198s] -- Check for working C compiler: /usr/bin/cc - skipped
[0.198s] -- Detecting C compile features
[0.199s] -- Detecting C compile features - done
[0.201s] -- Detecting CXX compiler ABI info
[0.272s] -- Detecting CXX compiler ABI info - done
[0.277s] -- Check for working CXX compiler: /usr/bin/c++ - skipped
[0.278s] -- Detecting CXX compile features
[0.278s] -- Detecting CXX compile features - done
[0.282s] -- Found ament_cmake: 1.3.12 (/opt/ros/humble/share/ament_cmake/cmake)
[0.393s] -- Found Python3: /usr/bin/python3 (found version "3.10.12") found components: Interpreter 
[0.480s] -- Found rclcpp: 16.0.14 (/opt/ros/humble/share/rclcpp/cmake)
[0.513s] -- Found rosidl_generator_c: 3.1.7 (/opt/ros/humble/share/rosidl_generator_c/cmake)
[0.517s] -- Found rosidl_adapter: 3.1.7 (/opt/ros/humble/share/rosidl_adapter/cmake)
[0.523s] -- Found rosidl_generator_cpp: 3.1.7 (/opt/ros/humble/share/rosidl_generator_cpp/cmake)
[0.533s] -- Using all available rosidl_typesupport_c: rosidl_typesupport_fastrtps_c;rosidl_typesupport_introspection_c
[0.546s] -- Using all available rosidl_typesupport_cpp: rosidl_typesupport_fastrtps_cpp;rosidl_typesupport_introspection_cpp
[0.582s] -- Found rmw_implementation_cmake: 6.1.2 (/opt/ros/humble/share/rmw_implementation_cmake/cmake)
[0.584s] -- Found rmw_cyclonedds_cpp: 1.3.4 (/opt/ros/humble/share/rmw_cyclonedds_cpp/cmake)
[0.604s] -- Using RMW implementation 'rmw_cyclonedds_cpp' as default
[0.612s] -- Looking for pthread.h
[0.684s] -- Looking for pthread.h - found
[0.685s] -- Performing Test CMAKE_HAVE_LIBC_PTHREAD
[0.756s] -- Performing Test CMAKE_HAVE_LIBC_PTHREAD - Success
[0.757s] -- Found Threads: TRUE  
[0.798s] -- Found sensor_msgs: 4.9.0 (/opt/ros/humble/share/sensor_msgs/cmake)
[0.827s] -- Found OpenCV: /usr (found version "4.5.4") found components: core imgproc highgui calib3d 
[0.828s] -- Found cv_bridge: 3.2.1 (/opt/ros/humble/share/cv_bridge/cmake)
[0.832s] -- Found image_transport: 3.1.12 (/opt/ros/humble/share/image_transport/cmake)
[0.862s] -- Found tf2: 0.25.15 (/opt/ros/humble/share/tf2/cmake)
[0.866s] -- Found tf2_ros: 0.25.15 (/opt/ros/humble/share/tf2_ros/cmake)
[0.938s] -- Found tf2_geometry_msgs: 0.25.15 (/opt/ros/humble/share/tf2_geometry_msgs/cmake)
[0.955s] -- Found eigen3_cmake_module: 0.1.1 (/opt/ros/humble/share/eigen3_cmake_module/cmake)
[0.956s] -- Found Eigen3: TRUE (found version "3.4.0") 
[0.956s] -- Ensuring Eigen3 include directory is part of orocos-kdl CMake target
[0.959s] -- Found visualization_msgs: 4.9.0 (/opt/ros/humble/share/visualization_msgs/cmake)
[0.985s] -- Found ament_lint_auto: 0.12.14 (/opt/ros/humble/share/ament_lint_auto/cmake)
[1.055s] -- Added test 'cppcheck' to perform static code analysis on C / C++ code
[1.055s] -- Configured cppcheck include dirs: /ros2_ws/src/camera/include
[1.055s] -- Configured cppcheck exclude dirs and/or files: 
[1.057s] -- Added test 'lint_cmake' to check CMake code style
[1.058s] -- Added test 'uncrustify' to check C / C++ code style
[1.058s] -- Configured uncrustify additional arguments: 
[1.059s] -- Added test 'xmllint' to check XML markup files
[1.061s] -- Configuring done
[1.092s] -- Generating done
[1.103s] -- Build files have been written to: /ros2_ws/build/camera
[1.113s] Invoked command in '/ros2_ws/build/camera' returned '0': CMAKE_PREFIX_PATH=${CMAKE_PREFIX_PATH}:/opt/ros/humble /usr/bin/cmake /ros2_ws/src/camera -DCMAKE_INSTALL_PREFIX=/ros2_ws/install/camera
[1.115s] Invoking command in '/ros2_ws/build/camera': CMAKE_PREFIX_PATH=${CMAKE_PREFIX_PATH}:/opt/ros/humble /usr/bin/cmake --build /ros2_ws/build/camera -- -j12 -l12
[1.168s] [  7%] [32mBuilding CXX object CMakeFiles/coffee1.dir/src/coffee1.cpp.o[0m
[1.169s] [ 14%] [32mBuilding CXX object CMakeFiles/imread.dir/src/imread.cpp.o[0m
[1.169s] [ 21%] [32mBuilding CXX object CMakeFiles/orange.dir/src/orange.cpp.o[0m
[1.169s] [ 28%] [32mBuilding CXX object CMakeFiles/arm.dir/src/arm.cpp.o[0m
[1.169s] [ 35%] [32mBuilding CXX object CMakeFiles/transform.dir/src/transform.cpp.o[0m
[1.169s] [ 42%] [32mBuilding CXX object CMakeFiles/coffee2.dir/src/coffee2.cpp.o[0m
[1.170s] [ 50%] [32mBuilding CXX object CMakeFiles/TFsetup.dir/src/TFsetup.cpp.o[0m
[14.767s] [ 57%] [32m[1mLinking CXX executable arm[0m
[15.290s] [ 57%] Built target arm
[15.962s] [ 64%] [32m[1mLinking CXX executable transform[0m
[16.638s] [ 64%] Built target transform
[16.883s] [ 71%] [32m[1mLinking CXX executable TFsetup[0m
[17.896s] [ 71%] Built target TFsetup
[18.536s] [ 78%] [32m[1mLinking CXX executable imread[0m
[19.562s] [ 85%] [32m[1mLinking CXX executable orange[0m
[19.904s] [ 92%] [32m[1mLinking CXX executable coffee2[0m
[19.970s] [100%] [32m[1mLinking CXX executable coffee1[0m
[20.862s] [100%] Built target imread
[21.621s] [100%] Built target orange
[21.768s] [100%] Built target coffee1
[21.809s] [100%] Built target coffee2
[21.844s] Invoked command in '/ros2_ws/build/camera' returned '0': CMAKE_PREFIX_PATH=${CMAKE_PREFIX_PATH}:/opt/ros/humble /usr/bin/cmake --build /ros2_ws/build/camera -- -j12 -l12
[21.845s] Invoking command in '/ros2_ws/build/camera': CMAKE_PREFIX_PATH=${CMAKE_PREFIX_PATH}:/opt/ros/humble /usr/bin/cmake --install /ros2_ws/build/camera
[21.873s] -- Install configuration: ""
[21.875s] -- Installing: /ros2_ws/install/camera/lib/camera/imread
[21.890s] -- Set runtime path of "/ros2_ws/install/camera/lib/camera/imread" to ""
[21.891s] -- Installing: /ros2_ws/install/camera/lib/camera/coffee1
[21.904s] -- Set runtime path of "/ros2_ws/install/camera/lib/camera/coffee1" to ""
[21.905s] -- Installing: /ros2_ws/install/camera/lib/camera/coffee2
[21.917s] -- Set runtime path of "/ros2_ws/install/camera/lib/camera/coffee2" to ""
[21.918s] -- Installing: /ros2_ws/install/camera/lib/camera/orange
[21.931s] -- Set runtime path of "/ros2_ws/install/camera/lib/camera/orange" to ""
[21.932s] -- Installing: /ros2_ws/install/camera/lib/camera/TFsetup
[21.942s] -- Set runtime path of "/ros2_ws/install/camera/lib/camera/TFsetup" to ""
[21.943s] -- Installing: /ros2_ws/install/camera/lib/camera/transform
[21.954s] -- Set runtime path of "/ros2_ws/install/camera/lib/camera/transform" to ""
[21.957s] -- Installing: /ros2_ws/install/camera/lib/camera/arm
[21.967s] -- Set runtime path of "/ros2_ws/install/camera/lib/camera/arm" to ""
[21.968s] -- Installing: /ros2_ws/install/camera/share/camera/launch
[21.968s] -- Installing: /ros2_ws/install/camera/share/camera/launch/launch.xml
[21.969s] -- Installing: /ros2_ws/install/camera/share/ament_index/resource_index/package_run_dependencies/camera
[21.969s] -- Installing: /ros2_ws/install/camera/share/ament_index/resource_index/parent_prefix_path/camera
[21.970s] -- Installing: /ros2_ws/install/camera/share/camera/environment/ament_prefix_path.sh
[21.970s] -- Installing: /ros2_ws/install/camera/share/camera/environment/ament_prefix_path.dsv
[21.971s] -- Installing: /ros2_ws/install/camera/share/camera/environment/path.sh
[21.971s] -- Installing: /ros2_ws/install/camera/share/camera/environment/path.dsv
[21.972s] -- Installing: /ros2_ws/install/camera/share/camera/local_setup.bash
[21.976s] -- Installing: /ros2_ws/install/camera/share/camera/local_setup.sh
[21.976s] -- Installing: /ros2_ws/install/camera/share/camera/local_setup.zsh
[21.977s] -- Installing: /ros2_ws/install/camera/share/camera/local_setup.dsv
[21.977s] -- Installing: /ros2_ws/install/camera/share/camera/package.dsv
[21.978s] -- Installing: /ros2_ws/install/camera/share/ament_index/resource_index/packages/camera
[21.979s] -- Installing: /ros2_ws/install/camera/share/camera/cmake/cameraConfig.cmake
[21.979s] -- Installing: /ros2_ws/install/camera/share/camera/cmake/cameraConfig-version.cmake
[21.979s] -- Installing: /ros2_ws/install/camera/share/camera/package.xml
[21.979s] Invoked command in '/ros2_ws/build/camera' returned '0': CMAKE_PREFIX_PATH=${CMAKE_PREFIX_PATH}:/opt/ros/humble /usr/bin/cmake --install /ros2_ws/build/camera
