[0.010s] Invoking command in '/ros2_ws/build/camera': CMAKE_PREFIX_PATH=/opt/ros/humble /usr/bin/cmake /ros2_ws/src/camera -DCMAKE_INSTALL_PREFIX=/ros2_ws/install/camera
[0.054s] -- The C compiler identification is GNU 11.4.0
[0.100s] -- The CXX compiler identification is GNU 11.4.0
[0.106s] -- Detecting C compiler ABI info
[0.167s] -- Detecting C compiler ABI info - done
[0.172s] -- Check for working C compiler: /usr/bin/cc - skipped
[0.172s] -- Detecting C compile features
[0.172s] -- Detecting C compile features - done
[0.175s] -- Detecting CXX compiler ABI info
[0.246s] -- Detecting CXX compiler ABI info - done
[0.251s] -- Check for working CXX compiler: /usr/bin/c++ - skipped
[0.251s] -- Detecting CXX compile features
[0.252s] -- Detecting CXX compile features - done
[0.254s] -- Found ament_cmake: 1.3.12 (/opt/ros/humble/share/ament_cmake/cmake)
[0.361s] -- Found Python3: /usr/bin/python3 (found version "3.10.12") found components: Interpreter 
[0.453s] -- Found rclcpp: 16.0.14 (/opt/ros/humble/share/rclcpp/cmake)
[0.483s] -- Found rosidl_generator_c: 3.1.7 (/opt/ros/humble/share/rosidl_generator_c/cmake)
[0.487s] -- Found rosidl_adapter: 3.1.7 (/opt/ros/humble/share/rosidl_adapter/cmake)
[0.494s] -- Found rosidl_generator_cpp: 3.1.7 (/opt/ros/humble/share/rosidl_generator_cpp/cmake)
[0.503s] -- Using all available rosidl_typesupport_c: rosidl_typesupport_fastrtps_c;rosidl_typesupport_introspection_c
[0.516s] -- Using all available rosidl_typesupport_cpp: rosidl_typesupport_fastrtps_cpp;rosidl_typesupport_introspection_cpp
[0.552s] -- Found rmw_implementation_cmake: 6.1.2 (/opt/ros/humble/share/rmw_implementation_cmake/cmake)
[0.554s] -- Found rmw_cyclonedds_cpp: 1.3.4 (/opt/ros/humble/share/rmw_cyclonedds_cpp/cmake)
[0.572s] -- Using RMW implementation 'rmw_cyclonedds_cpp' as default
[0.580s] -- Looking for pthread.h
[0.653s] -- Looking for pthread.h - found
[0.653s] -- Performing Test CMAKE_HAVE_LIBC_PTHREAD
[0.723s] -- Performing Test CMAKE_HAVE_LIBC_PTHREAD - Success
[0.724s] -- Found Threads: TRUE  
[0.767s] -- Found sensor_msgs: 4.9.0 (/opt/ros/humble/share/sensor_msgs/cmake)
[0.799s] -- Found OpenCV: /usr (found version "4.5.4") found components: core imgproc highgui calib3d 
[0.800s] -- Found cv_bridge: 3.2.1 (/opt/ros/humble/share/cv_bridge/cmake)
[0.803s] -- Found image_transport: 3.1.12 (/opt/ros/humble/share/image_transport/cmake)
[0.833s] -- Found tf2: 0.25.16 (/opt/ros/humble/share/tf2/cmake)
[0.837s] -- Found tf2_ros: 0.25.16 (/opt/ros/humble/share/tf2_ros/cmake)
[0.908s] -- Found tf2_geometry_msgs: 0.25.16 (/opt/ros/humble/share/tf2_geometry_msgs/cmake)
[0.920s] -- Found eigen3_cmake_module: 0.1.1 (/opt/ros/humble/share/eigen3_cmake_module/cmake)
[0.921s] -- Found Eigen3: TRUE (found version "3.4.0") 
[0.921s] -- Ensuring Eigen3 include directory is part of orocos-kdl CMake target
[0.923s] -- Found visualization_msgs: 4.9.0 (/opt/ros/humble/share/visualization_msgs/cmake)
[0.944s] -- Found ament_lint_auto: 0.12.14 (/opt/ros/humble/share/ament_lint_auto/cmake)
[1.011s] -- Added test 'cppcheck' to perform static code analysis on C / C++ code
[1.011s] -- Configured cppcheck include dirs: /ros2_ws/src/camera/include
[1.011s] -- Configured cppcheck exclude dirs and/or files: 
[1.012s] -- Added test 'lint_cmake' to check CMake code style
[1.013s] -- Added test 'uncrustify' to check C / C++ code style
[1.014s] -- Configured uncrustify additional arguments: 
[1.014s] -- Added test 'xmllint' to check XML markup files
[1.015s] -- Configuring done
[1.049s] -- Generating done
[1.059s] -- Build files have been written to: /ros2_ws/build/camera
[1.069s] Invoked command in '/ros2_ws/build/camera' returned '0': CMAKE_PREFIX_PATH=/opt/ros/humble /usr/bin/cmake /ros2_ws/src/camera -DCMAKE_INSTALL_PREFIX=/ros2_ws/install/camera
[1.070s] Invoking command in '/ros2_ws/build/camera': CMAKE_PREFIX_PATH=/opt/ros/humble /usr/bin/cmake --build /ros2_ws/build/camera -- -j12 -l12
[1.129s] [ 21%] [32mBuilding CXX object CMakeFiles/imread.dir/src/imread.cpp.o[0m
[1.130s] [ 21%] [32mBuilding CXX object CMakeFiles/coffee1.dir/src/coffee1.cpp.o[0m
[1.130s] [ 21%] [32mBuilding CXX object CMakeFiles/orange.dir/src/orange.cpp.o[0m
[1.130s] [ 28%] [32mBuilding CXX object CMakeFiles/coffee2.dir/src/coffee2.cpp.o[0m
[1.131s] [ 35%] [32mBuilding CXX object CMakeFiles/transform.dir/src/transform.cpp.o[0m
[1.138s] [ 50%] [32mBuilding CXX object CMakeFiles/TFsetup.dir/src/TFsetup.cpp.o[0m
[1.138s] [ 50%] [32mBuilding CXX object CMakeFiles/arm.dir/src/arm.cpp.o[0m
[15.187s] [ 57%] [32m[1mLinking CXX executable coffee1[0m
[15.758s] [ 64%] [32m[1mLinking CXX executable arm[0m
[16.619s] [ 64%] Built target arm
[16.793s] [ 64%] Built target coffee1
[17.752s] [ 71%] [32m[1mLinking CXX executable transform[0m
[18.821s] [ 78%] [32m[1mLinking CXX executable TFsetup[0m
[19.372s] [ 78%] Built target transform
[20.675s] [ 78%] Built target TFsetup
[23.131s] [ 85%] [32m[1mLinking CXX executable imread[0m
[24.073s] [ 92%] [32m[1mLinking CXX executable orange[0m
[24.430s] [ 92%] Built target imread
[25.091s] [100%] [32m[1mLinking CXX executable coffee2[0m
[25.630s] [100%] Built target orange
[26.729s] [100%] Built target coffee2
[26.748s] Invoked command in '/ros2_ws/build/camera' returned '0': CMAKE_PREFIX_PATH=/opt/ros/humble /usr/bin/cmake --build /ros2_ws/build/camera -- -j12 -l12
[26.749s] Invoking command in '/ros2_ws/build/camera': CMAKE_PREFIX_PATH=/opt/ros/humble /usr/bin/cmake --install /ros2_ws/build/camera
[26.760s] -- Install configuration: ""
[26.760s] -- Installing: /ros2_ws/install/camera/lib/camera/imread
[26.799s] -- Set runtime path of "/ros2_ws/install/camera/lib/camera/imread" to ""
[26.800s] -- Installing: /ros2_ws/install/camera/lib/camera/coffee1
[26.804s] -- Set runtime path of "/ros2_ws/install/camera/lib/camera/coffee1" to ""
[26.804s] -- Installing: /ros2_ws/install/camera/lib/camera/coffee2
[26.814s] -- Set runtime path of "/ros2_ws/install/camera/lib/camera/coffee2" to ""
[26.815s] -- Installing: /ros2_ws/install/camera/lib/camera/orange
[26.825s] -- Set runtime path of "/ros2_ws/install/camera/lib/camera/orange" to ""
[26.834s] -- Installing: /ros2_ws/install/camera/lib/camera/TFsetup
[26.839s] -- Set runtime path of "/ros2_ws/install/camera/lib/camera/TFsetup" to ""
[26.839s] -- Installing: /ros2_ws/install/camera/lib/camera/transform
[26.845s] -- Set runtime path of "/ros2_ws/install/camera/lib/camera/transform" to ""
[26.845s] -- Installing: /ros2_ws/install/camera/lib/camera/arm
[26.851s] -- Set runtime path of "/ros2_ws/install/camera/lib/camera/arm" to ""
[26.851s] -- Installing: /ros2_ws/install/camera/share/camera/launch
[26.851s] -- Installing: /ros2_ws/install/camera/share/camera/launch/launch.xml
[26.852s] -- Installing: /ros2_ws/install/camera/share/ament_index/resource_index/package_run_dependencies/camera
[26.854s] -- Installing: /ros2_ws/install/camera/share/ament_index/resource_index/parent_prefix_path/camera
[26.856s] -- Installing: /ros2_ws/install/camera/share/camera/environment/ament_prefix_path.sh
[26.856s] -- Installing: /ros2_ws/install/camera/share/camera/environment/ament_prefix_path.dsv
[26.857s] -- Installing: /ros2_ws/install/camera/share/camera/environment/path.sh
[26.857s] -- Installing: /ros2_ws/install/camera/share/camera/environment/path.dsv
[26.857s] -- Installing: /ros2_ws/install/camera/share/camera/local_setup.bash
[26.857s] -- Installing: /ros2_ws/install/camera/share/camera/local_setup.sh
[26.858s] -- Installing: /ros2_ws/install/camera/share/camera/local_setup.zsh
[26.858s] -- Installing: /ros2_ws/install/camera/share/camera/local_setup.dsv
[26.858s] -- Installing: /ros2_ws/install/camera/share/camera/package.dsv
[26.859s] -- Installing: /ros2_ws/install/camera/share/ament_index/resource_index/packages/camera
[26.860s] -- Installing: /ros2_ws/install/camera/share/camera/cmake/cameraConfig.cmake
[26.860s] -- Installing: /ros2_ws/install/camera/share/camera/cmake/cameraConfig-version.cmake
[26.860s] -- Installing: /ros2_ws/install/camera/share/camera/package.xml
[26.866s] Invoked command in '/ros2_ws/build/camera' returned '0': CMAKE_PREFIX_PATH=/opt/ros/humble /usr/bin/cmake --install /ros2_ws/build/camera
