[0.033s] Invoking command in '/ros2_ws/build/navigation': CMAKE_PREFIX_PATH=/ros2_ws/install/rospi_pre:/ros2_ws/install/navigation:/ros2_ws/install/realsense2_description:/ros2_ws/install/realsense2_camera:/ros2_ws/install/realsense2_camera_msgs:/ros2_ws/install/main_pkg:/ros2_ws/install/camera:/opt/ros/humble /usr/bin/cmake --build /ros2_ws/build/navigation -- -j12 -l12
[0.100s] [ 50%] Built target check_point_4
[0.108s] [100%] Built target chassis_controller
[0.125s] Invoked command in '/ros2_ws/build/navigation' returned '0': CMAKE_PREFIX_PATH=/ros2_ws/install/rospi_pre:/ros2_ws/install/navigation:/ros2_ws/install/realsense2_description:/ros2_ws/install/realsense2_camera:/ros2_ws/install/realsense2_camera_msgs:/ros2_ws/install/main_pkg:/ros2_ws/install/camera:/opt/ros/humble /usr/bin/cmake --build /ros2_ws/build/navigation -- -j12 -l12
[0.126s] Invoking command in '/ros2_ws/build/navigation': CMAKE_PREFIX_PATH=/ros2_ws/install/rospi_pre:/ros2_ws/install/navigation:/ros2_ws/install/realsense2_description:/ros2_ws/install/realsense2_camera:/ros2_ws/install/realsense2_camera_msgs:/ros2_ws/install/main_pkg:/ros2_ws/install/camera:/opt/ros/humble /usr/bin/cmake --install /ros2_ws/build/navigation
[0.135s] -- Install configuration: ""
[0.136s] -- Up-to-date: /ros2_ws/install/navigation/lib/navigation/check_point_4
[0.136s] -- Up-to-date: /ros2_ws/install/navigation/lib/navigation/chassis_controller
[0.136s] -- Up-to-date: /ros2_ws/install/navigation/share/ament_index/resource_index/package_run_dependencies/navigation
[0.136s] -- Up-to-date: /ros2_ws/install/navigation/share/ament_index/resource_index/parent_prefix_path/navigation
[0.136s] -- Up-to-date: /ros2_ws/install/navigation/share/navigation/environment/ament_prefix_path.sh
[0.136s] -- Up-to-date: /ros2_ws/install/navigation/share/navigation/environment/ament_prefix_path.dsv
[0.137s] -- Up-to-date: /ros2_ws/install/navigation/share/navigation/environment/path.sh
[0.137s] -- Up-to-date: /ros2_ws/install/navigation/share/navigation/environment/path.dsv
[0.137s] -- Up-to-date: /ros2_ws/install/navigation/share/navigation/local_setup.bash
[0.137s] -- Up-to-date: /ros2_ws/install/navigation/share/navigation/local_setup.sh
[0.137s] -- Up-to-date: /ros2_ws/install/navigation/share/navigation/local_setup.zsh
[0.137s] -- Up-to-date: /ros2_ws/install/navigation/share/navigation/local_setup.dsv
[0.137s] -- Installing: /ros2_ws/install/navigation/share/navigation/package.dsv
[0.137s] -- Up-to-date: /ros2_ws/install/navigation/share/ament_index/resource_index/packages/navigation
[0.137s] -- Up-to-date: /ros2_ws/install/navigation/share/navigation/cmake/navigationConfig.cmake
[0.138s] -- Up-to-date: /ros2_ws/install/navigation/share/navigation/cmake/navigationConfig-version.cmake
[0.138s] -- Up-to-date: /ros2_ws/install/navigation/share/navigation/package.xml
[0.140s] Invoked command in '/ros2_ws/build/navigation' returned '0': CMAKE_PREFIX_PATH=/ros2_ws/install/rospi_pre:/ros2_ws/install/navigation:/ros2_ws/install/realsense2_description:/ros2_ws/install/realsense2_camera:/ros2_ws/install/realsense2_camera_msgs:/ros2_ws/install/main_pkg:/ros2_ws/install/camera:/opt/ros/humble /usr/bin/cmake --install /ros2_ws/build/navigation
