[0.017s] Invoking command in '/ros2_ws/build/realsense2_camera': CMAKE_PREFIX_PATH=/ros2_ws/install/realsense2_camera_msgs:/ros2_ws/install/navigation:/ros2_ws/install/rospi_pre:/ros2_ws/install/realsense2_description:/ros2_ws/install/realsense2_camera:/ros2_ws/install/camera:/opt/ros/humble LD_LIBRARY_PATH=/ros2_ws/install/realsense2_camera_msgs/lib:/ros2_ws/install/rospi_pre/lib:/ros2_ws/install/realsense2_camera/lib:/opt/ros/humble/lib/x86_64-linux-gnu:/opt/ros/humble/lib /usr/bin/cmake --build /ros2_ws/build/realsense2_camera -- -j12 -l12
[0.056s] -- Create Release Build.
[0.056s] -- Found ament_cmake: 1.3.12 (/opt/ros/humble/share/ament_cmake/cmake)
[0.189s] -- Found builtin_interfaces: 1.2.2 (/opt/ros/humble/share/builtin_interfaces/cmake)
[0.205s] -- Found rosidl_generator_c: 3.1.7 (/opt/ros/humble/share/rosidl_generator_c/cmake)
[0.207s] -- Found rosidl_adapter: 3.1.7 (/opt/ros/humble/share/rosidl_adapter/cmake)
[0.211s] -- Found rosidl_generator_cpp: 3.1.7 (/opt/ros/humble/share/rosidl_generator_cpp/cmake)
[0.219s] -- Using all available rosidl_typesupport_c: rosidl_typesupport_fastrtps_c;rosidl_typesupport_introspection_c
[0.228s] -- Using all available rosidl_typesupport_cpp: rosidl_typesupport_fastrtps_cpp;rosidl_typesupport_introspection_cpp
[0.237s] -- Found cv_bridge: 3.2.1 (/opt/ros/humble/share/cv_bridge/cmake)
[0.275s] -- Found image_transport: 3.1.12 (/opt/ros/humble/share/image_transport/cmake)
[0.297s] -- Found rmw_implementation_cmake: 6.1.2 (/opt/ros/humble/share/rmw_implementation_cmake/cmake)
[0.298s] -- Found rmw_cyclonedds_cpp: 1.3.4 (/opt/ros/humble/share/rmw_cyclonedds_cpp/cmake)
[0.312s] -- Using RMW implementation 'rmw_cyclonedds_cpp' as default
[0.354s] -- Found rclcpp_components: 16.0.14 (/opt/ros/humble/share/rclcpp_components/cmake)
[0.366s] -- Found realsense2_camera_msgs: 4.55.1 (/ros2_ws/install/realsense2_camera_msgs/share/realsense2_camera_msgs/cmake)
[0.379s] -- Found nav_msgs: 4.9.0 (/opt/ros/humble/share/nav_msgs/cmake)
[0.392s] -- Found tf2_ros: 0.25.15 (/opt/ros/humble/share/tf2_ros/cmake)
[0.437s] -- Found diagnostic_updater: 4.0.6 (/opt/ros/humble/share/diagnostic_updater/cmake)
[0.453s] -- Build for ROS2 Humble
[0.458s] -- Found ament_cmake_gtest: 1.3.12 (/opt/ros/humble/share/ament_cmake_gtest/cmake)
[0.458s] -- Found gtest sources under '/opt/ros/humble/src/gtest_vendor': C++ tests using 'Google Test' will be built
[0.462s] -- Found ament_cmake_pytest: 1.3.12 (/opt/ros/humble/share/ament_cmake_pytest/cmake)
[2.990s] -- rs_device_info:
[2.991s] -- Device Name                   Serial Number       Firmware Version
[2.991s] Intel RealSense D435          317622075360        5.13.0.55
[2.991s] 
[2.991s] -- D455 device found
[4.914s] -- Configuring done
[4.948s] -- Generating done
[4.956s] -- Build files have been written to: /ros2_ws/build/realsense2_camera
[4.981s] [35m[1mConsolidate compiler generated dependencies of target gtest_main[0m
[4.982s] [35m[1mConsolidate compiler generated dependencies of target gtest[0m
[4.982s] [35m[1mConsolidate compiler generated dependencies of target realsense2_camera_node[0m
[4.989s] [35m[1mConsolidate compiler generated dependencies of target realsense2_camera[0m
[4.995s] [ 18%] Built target gtest
[4.995s] [ 18%] Built target gtest_main
[5.000s] [ 27%] Built target realsense2_camera_node
[5.005s] [35m[1mConsolidate compiler generated dependencies of target gtest_template[0m
[5.020s] [ 36%] Built target gtest_template
[5.041s] [100%] Built target realsense2_camera
[5.052s] Invoked command in '/ros2_ws/build/realsense2_camera' returned '0': CMAKE_PREFIX_PATH=/ros2_ws/install/realsense2_camera_msgs:/ros2_ws/install/navigation:/ros2_ws/install/rospi_pre:/ros2_ws/install/realsense2_description:/ros2_ws/install/realsense2_camera:/ros2_ws/install/camera:/opt/ros/humble LD_LIBRARY_PATH=/ros2_ws/install/realsense2_camera_msgs/lib:/ros2_ws/install/rospi_pre/lib:/ros2_ws/install/realsense2_camera/lib:/opt/ros/humble/lib/x86_64-linux-gnu:/opt/ros/humble/lib /usr/bin/cmake --build /ros2_ws/build/realsense2_camera -- -j12 -l12
[5.061s] Invoking command in '/ros2_ws/build/realsense2_camera': CMAKE_PREFIX_PATH=/ros2_ws/install/realsense2_camera_msgs:/ros2_ws/install/navigation:/ros2_ws/install/rospi_pre:/ros2_ws/install/realsense2_description:/ros2_ws/install/realsense2_camera:/ros2_ws/install/camera:/opt/ros/humble LD_LIBRARY_PATH=/ros2_ws/install/realsense2_camera_msgs/lib:/ros2_ws/install/rospi_pre/lib:/ros2_ws/install/realsense2_camera/lib:/opt/ros/humble/lib/x86_64-linux-gnu:/opt/ros/humble/lib /usr/bin/cmake --install /ros2_ws/build/realsense2_camera
[5.068s] -- Install configuration: "Release"
[5.068s] -- Up-to-date: /ros2_ws/install/realsense2_camera/lib/realsense2_camera/realsense2_camera_node
[5.069s] -- Up-to-date: /ros2_ws/install/realsense2_camera/lib/librealsense2_camera.so
[5.069s] -- Up-to-date: /ros2_ws/install/realsense2_camera/include
[5.069s] -- Up-to-date: /ros2_ws/install/realsense2_camera/include/named_filter.h
[5.069s] -- Up-to-date: /ros2_ws/install/realsense2_camera/include/ros_param_backend.h
[5.069s] -- Up-to-date: /ros2_ws/install/realsense2_camera/include/ros_sensor.h
[5.069s] -- Up-to-date: /ros2_ws/install/realsense2_camera/include/realsense_node_factory.h
[5.069s] -- Up-to-date: /ros2_ws/install/realsense2_camera/include/image_publisher.h
[5.069s] -- Up-to-date: /ros2_ws/install/realsense2_camera/include/constants.h
[5.069s] -- Up-to-date: /ros2_ws/install/realsense2_camera/include/sensor_params.h
[5.069s] -- Up-to-date: /ros2_ws/install/realsense2_camera/include/ros_utils.h
[5.070s] -- Up-to-date: /ros2_ws/install/realsense2_camera/include/gl_window.h
[5.070s] -- Up-to-date: /ros2_ws/install/realsense2_camera/include/dynamic_params.h
[5.070s] -- Up-to-date: /ros2_ws/install/realsense2_camera/include/base_realsense_node.h
[5.070s] -- Up-to-date: /ros2_ws/install/realsense2_camera/include/profile_manager.h
[5.070s] -- Up-to-date: /ros2_ws/install/realsense2_camera/share/realsense2_camera/launch
[5.070s] -- Up-to-date: /ros2_ws/install/realsense2_camera/share/realsense2_camera/launch/rs_launch.py
[5.070s] -- Up-to-date: /ros2_ws/install/realsense2_camera/share/realsense2_camera/launch/rs_intra_process_demo_launch.py
[5.070s] -- Up-to-date: /ros2_ws/install/realsense2_camera/share/realsense2_camera/launch/rs_multi_camera_launch.py
[5.070s] -- Up-to-date: /ros2_ws/install/realsense2_camera/share/realsense2_camera/launch/visual_presets
[5.070s] -- Up-to-date: /ros2_ws/install/realsense2_camera/share/realsense2_camera/launch/visual_presets/DefaultPreset_D455.json
[5.070s] -- Up-to-date: /ros2_ws/install/realsense2_camera/share/realsense2_camera/launch/visual_presets/DefaultPreset_D435.json
[5.070s] -- Up-to-date: /ros2_ws/install/realsense2_camera/share/realsense2_camera/launch/visual_presets/HandGesturePreset.json
[5.070s] -- Up-to-date: /ros2_ws/install/realsense2_camera/share/realsense2_camera/launch/visual_presets/ShortRangePreset.json
[5.070s] -- Up-to-date: /ros2_ws/install/realsense2_camera/share/realsense2_camera/launch/visual_presets/HighAccuracyPreset.json
[5.070s] -- Up-to-date: /ros2_ws/install/realsense2_camera/share/realsense2_camera/launch/visual_presets/HighDensityPreset.json
[5.070s] -- Up-to-date: /ros2_ws/install/realsense2_camera/share/realsense2_camera/launch/visual_presets/EdgeMapD435.json
[5.070s] -- Up-to-date: /ros2_ws/install/realsense2_camera/share/realsense2_camera/launch/visual_presets/BodyScanPreset.json
[5.070s] -- Up-to-date: /ros2_ws/install/realsense2_camera/share/realsense2_camera/launch/visual_presets/D415_RemoveIR.json
[5.070s] -- Up-to-date: /ros2_ws/install/realsense2_camera/share/realsense2_camera/launch/visual_presets/MedDensityPreset.json
[5.070s] -- Up-to-date: /ros2_ws/install/realsense2_camera/share/realsense2_camera/launch/visual_presets/DefaultPreset_D415.json
[5.071s] -- Up-to-date: /ros2_ws/install/realsense2_camera/share/realsense2_camera/launch/default.rviz
[5.071s] -- Up-to-date: /ros2_ws/install/realsense2_camera/share/realsense2_camera/examples
[5.071s] -- Up-to-date: /ros2_ws/install/realsense2_camera/share/realsense2_camera/examples/align_depth
[5.071s] -- Up-to-date: /ros2_ws/install/realsense2_camera/share/realsense2_camera/examples/align_depth/rs_align_depth_launch.py
[5.071s] -- Up-to-date: /ros2_ws/install/realsense2_camera/share/realsense2_camera/examples/align_depth/README.md
[5.071s] -- Up-to-date: /ros2_ws/install/realsense2_camera/share/realsense2_camera/examples/pointcloud
[5.071s] -- Up-to-date: /ros2_ws/install/realsense2_camera/share/realsense2_camera/examples/pointcloud/rs_d455_pointcloud_launch.py
[5.071s] -- Up-to-date: /ros2_ws/install/realsense2_camera/share/realsense2_camera/examples/pointcloud/rs_pointcloud_launch.py
[5.071s] -- Up-to-date: /ros2_ws/install/realsense2_camera/share/realsense2_camera/examples/pointcloud/README.md
[5.071s] -- Up-to-date: /ros2_ws/install/realsense2_camera/share/realsense2_camera/examples/pointcloud/rs_d405_pointcloud_launch.py
[5.071s] -- Up-to-date: /ros2_ws/install/realsense2_camera/share/realsense2_camera/examples/pointcloud/rviz
[5.071s] -- Up-to-date: /ros2_ws/install/realsense2_camera/share/realsense2_camera/examples/pointcloud/rviz/pointcloud.rviz
[5.071s] -- Up-to-date: /ros2_ws/install/realsense2_camera/share/realsense2_camera/examples/pointcloud/rviz/urdf_pointcloud.rviz
[5.071s] -- Up-to-date: /ros2_ws/install/realsense2_camera/share/realsense2_camera/examples/launch_from_rosbag
[5.071s] -- Up-to-date: /ros2_ws/install/realsense2_camera/share/realsense2_camera/examples/launch_from_rosbag/rs_launch_from_rosbag.py
[5.071s] -- Up-to-date: /ros2_ws/install/realsense2_camera/share/realsense2_camera/examples/launch_from_rosbag/README.md
[5.071s] -- Up-to-date: /ros2_ws/install/realsense2_camera/share/realsense2_camera/examples/dual_camera
[5.071s] -- Up-to-date: /ros2_ws/install/realsense2_camera/share/realsense2_camera/examples/dual_camera/README.md
[5.071s] -- Up-to-date: /ros2_ws/install/realsense2_camera/share/realsense2_camera/examples/dual_camera/rs_dual_camera_launch.py
[5.071s] -- Up-to-date: /ros2_ws/install/realsense2_camera/share/realsense2_camera/examples/dual_camera/rviz
[5.071s] -- Up-to-date: /ros2_ws/install/realsense2_camera/share/realsense2_camera/examples/dual_camera/rviz/dual_camera_pointcloud.rviz
[5.071s] -- Up-to-date: /ros2_ws/install/realsense2_camera/share/realsense2_camera/examples/launch_params_from_file
[5.072s] -- Up-to-date: /ros2_ws/install/realsense2_camera/share/realsense2_camera/examples/launch_params_from_file/config
[5.072s] -- Up-to-date: /ros2_ws/install/realsense2_camera/share/realsense2_camera/examples/launch_params_from_file/config/config.yaml
[5.072s] -- Up-to-date: /ros2_ws/install/realsense2_camera/share/realsense2_camera/examples/launch_params_from_file/README.md
[5.072s] -- Up-to-date: /ros2_ws/install/realsense2_camera/share/realsense2_camera/examples/launch_params_from_file/rs_launch_get_params_from_yaml.py
[5.072s] -- Up-to-date: /ros2_ws/install/realsense2_camera/share/realsense2_camera/environment/library_path.sh
[5.072s] -- Installing: /ros2_ws/install/realsense2_camera/share/realsense2_camera/environment/library_path.dsv
[5.072s] -- Up-to-date: /ros2_ws/install/realsense2_camera/share/ament_index/resource_index/package_run_dependencies/realsense2_camera
[5.072s] -- Installing: /ros2_ws/install/realsense2_camera/share/ament_index/resource_index/parent_prefix_path/realsense2_camera
[5.072s] -- Up-to-date: /ros2_ws/install/realsense2_camera/share/realsense2_camera/environment/ament_prefix_path.sh
[5.072s] -- Installing: /ros2_ws/install/realsense2_camera/share/realsense2_camera/environment/ament_prefix_path.dsv
[5.072s] -- Up-to-date: /ros2_ws/install/realsense2_camera/share/realsense2_camera/environment/path.sh
[5.072s] -- Installing: /ros2_ws/install/realsense2_camera/share/realsense2_camera/environment/path.dsv
[5.072s] -- Up-to-date: /ros2_ws/install/realsense2_camera/share/realsense2_camera/local_setup.bash
[5.072s] -- Up-to-date: /ros2_ws/install/realsense2_camera/share/realsense2_camera/local_setup.sh
[5.072s] -- Up-to-date: /ros2_ws/install/realsense2_camera/share/realsense2_camera/local_setup.zsh
[5.072s] -- Installing: /ros2_ws/install/realsense2_camera/share/realsense2_camera/local_setup.dsv
[5.072s] -- Installing: /ros2_ws/install/realsense2_camera/share/realsense2_camera/package.dsv
[5.072s] -- Up-to-date: /ros2_ws/install/realsense2_camera/share/ament_index/resource_index/packages/realsense2_camera
[5.072s] -- Up-to-date: /ros2_ws/install/realsense2_camera/share/ament_index/resource_index/rclcpp_components/realsense2_camera
[5.072s] -- Up-to-date: /ros2_ws/install/realsense2_camera/share/realsense2_camera/cmake/ament_cmake_export_include_directories-extras.cmake
[5.072s] -- Up-to-date: /ros2_ws/install/realsense2_camera/share/realsense2_camera/cmake/ament_cmake_export_libraries-extras.cmake
[5.072s] -- Up-to-date: /ros2_ws/install/realsense2_camera/share/realsense2_camera/cmake/ament_cmake_export_dependencies-extras.cmake
[5.073s] -- Up-to-date: /ros2_ws/install/realsense2_camera/share/realsense2_camera/cmake/realsense2_cameraConfig.cmake
[5.073s] -- Up-to-date: /ros2_ws/install/realsense2_camera/share/realsense2_camera/cmake/realsense2_cameraConfig-version.cmake
[5.073s] -- Up-to-date: /ros2_ws/install/realsense2_camera/share/realsense2_camera/package.xml
[5.074s] Invoked command in '/ros2_ws/build/realsense2_camera' returned '0': CMAKE_PREFIX_PATH=/ros2_ws/install/realsense2_camera_msgs:/ros2_ws/install/navigation:/ros2_ws/install/rospi_pre:/ros2_ws/install/realsense2_description:/ros2_ws/install/realsense2_camera:/ros2_ws/install/camera:/opt/ros/humble LD_LIBRARY_PATH=/ros2_ws/install/realsense2_camera_msgs/lib:/ros2_ws/install/rospi_pre/lib:/ros2_ws/install/realsense2_camera/lib:/opt/ros/humble/lib/x86_64-linux-gnu:/opt/ros/humble/lib /usr/bin/cmake --install /ros2_ws/build/realsense2_camera
