[0.010s] Invoking command in '/ros2_ws/build/camera': CMAKE_PREFIX_PATH=${CMAKE_PREFIX_PATH}:/opt/ros/humble /usr/bin/cmake --build /ros2_ws/build/camera -- -j16 -l16
[0.070s] [ 14%] Built target TFsetup
[0.070s] [ 28%] Built target imread
[0.074s] [ 42%] Built target transform
[0.079s] [ 57%] Built target arm
[0.081s] [ 71%] Built target coffee1
[0.081s] [ 85%] Built target coffee2
[0.082s] [100%] Built target orange
[0.094s] Invoked command in '/ros2_ws/build/camera' returned '0': CMAKE_PREFIX_PATH=${CMAKE_PREFIX_PATH}:/opt/ros/humble /usr/bin/cmake --build /ros2_ws/build/camera -- -j16 -l16
[0.142s] Invoking command in '/ros2_ws/build/camera': CMAKE_PREFIX_PATH=${CMAKE_PREFIX_PATH}:/opt/ros/humble /usr/bin/cmake --install /ros2_ws/build/camera
[0.148s] -- Install configuration: ""
[0.148s] -- Up-to-date: /ros2_ws/install/camera/lib/camera/imread
[0.148s] -- Up-to-date: /ros2_ws/install/camera/lib/camera/coffee1
[0.148s] -- Up-to-date: /ros2_ws/install/camera/lib/camera/coffee2
[0.149s] -- Up-to-date: /ros2_ws/install/camera/lib/camera/orange
[0.149s] -- Up-to-date: /ros2_ws/install/camera/lib/camera/TFsetup
[0.149s] -- Up-to-date: /ros2_ws/install/camera/lib/camera/transform
[0.150s] -- Up-to-date: /ros2_ws/install/camera/lib/camera/arm
[0.150s] -- Up-to-date: /ros2_ws/install/camera/share/camera/launch
[0.150s] -- Up-to-date: /ros2_ws/install/camera/share/camera/launch/launch.xml
[0.150s] -- Up-to-date: /ros2_ws/install/camera/share/ament_index/resource_index/package_run_dependencies/camera
[0.150s] -- Up-to-date: /ros2_ws/install/camera/share/ament_index/resource_index/parent_prefix_path/camera
[0.150s] -- Up-to-date: /ros2_ws/install/camera/share/camera/environment/ament_prefix_path.sh
[0.150s] -- Up-to-date: /ros2_ws/install/camera/share/camera/environment/ament_prefix_path.dsv
[0.150s] -- Up-to-date: /ros2_ws/install/camera/share/camera/environment/path.sh
[0.150s] -- Up-to-date: /ros2_ws/install/camera/share/camera/environment/path.dsv
[0.150s] -- Up-to-date: /ros2_ws/install/camera/share/camera/local_setup.bash
[0.150s] -- Up-to-date: /ros2_ws/install/camera/share/camera/local_setup.sh
[0.151s] -- Up-to-date: /ros2_ws/install/camera/share/camera/local_setup.zsh
[0.151s] -- Up-to-date: /ros2_ws/install/camera/share/camera/local_setup.dsv
[0.151s] -- Installing: /ros2_ws/install/camera/share/camera/package.dsv
[0.151s] -- Up-to-date: /ros2_ws/install/camera/share/ament_index/resource_index/packages/camera
[0.151s] -- Up-to-date: /ros2_ws/install/camera/share/camera/cmake/cameraConfig.cmake
[0.151s] -- Up-to-date: /ros2_ws/install/camera/share/camera/cmake/cameraConfig-version.cmake
[0.151s] -- Up-to-date: /ros2_ws/install/camera/share/camera/package.xml
[0.153s] Invoked command in '/ros2_ws/build/camera' returned '0': CMAKE_PREFIX_PATH=${CMAKE_PREFIX_PATH}:/opt/ros/humble /usr/bin/cmake --install /ros2_ws/build/camera
