[0.007s] Invoking command in '/ros2_ws/build/rospi_pre': CMAKE_PREFIX_PATH=/opt/ros/humble /usr/bin/cmake /ros2_ws/src/rospi_pre -DCMAKE_INSTALL_PREFIX=/ros2_ws/install/rospi_pre
[0.048s] -- The C compiler identification is GNU 11.4.0
[0.094s] -- The CXX compiler identification is GNU 11.4.0
[0.100s] -- Detecting C compiler ABI info
[0.155s] -- Detecting C compiler ABI info - done
[0.160s] -- Check for working C compiler: /usr/bin/cc - skipped
[0.161s] -- Detecting C compile features
[0.161s] -- Detecting C compile features - done
[0.163s] -- Detecting CXX compiler ABI info
[0.227s] -- Detecting CXX compiler ABI info - done
[0.232s] -- Check for working CXX compiler: /usr/bin/c++ - skipped
[0.232s] -- Detecting CXX compile features
[0.232s] -- Detecting CXX compile features - done
[0.235s] -- Found ament_cmake: 1.3.12 (/opt/ros/humble/share/ament_cmake/cmake)
[0.334s] -- Found Python3: /usr/bin/python3 (found version "3.10.12") found components: Interpreter 
[0.403s] -- Found std_msgs: 4.9.0 (/opt/ros/humble/share/std_msgs/cmake)
[0.429s] -- Found rosidl_generator_c: 3.1.7 (/opt/ros/humble/share/rosidl_generator_c/cmake)
[0.433s] -- Found rosidl_adapter: 3.1.7 (/opt/ros/humble/share/rosidl_adapter/cmake)
[0.439s] -- Found rosidl_generator_cpp: 3.1.7 (/opt/ros/humble/share/rosidl_generator_cpp/cmake)
[0.448s] -- Using all available rosidl_typesupport_c: rosidl_typesupport_fastrtps_c;rosidl_typesupport_introspection_c
[0.460s] -- Using all available rosidl_typesupport_cpp: rosidl_typesupport_fastrtps_cpp;rosidl_typesupport_introspection_cpp
[0.479s] -- Found rosidl_default_generators: 1.2.0 (/opt/ros/humble/share/rosidl_default_generators/cmake)
[0.670s] -- Found ament_cmake_ros: 0.10.0 (/opt/ros/humble/share/ament_cmake_ros/cmake)
[0.919s] -- Using all available rosidl_typesupport_c: rosidl_typesupport_fastrtps_c;rosidl_typesupport_introspection_c
[1.014s] -- Using all available rosidl_typesupport_cpp: rosidl_typesupport_fastrtps_cpp;rosidl_typesupport_introspection_cpp
[1.029s] -- Found PythonInterp: /usr/bin/python3 (found suitable version "3.10.12", minimum required is "3.6") 
[1.030s] -- Found python_cmake_module: 0.10.0 (/opt/ros/humble/share/python_cmake_module/cmake)
[1.046s] -- Found PythonLibs: /usr/lib/x86_64-linux-gnu/libpython3.10.so (found suitable version "3.10.12", minimum required is "3.5") 
[1.046s] -- Using PYTHON_EXECUTABLE: /usr/bin/python3
[1.046s] -- Using PYTHON_INCLUDE_DIRS: /usr/include/python3.10
[1.046s] -- Using PYTHON_LIBRARIES: /usr/lib/x86_64-linux-gnu/libpython3.10.so
[1.060s] -- Found PythonExtra: .so  
[1.096s] -- Configuring done
[1.124s] -- Generating done
[1.132s] -- Build files have been written to: /ros2_ws/build/rospi_pre
[1.138s] Invoked command in '/ros2_ws/build/rospi_pre' returned '0': CMAKE_PREFIX_PATH=/opt/ros/humble /usr/bin/cmake /ros2_ws/src/rospi_pre -DCMAKE_INSTALL_PREFIX=/ros2_ws/install/rospi_pre
[1.140s] Invoking command in '/ros2_ws/build/rospi_pre': CMAKE_PREFIX_PATH=/opt/ros/humble /usr/bin/cmake --build /ros2_ws/build/rospi_pre -- -j12 -l12
[1.175s] [  3%] [34m[1mGenerating C code for ROS interfaces[0m
[1.183s] [  6%] [34m[1mGenerating C++ code for ROS interfaces[0m
[1.190s] [  6%] Built target ament_cmake_python_copy_rospi_pre
[1.346s] running egg_info
[1.346s] creating rospi_pre.egg-info
[1.346s] writing rospi_pre.egg-info/PKG-INFO
[1.346s] writing dependency_links to rospi_pre.egg-info/dependency_links.txt
[1.346s] writing top-level names to rospi_pre.egg-info/top_level.txt
[1.346s] writing manifest file 'rospi_pre.egg-info/SOURCES.txt'
[1.348s] reading manifest file 'rospi_pre.egg-info/SOURCES.txt'
[1.348s] writing manifest file 'rospi_pre.egg-info/SOURCES.txt'
[1.372s] [  6%] Built target ament_cmake_python_build_rospi_pre_egg
[1.385s] [  6%] Built target rospi_pre__cpp
[1.388s] [  9%] [32mBuilding C object CMakeFiles/rospi_pre__rosidl_generator_c.dir/rosidl_generator_c/rospi_pre/srv/detail/chassis_manager__functions.c.o[0m
[1.394s] [ 12%] [34m[1mGenerating C++ introspection for ROS interfaces[0m
[1.394s] [ 16%] [34m[1mGenerating C++ type support for eProsima Fast-RTPS[0m
[1.394s] [ 19%] [34m[1mGenerating C++ type support dispatch for ROS interfaces[0m
[1.435s] [ 22%] [32m[1mLinking C shared library librospi_pre__rosidl_generator_c.so[0m
[1.478s] [ 22%] Built target rospi_pre__rosidl_generator_c
[1.490s] [ 32%] [34m[1mGenerating C type support for eProsima Fast-RTPS[0m
[1.490s] [ 32%] [34m[1mGenerating C type support dispatch for ROS interfaces[0m
[1.490s] [ 32%] [34m[1mGenerating C introspection for ROS interfaces[0m
[1.606s] [ 35%] [32mBuilding CXX object CMakeFiles/rospi_pre__rosidl_typesupport_introspection_cpp.dir/rosidl_typesupport_introspection_cpp/rospi_pre/srv/detail/chassis_manager__type_support.cpp.o[0m
[1.628s] [ 41%] [32mBuilding CXX object CMakeFiles/rospi_pre__rosidl_typesupport_fastrtps_cpp.dir/rosidl_typesupport_fastrtps_cpp/rospi_pre/srv/detail/dds_fastrtps/chassis_manager__type_support.cpp.o[0m
[1.629s] [ 41%] [32mBuilding CXX object CMakeFiles/rospi_pre__rosidl_typesupport_cpp.dir/rosidl_typesupport_cpp/rospi_pre/srv/chassis_manager__type_support.cpp.o[0m
[1.746s] [ 45%] [32mBuilding C object CMakeFiles/rospi_pre__rosidl_typesupport_introspection_c.dir/rosidl_typesupport_introspection_c/rospi_pre/srv/detail/chassis_manager__type_support.c.o[0m
[1.751s] [ 48%] [32mBuilding CXX object CMakeFiles/rospi_pre__rosidl_typesupport_fastrtps_c.dir/rosidl_typesupport_fastrtps_c/rospi_pre/srv/detail/chassis_manager__type_support_c.cpp.o[0m
[1.779s] [ 51%] [32mBuilding CXX object CMakeFiles/rospi_pre__rosidl_typesupport_c.dir/rosidl_typesupport_c/rospi_pre/srv/chassis_manager__type_support.cpp.o[0m
[1.790s] [ 54%] [32m[1mLinking C shared library librospi_pre__rosidl_typesupport_introspection_c.so[0m
[1.817s] [ 58%] [32m[1mLinking CXX shared library librospi_pre__rosidl_typesupport_c.so[0m
[1.828s] [ 58%] Built target rospi_pre__rosidl_typesupport_introspection_c
[1.853s] [ 58%] Built target rospi_pre__rosidl_typesupport_c
[1.870s] [ 61%] [32m[1mLinking CXX shared library librospi_pre__rosidl_typesupport_cpp.so[0m
[1.927s] [ 61%] Built target rospi_pre__rosidl_typesupport_cpp
[2.032s] [ 64%] [32m[1mLinking CXX shared library librospi_pre__rosidl_typesupport_introspection_cpp.so[0m
[2.035s] [ 67%] [32m[1mLinking CXX shared library librospi_pre__rosidl_typesupport_fastrtps_cpp.so[0m
[2.100s] [ 67%] Built target rospi_pre__rosidl_typesupport_introspection_cpp
[2.113s] [ 70%] [32m[1mLinking CXX shared library librospi_pre__rosidl_typesupport_fastrtps_c.so[0m
[2.123s] [ 70%] Built target rospi_pre__rosidl_typesupport_fastrtps_cpp
[2.187s] [ 70%] Built target rospi_pre__rosidl_typesupport_fastrtps_c
[2.213s] [ 70%] Built target rospi_pre
[2.238s] [ 74%] [34m[1mGenerating Python code for ROS interfaces[0m
[2.723s] [ 74%] Built target rospi_pre__py
[2.754s] [ 77%] [32mBuilding C object CMakeFiles/rospi_pre__rosidl_generator_py.dir/rosidl_generator_py/rospi_pre/srv/_chassis_manager_s.c.o[0m
[2.898s] [ 80%] [32m[1mLinking C shared library rosidl_generator_py/rospi_pre/librospi_pre__rosidl_generator_py.so[0m
[3.032s] [ 80%] Built target rospi_pre__rosidl_generator_py
[3.121s] [ 83%] [32mBuilding C object CMakeFiles/rospi_pre__rosidl_typesupport_fastrtps_c__pyext.dir/rosidl_generator_py/rospi_pre/_rospi_pre_s.ep.rosidl_typesupport_fastrtps_c.c.o[0m
[3.150s] [ 87%] [32mBuilding C object CMakeFiles/rospi_pre__rosidl_typesupport_introspection_c__pyext.dir/rosidl_generator_py/rospi_pre/_rospi_pre_s.ep.rosidl_typesupport_introspection_c.c.o[0m
[3.150s] [ 90%] [32mBuilding C object CMakeFiles/rospi_pre__rosidl_typesupport_c__pyext.dir/rosidl_generator_py/rospi_pre/_rospi_pre_s.ep.rosidl_typesupport_c.c.o[0m
[3.267s] [ 93%] [32m[1mLinking C shared library rosidl_generator_py/rospi_pre/rospi_pre_s__rosidl_typesupport_c.cpython-310-x86_64-linux-gnu.so[0m
[3.288s] [ 96%] [32m[1mLinking C shared library rosidl_generator_py/rospi_pre/rospi_pre_s__rosidl_typesupport_fastrtps_c.cpython-310-x86_64-linux-gnu.so[0m
[3.307s] [100%] [32m[1mLinking C shared library rosidl_generator_py/rospi_pre/rospi_pre_s__rosidl_typesupport_introspection_c.cpython-310-x86_64-linux-gnu.so[0m
[3.313s] [100%] Built target rospi_pre__rosidl_typesupport_c__pyext
[3.333s] [100%] Built target rospi_pre__rosidl_typesupport_fastrtps_c__pyext
[3.348s] [100%] Built target rospi_pre__rosidl_typesupport_introspection_c__pyext
[3.360s] Invoked command in '/ros2_ws/build/rospi_pre' returned '0': CMAKE_PREFIX_PATH=/opt/ros/humble /usr/bin/cmake --build /ros2_ws/build/rospi_pre -- -j12 -l12
[3.370s] Invoking command in '/ros2_ws/build/rospi_pre': CMAKE_PREFIX_PATH=/opt/ros/humble /usr/bin/cmake --install /ros2_ws/build/rospi_pre
[3.377s] -- Install configuration: ""
[3.377s] -- Installing: /ros2_ws/install/rospi_pre/share/ament_index/resource_index/rosidl_interfaces/rospi_pre
[3.377s] -- Installing: /ros2_ws/install/rospi_pre/include/rospi_pre/rospi_pre
[3.378s] -- Installing: /ros2_ws/install/rospi_pre/include/rospi_pre/rospi_pre/msg
[3.378s] -- Installing: /ros2_ws/install/rospi_pre/include/rospi_pre/rospi_pre/msg/rosidl_generator_c__visibility_control.h
[3.378s] -- Installing: /ros2_ws/install/rospi_pre/include/rospi_pre/rospi_pre/srv
[3.378s] -- Installing: /ros2_ws/install/rospi_pre/include/rospi_pre/rospi_pre/srv/detail
[3.378s] -- Installing: /ros2_ws/install/rospi_pre/include/rospi_pre/rospi_pre/srv/detail/chassis_manager__struct.h
[3.378s] -- Installing: /ros2_ws/install/rospi_pre/include/rospi_pre/rospi_pre/srv/detail/chassis_manager__type_support.h
[3.378s] -- Installing: /ros2_ws/install/rospi_pre/include/rospi_pre/rospi_pre/srv/detail/chassis_manager__functions.h
[3.378s] -- Installing: /ros2_ws/install/rospi_pre/include/rospi_pre/rospi_pre/srv/detail/chassis_manager__functions.c
[3.378s] -- Installing: /ros2_ws/install/rospi_pre/include/rospi_pre/rospi_pre/srv/chassis_manager.h
[3.379s] -- Installing: /ros2_ws/install/rospi_pre/share/rospi_pre/environment/library_path.sh
[3.379s] -- Installing: /ros2_ws/install/rospi_pre/share/rospi_pre/environment/library_path.dsv
[3.379s] -- Installing: /ros2_ws/install/rospi_pre/lib/librospi_pre__rosidl_generator_c.so
[3.379s] -- Set runtime path of "/ros2_ws/install/rospi_pre/lib/librospi_pre__rosidl_generator_c.so" to ""
[3.380s] -- Up-to-date: /ros2_ws/install/rospi_pre/include/rospi_pre/rospi_pre
[3.380s] -- Up-to-date: /ros2_ws/install/rospi_pre/include/rospi_pre/rospi_pre/msg
[3.380s] -- Installing: /ros2_ws/install/rospi_pre/include/rospi_pre/rospi_pre/msg/rosidl_typesupport_fastrtps_c__visibility_control.h
[3.380s] -- Up-to-date: /ros2_ws/install/rospi_pre/include/rospi_pre/rospi_pre/srv
[3.380s] -- Up-to-date: /ros2_ws/install/rospi_pre/include/rospi_pre/rospi_pre/srv/detail
[3.380s] -- Installing: /ros2_ws/install/rospi_pre/include/rospi_pre/rospi_pre/srv/detail/chassis_manager__rosidl_typesupport_fastrtps_c.h
[3.380s] -- Installing: /ros2_ws/install/rospi_pre/lib/librospi_pre__rosidl_typesupport_fastrtps_c.so
[3.380s] -- Set runtime path of "/ros2_ws/install/rospi_pre/lib/librospi_pre__rosidl_typesupport_fastrtps_c.so" to ""
[3.381s] -- Up-to-date: /ros2_ws/install/rospi_pre/include/rospi_pre/rospi_pre
[3.381s] -- Up-to-date: /ros2_ws/install/rospi_pre/include/rospi_pre/rospi_pre/msg
[3.381s] -- Installing: /ros2_ws/install/rospi_pre/include/rospi_pre/rospi_pre/msg/rosidl_generator_cpp__visibility_control.hpp
[3.381s] -- Up-to-date: /ros2_ws/install/rospi_pre/include/rospi_pre/rospi_pre/srv
[3.381s] -- Up-to-date: /ros2_ws/install/rospi_pre/include/rospi_pre/rospi_pre/srv/detail
[3.381s] -- Installing: /ros2_ws/install/rospi_pre/include/rospi_pre/rospi_pre/srv/detail/chassis_manager__type_support.hpp
[3.381s] -- Installing: /ros2_ws/install/rospi_pre/include/rospi_pre/rospi_pre/srv/detail/chassis_manager__traits.hpp
[3.381s] -- Installing: /ros2_ws/install/rospi_pre/include/rospi_pre/rospi_pre/srv/detail/chassis_manager__struct.hpp
[3.381s] -- Installing: /ros2_ws/install/rospi_pre/include/rospi_pre/rospi_pre/srv/detail/chassis_manager__builder.hpp
[3.381s] -- Installing: /ros2_ws/install/rospi_pre/include/rospi_pre/rospi_pre/srv/chassis_manager.hpp
[3.382s] -- Up-to-date: /ros2_ws/install/rospi_pre/include/rospi_pre/rospi_pre
[3.382s] -- Up-to-date: /ros2_ws/install/rospi_pre/include/rospi_pre/rospi_pre/msg
[3.382s] -- Installing: /ros2_ws/install/rospi_pre/include/rospi_pre/rospi_pre/msg/rosidl_typesupport_fastrtps_cpp__visibility_control.h
[3.382s] -- Up-to-date: /ros2_ws/install/rospi_pre/include/rospi_pre/rospi_pre/srv
[3.382s] -- Up-to-date: /ros2_ws/install/rospi_pre/include/rospi_pre/rospi_pre/srv/detail
[3.382s] -- Installing: /ros2_ws/install/rospi_pre/include/rospi_pre/rospi_pre/srv/detail/dds_fastrtps
[3.382s] -- Installing: /ros2_ws/install/rospi_pre/include/rospi_pre/rospi_pre/srv/detail/chassis_manager__rosidl_typesupport_fastrtps_cpp.hpp
[3.382s] -- Installing: /ros2_ws/install/rospi_pre/lib/librospi_pre__rosidl_typesupport_fastrtps_cpp.so
[3.383s] -- Set runtime path of "/ros2_ws/install/rospi_pre/lib/librospi_pre__rosidl_typesupport_fastrtps_cpp.so" to ""
[3.383s] -- Up-to-date: /ros2_ws/install/rospi_pre/include/rospi_pre/rospi_pre
[3.383s] -- Up-to-date: /ros2_ws/install/rospi_pre/include/rospi_pre/rospi_pre/msg
[3.383s] -- Installing: /ros2_ws/install/rospi_pre/include/rospi_pre/rospi_pre/msg/rosidl_typesupport_introspection_c__visibility_control.h
[3.383s] -- Up-to-date: /ros2_ws/install/rospi_pre/include/rospi_pre/rospi_pre/srv
[3.383s] -- Up-to-date: /ros2_ws/install/rospi_pre/include/rospi_pre/rospi_pre/srv/detail
[3.383s] -- Installing: /ros2_ws/install/rospi_pre/include/rospi_pre/rospi_pre/srv/detail/chassis_manager__rosidl_typesupport_introspection_c.h
[3.383s] -- Installing: /ros2_ws/install/rospi_pre/include/rospi_pre/rospi_pre/srv/detail/chassis_manager__type_support.c
[3.383s] -- Installing: /ros2_ws/install/rospi_pre/lib/librospi_pre__rosidl_typesupport_introspection_c.so
[3.384s] -- Set runtime path of "/ros2_ws/install/rospi_pre/lib/librospi_pre__rosidl_typesupport_introspection_c.so" to ""
[3.384s] -- Installing: /ros2_ws/install/rospi_pre/lib/librospi_pre__rosidl_typesupport_c.so
[3.384s] -- Set runtime path of "/ros2_ws/install/rospi_pre/lib/librospi_pre__rosidl_typesupport_c.so" to ""
[3.384s] -- Up-to-date: /ros2_ws/install/rospi_pre/include/rospi_pre/rospi_pre
[3.384s] -- Up-to-date: /ros2_ws/install/rospi_pre/include/rospi_pre/rospi_pre/srv
[3.384s] -- Up-to-date: /ros2_ws/install/rospi_pre/include/rospi_pre/rospi_pre/srv/detail
[3.384s] -- Installing: /ros2_ws/install/rospi_pre/include/rospi_pre/rospi_pre/srv/detail/chassis_manager__type_support.cpp
[3.385s] -- Installing: /ros2_ws/install/rospi_pre/include/rospi_pre/rospi_pre/srv/detail/chassis_manager__rosidl_typesupport_introspection_cpp.hpp
[3.385s] -- Installing: /ros2_ws/install/rospi_pre/lib/librospi_pre__rosidl_typesupport_introspection_cpp.so
[3.385s] -- Set runtime path of "/ros2_ws/install/rospi_pre/lib/librospi_pre__rosidl_typesupport_introspection_cpp.so" to ""
[3.385s] -- Installing: /ros2_ws/install/rospi_pre/lib/librospi_pre__rosidl_typesupport_cpp.so
[3.386s] -- Set runtime path of "/ros2_ws/install/rospi_pre/lib/librospi_pre__rosidl_typesupport_cpp.so" to ""
[3.386s] -- Installing: /ros2_ws/install/rospi_pre/share/rospi_pre/environment/pythonpath.sh
[3.386s] -- Installing: /ros2_ws/install/rospi_pre/share/rospi_pre/environment/pythonpath.dsv
[3.386s] -- Installing: /ros2_ws/install/rospi_pre/local/lib/python3.10/dist-packages/rospi_pre-0.0.0-py3.10.egg-info
[3.386s] -- Installing: /ros2_ws/install/rospi_pre/local/lib/python3.10/dist-packages/rospi_pre-0.0.0-py3.10.egg-info/PKG-INFO
[3.387s] -- Installing: /ros2_ws/install/rospi_pre/local/lib/python3.10/dist-packages/rospi_pre-0.0.0-py3.10.egg-info/SOURCES.txt
[3.387s] -- Installing: /ros2_ws/install/rospi_pre/local/lib/python3.10/dist-packages/rospi_pre-0.0.0-py3.10.egg-info/top_level.txt
[3.387s] -- Installing: /ros2_ws/install/rospi_pre/local/lib/python3.10/dist-packages/rospi_pre-0.0.0-py3.10.egg-info/dependency_links.txt
[3.387s] -- Installing: /ros2_ws/install/rospi_pre/local/lib/python3.10/dist-packages/rospi_pre
[3.387s] -- Installing: /ros2_ws/install/rospi_pre/local/lib/python3.10/dist-packages/rospi_pre/_rospi_pre_s.ep.rosidl_typesupport_introspection_c.c
[3.388s] -- Installing: /ros2_ws/install/rospi_pre/local/lib/python3.10/dist-packages/rospi_pre/__init__.py
[3.388s] -- Installing: /ros2_ws/install/rospi_pre/local/lib/python3.10/dist-packages/rospi_pre/rospi_pre_s__rosidl_typesupport_c.cpython-310-x86_64-linux-gnu.so
[3.388s] -- Installing: /ros2_ws/install/rospi_pre/local/lib/python3.10/dist-packages/rospi_pre/rospi_pre_s__rosidl_typesupport_introspection_c.cpython-310-x86_64-linux-gnu.so
[3.388s] -- Installing: /ros2_ws/install/rospi_pre/local/lib/python3.10/dist-packages/rospi_pre/_rospi_pre_s.ep.rosidl_typesupport_c.c
[3.388s] -- Installing: /ros2_ws/install/rospi_pre/local/lib/python3.10/dist-packages/rospi_pre/_rospi_pre_s.ep.rosidl_typesupport_fastrtps_c.c
[3.388s] -- Installing: /ros2_ws/install/rospi_pre/local/lib/python3.10/dist-packages/rospi_pre/rospi_pre_s__rosidl_typesupport_fastrtps_c.cpython-310-x86_64-linux-gnu.so
[3.388s] -- Installing: /ros2_ws/install/rospi_pre/local/lib/python3.10/dist-packages/rospi_pre/librospi_pre__rosidl_generator_py.so
[3.389s] -- Installing: /ros2_ws/install/rospi_pre/local/lib/python3.10/dist-packages/rospi_pre/srv
[3.389s] -- Installing: /ros2_ws/install/rospi_pre/local/lib/python3.10/dist-packages/rospi_pre/srv/__init__.py
[3.389s] -- Installing: /ros2_ws/install/rospi_pre/local/lib/python3.10/dist-packages/rospi_pre/srv/_chassis_manager.py
[3.389s] -- Installing: /ros2_ws/install/rospi_pre/local/lib/python3.10/dist-packages/rospi_pre/srv/_chassis_manager_s.c
[3.417s] Listing '/ros2_ws/install/rospi_pre/local/lib/python3.10/dist-packages/rospi_pre'...
[3.417s] Compiling '/ros2_ws/install/rospi_pre/local/lib/python3.10/dist-packages/rospi_pre/__init__.py'...
[3.417s] Listing '/ros2_ws/install/rospi_pre/local/lib/python3.10/dist-packages/rospi_pre/srv'...
[3.417s] Compiling '/ros2_ws/install/rospi_pre/local/lib/python3.10/dist-packages/rospi_pre/srv/__init__.py'...
[3.417s] Compiling '/ros2_ws/install/rospi_pre/local/lib/python3.10/dist-packages/rospi_pre/srv/_chassis_manager.py'...
[3.422s] -- Installing: /ros2_ws/install/rospi_pre/local/lib/python3.10/dist-packages/rospi_pre/rospi_pre_s__rosidl_typesupport_fastrtps_c.cpython-310-x86_64-linux-gnu.so
[3.423s] -- Set runtime path of "/ros2_ws/install/rospi_pre/local/lib/python3.10/dist-packages/rospi_pre/rospi_pre_s__rosidl_typesupport_fastrtps_c.cpython-310-x86_64-linux-gnu.so" to ""
[3.423s] -- Installing: /ros2_ws/install/rospi_pre/local/lib/python3.10/dist-packages/rospi_pre/rospi_pre_s__rosidl_typesupport_introspection_c.cpython-310-x86_64-linux-gnu.so
[3.423s] -- Set runtime path of "/ros2_ws/install/rospi_pre/local/lib/python3.10/dist-packages/rospi_pre/rospi_pre_s__rosidl_typesupport_introspection_c.cpython-310-x86_64-linux-gnu.so" to ""
[3.423s] -- Installing: /ros2_ws/install/rospi_pre/local/lib/python3.10/dist-packages/rospi_pre/rospi_pre_s__rosidl_typesupport_c.cpython-310-x86_64-linux-gnu.so
[3.424s] -- Set runtime path of "/ros2_ws/install/rospi_pre/local/lib/python3.10/dist-packages/rospi_pre/rospi_pre_s__rosidl_typesupport_c.cpython-310-x86_64-linux-gnu.so" to ""
[3.424s] -- Installing: /ros2_ws/install/rospi_pre/lib/librospi_pre__rosidl_generator_py.so
[3.424s] -- Set runtime path of "/ros2_ws/install/rospi_pre/lib/librospi_pre__rosidl_generator_py.so" to ""
[3.424s] -- Installing: /ros2_ws/install/rospi_pre/share/rospi_pre/srv/ChassisManager.idl
[3.424s] -- Installing: /ros2_ws/install/rospi_pre/share/rospi_pre/srv/ChassisManager.srv
[3.424s] -- Installing: /ros2_ws/install/rospi_pre/share/rospi_pre/srv/ChassisManager_Request.msg
[3.424s] -- Installing: /ros2_ws/install/rospi_pre/share/rospi_pre/srv/ChassisManager_Response.msg
[3.425s] -- Installing: /ros2_ws/install/rospi_pre/share/ament_index/resource_index/package_run_dependencies/rospi_pre
[3.425s] -- Installing: /ros2_ws/install/rospi_pre/share/ament_index/resource_index/parent_prefix_path/rospi_pre
[3.425s] -- Installing: /ros2_ws/install/rospi_pre/share/rospi_pre/environment/ament_prefix_path.sh
[3.425s] -- Installing: /ros2_ws/install/rospi_pre/share/rospi_pre/environment/ament_prefix_path.dsv
[3.425s] -- Installing: /ros2_ws/install/rospi_pre/share/rospi_pre/environment/path.sh
[3.425s] -- Installing: /ros2_ws/install/rospi_pre/share/rospi_pre/environment/path.dsv
[3.426s] -- Installing: /ros2_ws/install/rospi_pre/share/rospi_pre/local_setup.bash
[3.426s] -- Installing: /ros2_ws/install/rospi_pre/share/rospi_pre/local_setup.sh
[3.426s] -- Installing: /ros2_ws/install/rospi_pre/share/rospi_pre/local_setup.zsh
[3.426s] -- Installing: /ros2_ws/install/rospi_pre/share/rospi_pre/local_setup.dsv
[3.426s] -- Installing: /ros2_ws/install/rospi_pre/share/rospi_pre/package.dsv
[3.426s] -- Installing: /ros2_ws/install/rospi_pre/share/ament_index/resource_index/packages/rospi_pre
[3.427s] -- Installing: /ros2_ws/install/rospi_pre/share/rospi_pre/cmake/export_rospi_pre__rosidl_generator_cExport.cmake
[3.427s] -- Installing: /ros2_ws/install/rospi_pre/share/rospi_pre/cmake/export_rospi_pre__rosidl_generator_cExport-noconfig.cmake
[3.427s] -- Installing: /ros2_ws/install/rospi_pre/share/rospi_pre/cmake/export_rospi_pre__rosidl_typesupport_fastrtps_cExport.cmake
[3.427s] -- Installing: /ros2_ws/install/rospi_pre/share/rospi_pre/cmake/export_rospi_pre__rosidl_typesupport_fastrtps_cExport-noconfig.cmake
[3.427s] -- Installing: /ros2_ws/install/rospi_pre/share/rospi_pre/cmake/export_rospi_pre__rosidl_generator_cppExport.cmake
[3.427s] -- Installing: /ros2_ws/install/rospi_pre/share/rospi_pre/cmake/export_rospi_pre__rosidl_typesupport_fastrtps_cppExport.cmake
[3.427s] -- Installing: /ros2_ws/install/rospi_pre/share/rospi_pre/cmake/export_rospi_pre__rosidl_typesupport_fastrtps_cppExport-noconfig.cmake
[3.428s] -- Installing: /ros2_ws/install/rospi_pre/share/rospi_pre/cmake/rospi_pre__rosidl_typesupport_introspection_cExport.cmake
[3.428s] -- Installing: /ros2_ws/install/rospi_pre/share/rospi_pre/cmake/rospi_pre__rosidl_typesupport_introspection_cExport-noconfig.cmake
[3.428s] -- Installing: /ros2_ws/install/rospi_pre/share/rospi_pre/cmake/rospi_pre__rosidl_typesupport_cExport.cmake
[3.428s] -- Installing: /ros2_ws/install/rospi_pre/share/rospi_pre/cmake/rospi_pre__rosidl_typesupport_cExport-noconfig.cmake
[3.428s] -- Installing: /ros2_ws/install/rospi_pre/share/rospi_pre/cmake/rospi_pre__rosidl_typesupport_introspection_cppExport.cmake
[3.428s] -- Installing: /ros2_ws/install/rospi_pre/share/rospi_pre/cmake/rospi_pre__rosidl_typesupport_introspection_cppExport-noconfig.cmake
[3.429s] -- Installing: /ros2_ws/install/rospi_pre/share/rospi_pre/cmake/rospi_pre__rosidl_typesupport_cppExport.cmake
[3.429s] -- Installing: /ros2_ws/install/rospi_pre/share/rospi_pre/cmake/rospi_pre__rosidl_typesupport_cppExport-noconfig.cmake
[3.429s] -- Installing: /ros2_ws/install/rospi_pre/share/rospi_pre/cmake/export_rospi_pre__rosidl_generator_pyExport.cmake
[3.429s] -- Installing: /ros2_ws/install/rospi_pre/share/rospi_pre/cmake/export_rospi_pre__rosidl_generator_pyExport-noconfig.cmake
[3.429s] -- Installing: /ros2_ws/install/rospi_pre/share/rospi_pre/cmake/rosidl_cmake-extras.cmake
[3.429s] -- Installing: /ros2_ws/install/rospi_pre/share/rospi_pre/cmake/ament_cmake_export_dependencies-extras.cmake
[3.429s] -- Installing: /ros2_ws/install/rospi_pre/share/rospi_pre/cmake/ament_cmake_export_include_directories-extras.cmake
[3.430s] -- Installing: /ros2_ws/install/rospi_pre/share/rospi_pre/cmake/ament_cmake_export_libraries-extras.cmake
[3.430s] -- Installing: /ros2_ws/install/rospi_pre/share/rospi_pre/cmake/ament_cmake_export_targets-extras.cmake
[3.430s] -- Installing: /ros2_ws/install/rospi_pre/share/rospi_pre/cmake/rosidl_cmake_export_typesupport_targets-extras.cmake
[3.430s] -- Installing: /ros2_ws/install/rospi_pre/share/rospi_pre/cmake/rosidl_cmake_export_typesupport_libraries-extras.cmake
[3.430s] -- Installing: /ros2_ws/install/rospi_pre/share/rospi_pre/cmake/rospi_preConfig.cmake
[3.430s] -- Installing: /ros2_ws/install/rospi_pre/share/rospi_pre/cmake/rospi_preConfig-version.cmake
[3.430s] -- Installing: /ros2_ws/install/rospi_pre/share/rospi_pre/package.xml
[3.433s] Invoked command in '/ros2_ws/build/rospi_pre' returned '0': CMAKE_PREFIX_PATH=/opt/ros/humble /usr/bin/cmake --install /ros2_ws/build/rospi_pre
