[0.017s] Invoking command in '/ros2_ws/build/realsense2_description': AMENT_PREFIX_PATH=/ros2_ws/install/realsense2_camera_msgs:${AMENT_PREFIX_PATH} CMAKE_PREFIX_PATH=/ros2_ws/install/realsense2_camera_msgs:/opt/ros/humble LD_LIBRARY_PATH=/ros2_ws/install/realsense2_camera_msgs/lib:${LD_LIBRARY_PATH} PYTHONPATH=/ros2_ws/install/realsense2_camera_msgs/local/lib/python3.10/dist-packages:${PYTHONPATH} /usr/bin/cmake /ros2_ws/src/realsense-pkg/realsense2_description -DCMAKE_INSTALL_PREFIX=/ros2_ws/install/realsense2_description
[0.061s] -- The C compiler identification is GNU 11.4.0
[0.104s] -- The CXX compiler identification is GNU 11.4.0
[0.111s] -- Detecting C compiler ABI info
[0.168s] -- Detecting C compiler ABI info - done
[0.173s] -- Check for working C compiler: /usr/bin/cc - skipped
[0.173s] -- Detecting C compile features
[0.173s] -- Detecting C compile features - done
[0.176s] -- Detecting CXX compiler ABI info
[0.240s] -- Detecting CXX compiler ABI info - done
[0.245s] -- Check for working CXX compiler: /usr/bin/c++ - skipped
[0.245s] -- Detecting CXX compile features
[0.246s] -- Detecting CXX compile features - done
[0.249s] -- Found ament_cmake: 1.3.12 (/opt/ros/humble/share/ament_cmake/cmake)
[0.355s] -- Found Python3: /usr/bin/python3 (found version "3.10.12") found components: Interpreter 
[0.479s] -- Configuring done
[0.482s] -- Generating done
[0.484s] -- Build files have been written to: /ros2_ws/build/realsense2_description
[0.487s] Invoked command in '/ros2_ws/build/realsense2_description' returned '0': AMENT_PREFIX_PATH=/ros2_ws/install/realsense2_camera_msgs:${AMENT_PREFIX_PATH} CMAKE_PREFIX_PATH=/ros2_ws/install/realsense2_camera_msgs:/opt/ros/humble LD_LIBRARY_PATH=/ros2_ws/install/realsense2_camera_msgs/lib:${LD_LIBRARY_PATH} PYTHONPATH=/ros2_ws/install/realsense2_camera_msgs/local/lib/python3.10/dist-packages:${PYTHONPATH} /usr/bin/cmake /ros2_ws/src/realsense-pkg/realsense2_description -DCMAKE_INSTALL_PREFIX=/ros2_ws/install/realsense2_description
[0.488s] Invoking command in '/ros2_ws/build/realsense2_description': AMENT_PREFIX_PATH=/ros2_ws/install/realsense2_camera_msgs:${AMENT_PREFIX_PATH} CMAKE_PREFIX_PATH=/ros2_ws/install/realsense2_camera_msgs:/opt/ros/humble LD_LIBRARY_PATH=/ros2_ws/install/realsense2_camera_msgs/lib:${LD_LIBRARY_PATH} PYTHONPATH=/ros2_ws/install/realsense2_camera_msgs/local/lib/python3.10/dist-packages:${PYTHONPATH} /usr/bin/cmake --build /ros2_ws/build/realsense2_description -- -j12 -l12
[0.525s] Invoked command in '/ros2_ws/build/realsense2_description' returned '0': AMENT_PREFIX_PATH=/ros2_ws/install/realsense2_camera_msgs:${AMENT_PREFIX_PATH} CMAKE_PREFIX_PATH=/ros2_ws/install/realsense2_camera_msgs:/opt/ros/humble LD_LIBRARY_PATH=/ros2_ws/install/realsense2_camera_msgs/lib:${LD_LIBRARY_PATH} PYTHONPATH=/ros2_ws/install/realsense2_camera_msgs/local/lib/python3.10/dist-packages:${PYTHONPATH} /usr/bin/cmake --build /ros2_ws/build/realsense2_description -- -j12 -l12
[0.527s] Invoking command in '/ros2_ws/build/realsense2_description': AMENT_PREFIX_PATH=/ros2_ws/install/realsense2_camera_msgs:${AMENT_PREFIX_PATH} CMAKE_PREFIX_PATH=/ros2_ws/install/realsense2_camera_msgs:/opt/ros/humble LD_LIBRARY_PATH=/ros2_ws/install/realsense2_camera_msgs/lib:${LD_LIBRARY_PATH} PYTHONPATH=/ros2_ws/install/realsense2_camera_msgs/local/lib/python3.10/dist-packages:${PYTHONPATH} /usr/bin/cmake --install /ros2_ws/build/realsense2_description
[0.533s] -- Install configuration: ""
[0.533s] -- Installing: /ros2_ws/install/realsense2_description/share/realsense2_description/launch
[0.533s] -- Installing: /ros2_ws/install/realsense2_description/share/realsense2_description/launch/view_model.launch.py
[0.533s] -- Installing: /ros2_ws/install/realsense2_description/share/realsense2_description/launch/launch_utils.py
[0.533s] -- Installing: /ros2_ws/install/realsense2_description/share/realsense2_description/meshes
[0.534s] -- Installing: /ros2_ws/install/realsense2_description/share/realsense2_description/meshes/d405.stl
[0.534s] -- Installing: /ros2_ws/install/realsense2_description/share/realsense2_description/meshes/l515.dae
[0.562s] -- Installing: /ros2_ws/install/realsense2_description/share/realsense2_description/meshes/plug_collision.stl
[0.562s] -- Installing: /ros2_ws/install/realsense2_description/share/realsense2_description/meshes/d415.stl
[0.581s] -- Installing: /ros2_ws/install/realsense2_description/share/realsense2_description/meshes/plug.stl
[0.581s] -- Installing: /ros2_ws/install/realsense2_description/share/realsense2_description/meshes/d435.dae
[0.595s] -- Installing: /ros2_ws/install/realsense2_description/share/realsense2_description/meshes/d455.stl
[0.597s] -- Installing: /ros2_ws/install/realsense2_description/share/realsense2_description/rviz
[0.597s] -- Installing: /ros2_ws/install/realsense2_description/share/realsense2_description/rviz/urdf.rviz
[0.597s] -- Installing: /ros2_ws/install/realsense2_description/share/realsense2_description/urdf
[0.597s] -- Installing: /ros2_ws/install/realsense2_description/share/realsense2_description/urdf/_d405.urdf.xacro
[0.598s] -- Installing: /ros2_ws/install/realsense2_description/share/realsense2_description/urdf/_d455.urdf.xacro
[0.598s] -- Installing: /ros2_ws/install/realsense2_description/share/realsense2_description/urdf/_d435.urdf.xacro
[0.598s] -- Installing: /ros2_ws/install/realsense2_description/share/realsense2_description/urdf/_r430.urdf.xacro
[0.598s] -- Installing: /ros2_ws/install/realsense2_description/share/realsense2_description/urdf/_d435i_imu_modules.urdf.xacro
[0.598s] -- Installing: /ros2_ws/install/realsense2_description/share/realsense2_description/urdf/test_d415_camera.urdf.xacro
[0.598s] -- Installing: /ros2_ws/install/realsense2_description/share/realsense2_description/urdf/_d435i.urdf.xacro
[0.598s] -- Installing: /ros2_ws/install/realsense2_description/share/realsense2_description/urdf/test_d435_camera.urdf.xacro
[0.598s] -- Installing: /ros2_ws/install/realsense2_description/share/realsense2_description/urdf/test_d405_camera.urdf.xacro
[0.599s] -- Installing: /ros2_ws/install/realsense2_description/share/realsense2_description/urdf/test_d435i_camera.urdf.xacro
[0.599s] -- Installing: /ros2_ws/install/realsense2_description/share/realsense2_description/urdf/_d415.urdf.xacro
[0.599s] -- Installing: /ros2_ws/install/realsense2_description/share/realsense2_description/urdf/test_d435_multiple_cameras.urdf.xacro
[0.599s] -- Installing: /ros2_ws/install/realsense2_description/share/realsense2_description/urdf/_usb_plug.urdf.xacro
[0.599s] -- Installing: /ros2_ws/install/realsense2_description/share/realsense2_description/urdf/_r410.urdf.xacro
[0.599s] -- Installing: /ros2_ws/install/realsense2_description/share/realsense2_description/urdf/test_d455_camera.urdf.xacro
[0.599s] -- Installing: /ros2_ws/install/realsense2_description/share/realsense2_description/urdf/test_r430_camera.urdf.xacro
[0.599s] -- Installing: /ros2_ws/install/realsense2_description/share/realsense2_description/urdf/test_r410_camera.urdf.xacro
[0.600s] -- Installing: /ros2_ws/install/realsense2_description/share/realsense2_description/urdf/_materials.urdf.xacro
[0.600s] -- Installing: /ros2_ws/install/realsense2_description/share/ament_index/resource_index/package_run_dependencies/realsense2_description
[0.600s] -- Installing: /ros2_ws/install/realsense2_description/share/ament_index/resource_index/parent_prefix_path/realsense2_description
[0.600s] -- Installing: /ros2_ws/install/realsense2_description/share/realsense2_description/environment/ament_prefix_path.sh
[0.600s] -- Installing: /ros2_ws/install/realsense2_description/share/realsense2_description/environment/ament_prefix_path.dsv
[0.601s] -- Installing: /ros2_ws/install/realsense2_description/share/realsense2_description/environment/path.sh
[0.601s] -- Installing: /ros2_ws/install/realsense2_description/share/realsense2_description/environment/path.dsv
[0.601s] -- Installing: /ros2_ws/install/realsense2_description/share/realsense2_description/local_setup.bash
[0.601s] -- Installing: /ros2_ws/install/realsense2_description/share/realsense2_description/local_setup.sh
[0.601s] -- Installing: /ros2_ws/install/realsense2_description/share/realsense2_description/local_setup.zsh
[0.601s] -- Installing: /ros2_ws/install/realsense2_description/share/realsense2_description/local_setup.dsv
[0.601s] -- Installing: /ros2_ws/install/realsense2_description/share/realsense2_description/package.dsv
[0.602s] -- Installing: /ros2_ws/install/realsense2_description/share/ament_index/resource_index/packages/realsense2_description
[0.602s] -- Installing: /ros2_ws/install/realsense2_description/share/realsense2_description/cmake/realsense2_descriptionConfig.cmake
[0.602s] -- Installing: /ros2_ws/install/realsense2_description/share/realsense2_description/cmake/realsense2_descriptionConfig-version.cmake
[0.602s] -- Installing: /ros2_ws/install/realsense2_description/share/realsense2_description/package.xml
[0.604s] Invoked command in '/ros2_ws/build/realsense2_description' returned '0': AMENT_PREFIX_PATH=/ros2_ws/install/realsense2_camera_msgs:${AMENT_PREFIX_PATH} CMAKE_PREFIX_PATH=/ros2_ws/install/realsense2_camera_msgs:/opt/ros/humble LD_LIBRARY_PATH=/ros2_ws/install/realsense2_camera_msgs/lib:${LD_LIBRARY_PATH} PYTHONPATH=/ros2_ws/install/realsense2_camera_msgs/local/lib/python3.10/dist-packages:${PYTHONPATH} /usr/bin/cmake --install /ros2_ws/build/realsense2_description
