[0.040s] Invoking command in '/ros2_ws/build/navigation': AMENT_PREFIX_PATH=/ros2_ws/install/rospi_pre:${AMENT_PREFIX_PATH} CMAKE_PREFIX_PATH=/ros2_ws/install/rospi_pre:/opt/ros/humble LD_LIBRARY_PATH=/ros2_ws/install/rospi_pre/lib:${LD_LIBRARY_PATH} PYTHONPATH=/ros2_ws/install/rospi_pre/local/lib/python3.10/dist-packages:${PYTHONPATH} /usr/bin/cmake --build /ros2_ws/build/navigation -- -j12 -l12
[0.107s] [100%] Built target chassis_controller
[0.107s] [100%] Built target check_point_4
[0.118s] Invoked command in '/ros2_ws/build/navigation' returned '0': AMENT_PREFIX_PATH=/ros2_ws/install/rospi_pre:${AMENT_PREFIX_PATH} CMAKE_PREFIX_PATH=/ros2_ws/install/rospi_pre:/opt/ros/humble LD_LIBRARY_PATH=/ros2_ws/install/rospi_pre/lib:${LD_LIBRARY_PATH} PYTHONPATH=/ros2_ws/install/rospi_pre/local/lib/python3.10/dist-packages:${PYTHONPATH} /usr/bin/cmake --build /ros2_ws/build/navigation -- -j12 -l12
[0.119s] Invoking command in '/ros2_ws/build/navigation': AMENT_PREFIX_PATH=/ros2_ws/install/rospi_pre:${AMENT_PREFIX_PATH} CMAKE_PREFIX_PATH=/ros2_ws/install/rospi_pre:/opt/ros/humble LD_LIBRARY_PATH=/ros2_ws/install/rospi_pre/lib:${LD_LIBRARY_PATH} PYTHONPATH=/ros2_ws/install/rospi_pre/local/lib/python3.10/dist-packages:${PYTHONPATH} /usr/bin/cmake --install /ros2_ws/build/navigation
[0.126s] -- Install configuration: ""
[0.126s] -- Up-to-date: /ros2_ws/install/navigation/lib/navigation/check_point_4
[0.127s] -- Up-to-date: /ros2_ws/install/navigation/lib/navigation/chassis_controller
[0.127s] -- Up-to-date: /ros2_ws/install/navigation/share/ament_index/resource_index/package_run_dependencies/navigation
[0.127s] -- Up-to-date: /ros2_ws/install/navigation/share/ament_index/resource_index/parent_prefix_path/navigation
[0.127s] -- Up-to-date: /ros2_ws/install/navigation/share/navigation/environment/ament_prefix_path.sh
[0.127s] -- Up-to-date: /ros2_ws/install/navigation/share/navigation/environment/ament_prefix_path.dsv
[0.127s] -- Up-to-date: /ros2_ws/install/navigation/share/navigation/environment/path.sh
[0.127s] -- Up-to-date: /ros2_ws/install/navigation/share/navigation/environment/path.dsv
[0.127s] -- Up-to-date: /ros2_ws/install/navigation/share/navigation/local_setup.bash
[0.127s] -- Up-to-date: /ros2_ws/install/navigation/share/navigation/local_setup.sh
[0.128s] -- Up-to-date: /ros2_ws/install/navigation/share/navigation/local_setup.zsh
[0.128s] -- Up-to-date: /ros2_ws/install/navigation/share/navigation/local_setup.dsv
[0.128s] -- Installing: /ros2_ws/install/navigation/share/navigation/package.dsv
[0.128s] -- Up-to-date: /ros2_ws/install/navigation/share/ament_index/resource_index/packages/navigation
[0.128s] -- Up-to-date: /ros2_ws/install/navigation/share/navigation/cmake/navigationConfig.cmake
[0.128s] -- Up-to-date: /ros2_ws/install/navigation/share/navigation/cmake/navigationConfig-version.cmake
[0.128s] -- Up-to-date: /ros2_ws/install/navigation/share/navigation/package.xml
[0.130s] Invoked command in '/ros2_ws/build/navigation' returned '0': AMENT_PREFIX_PATH=/ros2_ws/install/rospi_pre:${AMENT_PREFIX_PATH} CMAKE_PREFIX_PATH=/ros2_ws/install/rospi_pre:/opt/ros/humble LD_LIBRARY_PATH=/ros2_ws/install/rospi_pre/lib:${LD_LIBRARY_PATH} PYTHONPATH=/ros2_ws/install/rospi_pre/local/lib/python3.10/dist-packages:${PYTHONPATH} /usr/bin/cmake --install /ros2_ws/build/navigation
