[0.022s] Invoking command in '/ros2_ws/build/realsense2_camera': CMAKE_PREFIX_PATH=/ros2_ws/install/realsense2_camera_msgs:/ros2_ws/install/navigation:/ros2_ws/install/rospi_pre:/ros2_ws/install/realsense2_description:/ros2_ws/install/realsense2_camera:/ros2_ws/install/main_pkg:/ros2_ws/install/camera:/opt/ros/humble LD_LIBRARY_PATH=/ros2_ws/install/realsense2_camera_msgs/lib:/ros2_ws/install/rospi_pre/lib:/ros2_ws/install/realsense2_camera/lib:/opt/ros/humble/lib/x86_64-linux-gnu:/opt/ros/humble/lib /usr/bin/cmake /ros2_ws/src/realsense-pkg/realsense2_camera -DCMAKE_INSTALL_PREFIX=/ros2_ws/install/realsense2_camera
[0.093s] -- The C compiler identification is GNU 11.4.0
[0.174s] -- The CXX compiler identification is GNU 11.4.0
[0.188s] -- Detecting C compiler ABI info
[0.288s] -- Detecting C compiler ABI info - done
[0.300s] -- Check for working C compiler: /usr/bin/cc - skipped
[0.300s] -- Detecting C compile features
[0.301s] -- Detecting C compile features - done
[0.305s] -- Detecting CXX compiler ABI info
[0.443s] -- Detecting CXX compiler ABI info - done
[0.450s] -- Check for working CXX compiler: /usr/bin/c++ - skipped
[0.450s] -- Detecting CXX compile features
[0.450s] -- Detecting CXX compile features - done
[0.456s] -- Create Release Build.
[0.462s] -- Found ament_cmake: 1.3.12 (/opt/ros/humble/share/ament_cmake/cmake)
[0.724s] -- Found Python3: /usr/bin/python3 (found version "3.10.12") found components: Interpreter 
[0.856s] -- Found builtin_interfaces: 1.2.2 (/opt/ros/humble/share/builtin_interfaces/cmake)
[0.899s] -- Found rosidl_generator_c: 3.1.7 (/opt/ros/humble/share/rosidl_generator_c/cmake)
[0.907s] -- Found rosidl_adapter: 3.1.7 (/opt/ros/humble/share/rosidl_adapter/cmake)
[0.916s] -- Found rosidl_generator_cpp: 3.1.7 (/opt/ros/humble/share/rosidl_generator_cpp/cmake)
[0.934s] -- Using all available rosidl_typesupport_c: rosidl_typesupport_fastrtps_c;rosidl_typesupport_introspection_c
[0.955s] -- Using all available rosidl_typesupport_cpp: rosidl_typesupport_fastrtps_cpp;rosidl_typesupport_introspection_cpp
[0.973s] -- Found cv_bridge: 3.2.1 (/opt/ros/humble/share/cv_bridge/cmake)
[1.081s] -- Found image_transport: 3.1.12 (/opt/ros/humble/share/image_transport/cmake)
[1.134s] -- Found rmw_implementation_cmake: 6.1.2 (/opt/ros/humble/share/rmw_implementation_cmake/cmake)
[1.138s] -- Found rmw_cyclonedds_cpp: 1.3.4 (/opt/ros/humble/share/rmw_cyclonedds_cpp/cmake)
[1.168s] -- Using RMW implementation 'rmw_cyclonedds_cpp' as default
[1.180s] -- Looking for pthread.h
[1.297s] -- Looking for pthread.h - found
[1.298s] -- Performing Test CMAKE_HAVE_LIBC_PTHREAD
[1.426s] -- Performing Test CMAKE_HAVE_LIBC_PTHREAD - Success
[1.430s] -- Found Threads: TRUE  
[1.527s] -- Found rclcpp_components: 16.0.14 (/opt/ros/humble/share/rclcpp_components/cmake)
[1.556s] -- Found realsense2_camera_msgs: 4.55.1 (/ros2_ws/install/realsense2_camera_msgs/share/realsense2_camera_msgs/cmake)
[1.584s] -- Found nav_msgs: 4.9.0 (/opt/ros/humble/share/nav_msgs/cmake)
[1.614s] -- Found tf2_ros: 0.25.15 (/opt/ros/humble/share/tf2_ros/cmake)
[1.719s] -- Found diagnostic_updater: 4.0.6 (/opt/ros/humble/share/diagnostic_updater/cmake)
[1.753s] -- Found OpenCV: /usr (found version "4.5.4") found components: core 
[1.758s] -- Build for ROS2 Humble
[1.774s] -- Found ament_cmake_gtest: 1.3.12 (/opt/ros/humble/share/ament_cmake_gtest/cmake)
[1.781s] -- Found gtest sources under '/opt/ros/humble/src/gtest_vendor': C++ tests using 'Google Test' will be built
[1.788s] -- Found ament_cmake_pytest: 1.3.12 (/opt/ros/humble/share/ament_cmake_pytest/cmake)
[5.861s] -- rs_device_info:
[5.862s] -- Device Name                   Serial Number       Firmware Version
[5.863s] Intel RealSense D435          317622075360        5.13.0.55
[5.863s] 
[5.864s] -- D455 device found
[9.072s] -- Configuring done
[9.127s] -- Generating done
[9.141s] -- Build files have been written to: /ros2_ws/build/realsense2_camera
[9.160s] Invoked command in '/ros2_ws/build/realsense2_camera' returned '0': CMAKE_PREFIX_PATH=/ros2_ws/install/realsense2_camera_msgs:/ros2_ws/install/navigation:/ros2_ws/install/rospi_pre:/ros2_ws/install/realsense2_description:/ros2_ws/install/realsense2_camera:/ros2_ws/install/main_pkg:/ros2_ws/install/camera:/opt/ros/humble LD_LIBRARY_PATH=/ros2_ws/install/realsense2_camera_msgs/lib:/ros2_ws/install/rospi_pre/lib:/ros2_ws/install/realsense2_camera/lib:/opt/ros/humble/lib/x86_64-linux-gnu:/opt/ros/humble/lib /usr/bin/cmake /ros2_ws/src/realsense-pkg/realsense2_camera -DCMAKE_INSTALL_PREFIX=/ros2_ws/install/realsense2_camera
[9.161s] Invoking command in '/ros2_ws/build/realsense2_camera': CMAKE_PREFIX_PATH=/ros2_ws/install/realsense2_camera_msgs:/ros2_ws/install/navigation:/ros2_ws/install/rospi_pre:/ros2_ws/install/realsense2_description:/ros2_ws/install/realsense2_camera:/ros2_ws/install/main_pkg:/ros2_ws/install/camera:/opt/ros/humble LD_LIBRARY_PATH=/ros2_ws/install/realsense2_camera_msgs/lib:/ros2_ws/install/rospi_pre/lib:/ros2_ws/install/realsense2_camera/lib:/opt/ros/humble/lib/x86_64-linux-gnu:/opt/ros/humble/lib /usr/bin/cmake --build /ros2_ws/build/realsense2_camera -- -j12 -l12
[9.238s] [  9%] [32mBuilding CXX object CMakeFiles/realsense2_camera_node.dir/rclcpp_components/node_main_realsense2_camera_node.cpp.o[0m
[9.243s] [  9%] [32mBuilding CXX object gtest/CMakeFiles/gtest_main.dir/src/gtest_main.cc.o[0m
[9.243s] [ 13%] [32mBuilding CXX object CMakeFiles/realsense2_camera.dir/src/realsense_node_factory.cpp.o[0m
[9.243s] [ 18%] [32mBuilding CXX object CMakeFiles/realsense2_camera.dir/src/base_realsense_node.cpp.o[0m
[9.245s] [ 22%] [32mBuilding CXX object gtest/CMakeFiles/gtest.dir/src/gtest-all.cc.o[0m
[9.251s] [ 31%] [32mBuilding CXX object CMakeFiles/realsense2_camera.dir/src/rs_node_setup.cpp.o[0m
[9.251s] [ 31%] [32mBuilding CXX object CMakeFiles/realsense2_camera.dir/src/ros_sensor.cpp.o[0m
[9.255s] [ 36%] [32mBuilding CXX object CMakeFiles/realsense2_camera.dir/src/ros_utils.cpp.o[0m
[9.265s] [ 40%] [32mBuilding CXX object CMakeFiles/realsense2_camera.dir/src/dynamic_params.cpp.o[0m
[9.265s] [ 45%] [32mBuilding CXX object CMakeFiles/realsense2_camera.dir/src/parameters.cpp.o[0m
[9.270s] [ 50%] [32mBuilding CXX object CMakeFiles/realsense2_camera.dir/src/named_filter.cpp.o[0m
[9.273s] [ 54%] [32mBuilding CXX object CMakeFiles/realsense2_camera.dir/src/sensor_params.cpp.o[0m
[10.668s] [ 59%] [32m[1mLinking CXX static library libgtest_main.a[0m
[10.786s] [ 59%] Built target gtest_main
[10.820s] [ 63%] [32mBuilding CXX object CMakeFiles/realsense2_camera.dir/src/profile_manager.cpp.o[0m
[15.431s] [ 68%] [32m[1mLinking CXX executable realsense2_camera_node[0m
[15.687s] [ 68%] Built target realsense2_camera_node
[15.702s] [ 72%] [32mBuilding CXX object CMakeFiles/realsense2_camera.dir/src/image_publisher.cpp.o[0m
[16.006s] [ 77%] [32mBuilding CXX object CMakeFiles/realsense2_camera.dir/src/tfs.cpp.o[0m
[17.894s] [ 81%] [32mBuilding CXX object CMakeFiles/realsense2_camera.dir/src/ros_param_backend.cpp.o[0m
[19.636s] [ 86%] [32m[1mLinking CXX static library libgtest.a[0m
[19.702s] [ 86%] Built target gtest
[19.736s] [ 90%] [32mBuilding CXX object CMakeFiles/gtest_template.dir/test/gtest_template.cpp.o[0m
[20.736s] [ 95%] [32m[1mLinking CXX executable gtest_template[0m
[20.892s] [ 95%] Built target gtest_template
[26.296s] [100%] [32m[1mLinking CXX shared library librealsense2_camera.so[0m
[26.721s] [100%] Built target realsense2_camera
[26.732s] Invoked command in '/ros2_ws/build/realsense2_camera' returned '0': CMAKE_PREFIX_PATH=/ros2_ws/install/realsense2_camera_msgs:/ros2_ws/install/navigation:/ros2_ws/install/rospi_pre:/ros2_ws/install/realsense2_description:/ros2_ws/install/realsense2_camera:/ros2_ws/install/main_pkg:/ros2_ws/install/camera:/opt/ros/humble LD_LIBRARY_PATH=/ros2_ws/install/realsense2_camera_msgs/lib:/ros2_ws/install/rospi_pre/lib:/ros2_ws/install/realsense2_camera/lib:/opt/ros/humble/lib/x86_64-linux-gnu:/opt/ros/humble/lib /usr/bin/cmake --build /ros2_ws/build/realsense2_camera -- -j12 -l12
[26.734s] Invoking command in '/ros2_ws/build/realsense2_camera': CMAKE_PREFIX_PATH=/ros2_ws/install/realsense2_camera_msgs:/ros2_ws/install/navigation:/ros2_ws/install/rospi_pre:/ros2_ws/install/realsense2_description:/ros2_ws/install/realsense2_camera:/ros2_ws/install/main_pkg:/ros2_ws/install/camera:/opt/ros/humble LD_LIBRARY_PATH=/ros2_ws/install/realsense2_camera_msgs/lib:/ros2_ws/install/rospi_pre/lib:/ros2_ws/install/realsense2_camera/lib:/opt/ros/humble/lib/x86_64-linux-gnu:/opt/ros/humble/lib /usr/bin/cmake --install /ros2_ws/build/realsense2_camera
[26.741s] -- Install configuration: "Release"
[26.741s] -- Installing: /ros2_ws/install/realsense2_camera/lib/realsense2_camera/realsense2_camera_node
[26.741s] -- Set runtime path of "/ros2_ws/install/realsense2_camera/lib/realsense2_camera/realsense2_camera_node" to ""
[26.741s] -- Installing: /ros2_ws/install/realsense2_camera/lib/librealsense2_camera.so
[26.744s] -- Set runtime path of "/ros2_ws/install/realsense2_camera/lib/librealsense2_camera.so" to ""
[26.744s] -- Installing: /ros2_ws/install/realsense2_camera/include
[26.744s] -- Installing: /ros2_ws/install/realsense2_camera/include/named_filter.h
[26.744s] -- Installing: /ros2_ws/install/realsense2_camera/include/ros_param_backend.h
[26.745s] -- Installing: /ros2_ws/install/realsense2_camera/include/ros_sensor.h
[26.745s] -- Installing: /ros2_ws/install/realsense2_camera/include/realsense_node_factory.h
[26.745s] -- Installing: /ros2_ws/install/realsense2_camera/include/image_publisher.h
[26.745s] -- Installing: /ros2_ws/install/realsense2_camera/include/constants.h
[26.745s] -- Installing: /ros2_ws/install/realsense2_camera/include/sensor_params.h
[26.745s] -- Installing: /ros2_ws/install/realsense2_camera/include/ros_utils.h
[26.745s] -- Installing: /ros2_ws/install/realsense2_camera/include/gl_window.h
[26.745s] -- Installing: /ros2_ws/install/realsense2_camera/include/dynamic_params.h
[26.745s] -- Installing: /ros2_ws/install/realsense2_camera/include/base_realsense_node.h
[26.745s] -- Installing: /ros2_ws/install/realsense2_camera/include/profile_manager.h
[26.746s] -- Installing: /ros2_ws/install/realsense2_camera/share/realsense2_camera/launch
[26.746s] -- Installing: /ros2_ws/install/realsense2_camera/share/realsense2_camera/launch/rs_launch.py
[26.746s] -- Installing: /ros2_ws/install/realsense2_camera/share/realsense2_camera/launch/rs_intra_process_demo_launch.py
[26.746s] -- Installing: /ros2_ws/install/realsense2_camera/share/realsense2_camera/launch/rs_multi_camera_launch.py
[26.746s] -- Installing: /ros2_ws/install/realsense2_camera/share/realsense2_camera/launch/visual_presets
[26.746s] -- Installing: /ros2_ws/install/realsense2_camera/share/realsense2_camera/launch/visual_presets/DefaultPreset_D455.json
[26.746s] -- Installing: /ros2_ws/install/realsense2_camera/share/realsense2_camera/launch/visual_presets/DefaultPreset_D435.json
[26.746s] -- Installing: /ros2_ws/install/realsense2_camera/share/realsense2_camera/launch/visual_presets/HandGesturePreset.json
[26.747s] -- Installing: /ros2_ws/install/realsense2_camera/share/realsense2_camera/launch/visual_presets/ShortRangePreset.json
[26.747s] -- Installing: /ros2_ws/install/realsense2_camera/share/realsense2_camera/launch/visual_presets/HighAccuracyPreset.json
[26.747s] -- Installing: /ros2_ws/install/realsense2_camera/share/realsense2_camera/launch/visual_presets/HighDensityPreset.json
[26.747s] -- Installing: /ros2_ws/install/realsense2_camera/share/realsense2_camera/launch/visual_presets/EdgeMapD435.json
[26.747s] -- Installing: /ros2_ws/install/realsense2_camera/share/realsense2_camera/launch/visual_presets/BodyScanPreset.json
[26.747s] -- Installing: /ros2_ws/install/realsense2_camera/share/realsense2_camera/launch/visual_presets/D415_RemoveIR.json
[26.747s] -- Installing: /ros2_ws/install/realsense2_camera/share/realsense2_camera/launch/visual_presets/MedDensityPreset.json
[26.747s] -- Installing: /ros2_ws/install/realsense2_camera/share/realsense2_camera/launch/visual_presets/DefaultPreset_D415.json
[26.747s] -- Installing: /ros2_ws/install/realsense2_camera/share/realsense2_camera/launch/default.rviz
[26.748s] -- Installing: /ros2_ws/install/realsense2_camera/share/realsense2_camera/examples
[26.748s] -- Installing: /ros2_ws/install/realsense2_camera/share/realsense2_camera/examples/align_depth
[26.748s] -- Installing: /ros2_ws/install/realsense2_camera/share/realsense2_camera/examples/align_depth/rs_align_depth_launch.py
[26.748s] -- Installing: /ros2_ws/install/realsense2_camera/share/realsense2_camera/examples/align_depth/README.md
[26.748s] -- Installing: /ros2_ws/install/realsense2_camera/share/realsense2_camera/examples/pointcloud
[26.748s] -- Installing: /ros2_ws/install/realsense2_camera/share/realsense2_camera/examples/pointcloud/rs_d455_pointcloud_launch.py
[26.748s] -- Installing: /ros2_ws/install/realsense2_camera/share/realsense2_camera/examples/pointcloud/rs_pointcloud_launch.py
[26.748s] -- Installing: /ros2_ws/install/realsense2_camera/share/realsense2_camera/examples/pointcloud/README.md
[26.748s] -- Installing: /ros2_ws/install/realsense2_camera/share/realsense2_camera/examples/pointcloud/rs_d405_pointcloud_launch.py
[26.748s] -- Installing: /ros2_ws/install/realsense2_camera/share/realsense2_camera/examples/pointcloud/rviz
[26.748s] -- Installing: /ros2_ws/install/realsense2_camera/share/realsense2_camera/examples/pointcloud/rviz/pointcloud.rviz
[26.749s] -- Installing: /ros2_ws/install/realsense2_camera/share/realsense2_camera/examples/pointcloud/rviz/urdf_pointcloud.rviz
[26.749s] -- Installing: /ros2_ws/install/realsense2_camera/share/realsense2_camera/examples/launch_from_rosbag
[26.749s] -- Installing: /ros2_ws/install/realsense2_camera/share/realsense2_camera/examples/launch_from_rosbag/rs_launch_from_rosbag.py
[26.749s] -- Installing: /ros2_ws/install/realsense2_camera/share/realsense2_camera/examples/launch_from_rosbag/README.md
[26.749s] -- Installing: /ros2_ws/install/realsense2_camera/share/realsense2_camera/examples/dual_camera
[26.749s] -- Installing: /ros2_ws/install/realsense2_camera/share/realsense2_camera/examples/dual_camera/README.md
[26.749s] -- Installing: /ros2_ws/install/realsense2_camera/share/realsense2_camera/examples/dual_camera/rs_dual_camera_launch.py
[26.749s] -- Installing: /ros2_ws/install/realsense2_camera/share/realsense2_camera/examples/dual_camera/rviz
[26.749s] -- Installing: /ros2_ws/install/realsense2_camera/share/realsense2_camera/examples/dual_camera/rviz/dual_camera_pointcloud.rviz
[26.750s] -- Installing: /ros2_ws/install/realsense2_camera/share/realsense2_camera/examples/launch_params_from_file
[26.750s] -- Installing: /ros2_ws/install/realsense2_camera/share/realsense2_camera/examples/launch_params_from_file/config
[26.750s] -- Installing: /ros2_ws/install/realsense2_camera/share/realsense2_camera/examples/launch_params_from_file/config/config.yaml
[26.750s] -- Installing: /ros2_ws/install/realsense2_camera/share/realsense2_camera/examples/launch_params_from_file/README.md
[26.750s] -- Installing: /ros2_ws/install/realsense2_camera/share/realsense2_camera/examples/launch_params_from_file/rs_launch_get_params_from_yaml.py
[26.750s] -- Installing: /ros2_ws/install/realsense2_camera/share/realsense2_camera/environment/library_path.sh
[26.750s] -- Installing: /ros2_ws/install/realsense2_camera/share/realsense2_camera/environment/library_path.dsv
[26.751s] -- Installing: /ros2_ws/install/realsense2_camera/share/ament_index/resource_index/package_run_dependencies/realsense2_camera
[26.751s] -- Installing: /ros2_ws/install/realsense2_camera/share/ament_index/resource_index/parent_prefix_path/realsense2_camera
[26.751s] -- Installing: /ros2_ws/install/realsense2_camera/share/realsense2_camera/environment/ament_prefix_path.sh
[26.751s] -- Installing: /ros2_ws/install/realsense2_camera/share/realsense2_camera/environment/ament_prefix_path.dsv
[26.751s] -- Installing: /ros2_ws/install/realsense2_camera/share/realsense2_camera/environment/path.sh
[26.751s] -- Installing: /ros2_ws/install/realsense2_camera/share/realsense2_camera/environment/path.dsv
[26.751s] -- Installing: /ros2_ws/install/realsense2_camera/share/realsense2_camera/local_setup.bash
[26.752s] -- Installing: /ros2_ws/install/realsense2_camera/share/realsense2_camera/local_setup.sh
[26.752s] -- Installing: /ros2_ws/install/realsense2_camera/share/realsense2_camera/local_setup.zsh
[26.752s] -- Installing: /ros2_ws/install/realsense2_camera/share/realsense2_camera/local_setup.dsv
[26.752s] -- Installing: /ros2_ws/install/realsense2_camera/share/realsense2_camera/package.dsv
[26.752s] -- Installing: /ros2_ws/install/realsense2_camera/share/ament_index/resource_index/packages/realsense2_camera
[26.752s] -- Installing: /ros2_ws/install/realsense2_camera/share/ament_index/resource_index/rclcpp_components/realsense2_camera
[26.752s] -- Installing: /ros2_ws/install/realsense2_camera/share/realsense2_camera/cmake/ament_cmake_export_include_directories-extras.cmake
[26.753s] -- Installing: /ros2_ws/install/realsense2_camera/share/realsense2_camera/cmake/ament_cmake_export_libraries-extras.cmake
[26.753s] -- Installing: /ros2_ws/install/realsense2_camera/share/realsense2_camera/cmake/ament_cmake_export_dependencies-extras.cmake
[26.753s] -- Installing: /ros2_ws/install/realsense2_camera/share/realsense2_camera/cmake/realsense2_cameraConfig.cmake
[26.753s] -- Installing: /ros2_ws/install/realsense2_camera/share/realsense2_camera/cmake/realsense2_cameraConfig-version.cmake
[26.753s] -- Installing: /ros2_ws/install/realsense2_camera/share/realsense2_camera/package.xml
[26.756s] Invoked command in '/ros2_ws/build/realsense2_camera' returned '0': CMAKE_PREFIX_PATH=/ros2_ws/install/realsense2_camera_msgs:/ros2_ws/install/navigation:/ros2_ws/install/rospi_pre:/ros2_ws/install/realsense2_description:/ros2_ws/install/realsense2_camera:/ros2_ws/install/main_pkg:/ros2_ws/install/camera:/opt/ros/humble LD_LIBRARY_PATH=/ros2_ws/install/realsense2_camera_msgs/lib:/ros2_ws/install/rospi_pre/lib:/ros2_ws/install/realsense2_camera/lib:/opt/ros/humble/lib/x86_64-linux-gnu:/opt/ros/humble/lib /usr/bin/cmake --install /ros2_ws/build/realsense2_camera
