[0.016s] Invoking command in '/ros2_ws/build/realsense2_camera': AMENT_PREFIX_PATH=/ros2_ws/install/realsense2_camera_msgs:${AMENT_PREFIX_PATH} CMAKE_PREFIX_PATH=/ros2_ws/install/realsense2_camera_msgs:/opt/ros/humble LD_LIBRARY_PATH=/ros2_ws/install/realsense2_camera_msgs/lib:${LD_LIBRARY_PATH} PYTHONPATH=/ros2_ws/install/realsense2_camera_msgs/local/lib/python3.10/dist-packages:${PYTHONPATH} /usr/bin/cmake /ros2_ws/src/realsense-pkg/realsense2_camera -DCMAKE_INSTALL_PREFIX=/ros2_ws/install/realsense2_camera
[0.061s] -- The C compiler identification is GNU 11.4.0
[0.106s] -- The CXX compiler identification is GNU 11.4.0
[0.112s] -- Detecting C compiler ABI info
[0.170s] -- Detecting C compiler ABI info - done
[0.174s] -- Check for working C compiler: /usr/bin/cc - skipped
[0.175s] -- Detecting C compile features
[0.175s] -- Detecting C compile features - done
[0.177s] -- Detecting CXX compiler ABI info
[0.242s] -- Detecting CXX compiler ABI info - done
[0.247s] -- Check for working CXX compiler: /usr/bin/c++ - skipped
[0.247s] -- Detecting CXX compile features
[0.248s] -- Detecting CXX compile features - done
[0.248s] -- Create Release Build.
[0.251s] -- Found ament_cmake: 1.3.12 (/opt/ros/humble/share/ament_cmake/cmake)
[0.359s] -- Found Python3: /usr/bin/python3 (found version "3.10.12") found components: Interpreter 
[0.434s] -- Found builtin_interfaces: 1.2.2 (/opt/ros/humble/share/builtin_interfaces/cmake)
[0.459s] -- Found rosidl_generator_c: 3.1.7 (/opt/ros/humble/share/rosidl_generator_c/cmake)
[0.463s] -- Found rosidl_adapter: 3.1.7 (/opt/ros/humble/share/rosidl_adapter/cmake)
[0.470s] -- Found rosidl_generator_cpp: 3.1.7 (/opt/ros/humble/share/rosidl_generator_cpp/cmake)
[0.480s] -- Using all available rosidl_typesupport_c: rosidl_typesupport_fastrtps_c;rosidl_typesupport_introspection_c
[0.494s] -- Using all available rosidl_typesupport_cpp: rosidl_typesupport_fastrtps_cpp;rosidl_typesupport_introspection_cpp
[0.507s] -- Found cv_bridge: 3.2.1 (/opt/ros/humble/share/cv_bridge/cmake)
[0.552s] -- Found image_transport: 3.1.12 (/opt/ros/humble/share/image_transport/cmake)
[0.587s] -- Found rmw_implementation_cmake: 6.1.2 (/opt/ros/humble/share/rmw_implementation_cmake/cmake)
[0.589s] -- Found rmw_cyclonedds_cpp: 1.3.4 (/opt/ros/humble/share/rmw_cyclonedds_cpp/cmake)
[0.607s] -- Using RMW implementation 'rmw_cyclonedds_cpp' as default
[0.614s] -- Looking for pthread.h
[0.680s] -- Looking for pthread.h - found
[0.681s] -- Performing Test CMAKE_HAVE_LIBC_PTHREAD
[0.746s] -- Performing Test CMAKE_HAVE_LIBC_PTHREAD - Success
[0.747s] -- Found Threads: TRUE  
[0.801s] -- Found rclcpp_components: 16.0.14 (/opt/ros/humble/share/rclcpp_components/cmake)
[0.815s] -- Found realsense2_camera_msgs: 4.55.1 (/ros2_ws/install/realsense2_camera_msgs/share/realsense2_camera_msgs/cmake)
[0.829s] -- Found nav_msgs: 4.9.0 (/opt/ros/humble/share/nav_msgs/cmake)
[0.843s] -- Found tf2_ros: 0.25.15 (/opt/ros/humble/share/tf2_ros/cmake)
[0.898s] -- Found diagnostic_updater: 4.0.6 (/opt/ros/humble/share/diagnostic_updater/cmake)
[0.914s] -- Found OpenCV: /usr (found version "4.5.4") found components: core 
[0.916s] -- Build for ROS2 Humble
[0.920s] -- Found ament_cmake_gtest: 1.3.12 (/opt/ros/humble/share/ament_cmake_gtest/cmake)
[0.922s] -- Found gtest sources under '/opt/ros/humble/src/gtest_vendor': C++ tests using 'Google Test' will be built
[0.927s] -- Found ament_cmake_pytest: 1.3.12 (/opt/ros/humble/share/ament_cmake_pytest/cmake)
[3.114s] -- rs_device_info:
[3.114s] -- No device detected. Is it plugged in?
[3.114s] 
[3.173s] -- Configuring done
[3.206s] -- Generating done
[3.215s] -- Build files have been written to: /ros2_ws/build/realsense2_camera
[3.225s] Invoked command in '/ros2_ws/build/realsense2_camera' returned '0': AMENT_PREFIX_PATH=/ros2_ws/install/realsense2_camera_msgs:${AMENT_PREFIX_PATH} CMAKE_PREFIX_PATH=/ros2_ws/install/realsense2_camera_msgs:/opt/ros/humble LD_LIBRARY_PATH=/ros2_ws/install/realsense2_camera_msgs/lib:${LD_LIBRARY_PATH} PYTHONPATH=/ros2_ws/install/realsense2_camera_msgs/local/lib/python3.10/dist-packages:${PYTHONPATH} /usr/bin/cmake /ros2_ws/src/realsense-pkg/realsense2_camera -DCMAKE_INSTALL_PREFIX=/ros2_ws/install/realsense2_camera
[3.226s] Invoking command in '/ros2_ws/build/realsense2_camera': AMENT_PREFIX_PATH=/ros2_ws/install/realsense2_camera_msgs:${AMENT_PREFIX_PATH} CMAKE_PREFIX_PATH=/ros2_ws/install/realsense2_camera_msgs:/opt/ros/humble LD_LIBRARY_PATH=/ros2_ws/install/realsense2_camera_msgs/lib:${LD_LIBRARY_PATH} PYTHONPATH=/ros2_ws/install/realsense2_camera_msgs/local/lib/python3.10/dist-packages:${PYTHONPATH} /usr/bin/cmake --build /ros2_ws/build/realsense2_camera -- -j12 -l12
[3.279s] [  9%] [32mBuilding CXX object gtest/CMakeFiles/gtest_main.dir/src/gtest_main.cc.o[0m
[3.279s] [  9%] [32mBuilding CXX object CMakeFiles/realsense2_camera_node.dir/rclcpp_components/node_main_realsense2_camera_node.cpp.o[0m
[3.279s] [ 22%] [32mBuilding CXX object CMakeFiles/realsense2_camera.dir/src/parameters.cpp.o[0m
[3.279s] [ 22%] [32mBuilding CXX object CMakeFiles/realsense2_camera.dir/src/rs_node_setup.cpp.o[0m
[3.279s] [ 18%] [32mBuilding CXX object gtest/CMakeFiles/gtest.dir/src/gtest-all.cc.o[0m
[3.279s] [ 27%] [32mBuilding CXX object CMakeFiles/realsense2_camera.dir/src/ros_utils.cpp.o[0m
[3.280s] [ 31%] [32mBuilding CXX object CMakeFiles/realsense2_camera.dir/src/dynamic_params.cpp.o[0m
[3.281s] [ 36%] [32mBuilding CXX object CMakeFiles/realsense2_camera.dir/src/ros_sensor.cpp.o[0m
[3.282s] [ 40%] [32mBuilding CXX object CMakeFiles/realsense2_camera.dir/src/realsense_node_factory.cpp.o[0m
[3.282s] [ 45%] [32mBuilding CXX object CMakeFiles/realsense2_camera.dir/src/base_realsense_node.cpp.o[0m
[3.287s] [ 50%] [32mBuilding CXX object CMakeFiles/realsense2_camera.dir/src/sensor_params.cpp.o[0m
[3.289s] [ 54%] [32mBuilding CXX object CMakeFiles/realsense2_camera.dir/src/named_filter.cpp.o[0m
[4.041s] [ 59%] [32m[1mLinking CXX static library libgtest_main.a[0m
[4.085s] [ 59%] Built target gtest_main
[4.098s] [ 63%] [32mBuilding CXX object CMakeFiles/realsense2_camera.dir/src/profile_manager.cpp.o[0m
[8.230s] [ 68%] [32mBuilding CXX object CMakeFiles/realsense2_camera.dir/src/image_publisher.cpp.o[0m
[8.343s] [ 72%] [32m[1mLinking CXX executable realsense2_camera_node[0m
[8.691s] [ 72%] Built target realsense2_camera_node
[8.718s] [ 77%] [32mBuilding CXX object CMakeFiles/realsense2_camera.dir/src/tfs.cpp.o[0m
[10.585s] [ 81%] [32mBuilding CXX object CMakeFiles/realsense2_camera.dir/src/ros_param_backend.cpp.o[0m
[12.481s] [ 86%] [32m[1mLinking CXX static library libgtest.a[0m
[12.594s] [ 86%] Built target gtest
[12.623s] [ 90%] [32mBuilding CXX object CMakeFiles/gtest_template.dir/test/gtest_template.cpp.o[0m
[13.490s] [ 95%] [32m[1mLinking CXX executable gtest_template[0m
[13.590s] [ 95%] Built target gtest_template
[18.040s] [100%] [32m[1mLinking CXX shared library librealsense2_camera.so[0m
[18.399s] [100%] Built target realsense2_camera
[18.411s] Invoked command in '/ros2_ws/build/realsense2_camera' returned '0': AMENT_PREFIX_PATH=/ros2_ws/install/realsense2_camera_msgs:${AMENT_PREFIX_PATH} CMAKE_PREFIX_PATH=/ros2_ws/install/realsense2_camera_msgs:/opt/ros/humble LD_LIBRARY_PATH=/ros2_ws/install/realsense2_camera_msgs/lib:${LD_LIBRARY_PATH} PYTHONPATH=/ros2_ws/install/realsense2_camera_msgs/local/lib/python3.10/dist-packages:${PYTHONPATH} /usr/bin/cmake --build /ros2_ws/build/realsense2_camera -- -j12 -l12
[18.411s] Invoking command in '/ros2_ws/build/realsense2_camera': AMENT_PREFIX_PATH=/ros2_ws/install/realsense2_camera_msgs:${AMENT_PREFIX_PATH} CMAKE_PREFIX_PATH=/ros2_ws/install/realsense2_camera_msgs:/opt/ros/humble LD_LIBRARY_PATH=/ros2_ws/install/realsense2_camera_msgs/lib:${LD_LIBRARY_PATH} PYTHONPATH=/ros2_ws/install/realsense2_camera_msgs/local/lib/python3.10/dist-packages:${PYTHONPATH} /usr/bin/cmake --install /ros2_ws/build/realsense2_camera
[18.419s] -- Install configuration: "Release"
[18.419s] -- Installing: /ros2_ws/install/realsense2_camera/lib/realsense2_camera/realsense2_camera_node
[18.419s] -- Set runtime path of "/ros2_ws/install/realsense2_camera/lib/realsense2_camera/realsense2_camera_node" to ""
[18.419s] -- Installing: /ros2_ws/install/realsense2_camera/lib/librealsense2_camera.so
[18.422s] -- Set runtime path of "/ros2_ws/install/realsense2_camera/lib/librealsense2_camera.so" to ""
[18.422s] -- Installing: /ros2_ws/install/realsense2_camera/include
[18.422s] -- Installing: /ros2_ws/install/realsense2_camera/include/named_filter.h
[18.422s] -- Installing: /ros2_ws/install/realsense2_camera/include/ros_param_backend.h
[18.422s] -- Installing: /ros2_ws/install/realsense2_camera/include/ros_sensor.h
[18.422s] -- Installing: /ros2_ws/install/realsense2_camera/include/realsense_node_factory.h
[18.422s] -- Installing: /ros2_ws/install/realsense2_camera/include/image_publisher.h
[18.423s] -- Installing: /ros2_ws/install/realsense2_camera/include/constants.h
[18.423s] -- Installing: /ros2_ws/install/realsense2_camera/include/sensor_params.h
[18.423s] -- Installing: /ros2_ws/install/realsense2_camera/include/ros_utils.h
[18.423s] -- Installing: /ros2_ws/install/realsense2_camera/include/gl_window.h
[18.423s] -- Installing: /ros2_ws/install/realsense2_camera/include/dynamic_params.h
[18.423s] -- Installing: /ros2_ws/install/realsense2_camera/include/base_realsense_node.h
[18.423s] -- Installing: /ros2_ws/install/realsense2_camera/include/profile_manager.h
[18.423s] -- Installing: /ros2_ws/install/realsense2_camera/share/realsense2_camera/launch
[18.423s] -- Installing: /ros2_ws/install/realsense2_camera/share/realsense2_camera/launch/rs_launch.py
[18.423s] -- Installing: /ros2_ws/install/realsense2_camera/share/realsense2_camera/launch/rs_intra_process_demo_launch.py
[18.424s] -- Installing: /ros2_ws/install/realsense2_camera/share/realsense2_camera/launch/rs_multi_camera_launch.py
[18.424s] -- Installing: /ros2_ws/install/realsense2_camera/share/realsense2_camera/launch/visual_presets
[18.424s] -- Installing: /ros2_ws/install/realsense2_camera/share/realsense2_camera/launch/visual_presets/DefaultPreset_D455.json
[18.424s] -- Installing: /ros2_ws/install/realsense2_camera/share/realsense2_camera/launch/visual_presets/DefaultPreset_D435.json
[18.424s] -- Installing: /ros2_ws/install/realsense2_camera/share/realsense2_camera/launch/visual_presets/HandGesturePreset.json
[18.424s] -- Installing: /ros2_ws/install/realsense2_camera/share/realsense2_camera/launch/visual_presets/ShortRangePreset.json
[18.424s] -- Installing: /ros2_ws/install/realsense2_camera/share/realsense2_camera/launch/visual_presets/HighAccuracyPreset.json
[18.424s] -- Installing: /ros2_ws/install/realsense2_camera/share/realsense2_camera/launch/visual_presets/HighDensityPreset.json
[18.424s] -- Installing: /ros2_ws/install/realsense2_camera/share/realsense2_camera/launch/visual_presets/EdgeMapD435.json
[18.425s] -- Installing: /ros2_ws/install/realsense2_camera/share/realsense2_camera/launch/visual_presets/BodyScanPreset.json
[18.425s] -- Installing: /ros2_ws/install/realsense2_camera/share/realsense2_camera/launch/visual_presets/D415_RemoveIR.json
[18.425s] -- Installing: /ros2_ws/install/realsense2_camera/share/realsense2_camera/launch/visual_presets/MedDensityPreset.json
[18.425s] -- Installing: /ros2_ws/install/realsense2_camera/share/realsense2_camera/launch/visual_presets/DefaultPreset_D415.json
[18.425s] -- Installing: /ros2_ws/install/realsense2_camera/share/realsense2_camera/launch/default.rviz
[18.425s] -- Installing: /ros2_ws/install/realsense2_camera/share/realsense2_camera/examples
[18.425s] -- Installing: /ros2_ws/install/realsense2_camera/share/realsense2_camera/examples/align_depth
[18.425s] -- Installing: /ros2_ws/install/realsense2_camera/share/realsense2_camera/examples/align_depth/rs_align_depth_launch.py
[18.425s] -- Installing: /ros2_ws/install/realsense2_camera/share/realsense2_camera/examples/align_depth/README.md
[18.425s] -- Installing: /ros2_ws/install/realsense2_camera/share/realsense2_camera/examples/pointcloud
[18.426s] -- Installing: /ros2_ws/install/realsense2_camera/share/realsense2_camera/examples/pointcloud/rs_d455_pointcloud_launch.py
[18.426s] -- Installing: /ros2_ws/install/realsense2_camera/share/realsense2_camera/examples/pointcloud/rs_pointcloud_launch.py
[18.426s] -- Installing: /ros2_ws/install/realsense2_camera/share/realsense2_camera/examples/pointcloud/README.md
[18.426s] -- Installing: /ros2_ws/install/realsense2_camera/share/realsense2_camera/examples/pointcloud/rs_d405_pointcloud_launch.py
[18.426s] -- Installing: /ros2_ws/install/realsense2_camera/share/realsense2_camera/examples/pointcloud/rviz
[18.426s] -- Installing: /ros2_ws/install/realsense2_camera/share/realsense2_camera/examples/pointcloud/rviz/pointcloud.rviz
[18.426s] -- Installing: /ros2_ws/install/realsense2_camera/share/realsense2_camera/examples/pointcloud/rviz/urdf_pointcloud.rviz
[18.426s] -- Installing: /ros2_ws/install/realsense2_camera/share/realsense2_camera/examples/launch_from_rosbag
[18.426s] -- Installing: /ros2_ws/install/realsense2_camera/share/realsense2_camera/examples/launch_from_rosbag/rs_launch_from_rosbag.py
[18.426s] -- Installing: /ros2_ws/install/realsense2_camera/share/realsense2_camera/examples/launch_from_rosbag/README.md
[18.427s] -- Installing: /ros2_ws/install/realsense2_camera/share/realsense2_camera/examples/dual_camera
[18.427s] -- Installing: /ros2_ws/install/realsense2_camera/share/realsense2_camera/examples/dual_camera/README.md
[18.427s] -- Installing: /ros2_ws/install/realsense2_camera/share/realsense2_camera/examples/dual_camera/rs_dual_camera_launch.py
[18.427s] -- Installing: /ros2_ws/install/realsense2_camera/share/realsense2_camera/examples/dual_camera/rviz
[18.427s] -- Installing: /ros2_ws/install/realsense2_camera/share/realsense2_camera/examples/dual_camera/rviz/dual_camera_pointcloud.rviz
[18.427s] -- Installing: /ros2_ws/install/realsense2_camera/share/realsense2_camera/examples/launch_params_from_file
[18.427s] -- Installing: /ros2_ws/install/realsense2_camera/share/realsense2_camera/examples/launch_params_from_file/config
[18.427s] -- Installing: /ros2_ws/install/realsense2_camera/share/realsense2_camera/examples/launch_params_from_file/config/config.yaml
[18.427s] -- Installing: /ros2_ws/install/realsense2_camera/share/realsense2_camera/examples/launch_params_from_file/README.md
[18.427s] -- Installing: /ros2_ws/install/realsense2_camera/share/realsense2_camera/examples/launch_params_from_file/rs_launch_get_params_from_yaml.py
[18.428s] -- Installing: /ros2_ws/install/realsense2_camera/share/realsense2_camera/environment/library_path.sh
[18.428s] -- Installing: /ros2_ws/install/realsense2_camera/share/realsense2_camera/environment/library_path.dsv
[18.428s] -- Installing: /ros2_ws/install/realsense2_camera/share/ament_index/resource_index/package_run_dependencies/realsense2_camera
[18.428s] -- Installing: /ros2_ws/install/realsense2_camera/share/ament_index/resource_index/parent_prefix_path/realsense2_camera
[18.428s] -- Installing: /ros2_ws/install/realsense2_camera/share/realsense2_camera/environment/ament_prefix_path.sh
[18.429s] -- Installing: /ros2_ws/install/realsense2_camera/share/realsense2_camera/environment/ament_prefix_path.dsv
[18.429s] -- Installing: /ros2_ws/install/realsense2_camera/share/realsense2_camera/environment/path.sh
[18.429s] -- Installing: /ros2_ws/install/realsense2_camera/share/realsense2_camera/environment/path.dsv
[18.429s] -- Installing: /ros2_ws/install/realsense2_camera/share/realsense2_camera/local_setup.bash
[18.429s] -- Installing: /ros2_ws/install/realsense2_camera/share/realsense2_camera/local_setup.sh
[18.429s] -- Installing: /ros2_ws/install/realsense2_camera/share/realsense2_camera/local_setup.zsh
[18.429s] -- Installing: /ros2_ws/install/realsense2_camera/share/realsense2_camera/local_setup.dsv
[18.429s] -- Installing: /ros2_ws/install/realsense2_camera/share/realsense2_camera/package.dsv
[18.430s] -- Installing: /ros2_ws/install/realsense2_camera/share/ament_index/resource_index/packages/realsense2_camera
[18.430s] -- Installing: /ros2_ws/install/realsense2_camera/share/ament_index/resource_index/rclcpp_components/realsense2_camera
[18.430s] -- Installing: /ros2_ws/install/realsense2_camera/share/realsense2_camera/cmake/ament_cmake_export_include_directories-extras.cmake
[18.430s] -- Installing: /ros2_ws/install/realsense2_camera/share/realsense2_camera/cmake/ament_cmake_export_libraries-extras.cmake
[18.430s] -- Installing: /ros2_ws/install/realsense2_camera/share/realsense2_camera/cmake/ament_cmake_export_dependencies-extras.cmake
[18.430s] -- Installing: /ros2_ws/install/realsense2_camera/share/realsense2_camera/cmake/realsense2_cameraConfig.cmake
[18.430s] -- Installing: /ros2_ws/install/realsense2_camera/share/realsense2_camera/cmake/realsense2_cameraConfig-version.cmake
[18.431s] -- Installing: /ros2_ws/install/realsense2_camera/share/realsense2_camera/package.xml
[18.432s] Invoked command in '/ros2_ws/build/realsense2_camera' returned '0': AMENT_PREFIX_PATH=/ros2_ws/install/realsense2_camera_msgs:${AMENT_PREFIX_PATH} CMAKE_PREFIX_PATH=/ros2_ws/install/realsense2_camera_msgs:/opt/ros/humble LD_LIBRARY_PATH=/ros2_ws/install/realsense2_camera_msgs/lib:${LD_LIBRARY_PATH} PYTHONPATH=/ros2_ws/install/realsense2_camera_msgs/local/lib/python3.10/dist-packages:${PYTHONPATH} /usr/bin/cmake --install /ros2_ws/build/realsense2_camera
