[0.017s] Invoking command in '/ros2_ws/build/realsense2_camera': AMENT_PREFIX_PATH=/ros2_ws/install/realsense2_camera_msgs:${AMENT_PREFIX_PATH} CMAKE_PREFIX_PATH=/ros2_ws/install/realsense2_camera_msgs:/opt/ros/humble LD_LIBRARY_PATH=/ros2_ws/install/realsense2_camera_msgs/lib:${LD_LIBRARY_PATH} PYTHONPATH=/ros2_ws/install/realsense2_camera_msgs/local/lib/python3.10/dist-packages:${PYTHONPATH} /usr/bin/cmake /ros2_ws/src/realsense-pkg/realsense2_camera -DCMAKE_INSTALL_PREFIX=/ros2_ws/install/realsense2_camera
[0.156s] -- The C compiler identification is GNU 11.4.0
[0.288s] -- The CXX compiler identification is GNU 11.4.0
[0.305s] -- Detecting C compiler ABI info
[0.451s] -- Detecting C compiler ABI info - done
[0.460s] -- Check for working C compiler: /usr/bin/cc - skipped
[0.461s] -- Detecting C compile features
[0.462s] -- Detecting C compile features - done
[0.469s] -- Detecting CXX compiler ABI info
[0.684s] -- Detecting CXX compiler ABI info - done
[0.696s] -- Check for working CXX compiler: /usr/bin/c++ - skipped
[0.696s] -- Detecting CXX compile features
[0.697s] -- Detecting CXX compile features - done
[0.697s] -- Create Release Build.
[0.701s] -- Found ament_cmake: 1.3.12 (/opt/ros/humble/share/ament_cmake/cmake)
[0.887s] -- Found Python3: /usr/bin/python3 (found version "3.10.12") found components: Interpreter 
[0.999s] -- Found builtin_interfaces: 1.2.2 (/opt/ros/humble/share/builtin_interfaces/cmake)
[1.033s] -- Found rosidl_generator_c: 3.1.7 (/opt/ros/humble/share/rosidl_generator_c/cmake)
[1.039s] -- Found rosidl_adapter: 3.1.7 (/opt/ros/humble/share/rosidl_adapter/cmake)
[1.054s] -- Found rosidl_generator_cpp: 3.1.7 (/opt/ros/humble/share/rosidl_generator_cpp/cmake)
[1.073s] -- Using all available rosidl_typesupport_c: rosidl_typesupport_fastrtps_c;rosidl_typesupport_introspection_c
[1.100s] -- Using all available rosidl_typesupport_cpp: rosidl_typesupport_fastrtps_cpp;rosidl_typesupport_introspection_cpp
[1.122s] -- Found cv_bridge: 3.2.1 (/opt/ros/humble/share/cv_bridge/cmake)
[1.222s] -- Found image_transport: 3.1.12 (/opt/ros/humble/share/image_transport/cmake)
[1.286s] -- Found rmw_implementation_cmake: 6.1.2 (/opt/ros/humble/share/rmw_implementation_cmake/cmake)
[1.290s] -- Found rmw_cyclonedds_cpp: 1.3.4 (/opt/ros/humble/share/rmw_cyclonedds_cpp/cmake)
[1.320s] -- Using RMW implementation 'rmw_cyclonedds_cpp' as default
[1.333s] -- Looking for pthread.h
[1.448s] -- Looking for pthread.h - found
[1.448s] -- Performing Test CMAKE_HAVE_LIBC_PTHREAD
[1.549s] -- Performing Test CMAKE_HAVE_LIBC_PTHREAD - Success
[1.550s] -- Found Threads: TRUE  
[1.651s] -- Found rclcpp_components: 16.0.14 (/opt/ros/humble/share/rclcpp_components/cmake)
[1.675s] -- Found realsense2_camera_msgs: 4.55.1 (/ros2_ws/install/realsense2_camera_msgs/share/realsense2_camera_msgs/cmake)
[1.701s] -- Found nav_msgs: 4.9.0 (/opt/ros/humble/share/nav_msgs/cmake)
[1.725s] -- Found tf2_ros: 0.25.16 (/opt/ros/humble/share/tf2_ros/cmake)
[1.793s] -- Found diagnostic_updater: 4.0.6 (/opt/ros/humble/share/diagnostic_updater/cmake)
[1.813s] -- Found OpenCV: /usr (found version "4.5.4") found components: core 
[1.814s] -- Build for ROS2 Humble
[1.820s] -- Found ament_cmake_gtest: 1.3.12 (/opt/ros/humble/share/ament_cmake_gtest/cmake)
[1.822s] -- Found gtest sources under '/opt/ros/humble/src/gtest_vendor': C++ tests using 'Google Test' will be built
[1.829s] -- Found ament_cmake_pytest: 1.3.12 (/opt/ros/humble/share/ament_cmake_pytest/cmake)
[5.565s] -- rs_device_info:
[5.565s] -- No device detected. Is it plugged in?
[5.565s] 
[5.654s] -- Configuring done
[5.704s] -- Generating done
[5.717s] -- Build files have been written to: /ros2_ws/build/realsense2_camera
[5.736s] Invoked command in '/ros2_ws/build/realsense2_camera' returned '0': AMENT_PREFIX_PATH=/ros2_ws/install/realsense2_camera_msgs:${AMENT_PREFIX_PATH} CMAKE_PREFIX_PATH=/ros2_ws/install/realsense2_camera_msgs:/opt/ros/humble LD_LIBRARY_PATH=/ros2_ws/install/realsense2_camera_msgs/lib:${LD_LIBRARY_PATH} PYTHONPATH=/ros2_ws/install/realsense2_camera_msgs/local/lib/python3.10/dist-packages:${PYTHONPATH} /usr/bin/cmake /ros2_ws/src/realsense-pkg/realsense2_camera -DCMAKE_INSTALL_PREFIX=/ros2_ws/install/realsense2_camera
[5.738s] Invoking command in '/ros2_ws/build/realsense2_camera': AMENT_PREFIX_PATH=/ros2_ws/install/realsense2_camera_msgs:${AMENT_PREFIX_PATH} CMAKE_PREFIX_PATH=/ros2_ws/install/realsense2_camera_msgs:/opt/ros/humble LD_LIBRARY_PATH=/ros2_ws/install/realsense2_camera_msgs/lib:${LD_LIBRARY_PATH} PYTHONPATH=/ros2_ws/install/realsense2_camera_msgs/local/lib/python3.10/dist-packages:${PYTHONPATH} /usr/bin/cmake --build /ros2_ws/build/realsense2_camera -- -j12 -l12
[5.847s] [  4%] [32mBuilding CXX object CMakeFiles/realsense2_camera_node.dir/rclcpp_components/node_main_realsense2_camera_node.cpp.o[0m
[5.847s] [ 13%] [32mBuilding CXX object gtest/CMakeFiles/gtest_main.dir/src/gtest_main.cc.o[0m
[5.847s] [ 13%] [32mBuilding CXX object CMakeFiles/realsense2_camera.dir/src/realsense_node_factory.cpp.o[0m
[5.848s] [ 22%] [32mBuilding CXX object CMakeFiles/realsense2_camera.dir/src/sensor_params.cpp.o[0m
[5.855s] [ 22%] [32mBuilding CXX object CMakeFiles/realsense2_camera.dir/src/rs_node_setup.cpp.o[0m
[5.855s] [ 27%] [32mBuilding CXX object CMakeFiles/realsense2_camera.dir/src/ros_sensor.cpp.o[0m
[5.855s] [ 31%] [32mBuilding CXX object CMakeFiles/realsense2_camera.dir/src/parameters.cpp.o[0m
[5.859s] [ 36%] [32mBuilding CXX object gtest/CMakeFiles/gtest.dir/src/gtest-all.cc.o[0m
[5.859s] [ 40%] [32mBuilding CXX object CMakeFiles/realsense2_camera.dir/src/dynamic_params.cpp.o[0m
[5.861s] [ 45%] [32mBuilding CXX object CMakeFiles/realsense2_camera.dir/src/ros_utils.cpp.o[0m
[5.868s] [ 50%] [32mBuilding CXX object CMakeFiles/realsense2_camera.dir/src/named_filter.cpp.o[0m
[5.884s] [ 54%] [32mBuilding CXX object CMakeFiles/realsense2_camera.dir/src/base_realsense_node.cpp.o[0m
[6.716s] [ 59%] [32m[1mLinking CXX static library libgtest_main.a[0m
[6.814s] [ 59%] Built target gtest_main
[6.839s] [ 63%] [32mBuilding CXX object CMakeFiles/realsense2_camera.dir/src/profile_manager.cpp.o[0m
[11.967s] [ 68%] [32m[1mLinking CXX executable realsense2_camera_node[0m
[12.333s] [ 68%] Built target realsense2_camera_node
[12.358s] [ 72%] [32mBuilding CXX object CMakeFiles/realsense2_camera.dir/src/image_publisher.cpp.o[0m
[13.973s] [ 77%] [32mBuilding CXX object CMakeFiles/realsense2_camera.dir/src/tfs.cpp.o[0m
[16.004s] [ 81%] [32mBuilding CXX object CMakeFiles/realsense2_camera.dir/src/ros_param_backend.cpp.o[0m
[17.938s] [ 86%] [32m[1mLinking CXX static library libgtest.a[0m
[17.999s] [ 86%] Built target gtest
[18.027s] [ 90%] [32mBuilding CXX object CMakeFiles/gtest_template.dir/test/gtest_template.cpp.o[0m
[18.997s] [ 95%] [32m[1mLinking CXX executable gtest_template[0m
[19.150s] [ 95%] Built target gtest_template
[25.001s] [100%] [32m[1mLinking CXX shared library librealsense2_camera.so[0m
[25.385s] [100%] Built target realsense2_camera
[25.394s] Invoked command in '/ros2_ws/build/realsense2_camera' returned '0': AMENT_PREFIX_PATH=/ros2_ws/install/realsense2_camera_msgs:${AMENT_PREFIX_PATH} CMAKE_PREFIX_PATH=/ros2_ws/install/realsense2_camera_msgs:/opt/ros/humble LD_LIBRARY_PATH=/ros2_ws/install/realsense2_camera_msgs/lib:${LD_LIBRARY_PATH} PYTHONPATH=/ros2_ws/install/realsense2_camera_msgs/local/lib/python3.10/dist-packages:${PYTHONPATH} /usr/bin/cmake --build /ros2_ws/build/realsense2_camera -- -j12 -l12
[25.396s] Invoking command in '/ros2_ws/build/realsense2_camera': AMENT_PREFIX_PATH=/ros2_ws/install/realsense2_camera_msgs:${AMENT_PREFIX_PATH} CMAKE_PREFIX_PATH=/ros2_ws/install/realsense2_camera_msgs:/opt/ros/humble LD_LIBRARY_PATH=/ros2_ws/install/realsense2_camera_msgs/lib:${LD_LIBRARY_PATH} PYTHONPATH=/ros2_ws/install/realsense2_camera_msgs/local/lib/python3.10/dist-packages:${PYTHONPATH} /usr/bin/cmake --install /ros2_ws/build/realsense2_camera
[25.403s] -- Install configuration: "Release"
[25.403s] -- Installing: /ros2_ws/install/realsense2_camera/lib/realsense2_camera/realsense2_camera_node
[25.403s] -- Set runtime path of "/ros2_ws/install/realsense2_camera/lib/realsense2_camera/realsense2_camera_node" to ""
[25.403s] -- Installing: /ros2_ws/install/realsense2_camera/lib/librealsense2_camera.so
[25.406s] -- Set runtime path of "/ros2_ws/install/realsense2_camera/lib/librealsense2_camera.so" to ""
[25.406s] -- Installing: /ros2_ws/install/realsense2_camera/include
[25.406s] -- Installing: /ros2_ws/install/realsense2_camera/include/named_filter.h
[25.406s] -- Installing: /ros2_ws/install/realsense2_camera/include/ros_param_backend.h
[25.406s] -- Installing: /ros2_ws/install/realsense2_camera/include/ros_sensor.h
[25.406s] -- Installing: /ros2_ws/install/realsense2_camera/include/realsense_node_factory.h
[25.406s] -- Installing: /ros2_ws/install/realsense2_camera/include/image_publisher.h
[25.407s] -- Installing: /ros2_ws/install/realsense2_camera/include/constants.h
[25.407s] -- Installing: /ros2_ws/install/realsense2_camera/include/sensor_params.h
[25.407s] -- Installing: /ros2_ws/install/realsense2_camera/include/ros_utils.h
[25.407s] -- Installing: /ros2_ws/install/realsense2_camera/include/gl_window.h
[25.407s] -- Installing: /ros2_ws/install/realsense2_camera/include/dynamic_params.h
[25.408s] -- Installing: /ros2_ws/install/realsense2_camera/include/base_realsense_node.h
[25.408s] -- Installing: /ros2_ws/install/realsense2_camera/include/profile_manager.h
[25.408s] -- Installing: /ros2_ws/install/realsense2_camera/share/realsense2_camera/launch
[25.408s] -- Installing: /ros2_ws/install/realsense2_camera/share/realsense2_camera/launch/rs_launch.py
[25.408s] -- Installing: /ros2_ws/install/realsense2_camera/share/realsense2_camera/launch/rs_intra_process_demo_launch.py
[25.409s] -- Installing: /ros2_ws/install/realsense2_camera/share/realsense2_camera/launch/rs_multi_camera_launch.py
[25.409s] -- Installing: /ros2_ws/install/realsense2_camera/share/realsense2_camera/launch/visual_presets
[25.409s] -- Installing: /ros2_ws/install/realsense2_camera/share/realsense2_camera/launch/visual_presets/DefaultPreset_D455.json
[25.409s] -- Installing: /ros2_ws/install/realsense2_camera/share/realsense2_camera/launch/visual_presets/DefaultPreset_D435.json
[25.409s] -- Installing: /ros2_ws/install/realsense2_camera/share/realsense2_camera/launch/visual_presets/HandGesturePreset.json
[25.409s] -- Installing: /ros2_ws/install/realsense2_camera/share/realsense2_camera/launch/visual_presets/ShortRangePreset.json
[25.410s] -- Installing: /ros2_ws/install/realsense2_camera/share/realsense2_camera/launch/visual_presets/HighAccuracyPreset.json
[25.410s] -- Installing: /ros2_ws/install/realsense2_camera/share/realsense2_camera/launch/visual_presets/HighDensityPreset.json
[25.410s] -- Installing: /ros2_ws/install/realsense2_camera/share/realsense2_camera/launch/visual_presets/EdgeMapD435.json
[25.410s] -- Installing: /ros2_ws/install/realsense2_camera/share/realsense2_camera/launch/visual_presets/BodyScanPreset.json
[25.410s] -- Installing: /ros2_ws/install/realsense2_camera/share/realsense2_camera/launch/visual_presets/D415_RemoveIR.json
[25.410s] -- Installing: /ros2_ws/install/realsense2_camera/share/realsense2_camera/launch/visual_presets/MedDensityPreset.json
[25.411s] -- Installing: /ros2_ws/install/realsense2_camera/share/realsense2_camera/launch/visual_presets/DefaultPreset_D415.json
[25.411s] -- Installing: /ros2_ws/install/realsense2_camera/share/realsense2_camera/launch/default.rviz
[25.411s] -- Installing: /ros2_ws/install/realsense2_camera/share/realsense2_camera/examples
[25.411s] -- Installing: /ros2_ws/install/realsense2_camera/share/realsense2_camera/examples/align_depth
[25.411s] -- Installing: /ros2_ws/install/realsense2_camera/share/realsense2_camera/examples/align_depth/rs_align_depth_launch.py
[25.411s] -- Installing: /ros2_ws/install/realsense2_camera/share/realsense2_camera/examples/align_depth/README.md
[25.411s] -- Installing: /ros2_ws/install/realsense2_camera/share/realsense2_camera/examples/pointcloud
[25.412s] -- Installing: /ros2_ws/install/realsense2_camera/share/realsense2_camera/examples/pointcloud/rs_d455_pointcloud_launch.py
[25.412s] -- Installing: /ros2_ws/install/realsense2_camera/share/realsense2_camera/examples/pointcloud/rs_pointcloud_launch.py
[25.412s] -- Installing: /ros2_ws/install/realsense2_camera/share/realsense2_camera/examples/pointcloud/README.md
[25.412s] -- Installing: /ros2_ws/install/realsense2_camera/share/realsense2_camera/examples/pointcloud/rs_d405_pointcloud_launch.py
[25.412s] -- Installing: /ros2_ws/install/realsense2_camera/share/realsense2_camera/examples/pointcloud/rviz
[25.412s] -- Installing: /ros2_ws/install/realsense2_camera/share/realsense2_camera/examples/pointcloud/rviz/pointcloud.rviz
[25.413s] -- Installing: /ros2_ws/install/realsense2_camera/share/realsense2_camera/examples/pointcloud/rviz/urdf_pointcloud.rviz
[25.413s] -- Installing: /ros2_ws/install/realsense2_camera/share/realsense2_camera/examples/launch_from_rosbag
[25.413s] -- Installing: /ros2_ws/install/realsense2_camera/share/realsense2_camera/examples/launch_from_rosbag/rs_launch_from_rosbag.py
[25.413s] -- Installing: /ros2_ws/install/realsense2_camera/share/realsense2_camera/examples/launch_from_rosbag/README.md
[25.413s] -- Installing: /ros2_ws/install/realsense2_camera/share/realsense2_camera/examples/dual_camera
[25.413s] -- Installing: /ros2_ws/install/realsense2_camera/share/realsense2_camera/examples/dual_camera/README.md
[25.414s] -- Installing: /ros2_ws/install/realsense2_camera/share/realsense2_camera/examples/dual_camera/rs_dual_camera_launch.py
[25.414s] -- Installing: /ros2_ws/install/realsense2_camera/share/realsense2_camera/examples/dual_camera/rviz
[25.414s] -- Installing: /ros2_ws/install/realsense2_camera/share/realsense2_camera/examples/dual_camera/rviz/dual_camera_pointcloud.rviz
[25.414s] -- Installing: /ros2_ws/install/realsense2_camera/share/realsense2_camera/examples/launch_params_from_file
[25.414s] -- Installing: /ros2_ws/install/realsense2_camera/share/realsense2_camera/examples/launch_params_from_file/config
[25.414s] -- Installing: /ros2_ws/install/realsense2_camera/share/realsense2_camera/examples/launch_params_from_file/config/config.yaml
[25.414s] -- Installing: /ros2_ws/install/realsense2_camera/share/realsense2_camera/examples/launch_params_from_file/README.md
[25.414s] -- Installing: /ros2_ws/install/realsense2_camera/share/realsense2_camera/examples/launch_params_from_file/rs_launch_get_params_from_yaml.py
[25.415s] -- Installing: /ros2_ws/install/realsense2_camera/share/realsense2_camera/environment/library_path.sh
[25.415s] -- Installing: /ros2_ws/install/realsense2_camera/share/realsense2_camera/environment/library_path.dsv
[25.415s] -- Installing: /ros2_ws/install/realsense2_camera/share/ament_index/resource_index/package_run_dependencies/realsense2_camera
[25.415s] -- Installing: /ros2_ws/install/realsense2_camera/share/ament_index/resource_index/parent_prefix_path/realsense2_camera
[25.415s] -- Installing: /ros2_ws/install/realsense2_camera/share/realsense2_camera/environment/ament_prefix_path.sh
[25.416s] -- Installing: /ros2_ws/install/realsense2_camera/share/realsense2_camera/environment/ament_prefix_path.dsv
[25.416s] -- Installing: /ros2_ws/install/realsense2_camera/share/realsense2_camera/environment/path.sh
[25.416s] -- Installing: /ros2_ws/install/realsense2_camera/share/realsense2_camera/environment/path.dsv
[25.416s] -- Installing: /ros2_ws/install/realsense2_camera/share/realsense2_camera/local_setup.bash
[25.416s] -- Installing: /ros2_ws/install/realsense2_camera/share/realsense2_camera/local_setup.sh
[25.417s] -- Installing: /ros2_ws/install/realsense2_camera/share/realsense2_camera/local_setup.zsh
[25.417s] -- Installing: /ros2_ws/install/realsense2_camera/share/realsense2_camera/local_setup.dsv
[25.417s] -- Installing: /ros2_ws/install/realsense2_camera/share/realsense2_camera/package.dsv
[25.417s] -- Installing: /ros2_ws/install/realsense2_camera/share/ament_index/resource_index/packages/realsense2_camera
[25.418s] -- Installing: /ros2_ws/install/realsense2_camera/share/ament_index/resource_index/rclcpp_components/realsense2_camera
[25.418s] -- Installing: /ros2_ws/install/realsense2_camera/share/realsense2_camera/cmake/ament_cmake_export_include_directories-extras.cmake
[25.418s] -- Installing: /ros2_ws/install/realsense2_camera/share/realsense2_camera/cmake/ament_cmake_export_libraries-extras.cmake
[25.418s] -- Installing: /ros2_ws/install/realsense2_camera/share/realsense2_camera/cmake/ament_cmake_export_dependencies-extras.cmake
[25.418s] -- Installing: /ros2_ws/install/realsense2_camera/share/realsense2_camera/cmake/realsense2_cameraConfig.cmake
[25.418s] -- Installing: /ros2_ws/install/realsense2_camera/share/realsense2_camera/cmake/realsense2_cameraConfig-version.cmake
[25.418s] -- Installing: /ros2_ws/install/realsense2_camera/share/realsense2_camera/package.xml
[25.420s] Invoked command in '/ros2_ws/build/realsense2_camera' returned '0': AMENT_PREFIX_PATH=/ros2_ws/install/realsense2_camera_msgs:${AMENT_PREFIX_PATH} CMAKE_PREFIX_PATH=/ros2_ws/install/realsense2_camera_msgs:/opt/ros/humble LD_LIBRARY_PATH=/ros2_ws/install/realsense2_camera_msgs/lib:${LD_LIBRARY_PATH} PYTHONPATH=/ros2_ws/install/realsense2_camera_msgs/local/lib/python3.10/dist-packages:${PYTHONPATH} /usr/bin/cmake --install /ros2_ws/build/realsense2_camera
