[0.013s] Invoking command in '/ros2_ws/build/camera': CMAKE_PREFIX_PATH=${CMAKE_PREFIX_PATH}:/opt/ros/humble /usr/bin/cmake --build /ros2_ws/build/camera -- -j12 -l12
[0.036s] -- Found ament_cmake: 1.3.12 (/opt/ros/humble/share/ament_cmake/cmake)
[0.166s] -- Found rclcpp: 16.0.14 (/opt/ros/humble/share/rclcpp/cmake)
[0.198s] -- Found rosidl_generator_c: 3.1.7 (/opt/ros/humble/share/rosidl_generator_c/cmake)
[0.201s] -- Found rosidl_adapter: 3.1.7 (/opt/ros/humble/share/rosidl_adapter/cmake)
[0.205s] -- Found rosidl_generator_cpp: 3.1.7 (/opt/ros/humble/share/rosidl_generator_cpp/cmake)
[0.213s] -- Using all available rosidl_typesupport_c: rosidl_typesupport_fastrtps_c;rosidl_typesupport_introspection_c
[0.222s] -- Using all available rosidl_typesupport_cpp: rosidl_typesupport_fastrtps_cpp;rosidl_typesupport_introspection_cpp
[0.247s] -- Found rmw_implementation_cmake: 6.1.2 (/opt/ros/humble/share/rmw_implementation_cmake/cmake)
[0.248s] -- Found rmw_cyclonedds_cpp: 1.3.4 (/opt/ros/humble/share/rmw_cyclonedds_cpp/cmake)
[0.261s] -- Using RMW implementation 'rmw_cyclonedds_cpp' as default
[0.299s] -- Found sensor_msgs: 4.9.0 (/opt/ros/humble/share/sensor_msgs/cmake)
[0.325s] -- Found cv_bridge: 3.2.1 (/opt/ros/humble/share/cv_bridge/cmake)
[0.326s] -- Found image_transport: 3.1.12 (/opt/ros/humble/share/image_transport/cmake)
[0.349s] -- Found tf2: 0.25.15 (/opt/ros/humble/share/tf2/cmake)
[0.352s] -- Found tf2_ros: 0.25.15 (/opt/ros/humble/share/tf2_ros/cmake)
[0.409s] -- Found tf2_geometry_msgs: 0.25.15 (/opt/ros/humble/share/tf2_geometry_msgs/cmake)
[0.413s] -- Found eigen3_cmake_module: 0.1.1 (/opt/ros/humble/share/eigen3_cmake_module/cmake)
[0.415s] -- Ensuring Eigen3 include directory is part of orocos-kdl CMake target
[0.416s] -- Found visualization_msgs: 4.9.0 (/opt/ros/humble/share/visualization_msgs/cmake)
[0.451s] -- Found ament_lint_auto: 0.12.14 (/opt/ros/humble/share/ament_lint_auto/cmake)
[0.519s] -- Added test 'cppcheck' to perform static code analysis on C / C++ code
[0.520s] -- Configured cppcheck include dirs: /ros2_ws/src/camera/include
[0.520s] -- Configured cppcheck exclude dirs and/or files: 
[0.520s] -- Added test 'lint_cmake' to check CMake code style
[0.521s] -- Added test 'uncrustify' to check C / C++ code style
[0.521s] -- Configured uncrustify additional arguments: 
[0.521s] -- Added test 'xmllint' to check XML markup files
[0.522s] -- Configuring done
[0.555s] -- Generating done
[0.565s] -- Build files have been written to: /ros2_ws/build/camera
[0.594s] [35m[1mConsolidate compiler generated dependencies of target orange[0m
[0.594s] [35m[1mConsolidate compiler generated dependencies of target coffee1[0m
[0.595s] [35m[1mConsolidate compiler generated dependencies of target transform[0m
[0.595s] [35m[1mConsolidate compiler generated dependencies of target coffee2[0m
[0.595s] [35m[1mConsolidate compiler generated dependencies of target arm[0m
[0.602s] [35m[1mConsolidate compiler generated dependencies of target TFsetup[0m
[0.602s] [35m[1mConsolidate compiler generated dependencies of target imread[0m
[0.617s] [ 28%] Built target TFsetup
[0.617s] [ 28%] Built target coffee2
[0.617s] [ 42%] Built target orange
[0.619s] [ 64%] Built target arm
[0.619s] [ 71%] Built target coffee1
[0.620s] [ 85%] Built target transform
[0.626s] [100%] Built target imread
[0.638s] Invoked command in '/ros2_ws/build/camera' returned '0': CMAKE_PREFIX_PATH=${CMAKE_PREFIX_PATH}:/opt/ros/humble /usr/bin/cmake --build /ros2_ws/build/camera -- -j12 -l12
[0.639s] Invoking command in '/ros2_ws/build/camera': CMAKE_PREFIX_PATH=${CMAKE_PREFIX_PATH}:/opt/ros/humble /usr/bin/cmake --install /ros2_ws/build/camera
[0.646s] -- Install configuration: ""
[0.647s] -- Up-to-date: /ros2_ws/install/camera/lib/camera/imread
[0.647s] -- Up-to-date: /ros2_ws/install/camera/lib/camera/coffee1
[0.647s] -- Up-to-date: /ros2_ws/install/camera/lib/camera/coffee2
[0.647s] -- Up-to-date: /ros2_ws/install/camera/lib/camera/orange
[0.648s] -- Up-to-date: /ros2_ws/install/camera/lib/camera/TFsetup
[0.648s] -- Installing: /ros2_ws/install/camera/lib/camera/transform
[0.653s] -- Set runtime path of "/ros2_ws/install/camera/lib/camera/transform" to ""
[0.653s] -- Up-to-date: /ros2_ws/install/camera/lib/camera/arm
[0.653s] -- Up-to-date: /ros2_ws/install/camera/share/camera/launch
[0.653s] -- Up-to-date: /ros2_ws/install/camera/share/camera/launch/launch.xml
[0.653s] -- Up-to-date: /ros2_ws/install/camera/share/ament_index/resource_index/package_run_dependencies/camera
[0.653s] -- Installing: /ros2_ws/install/camera/share/ament_index/resource_index/parent_prefix_path/camera
[0.653s] -- Up-to-date: /ros2_ws/install/camera/share/camera/environment/ament_prefix_path.sh
[0.653s] -- Installing: /ros2_ws/install/camera/share/camera/environment/ament_prefix_path.dsv
[0.653s] -- Up-to-date: /ros2_ws/install/camera/share/camera/environment/path.sh
[0.653s] -- Installing: /ros2_ws/install/camera/share/camera/environment/path.dsv
[0.654s] -- Up-to-date: /ros2_ws/install/camera/share/camera/local_setup.bash
[0.654s] -- Up-to-date: /ros2_ws/install/camera/share/camera/local_setup.sh
[0.654s] -- Up-to-date: /ros2_ws/install/camera/share/camera/local_setup.zsh
[0.654s] -- Installing: /ros2_ws/install/camera/share/camera/local_setup.dsv
[0.654s] -- Installing: /ros2_ws/install/camera/share/camera/package.dsv
[0.654s] -- Up-to-date: /ros2_ws/install/camera/share/ament_index/resource_index/packages/camera
[0.654s] -- Up-to-date: /ros2_ws/install/camera/share/camera/cmake/cameraConfig.cmake
[0.654s] -- Up-to-date: /ros2_ws/install/camera/share/camera/cmake/cameraConfig-version.cmake
[0.654s] -- Up-to-date: /ros2_ws/install/camera/share/camera/package.xml
[0.656s] Invoked command in '/ros2_ws/build/camera' returned '0': CMAKE_PREFIX_PATH=${CMAKE_PREFIX_PATH}:/opt/ros/humble /usr/bin/cmake --install /ros2_ws/build/camera
