[0.055s] DEBUG:colcon:Command line arguments: ['/usr/bin/colcon', 'build']
[0.055s] DEBUG:colcon:Parsed command line arguments: Namespace(log_base=None, log_level=None, verb_name='build', build_base='build', install_base='install', merge_install=False, symlink_install=False, test_result_base=None, continue_on_error=False, executor='parallel', parallel_workers=16, event_handlers=None, ignore_user_meta=False, metas=['./colcon.meta'], base_paths=['.'], packages_ignore=None, packages_ignore_regex=None, paths=None, packages_up_to=None, packages_up_to_regex=None, packages_above=None, packages_above_and_dependencies=None, packages_above_depth=None, packages_select_by_dep=None, packages_skip_by_dep=None, packages_skip_up_to=None, packages_select_build_failed=False, packages_skip_build_finished=False, packages_select_test_failures=False, packages_skip_test_passed=False, packages_select=None, packages_skip=None, packages_select_regex=None, packages_skip_regex=None, packages_start=None, packages_end=None, cmake_args=None, cmake_target=None, cmake_target_skip_unavailable=False, cmake_clean_cache=False, cmake_clean_first=False, cmake_force_configure=False, ament_cmake_args=None, catkin_cmake_args=None, catkin_skip_building_tests=False, mixin_files=None, mixin=None, verb_parser=<colcon_mixin.mixin.mixin_argument.MixinArgumentDecorator object at 0x75f22f406890>, verb_extension=<colcon_core.verb.build.BuildVerb object at 0x75f22f406320>, main=<bound method BuildVerb.main of <colcon_core.verb.build.BuildVerb object at 0x75f22f406320>>, mixin_verb=('build',))
[0.120s] Level 1:colcon.colcon_core.package_discovery:discover_packages(colcon_meta) check parameters
[0.120s] Level 1:colcon.colcon_core.package_discovery:discover_packages(recursive) check parameters
[0.120s] Level 1:colcon.colcon_core.package_discovery:discover_packages(ignore) check parameters
[0.120s] Level 1:colcon.colcon_core.package_discovery:discover_packages(path) check parameters
[0.120s] Level 1:colcon.colcon_core.package_discovery:discover_packages(colcon_meta) discover
[0.120s] Level 1:colcon.colcon_core.package_discovery:discover_packages(recursive) discover
[0.120s] INFO:colcon.colcon_core.package_discovery:Crawling recursively for packages in '/ros2_ws'
[0.120s] Level 1:colcon.colcon_core.package_identification:_identify(.) by extensions ['ignore', 'ignore_ament_install']
[0.120s] Level 1:colcon.colcon_core.package_identification:_identify(.) by extension 'ignore'
[0.120s] Level 1:colcon.colcon_core.package_identification:_identify(.) by extension 'ignore_ament_install'
[0.120s] Level 1:colcon.colcon_core.package_identification:_identify(.) by extensions ['colcon_pkg']
[0.120s] Level 1:colcon.colcon_core.package_identification:_identify(.) by extension 'colcon_pkg'
[0.120s] Level 1:colcon.colcon_core.package_identification:_identify(.) by extensions ['colcon_meta']
[0.120s] Level 1:colcon.colcon_core.package_identification:_identify(.) by extension 'colcon_meta'
[0.120s] Level 1:colcon.colcon_core.package_identification:_identify(.) by extensions ['ros']
[0.120s] Level 1:colcon.colcon_core.package_identification:_identify(.) by extension 'ros'
[0.126s] Level 1:colcon.colcon_core.package_identification:_identify(.) by extensions ['cmake', 'python']
[0.126s] Level 1:colcon.colcon_core.package_identification:_identify(.) by extension 'cmake'
[0.126s] Level 1:colcon.colcon_core.package_identification:_identify(.) by extension 'python'
[0.126s] Level 1:colcon.colcon_core.package_identification:_identify(.) by extensions ['python_setup_py']
[0.126s] Level 1:colcon.colcon_core.package_identification:_identify(.) by extension 'python_setup_py'
[0.126s] Level 1:colcon.colcon_core.package_identification:_identify(build) by extensions ['ignore', 'ignore_ament_install']
[0.126s] Level 1:colcon.colcon_core.package_identification:_identify(build) by extension 'ignore'
[0.126s] Level 1:colcon.colcon_core.package_identification:_identify(build) ignored
[0.126s] Level 1:colcon.colcon_core.package_identification:_identify(install) by extensions ['ignore', 'ignore_ament_install']
[0.126s] Level 1:colcon.colcon_core.package_identification:_identify(install) by extension 'ignore'
[0.127s] Level 1:colcon.colcon_core.package_identification:_identify(install) ignored
[0.127s] Level 1:colcon.colcon_core.package_identification:_identify(log) by extensions ['ignore', 'ignore_ament_install']
[0.127s] Level 1:colcon.colcon_core.package_identification:_identify(log) by extension 'ignore'
[0.127s] Level 1:colcon.colcon_core.package_identification:_identify(log) ignored
[0.127s] Level 1:colcon.colcon_core.package_identification:_identify(src) by extensions ['ignore', 'ignore_ament_install']
[0.127s] Level 1:colcon.colcon_core.package_identification:_identify(src) by extension 'ignore'
[0.127s] Level 1:colcon.colcon_core.package_identification:_identify(src) by extension 'ignore_ament_install'
[0.127s] Level 1:colcon.colcon_core.package_identification:_identify(src) by extensions ['colcon_pkg']
[0.127s] Level 1:colcon.colcon_core.package_identification:_identify(src) by extension 'colcon_pkg'
[0.127s] Level 1:colcon.colcon_core.package_identification:_identify(src) by extensions ['colcon_meta']
[0.127s] Level 1:colcon.colcon_core.package_identification:_identify(src) by extension 'colcon_meta'
[0.127s] Level 1:colcon.colcon_core.package_identification:_identify(src) by extensions ['ros']
[0.127s] Level 1:colcon.colcon_core.package_identification:_identify(src) by extension 'ros'
[0.127s] Level 1:colcon.colcon_core.package_identification:_identify(src) by extensions ['cmake', 'python']
[0.127s] Level 1:colcon.colcon_core.package_identification:_identify(src) by extension 'cmake'
[0.127s] Level 1:colcon.colcon_core.package_identification:_identify(src) by extension 'python'
[0.127s] Level 1:colcon.colcon_core.package_identification:_identify(src) by extensions ['python_setup_py']
[0.127s] Level 1:colcon.colcon_core.package_identification:_identify(src) by extension 'python_setup_py'
[0.127s] Level 1:colcon.colcon_core.package_identification:_identify(src/camera) by extensions ['ignore', 'ignore_ament_install']
[0.127s] Level 1:colcon.colcon_core.package_identification:_identify(src/camera) by extension 'ignore'
[0.127s] Level 1:colcon.colcon_core.package_identification:_identify(src/camera) by extension 'ignore_ament_install'
[0.127s] Level 1:colcon.colcon_core.package_identification:_identify(src/camera) by extensions ['colcon_pkg']
[0.127s] Level 1:colcon.colcon_core.package_identification:_identify(src/camera) by extension 'colcon_pkg'
[0.127s] Level 1:colcon.colcon_core.package_identification:_identify(src/camera) by extensions ['colcon_meta']
[0.127s] Level 1:colcon.colcon_core.package_identification:_identify(src/camera) by extension 'colcon_meta'
[0.127s] Level 1:colcon.colcon_core.package_identification:_identify(src/camera) by extensions ['ros']
[0.127s] Level 1:colcon.colcon_core.package_identification:_identify(src/camera) by extension 'ros'
[0.129s] DEBUG:colcon.colcon_core.package_identification:Package 'src/camera' with type 'ros.ament_cmake' and name 'camera'
[0.129s] Level 1:colcon.colcon_core.package_identification:_identify(src/navigation) by extensions ['ignore', 'ignore_ament_install']
[0.129s] Level 1:colcon.colcon_core.package_identification:_identify(src/navigation) by extension 'ignore'
[0.129s] Level 1:colcon.colcon_core.package_identification:_identify(src/navigation) by extension 'ignore_ament_install'
[0.129s] Level 1:colcon.colcon_core.package_identification:_identify(src/navigation) by extensions ['colcon_pkg']
[0.129s] Level 1:colcon.colcon_core.package_identification:_identify(src/navigation) by extension 'colcon_pkg'
[0.129s] Level 1:colcon.colcon_core.package_identification:_identify(src/navigation) by extensions ['colcon_meta']
[0.129s] Level 1:colcon.colcon_core.package_identification:_identify(src/navigation) by extension 'colcon_meta'
[0.129s] Level 1:colcon.colcon_core.package_identification:_identify(src/navigation) by extensions ['ros']
[0.129s] Level 1:colcon.colcon_core.package_identification:_identify(src/navigation) by extension 'ros'
[0.129s] DEBUG:colcon.colcon_core.package_identification:Package 'src/navigation' with type 'ros.ament_cmake' and name 'navigation'
[0.129s] Level 1:colcon.colcon_core.package_identification:_identify(src/realsense-pkg) by extensions ['ignore', 'ignore_ament_install']
[0.129s] Level 1:colcon.colcon_core.package_identification:_identify(src/realsense-pkg) by extension 'ignore'
[0.129s] Level 1:colcon.colcon_core.package_identification:_identify(src/realsense-pkg) by extension 'ignore_ament_install'
[0.129s] Level 1:colcon.colcon_core.package_identification:_identify(src/realsense-pkg) by extensions ['colcon_pkg']
[0.129s] Level 1:colcon.colcon_core.package_identification:_identify(src/realsense-pkg) by extension 'colcon_pkg'
[0.129s] Level 1:colcon.colcon_core.package_identification:_identify(src/realsense-pkg) by extensions ['colcon_meta']
[0.129s] Level 1:colcon.colcon_core.package_identification:_identify(src/realsense-pkg) by extension 'colcon_meta'
[0.129s] Level 1:colcon.colcon_core.package_identification:_identify(src/realsense-pkg) by extensions ['ros']
[0.129s] Level 1:colcon.colcon_core.package_identification:_identify(src/realsense-pkg) by extension 'ros'
[0.129s] Level 1:colcon.colcon_core.package_identification:_identify(src/realsense-pkg) by extensions ['cmake', 'python']
[0.130s] Level 1:colcon.colcon_core.package_identification:_identify(src/realsense-pkg) by extension 'cmake'
[0.130s] Level 1:colcon.colcon_core.package_identification:_identify(src/realsense-pkg) by extension 'python'
[0.130s] Level 1:colcon.colcon_core.package_identification:_identify(src/realsense-pkg) by extensions ['python_setup_py']
[0.130s] Level 1:colcon.colcon_core.package_identification:_identify(src/realsense-pkg) by extension 'python_setup_py'
[0.130s] Level 1:colcon.colcon_core.package_identification:_identify(src/realsense-pkg/realsense2_camera) by extensions ['ignore', 'ignore_ament_install']
[0.130s] Level 1:colcon.colcon_core.package_identification:_identify(src/realsense-pkg/realsense2_camera) by extension 'ignore'
[0.130s] Level 1:colcon.colcon_core.package_identification:_identify(src/realsense-pkg/realsense2_camera) by extension 'ignore_ament_install'
[0.130s] Level 1:colcon.colcon_core.package_identification:_identify(src/realsense-pkg/realsense2_camera) by extensions ['colcon_pkg']
[0.130s] Level 1:colcon.colcon_core.package_identification:_identify(src/realsense-pkg/realsense2_camera) by extension 'colcon_pkg'
[0.130s] Level 1:colcon.colcon_core.package_identification:_identify(src/realsense-pkg/realsense2_camera) by extensions ['colcon_meta']
[0.130s] Level 1:colcon.colcon_core.package_identification:_identify(src/realsense-pkg/realsense2_camera) by extension 'colcon_meta'
[0.130s] Level 1:colcon.colcon_core.package_identification:_identify(src/realsense-pkg/realsense2_camera) by extensions ['ros']
[0.130s] Level 1:colcon.colcon_core.package_identification:_identify(src/realsense-pkg/realsense2_camera) by extension 'ros'
[0.133s] DEBUG:colcon.colcon_core.package_identification:Package 'src/realsense-pkg/realsense2_camera' with type 'ros.ament_cmake' and name 'realsense2_camera'
[0.133s] Level 1:colcon.colcon_core.package_identification:_identify(src/realsense-pkg/realsense2_camera_msgs) by extensions ['ignore', 'ignore_ament_install']
[0.133s] Level 1:colcon.colcon_core.package_identification:_identify(src/realsense-pkg/realsense2_camera_msgs) by extension 'ignore'
[0.133s] Level 1:colcon.colcon_core.package_identification:_identify(src/realsense-pkg/realsense2_camera_msgs) by extension 'ignore_ament_install'
[0.133s] Level 1:colcon.colcon_core.package_identification:_identify(src/realsense-pkg/realsense2_camera_msgs) by extensions ['colcon_pkg']
[0.133s] Level 1:colcon.colcon_core.package_identification:_identify(src/realsense-pkg/realsense2_camera_msgs) by extension 'colcon_pkg'
[0.133s] Level 1:colcon.colcon_core.package_identification:_identify(src/realsense-pkg/realsense2_camera_msgs) by extensions ['colcon_meta']
[0.133s] Level 1:colcon.colcon_core.package_identification:_identify(src/realsense-pkg/realsense2_camera_msgs) by extension 'colcon_meta'
[0.133s] Level 1:colcon.colcon_core.package_identification:_identify(src/realsense-pkg/realsense2_camera_msgs) by extensions ['ros']
[0.133s] Level 1:colcon.colcon_core.package_identification:_identify(src/realsense-pkg/realsense2_camera_msgs) by extension 'ros'
[0.133s] DEBUG:colcon.colcon_core.package_identification:Package 'src/realsense-pkg/realsense2_camera_msgs' with type 'ros.ament_cmake' and name 'realsense2_camera_msgs'
[0.133s] Level 1:colcon.colcon_core.package_identification:_identify(src/realsense-pkg/realsense2_description) by extensions ['ignore', 'ignore_ament_install']
[0.133s] Level 1:colcon.colcon_core.package_identification:_identify(src/realsense-pkg/realsense2_description) by extension 'ignore'
[0.134s] Level 1:colcon.colcon_core.package_identification:_identify(src/realsense-pkg/realsense2_description) by extension 'ignore_ament_install'
[0.134s] Level 1:colcon.colcon_core.package_identification:_identify(src/realsense-pkg/realsense2_description) by extensions ['colcon_pkg']
[0.134s] Level 1:colcon.colcon_core.package_identification:_identify(src/realsense-pkg/realsense2_description) by extension 'colcon_pkg'
[0.134s] Level 1:colcon.colcon_core.package_identification:_identify(src/realsense-pkg/realsense2_description) by extensions ['colcon_meta']
[0.134s] Level 1:colcon.colcon_core.package_identification:_identify(src/realsense-pkg/realsense2_description) by extension 'colcon_meta'
[0.134s] Level 1:colcon.colcon_core.package_identification:_identify(src/realsense-pkg/realsense2_description) by extensions ['ros']
[0.134s] Level 1:colcon.colcon_core.package_identification:_identify(src/realsense-pkg/realsense2_description) by extension 'ros'
[0.134s] DEBUG:colcon.colcon_core.package_identification:Package 'src/realsense-pkg/realsense2_description' with type 'ros.ament_cmake' and name 'realsense2_description'
[0.134s] Level 1:colcon.colcon_core.package_identification:_identify(src/realsense-pkg/scripts) by extensions ['ignore', 'ignore_ament_install']
[0.134s] Level 1:colcon.colcon_core.package_identification:_identify(src/realsense-pkg/scripts) by extension 'ignore'
[0.134s] Level 1:colcon.colcon_core.package_identification:_identify(src/realsense-pkg/scripts) by extension 'ignore_ament_install'
[0.134s] Level 1:colcon.colcon_core.package_identification:_identify(src/realsense-pkg/scripts) by extensions ['colcon_pkg']
[0.134s] Level 1:colcon.colcon_core.package_identification:_identify(src/realsense-pkg/scripts) by extension 'colcon_pkg'
[0.134s] Level 1:colcon.colcon_core.package_identification:_identify(src/realsense-pkg/scripts) by extensions ['colcon_meta']
[0.134s] Level 1:colcon.colcon_core.package_identification:_identify(src/realsense-pkg/scripts) by extension 'colcon_meta'
[0.134s] Level 1:colcon.colcon_core.package_identification:_identify(src/realsense-pkg/scripts) by extensions ['ros']
[0.134s] Level 1:colcon.colcon_core.package_identification:_identify(src/realsense-pkg/scripts) by extension 'ros'
[0.134s] Level 1:colcon.colcon_core.package_identification:_identify(src/realsense-pkg/scripts) by extensions ['cmake', 'python']
[0.134s] Level 1:colcon.colcon_core.package_identification:_identify(src/realsense-pkg/scripts) by extension 'cmake'
[0.134s] Level 1:colcon.colcon_core.package_identification:_identify(src/realsense-pkg/scripts) by extension 'python'
[0.134s] Level 1:colcon.colcon_core.package_identification:_identify(src/realsense-pkg/scripts) by extensions ['python_setup_py']
[0.134s] Level 1:colcon.colcon_core.package_identification:_identify(src/realsense-pkg/scripts) by extension 'python_setup_py'
[0.134s] Level 1:colcon.colcon_core.package_identification:_identify(src/rospi_pre) by extensions ['ignore', 'ignore_ament_install']
[0.134s] Level 1:colcon.colcon_core.package_identification:_identify(src/rospi_pre) by extension 'ignore'
[0.134s] Level 1:colcon.colcon_core.package_identification:_identify(src/rospi_pre) by extension 'ignore_ament_install'
[0.134s] Level 1:colcon.colcon_core.package_identification:_identify(src/rospi_pre) by extensions ['colcon_pkg']
[0.134s] Level 1:colcon.colcon_core.package_identification:_identify(src/rospi_pre) by extension 'colcon_pkg'
[0.134s] Level 1:colcon.colcon_core.package_identification:_identify(src/rospi_pre) by extensions ['colcon_meta']
[0.134s] Level 1:colcon.colcon_core.package_identification:_identify(src/rospi_pre) by extension 'colcon_meta'
[0.134s] Level 1:colcon.colcon_core.package_identification:_identify(src/rospi_pre) by extensions ['ros']
[0.135s] Level 1:colcon.colcon_core.package_identification:_identify(src/rospi_pre) by extension 'ros'
[0.135s] DEBUG:colcon.colcon_core.package_identification:Package 'src/rospi_pre' with type 'ros.ament_cmake' and name 'rospi_pre'
[0.135s] Level 1:colcon.colcon_core.package_identification:_identify(src/tdk_launch) by extensions ['ignore', 'ignore_ament_install']
[0.135s] Level 1:colcon.colcon_core.package_identification:_identify(src/tdk_launch) by extension 'ignore'
[0.135s] Level 1:colcon.colcon_core.package_identification:_identify(src/tdk_launch) by extension 'ignore_ament_install'
[0.135s] Level 1:colcon.colcon_core.package_identification:_identify(src/tdk_launch) by extensions ['colcon_pkg']
[0.135s] Level 1:colcon.colcon_core.package_identification:_identify(src/tdk_launch) by extension 'colcon_pkg'
[0.135s] Level 1:colcon.colcon_core.package_identification:_identify(src/tdk_launch) by extensions ['colcon_meta']
[0.135s] Level 1:colcon.colcon_core.package_identification:_identify(src/tdk_launch) by extension 'colcon_meta'
[0.135s] Level 1:colcon.colcon_core.package_identification:_identify(src/tdk_launch) by extensions ['ros']
[0.135s] Level 1:colcon.colcon_core.package_identification:_identify(src/tdk_launch) by extension 'ros'
[0.135s] Level 1:colcon.colcon_core.package_identification:_identify(src/tdk_launch) by extensions ['cmake', 'python']
[0.135s] Level 1:colcon.colcon_core.package_identification:_identify(src/tdk_launch) by extension 'cmake'
[0.135s] Level 1:colcon.colcon_core.package_identification:_identify(src/tdk_launch) by extension 'python'
[0.135s] Level 1:colcon.colcon_core.package_identification:_identify(src/tdk_launch) by extensions ['python_setup_py']
[0.135s] Level 1:colcon.colcon_core.package_identification:_identify(src/tdk_launch) by extension 'python_setup_py'
[0.135s] Level 1:colcon.colcon_core.package_identification:_identify(src/tdk_launch/launch) by extensions ['ignore', 'ignore_ament_install']
[0.135s] Level 1:colcon.colcon_core.package_identification:_identify(src/tdk_launch/launch) by extension 'ignore'
[0.135s] Level 1:colcon.colcon_core.package_identification:_identify(src/tdk_launch/launch) by extension 'ignore_ament_install'
[0.135s] Level 1:colcon.colcon_core.package_identification:_identify(src/tdk_launch/launch) by extensions ['colcon_pkg']
[0.135s] Level 1:colcon.colcon_core.package_identification:_identify(src/tdk_launch/launch) by extension 'colcon_pkg'
[0.135s] Level 1:colcon.colcon_core.package_identification:_identify(src/tdk_launch/launch) by extensions ['colcon_meta']
[0.135s] Level 1:colcon.colcon_core.package_identification:_identify(src/tdk_launch/launch) by extension 'colcon_meta'
[0.135s] Level 1:colcon.colcon_core.package_identification:_identify(src/tdk_launch/launch) by extensions ['ros']
[0.135s] Level 1:colcon.colcon_core.package_identification:_identify(src/tdk_launch/launch) by extension 'ros'
[0.135s] Level 1:colcon.colcon_core.package_identification:_identify(src/tdk_launch/launch) by extensions ['cmake', 'python']
[0.135s] Level 1:colcon.colcon_core.package_identification:_identify(src/tdk_launch/launch) by extension 'cmake'
[0.135s] Level 1:colcon.colcon_core.package_identification:_identify(src/tdk_launch/launch) by extension 'python'
[0.135s] Level 1:colcon.colcon_core.package_identification:_identify(src/tdk_launch/launch) by extensions ['python_setup_py']
[0.135s] Level 1:colcon.colcon_core.package_identification:_identify(src/tdk_launch/launch) by extension 'python_setup_py'
[0.135s] Level 1:colcon.colcon_core.package_identification:_identify(src/tool) by extensions ['ignore', 'ignore_ament_install']
[0.135s] Level 1:colcon.colcon_core.package_identification:_identify(src/tool) by extension 'ignore'
[0.135s] Level 1:colcon.colcon_core.package_identification:_identify(src/tool) by extension 'ignore_ament_install'
[0.135s] Level 1:colcon.colcon_core.package_identification:_identify(src/tool) by extensions ['colcon_pkg']
[0.135s] Level 1:colcon.colcon_core.package_identification:_identify(src/tool) by extension 'colcon_pkg'
[0.135s] Level 1:colcon.colcon_core.package_identification:_identify(src/tool) by extensions ['colcon_meta']
[0.135s] Level 1:colcon.colcon_core.package_identification:_identify(src/tool) by extension 'colcon_meta'
[0.136s] Level 1:colcon.colcon_core.package_identification:_identify(src/tool) by extensions ['ros']
[0.136s] Level 1:colcon.colcon_core.package_identification:_identify(src/tool) by extension 'ros'
[0.136s] Level 1:colcon.colcon_core.package_identification:_identify(src/tool) by extensions ['cmake', 'python']
[0.136s] Level 1:colcon.colcon_core.package_identification:_identify(src/tool) by extension 'cmake'
[0.136s] Level 1:colcon.colcon_core.package_identification:_identify(src/tool) by extension 'python'
[0.136s] Level 1:colcon.colcon_core.package_identification:_identify(src/tool) by extensions ['python_setup_py']
[0.136s] Level 1:colcon.colcon_core.package_identification:_identify(src/tool) by extension 'python_setup_py'
[0.136s] Level 1:colcon.colcon_core.package_discovery:discover_packages(recursive) using defaults
[0.136s] Level 1:colcon.colcon_core.package_discovery:discover_packages(ignore) discover
[0.136s] Level 1:colcon.colcon_core.package_discovery:discover_packages(ignore) using defaults
[0.136s] Level 1:colcon.colcon_core.package_discovery:discover_packages(path) discover
[0.136s] Level 1:colcon.colcon_core.package_discovery:discover_packages(path) using defaults
[0.147s] Level 5:colcon.colcon_core.verb:set package 'camera' build argument 'cmake_args' from command line to 'None'
[0.147s] Level 5:colcon.colcon_core.verb:set package 'camera' build argument 'cmake_target' from command line to 'None'
[0.147s] Level 5:colcon.colcon_core.verb:set package 'camera' build argument 'cmake_target_skip_unavailable' from command line to 'False'
[0.147s] Level 5:colcon.colcon_core.verb:set package 'camera' build argument 'cmake_clean_cache' from command line to 'False'
[0.147s] Level 5:colcon.colcon_core.verb:set package 'camera' build argument 'cmake_clean_first' from command line to 'False'
[0.147s] Level 5:colcon.colcon_core.verb:set package 'camera' build argument 'cmake_force_configure' from command line to 'False'
[0.147s] Level 5:colcon.colcon_core.verb:set package 'camera' build argument 'ament_cmake_args' from command line to 'None'
[0.147s] Level 5:colcon.colcon_core.verb:set package 'camera' build argument 'catkin_cmake_args' from command line to 'None'
[0.147s] Level 5:colcon.colcon_core.verb:set package 'camera' build argument 'catkin_skip_building_tests' from command line to 'False'
[0.147s] DEBUG:colcon.colcon_core.verb:Building package 'camera' with the following arguments: {'ament_cmake_args': None, 'build_base': '/ros2_ws/build/camera', 'catkin_cmake_args': None, 'catkin_skip_building_tests': False, 'cmake_args': None, 'cmake_clean_cache': False, 'cmake_clean_first': False, 'cmake_force_configure': False, 'cmake_target': None, 'cmake_target_skip_unavailable': False, 'install_base': '/ros2_ws/install/camera', 'merge_install': False, 'path': '/ros2_ws/src/camera', 'symlink_install': False, 'test_result_base': None}
[0.147s] Level 5:colcon.colcon_core.verb:set package 'realsense2_camera_msgs' build argument 'cmake_args' from command line to 'None'
[0.147s] Level 5:colcon.colcon_core.verb:set package 'realsense2_camera_msgs' build argument 'cmake_target' from command line to 'None'
[0.147s] Level 5:colcon.colcon_core.verb:set package 'realsense2_camera_msgs' build argument 'cmake_target_skip_unavailable' from command line to 'False'
[0.147s] Level 5:colcon.colcon_core.verb:set package 'realsense2_camera_msgs' build argument 'cmake_clean_cache' from command line to 'False'
[0.147s] Level 5:colcon.colcon_core.verb:set package 'realsense2_camera_msgs' build argument 'cmake_clean_first' from command line to 'False'
[0.147s] Level 5:colcon.colcon_core.verb:set package 'realsense2_camera_msgs' build argument 'cmake_force_configure' from command line to 'False'
[0.147s] Level 5:colcon.colcon_core.verb:set package 'realsense2_camera_msgs' build argument 'ament_cmake_args' from command line to 'None'
[0.147s] Level 5:colcon.colcon_core.verb:set package 'realsense2_camera_msgs' build argument 'catkin_cmake_args' from command line to 'None'
[0.147s] Level 5:colcon.colcon_core.verb:set package 'realsense2_camera_msgs' build argument 'catkin_skip_building_tests' from command line to 'False'
[0.147s] DEBUG:colcon.colcon_core.verb:Building package 'realsense2_camera_msgs' with the following arguments: {'ament_cmake_args': None, 'build_base': '/ros2_ws/build/realsense2_camera_msgs', 'catkin_cmake_args': None, 'catkin_skip_building_tests': False, 'cmake_args': None, 'cmake_clean_cache': False, 'cmake_clean_first': False, 'cmake_force_configure': False, 'cmake_target': None, 'cmake_target_skip_unavailable': False, 'install_base': '/ros2_ws/install/realsense2_camera_msgs', 'merge_install': False, 'path': '/ros2_ws/src/realsense-pkg/realsense2_camera_msgs', 'symlink_install': False, 'test_result_base': None}
[0.147s] Level 5:colcon.colcon_core.verb:set package 'rospi_pre' build argument 'cmake_args' from command line to 'None'
[0.147s] Level 5:colcon.colcon_core.verb:set package 'rospi_pre' build argument 'cmake_target' from command line to 'None'
[0.147s] Level 5:colcon.colcon_core.verb:set package 'rospi_pre' build argument 'cmake_target_skip_unavailable' from command line to 'False'
[0.147s] Level 5:colcon.colcon_core.verb:set package 'rospi_pre' build argument 'cmake_clean_cache' from command line to 'False'
[0.147s] Level 5:colcon.colcon_core.verb:set package 'rospi_pre' build argument 'cmake_clean_first' from command line to 'False'
[0.147s] Level 5:colcon.colcon_core.verb:set package 'rospi_pre' build argument 'cmake_force_configure' from command line to 'False'
[0.147s] Level 5:colcon.colcon_core.verb:set package 'rospi_pre' build argument 'ament_cmake_args' from command line to 'None'
[0.147s] Level 5:colcon.colcon_core.verb:set package 'rospi_pre' build argument 'catkin_cmake_args' from command line to 'None'
[0.147s] Level 5:colcon.colcon_core.verb:set package 'rospi_pre' build argument 'catkin_skip_building_tests' from command line to 'False'
[0.147s] DEBUG:colcon.colcon_core.verb:Building package 'rospi_pre' with the following arguments: {'ament_cmake_args': None, 'build_base': '/ros2_ws/build/rospi_pre', 'catkin_cmake_args': None, 'catkin_skip_building_tests': False, 'cmake_args': None, 'cmake_clean_cache': False, 'cmake_clean_first': False, 'cmake_force_configure': False, 'cmake_target': None, 'cmake_target_skip_unavailable': False, 'install_base': '/ros2_ws/install/rospi_pre', 'merge_install': False, 'path': '/ros2_ws/src/rospi_pre', 'symlink_install': False, 'test_result_base': None}
[0.147s] Level 5:colcon.colcon_core.verb:set package 'navigation' build argument 'cmake_args' from command line to 'None'
[0.147s] Level 5:colcon.colcon_core.verb:set package 'navigation' build argument 'cmake_target' from command line to 'None'
[0.147s] Level 5:colcon.colcon_core.verb:set package 'navigation' build argument 'cmake_target_skip_unavailable' from command line to 'False'
[0.147s] Level 5:colcon.colcon_core.verb:set package 'navigation' build argument 'cmake_clean_cache' from command line to 'False'
[0.147s] Level 5:colcon.colcon_core.verb:set package 'navigation' build argument 'cmake_clean_first' from command line to 'False'
[0.147s] Level 5:colcon.colcon_core.verb:set package 'navigation' build argument 'cmake_force_configure' from command line to 'False'
[0.147s] Level 5:colcon.colcon_core.verb:set package 'navigation' build argument 'ament_cmake_args' from command line to 'None'
[0.147s] Level 5:colcon.colcon_core.verb:set package 'navigation' build argument 'catkin_cmake_args' from command line to 'None'
[0.148s] Level 5:colcon.colcon_core.verb:set package 'navigation' build argument 'catkin_skip_building_tests' from command line to 'False'
[0.148s] DEBUG:colcon.colcon_core.verb:Building package 'navigation' with the following arguments: {'ament_cmake_args': None, 'build_base': '/ros2_ws/build/navigation', 'catkin_cmake_args': None, 'catkin_skip_building_tests': False, 'cmake_args': None, 'cmake_clean_cache': False, 'cmake_clean_first': False, 'cmake_force_configure': False, 'cmake_target': None, 'cmake_target_skip_unavailable': False, 'install_base': '/ros2_ws/install/navigation', 'merge_install': False, 'path': '/ros2_ws/src/navigation', 'symlink_install': False, 'test_result_base': None}
[0.148s] Level 5:colcon.colcon_core.verb:set package 'realsense2_camera' build argument 'cmake_args' from command line to 'None'
[0.148s] Level 5:colcon.colcon_core.verb:set package 'realsense2_camera' build argument 'cmake_target' from command line to 'None'
[0.148s] Level 5:colcon.colcon_core.verb:set package 'realsense2_camera' build argument 'cmake_target_skip_unavailable' from command line to 'False'
[0.148s] Level 5:colcon.colcon_core.verb:set package 'realsense2_camera' build argument 'cmake_clean_cache' from command line to 'False'
[0.148s] Level 5:colcon.colcon_core.verb:set package 'realsense2_camera' build argument 'cmake_clean_first' from command line to 'False'
[0.148s] Level 5:colcon.colcon_core.verb:set package 'realsense2_camera' build argument 'cmake_force_configure' from command line to 'False'
[0.148s] Level 5:colcon.colcon_core.verb:set package 'realsense2_camera' build argument 'ament_cmake_args' from command line to 'None'
[0.148s] Level 5:colcon.colcon_core.verb:set package 'realsense2_camera' build argument 'catkin_cmake_args' from command line to 'None'
[0.148s] Level 5:colcon.colcon_core.verb:set package 'realsense2_camera' build argument 'catkin_skip_building_tests' from command line to 'False'
[0.148s] DEBUG:colcon.colcon_core.verb:Building package 'realsense2_camera' with the following arguments: {'ament_cmake_args': None, 'build_base': '/ros2_ws/build/realsense2_camera', 'catkin_cmake_args': None, 'catkin_skip_building_tests': False, 'cmake_args': None, 'cmake_clean_cache': False, 'cmake_clean_first': False, 'cmake_force_configure': False, 'cmake_target': None, 'cmake_target_skip_unavailable': False, 'install_base': '/ros2_ws/install/realsense2_camera', 'merge_install': False, 'path': '/ros2_ws/src/realsense-pkg/realsense2_camera', 'symlink_install': False, 'test_result_base': None}
[0.148s] Level 5:colcon.colcon_core.verb:set package 'realsense2_description' build argument 'cmake_args' from command line to 'None'
[0.148s] Level 5:colcon.colcon_core.verb:set package 'realsense2_description' build argument 'cmake_target' from command line to 'None'
[0.148s] Level 5:colcon.colcon_core.verb:set package 'realsense2_description' build argument 'cmake_target_skip_unavailable' from command line to 'False'
[0.148s] Level 5:colcon.colcon_core.verb:set package 'realsense2_description' build argument 'cmake_clean_cache' from command line to 'False'
[0.148s] Level 5:colcon.colcon_core.verb:set package 'realsense2_description' build argument 'cmake_clean_first' from command line to 'False'
[0.148s] Level 5:colcon.colcon_core.verb:set package 'realsense2_description' build argument 'cmake_force_configure' from command line to 'False'
[0.148s] Level 5:colcon.colcon_core.verb:set package 'realsense2_description' build argument 'ament_cmake_args' from command line to 'None'
[0.148s] Level 5:colcon.colcon_core.verb:set package 'realsense2_description' build argument 'catkin_cmake_args' from command line to 'None'
[0.148s] Level 5:colcon.colcon_core.verb:set package 'realsense2_description' build argument 'catkin_skip_building_tests' from command line to 'False'
[0.148s] DEBUG:colcon.colcon_core.verb:Building package 'realsense2_description' with the following arguments: {'ament_cmake_args': None, 'build_base': '/ros2_ws/build/realsense2_description', 'catkin_cmake_args': None, 'catkin_skip_building_tests': False, 'cmake_args': None, 'cmake_clean_cache': False, 'cmake_clean_first': False, 'cmake_force_configure': False, 'cmake_target': None, 'cmake_target_skip_unavailable': False, 'install_base': '/ros2_ws/install/realsense2_description', 'merge_install': False, 'path': '/ros2_ws/src/realsense-pkg/realsense2_description', 'symlink_install': False, 'test_result_base': None}
[0.148s] INFO:colcon.colcon_core.executor:Executing jobs using 'parallel' executor
[0.149s] DEBUG:colcon.colcon_parallel_executor.executor.parallel:run_until_complete
[0.149s] INFO:colcon.colcon_ros.task.ament_cmake.build:Building ROS package in '/ros2_ws/src/realsense-pkg/realsense2_camera_msgs' with build type 'ament_cmake'
[0.149s] INFO:colcon.colcon_cmake.task.cmake.build:Building CMake package in '/ros2_ws/src/realsense-pkg/realsense2_camera_msgs'
[0.151s] INFO:colcon.colcon_core.plugin_system:Skipping extension 'colcon_core.shell.bat': Not used on non-Windows systems
[0.151s] INFO:colcon.colcon_core.shell:Skip shell extension 'powershell' for command environment: Not usable outside of PowerShell
[0.151s] DEBUG:colcon.colcon_core.shell:Skip shell extension 'dsv' for command environment
[0.154s] INFO:colcon.colcon_ros.task.ament_cmake.build:Building ROS package in '/ros2_ws/src/rospi_pre' with build type 'ament_cmake'
[0.154s] INFO:colcon.colcon_cmake.task.cmake.build:Building CMake package in '/ros2_ws/src/rospi_pre'
[0.154s] INFO:colcon.colcon_core.shell:Skip shell extension 'powershell' for command environment: Not usable outside of PowerShell
[0.154s] DEBUG:colcon.colcon_core.shell:Skip shell extension 'dsv' for command environment
[0.156s] INFO:colcon.colcon_ros.task.ament_cmake.build:Building ROS package in '/ros2_ws/src/camera' with build type 'ament_cmake'
[0.156s] INFO:colcon.colcon_cmake.task.cmake.build:Building CMake package in '/ros2_ws/src/camera'
[0.156s] INFO:colcon.colcon_core.shell:Skip shell extension 'powershell' for command environment: Not usable outside of PowerShell
[0.156s] DEBUG:colcon.colcon_core.shell:Skip shell extension 'dsv' for command environment
[0.161s] DEBUG:colcon.colcon_core.event_handler.log_command:Invoking command in '/ros2_ws/build/realsense2_camera_msgs': CMAKE_PREFIX_PATH=${CMAKE_PREFIX_PATH}:/opt/ros/humble /usr/bin/cmake --build /ros2_ws/build/realsense2_camera_msgs -- -j16 -l16
[0.164s] DEBUG:colcon.colcon_core.event_handler.log_command:Invoking command in '/ros2_ws/build/rospi_pre': CMAKE_PREFIX_PATH=${CMAKE_PREFIX_PATH}:/opt/ros/humble /usr/bin/cmake --build /ros2_ws/build/rospi_pre -- -j16 -l16
[0.166s] DEBUG:colcon.colcon_core.event_handler.log_command:Invoking command in '/ros2_ws/build/camera': CMAKE_PREFIX_PATH=${CMAKE_PREFIX_PATH}:/opt/ros/humble /usr/bin/cmake --build /ros2_ws/build/camera -- -j16 -l16
[0.242s] DEBUG:colcon.colcon_core.event_handler.log_command:Invoked command in '/ros2_ws/build/camera' returned '0': CMAKE_PREFIX_PATH=${CMAKE_PREFIX_PATH}:/opt/ros/humble /usr/bin/cmake --build /ros2_ws/build/camera -- -j16 -l16
[0.290s] DEBUG:colcon.colcon_core.event_handler.log_command:Invoking command in '/ros2_ws/build/camera': CMAKE_PREFIX_PATH=${CMAKE_PREFIX_PATH}:/opt/ros/humble /usr/bin/cmake --install /ros2_ws/build/camera
[0.301s] Level 1:colcon.colcon_core.environment:create_environment_scripts_only(camera)
[0.301s] DEBUG:colcon.colcon_core.event_handler.log_command:Invoked command in '/ros2_ws/build/camera' returned '0': CMAKE_PREFIX_PATH=${CMAKE_PREFIX_PATH}:/opt/ros/humble /usr/bin/cmake --install /ros2_ws/build/camera
[0.303s] Level 1:colcon.colcon_core.environment:checking '/ros2_ws/install/camera' for CMake module files
[0.303s] Level 1:colcon.colcon_core.environment:checking '/ros2_ws/install/camera' for CMake config files
[0.303s] Level 1:colcon.colcon_core.shell:create_environment_hook('camera', 'cmake_prefix_path')
[0.304s] INFO:colcon.colcon_core.shell:Creating environment hook '/ros2_ws/install/camera/share/camera/hook/cmake_prefix_path.ps1'
[0.304s] INFO:colcon.colcon_core.shell:Creating environment descriptor '/ros2_ws/install/camera/share/camera/hook/cmake_prefix_path.dsv'
[0.304s] INFO:colcon.colcon_core.shell:Creating environment hook '/ros2_ws/install/camera/share/camera/hook/cmake_prefix_path.sh'
[0.305s] Level 1:colcon.colcon_core.environment:checking '/ros2_ws/install/camera/lib'
[0.305s] Level 1:colcon.colcon_core.environment:checking '/ros2_ws/install/camera/bin'
[0.305s] Level 1:colcon.colcon_core.environment:checking '/ros2_ws/install/camera/lib/pkgconfig/camera.pc'
[0.307s] Level 1:colcon.colcon_core.environment:checking '/ros2_ws/install/camera/lib/python3.10/site-packages'
[0.307s] Level 1:colcon.colcon_core.environment:checking '/ros2_ws/install/camera/bin'
[0.307s] INFO:colcon.colcon_core.shell:Creating package script '/ros2_ws/install/camera/share/camera/package.ps1'
[0.308s] INFO:colcon.colcon_core.shell:Creating package descriptor '/ros2_ws/install/camera/share/camera/package.dsv'
[0.309s] INFO:colcon.colcon_core.shell:Creating package script '/ros2_ws/install/camera/share/camera/package.sh'
[0.325s] INFO:colcon.colcon_core.shell:Creating package script '/ros2_ws/install/camera/share/camera/package.bash'
[0.326s] INFO:colcon.colcon_core.shell:Creating package script '/ros2_ws/install/camera/share/camera/package.zsh'
[0.327s] Level 1:colcon.colcon_core.environment:create_file_with_runtime_dependencies(/ros2_ws/install/camera/share/colcon-core/packages/camera)
[0.375s] Level 1:colcon.colcon_core.environment:create_environment_scripts_only(camera)
[0.376s] Level 1:colcon.colcon_core.environment:checking '/ros2_ws/install/camera' for CMake module files
[0.376s] Level 1:colcon.colcon_core.environment:checking '/ros2_ws/install/camera' for CMake config files
[0.376s] Level 1:colcon.colcon_core.shell:create_environment_hook('camera', 'cmake_prefix_path')
[0.377s] INFO:colcon.colcon_core.shell:Creating environment hook '/ros2_ws/install/camera/share/camera/hook/cmake_prefix_path.ps1'
[0.377s] INFO:colcon.colcon_core.shell:Creating environment descriptor '/ros2_ws/install/camera/share/camera/hook/cmake_prefix_path.dsv'
[0.377s] INFO:colcon.colcon_core.shell:Creating environment hook '/ros2_ws/install/camera/share/camera/hook/cmake_prefix_path.sh'
[0.378s] Level 1:colcon.colcon_core.environment:checking '/ros2_ws/install/camera/lib'
[0.378s] Level 1:colcon.colcon_core.environment:checking '/ros2_ws/install/camera/bin'
[0.378s] Level 1:colcon.colcon_core.environment:checking '/ros2_ws/install/camera/lib/pkgconfig/camera.pc'
[0.378s] Level 1:colcon.colcon_core.environment:checking '/ros2_ws/install/camera/lib/python3.10/site-packages'
[0.378s] Level 1:colcon.colcon_core.environment:checking '/ros2_ws/install/camera/bin'
[0.378s] INFO:colcon.colcon_core.shell:Creating package script '/ros2_ws/install/camera/share/camera/package.ps1'
[0.378s] INFO:colcon.colcon_core.shell:Creating package descriptor '/ros2_ws/install/camera/share/camera/package.dsv'
[0.379s] INFO:colcon.colcon_core.shell:Creating package script '/ros2_ws/install/camera/share/camera/package.sh'
[0.379s] INFO:colcon.colcon_core.shell:Creating package script '/ros2_ws/install/camera/share/camera/package.bash'
[0.379s] INFO:colcon.colcon_core.shell:Creating package script '/ros2_ws/install/camera/share/camera/package.zsh'
[0.379s] Level 1:colcon.colcon_core.environment:create_file_with_runtime_dependencies(/ros2_ws/install/camera/share/colcon-core/packages/camera)
[0.396s] DEBUG:colcon.colcon_core.event_handler.log_command:Invoked command in '/ros2_ws/build/rospi_pre' returned '0': CMAKE_PREFIX_PATH=${CMAKE_PREFIX_PATH}:/opt/ros/humble /usr/bin/cmake --build /ros2_ws/build/rospi_pre -- -j16 -l16
[0.397s] DEBUG:colcon.colcon_core.event_handler.log_command:Invoked command in '/ros2_ws/build/realsense2_camera_msgs' returned '0': CMAKE_PREFIX_PATH=${CMAKE_PREFIX_PATH}:/opt/ros/humble /usr/bin/cmake --build /ros2_ws/build/realsense2_camera_msgs -- -j16 -l16
[0.448s] DEBUG:colcon.colcon_core.event_handler.log_command:Invoking command in '/ros2_ws/build/rospi_pre': CMAKE_PREFIX_PATH=${CMAKE_PREFIX_PATH}:/opt/ros/humble /usr/bin/cmake --install /ros2_ws/build/rospi_pre
[0.485s] Level 1:colcon.colcon_core.environment:create_environment_scripts_only(rospi_pre)
[0.486s] Level 1:colcon.colcon_core.environment:checking '/ros2_ws/install/rospi_pre' for CMake module files
[0.486s] DEBUG:colcon.colcon_core.event_handler.log_command:Invoked command in '/ros2_ws/build/rospi_pre' returned '0': CMAKE_PREFIX_PATH=${CMAKE_PREFIX_PATH}:/opt/ros/humble /usr/bin/cmake --install /ros2_ws/build/rospi_pre
[0.486s] Level 1:colcon.colcon_core.environment:checking '/ros2_ws/install/rospi_pre' for CMake config files
[0.487s] Level 1:colcon.colcon_core.shell:create_environment_hook('rospi_pre', 'cmake_prefix_path')
[0.487s] INFO:colcon.colcon_core.shell:Creating environment hook '/ros2_ws/install/rospi_pre/share/rospi_pre/hook/cmake_prefix_path.ps1'
[0.487s] INFO:colcon.colcon_core.shell:Creating environment descriptor '/ros2_ws/install/rospi_pre/share/rospi_pre/hook/cmake_prefix_path.dsv'
[0.487s] INFO:colcon.colcon_core.shell:Creating environment hook '/ros2_ws/install/rospi_pre/share/rospi_pre/hook/cmake_prefix_path.sh'
[0.488s] Level 1:colcon.colcon_core.environment:checking '/ros2_ws/install/rospi_pre/lib'
[0.488s] Level 1:colcon.colcon_core.shell:create_environment_hook('rospi_pre', 'ld_library_path_lib')
[0.488s] INFO:colcon.colcon_core.shell:Creating environment hook '/ros2_ws/install/rospi_pre/share/rospi_pre/hook/ld_library_path_lib.ps1'
[0.488s] INFO:colcon.colcon_core.shell:Creating environment descriptor '/ros2_ws/install/rospi_pre/share/rospi_pre/hook/ld_library_path_lib.dsv'
[0.488s] INFO:colcon.colcon_core.shell:Creating environment hook '/ros2_ws/install/rospi_pre/share/rospi_pre/hook/ld_library_path_lib.sh'
[0.488s] Level 1:colcon.colcon_core.environment:checking '/ros2_ws/install/rospi_pre/bin'
[0.488s] Level 1:colcon.colcon_core.environment:checking '/ros2_ws/install/rospi_pre/lib/pkgconfig/rospi_pre.pc'
[0.489s] Level 1:colcon.colcon_core.environment:checking '/ros2_ws/install/rospi_pre/lib/python3.10/site-packages'
[0.489s] Level 1:colcon.colcon_core.environment:checking '/ros2_ws/install/rospi_pre/bin'
[0.489s] INFO:colcon.colcon_core.shell:Creating package script '/ros2_ws/install/rospi_pre/share/rospi_pre/package.ps1'
[0.489s] INFO:colcon.colcon_core.shell:Creating package descriptor '/ros2_ws/install/rospi_pre/share/rospi_pre/package.dsv'
[0.489s] INFO:colcon.colcon_core.shell:Creating package script '/ros2_ws/install/rospi_pre/share/rospi_pre/package.sh'
[0.490s] INFO:colcon.colcon_core.shell:Creating package script '/ros2_ws/install/rospi_pre/share/rospi_pre/package.bash'
[0.490s] INFO:colcon.colcon_core.shell:Creating package script '/ros2_ws/install/rospi_pre/share/rospi_pre/package.zsh'
[0.490s] Level 1:colcon.colcon_core.environment:create_file_with_runtime_dependencies(/ros2_ws/install/rospi_pre/share/colcon-core/packages/rospi_pre)
[0.523s] DEBUG:colcon.colcon_core.event_handler.log_command:Invoking command in '/ros2_ws/build/realsense2_camera_msgs': CMAKE_PREFIX_PATH=${CMAKE_PREFIX_PATH}:/opt/ros/humble /usr/bin/cmake --install /ros2_ws/build/realsense2_camera_msgs
[0.550s] Level 1:colcon.colcon_core.environment:create_environment_scripts_only(rospi_pre)
[0.550s] Level 1:colcon.colcon_core.environment:checking '/ros2_ws/install/rospi_pre' for CMake module files
[0.551s] Level 1:colcon.colcon_core.environment:checking '/ros2_ws/install/rospi_pre' for CMake config files
[0.551s] Level 1:colcon.colcon_core.shell:create_environment_hook('rospi_pre', 'cmake_prefix_path')
[0.551s] INFO:colcon.colcon_core.shell:Creating environment hook '/ros2_ws/install/rospi_pre/share/rospi_pre/hook/cmake_prefix_path.ps1'
[0.552s] INFO:colcon.colcon_core.shell:Creating environment descriptor '/ros2_ws/install/rospi_pre/share/rospi_pre/hook/cmake_prefix_path.dsv'
[0.552s] INFO:colcon.colcon_core.shell:Creating environment hook '/ros2_ws/install/rospi_pre/share/rospi_pre/hook/cmake_prefix_path.sh'
[0.552s] Level 1:colcon.colcon_core.environment:checking '/ros2_ws/install/rospi_pre/lib'
[0.552s] Level 1:colcon.colcon_core.shell:create_environment_hook('rospi_pre', 'ld_library_path_lib')
[0.552s] INFO:colcon.colcon_core.shell:Creating environment hook '/ros2_ws/install/rospi_pre/share/rospi_pre/hook/ld_library_path_lib.ps1'
[0.553s] INFO:colcon.colcon_core.shell:Creating environment descriptor '/ros2_ws/install/rospi_pre/share/rospi_pre/hook/ld_library_path_lib.dsv'
[0.553s] INFO:colcon.colcon_core.shell:Creating environment hook '/ros2_ws/install/rospi_pre/share/rospi_pre/hook/ld_library_path_lib.sh'
[0.553s] Level 1:colcon.colcon_core.environment:checking '/ros2_ws/install/rospi_pre/bin'
[0.553s] Level 1:colcon.colcon_core.environment:checking '/ros2_ws/install/rospi_pre/lib/pkgconfig/rospi_pre.pc'
[0.553s] Level 1:colcon.colcon_core.environment:checking '/ros2_ws/install/rospi_pre/lib/python3.10/site-packages'
[0.553s] Level 1:colcon.colcon_core.environment:checking '/ros2_ws/install/rospi_pre/bin'
[0.554s] INFO:colcon.colcon_core.shell:Creating package script '/ros2_ws/install/rospi_pre/share/rospi_pre/package.ps1'
[0.554s] INFO:colcon.colcon_core.shell:Creating package descriptor '/ros2_ws/install/rospi_pre/share/rospi_pre/package.dsv'
[0.554s] INFO:colcon.colcon_core.shell:Creating package script '/ros2_ws/install/rospi_pre/share/rospi_pre/package.sh'
[0.555s] INFO:colcon.colcon_core.shell:Creating package script '/ros2_ws/install/rospi_pre/share/rospi_pre/package.bash'
[0.555s] INFO:colcon.colcon_core.shell:Creating package script '/ros2_ws/install/rospi_pre/share/rospi_pre/package.zsh'
[0.555s] Level 1:colcon.colcon_core.environment:create_file_with_runtime_dependencies(/ros2_ws/install/rospi_pre/share/colcon-core/packages/rospi_pre)
[0.555s] INFO:colcon.colcon_ros.task.ament_cmake.build:Building ROS package in '/ros2_ws/src/navigation' with build type 'ament_cmake'
[0.555s] INFO:colcon.colcon_cmake.task.cmake.build:Building CMake package in '/ros2_ws/src/navigation'
[0.556s] INFO:colcon.colcon_core.shell:Skip shell extension 'powershell' for command environment: Not usable outside of PowerShell
[0.556s] DEBUG:colcon.colcon_core.shell:Skip shell extension 'dsv' for command environment
[0.566s] DEBUG:colcon.colcon_core.event_handler.log_command:Invoking command in '/ros2_ws/build/navigation': AMENT_PREFIX_PATH=/ros2_ws/install/rospi_pre:${AMENT_PREFIX_PATH} CMAKE_PREFIX_PATH=/ros2_ws/install/rospi_pre:/home/realsense/vision-ws/install/realsense2_description:/home/realsense/vision-ws/install/realsense2_camera:/home/realsense/vision-ws/install/realsense2_camera_msgs:/opt/ros/humble LD_LIBRARY_PATH=/ros2_ws/install/rospi_pre/lib:${LD_LIBRARY_PATH} PYTHONPATH=/ros2_ws/install/rospi_pre/local/lib/python3.10/dist-packages:${PYTHONPATH} /usr/bin/cmake --build /ros2_ws/build/navigation -- -j16 -l16
[0.567s] Level 1:colcon.colcon_core.environment:create_environment_scripts_only(realsense2_camera_msgs)
[0.567s] DEBUG:colcon.colcon_core.event_handler.log_command:Invoked command in '/ros2_ws/build/realsense2_camera_msgs' returned '0': CMAKE_PREFIX_PATH=${CMAKE_PREFIX_PATH}:/opt/ros/humble /usr/bin/cmake --install /ros2_ws/build/realsense2_camera_msgs
[0.567s] Level 1:colcon.colcon_core.environment:checking '/ros2_ws/install/realsense2_camera_msgs' for CMake module files
[0.568s] Level 1:colcon.colcon_core.environment:checking '/ros2_ws/install/realsense2_camera_msgs' for CMake config files
[0.568s] Level 1:colcon.colcon_core.shell:create_environment_hook('realsense2_camera_msgs', 'cmake_prefix_path')
[0.568s] INFO:colcon.colcon_core.shell:Creating environment hook '/ros2_ws/install/realsense2_camera_msgs/share/realsense2_camera_msgs/hook/cmake_prefix_path.ps1'
[0.568s] INFO:colcon.colcon_core.shell:Creating environment descriptor '/ros2_ws/install/realsense2_camera_msgs/share/realsense2_camera_msgs/hook/cmake_prefix_path.dsv'
[0.569s] INFO:colcon.colcon_core.shell:Creating environment hook '/ros2_ws/install/realsense2_camera_msgs/share/realsense2_camera_msgs/hook/cmake_prefix_path.sh'
[0.569s] Level 1:colcon.colcon_core.environment:checking '/ros2_ws/install/realsense2_camera_msgs/lib'
[0.569s] Level 1:colcon.colcon_core.shell:create_environment_hook('realsense2_camera_msgs', 'ld_library_path_lib')
[0.569s] INFO:colcon.colcon_core.shell:Creating environment hook '/ros2_ws/install/realsense2_camera_msgs/share/realsense2_camera_msgs/hook/ld_library_path_lib.ps1'
[0.569s] INFO:colcon.colcon_core.shell:Creating environment descriptor '/ros2_ws/install/realsense2_camera_msgs/share/realsense2_camera_msgs/hook/ld_library_path_lib.dsv'
[0.570s] INFO:colcon.colcon_core.shell:Creating environment hook '/ros2_ws/install/realsense2_camera_msgs/share/realsense2_camera_msgs/hook/ld_library_path_lib.sh'
[0.570s] Level 1:colcon.colcon_core.environment:checking '/ros2_ws/install/realsense2_camera_msgs/bin'
[0.570s] Level 1:colcon.colcon_core.environment:checking '/ros2_ws/install/realsense2_camera_msgs/lib/pkgconfig/realsense2_camera_msgs.pc'
[0.570s] Level 1:colcon.colcon_core.environment:checking '/ros2_ws/install/realsense2_camera_msgs/lib/python3.10/site-packages'
[0.570s] Level 1:colcon.colcon_core.environment:checking '/ros2_ws/install/realsense2_camera_msgs/bin'
[0.570s] INFO:colcon.colcon_core.shell:Creating package script '/ros2_ws/install/realsense2_camera_msgs/share/realsense2_camera_msgs/package.ps1'
[0.571s] INFO:colcon.colcon_core.shell:Creating package descriptor '/ros2_ws/install/realsense2_camera_msgs/share/realsense2_camera_msgs/package.dsv'
[0.571s] INFO:colcon.colcon_core.shell:Creating package script '/ros2_ws/install/realsense2_camera_msgs/share/realsense2_camera_msgs/package.sh'
[0.571s] INFO:colcon.colcon_core.shell:Creating package script '/ros2_ws/install/realsense2_camera_msgs/share/realsense2_camera_msgs/package.bash'
[0.571s] INFO:colcon.colcon_core.shell:Creating package script '/ros2_ws/install/realsense2_camera_msgs/share/realsense2_camera_msgs/package.zsh'
[0.571s] Level 1:colcon.colcon_core.environment:create_file_with_runtime_dependencies(/ros2_ws/install/realsense2_camera_msgs/share/colcon-core/packages/realsense2_camera_msgs)
[0.626s] DEBUG:colcon.colcon_core.event_handler.log_command:Invoked command in '/ros2_ws/build/navigation' returned '0': AMENT_PREFIX_PATH=/ros2_ws/install/rospi_pre:${AMENT_PREFIX_PATH} CMAKE_PREFIX_PATH=/ros2_ws/install/rospi_pre:/home/realsense/vision-ws/install/realsense2_description:/home/realsense/vision-ws/install/realsense2_camera:/home/realsense/vision-ws/install/realsense2_camera_msgs:/opt/ros/humble LD_LIBRARY_PATH=/ros2_ws/install/rospi_pre/lib:${LD_LIBRARY_PATH} PYTHONPATH=/ros2_ws/install/rospi_pre/local/lib/python3.10/dist-packages:${PYTHONPATH} /usr/bin/cmake --build /ros2_ws/build/navigation -- -j16 -l16
[0.652s] DEBUG:colcon.colcon_core.event_handler.log_command:Invoking command in '/ros2_ws/build/navigation': AMENT_PREFIX_PATH=/ros2_ws/install/rospi_pre:${AMENT_PREFIX_PATH} CMAKE_PREFIX_PATH=/ros2_ws/install/rospi_pre:/home/realsense/vision-ws/install/realsense2_description:/home/realsense/vision-ws/install/realsense2_camera:/home/realsense/vision-ws/install/realsense2_camera_msgs:/opt/ros/humble LD_LIBRARY_PATH=/ros2_ws/install/rospi_pre/lib:${LD_LIBRARY_PATH} PYTHONPATH=/ros2_ws/install/rospi_pre/local/lib/python3.10/dist-packages:${PYTHONPATH} /usr/bin/cmake --install /ros2_ws/build/navigation
[0.660s] Level 1:colcon.colcon_core.environment:create_environment_scripts_only(navigation)
[0.661s] Level 1:colcon.colcon_core.environment:checking '/ros2_ws/install/navigation' for CMake module files
[0.661s] DEBUG:colcon.colcon_core.event_handler.log_command:Invoked command in '/ros2_ws/build/navigation' returned '0': AMENT_PREFIX_PATH=/ros2_ws/install/rospi_pre:${AMENT_PREFIX_PATH} CMAKE_PREFIX_PATH=/ros2_ws/install/rospi_pre:/home/realsense/vision-ws/install/realsense2_description:/home/realsense/vision-ws/install/realsense2_camera:/home/realsense/vision-ws/install/realsense2_camera_msgs:/opt/ros/humble LD_LIBRARY_PATH=/ros2_ws/install/rospi_pre/lib:${LD_LIBRARY_PATH} PYTHONPATH=/ros2_ws/install/rospi_pre/local/lib/python3.10/dist-packages:${PYTHONPATH} /usr/bin/cmake --install /ros2_ws/build/navigation
[0.661s] Level 1:colcon.colcon_core.environment:checking '/ros2_ws/install/navigation' for CMake config files
[0.662s] Level 1:colcon.colcon_core.shell:create_environment_hook('navigation', 'cmake_prefix_path')
[0.662s] INFO:colcon.colcon_core.shell:Creating environment hook '/ros2_ws/install/navigation/share/navigation/hook/cmake_prefix_path.ps1'
[0.662s] INFO:colcon.colcon_core.shell:Creating environment descriptor '/ros2_ws/install/navigation/share/navigation/hook/cmake_prefix_path.dsv'
[0.662s] INFO:colcon.colcon_core.shell:Creating environment hook '/ros2_ws/install/navigation/share/navigation/hook/cmake_prefix_path.sh'
[0.663s] Level 1:colcon.colcon_core.environment:checking '/ros2_ws/install/navigation/lib'
[0.663s] Level 1:colcon.colcon_core.environment:checking '/ros2_ws/install/navigation/bin'
[0.663s] Level 1:colcon.colcon_core.environment:checking '/ros2_ws/install/navigation/lib/pkgconfig/navigation.pc'
[0.663s] Level 1:colcon.colcon_core.environment:checking '/ros2_ws/install/navigation/lib/python3.10/site-packages'
[0.663s] Level 1:colcon.colcon_core.environment:checking '/ros2_ws/install/navigation/bin'
[0.663s] INFO:colcon.colcon_core.shell:Creating package script '/ros2_ws/install/navigation/share/navigation/package.ps1'
[0.664s] INFO:colcon.colcon_core.shell:Creating package descriptor '/ros2_ws/install/navigation/share/navigation/package.dsv'
[0.664s] INFO:colcon.colcon_core.shell:Creating package script '/ros2_ws/install/navigation/share/navigation/package.sh'
[0.664s] INFO:colcon.colcon_core.shell:Creating package script '/ros2_ws/install/navigation/share/navigation/package.bash'
[0.664s] INFO:colcon.colcon_core.shell:Creating package script '/ros2_ws/install/navigation/share/navigation/package.zsh'
[0.664s] Level 1:colcon.colcon_core.environment:create_file_with_runtime_dependencies(/ros2_ws/install/navigation/share/colcon-core/packages/navigation)
[0.691s] Level 1:colcon.colcon_core.environment:create_environment_scripts_only(navigation)
[0.692s] Level 1:colcon.colcon_core.environment:checking '/ros2_ws/install/navigation' for CMake module files
[0.692s] Level 1:colcon.colcon_core.environment:checking '/ros2_ws/install/navigation' for CMake config files
[0.692s] Level 1:colcon.colcon_core.shell:create_environment_hook('navigation', 'cmake_prefix_path')
[0.692s] INFO:colcon.colcon_core.shell:Creating environment hook '/ros2_ws/install/navigation/share/navigation/hook/cmake_prefix_path.ps1'
[0.693s] INFO:colcon.colcon_core.shell:Creating environment descriptor '/ros2_ws/install/navigation/share/navigation/hook/cmake_prefix_path.dsv'
[0.693s] INFO:colcon.colcon_core.shell:Creating environment hook '/ros2_ws/install/navigation/share/navigation/hook/cmake_prefix_path.sh'
[0.693s] Level 1:colcon.colcon_core.environment:checking '/ros2_ws/install/navigation/lib'
[0.693s] Level 1:colcon.colcon_core.environment:checking '/ros2_ws/install/navigation/bin'
[0.693s] Level 1:colcon.colcon_core.environment:checking '/ros2_ws/install/navigation/lib/pkgconfig/navigation.pc'
[0.693s] Level 1:colcon.colcon_core.environment:checking '/ros2_ws/install/navigation/lib/python3.10/site-packages'
[0.693s] Level 1:colcon.colcon_core.environment:checking '/ros2_ws/install/navigation/bin'
[0.694s] INFO:colcon.colcon_core.shell:Creating package script '/ros2_ws/install/navigation/share/navigation/package.ps1'
[0.694s] INFO:colcon.colcon_core.shell:Creating package descriptor '/ros2_ws/install/navigation/share/navigation/package.dsv'
[0.694s] INFO:colcon.colcon_core.shell:Creating package script '/ros2_ws/install/navigation/share/navigation/package.sh'
[0.694s] INFO:colcon.colcon_core.shell:Creating package script '/ros2_ws/install/navigation/share/navigation/package.bash'
[0.695s] INFO:colcon.colcon_core.shell:Creating package script '/ros2_ws/install/navigation/share/navigation/package.zsh'
[0.695s] Level 1:colcon.colcon_core.environment:create_file_with_runtime_dependencies(/ros2_ws/install/navigation/share/colcon-core/packages/navigation)
[0.712s] Level 1:colcon.colcon_core.environment:create_environment_scripts_only(realsense2_camera_msgs)
[0.712s] Level 1:colcon.colcon_core.environment:checking '/ros2_ws/install/realsense2_camera_msgs' for CMake module files
[0.713s] Level 1:colcon.colcon_core.environment:checking '/ros2_ws/install/realsense2_camera_msgs' for CMake config files
[0.713s] Level 1:colcon.colcon_core.shell:create_environment_hook('realsense2_camera_msgs', 'cmake_prefix_path')
[0.713s] INFO:colcon.colcon_core.shell:Creating environment hook '/ros2_ws/install/realsense2_camera_msgs/share/realsense2_camera_msgs/hook/cmake_prefix_path.ps1'
[0.714s] INFO:colcon.colcon_core.shell:Creating environment descriptor '/ros2_ws/install/realsense2_camera_msgs/share/realsense2_camera_msgs/hook/cmake_prefix_path.dsv'
[0.714s] INFO:colcon.colcon_core.shell:Creating environment hook '/ros2_ws/install/realsense2_camera_msgs/share/realsense2_camera_msgs/hook/cmake_prefix_path.sh'
[0.714s] Level 1:colcon.colcon_core.environment:checking '/ros2_ws/install/realsense2_camera_msgs/lib'
[0.714s] Level 1:colcon.colcon_core.shell:create_environment_hook('realsense2_camera_msgs', 'ld_library_path_lib')
[0.714s] INFO:colcon.colcon_core.shell:Creating environment hook '/ros2_ws/install/realsense2_camera_msgs/share/realsense2_camera_msgs/hook/ld_library_path_lib.ps1'
[0.715s] INFO:colcon.colcon_core.shell:Creating environment descriptor '/ros2_ws/install/realsense2_camera_msgs/share/realsense2_camera_msgs/hook/ld_library_path_lib.dsv'
[0.715s] INFO:colcon.colcon_core.shell:Creating environment hook '/ros2_ws/install/realsense2_camera_msgs/share/realsense2_camera_msgs/hook/ld_library_path_lib.sh'
[0.716s] Level 1:colcon.colcon_core.environment:checking '/ros2_ws/install/realsense2_camera_msgs/bin'
[0.716s] Level 1:colcon.colcon_core.environment:checking '/ros2_ws/install/realsense2_camera_msgs/lib/pkgconfig/realsense2_camera_msgs.pc'
[0.716s] Level 1:colcon.colcon_core.environment:checking '/ros2_ws/install/realsense2_camera_msgs/lib/python3.10/site-packages'
[0.716s] Level 1:colcon.colcon_core.environment:checking '/ros2_ws/install/realsense2_camera_msgs/bin'
[0.716s] INFO:colcon.colcon_core.shell:Creating package script '/ros2_ws/install/realsense2_camera_msgs/share/realsense2_camera_msgs/package.ps1'
[0.717s] INFO:colcon.colcon_core.shell:Creating package descriptor '/ros2_ws/install/realsense2_camera_msgs/share/realsense2_camera_msgs/package.dsv'
[0.717s] INFO:colcon.colcon_core.shell:Creating package script '/ros2_ws/install/realsense2_camera_msgs/share/realsense2_camera_msgs/package.sh'
[0.718s] INFO:colcon.colcon_core.shell:Creating package script '/ros2_ws/install/realsense2_camera_msgs/share/realsense2_camera_msgs/package.bash'
[0.718s] INFO:colcon.colcon_core.shell:Creating package script '/ros2_ws/install/realsense2_camera_msgs/share/realsense2_camera_msgs/package.zsh'
[0.718s] Level 1:colcon.colcon_core.environment:create_file_with_runtime_dependencies(/ros2_ws/install/realsense2_camera_msgs/share/colcon-core/packages/realsense2_camera_msgs)
[0.718s] INFO:colcon.colcon_ros.task.ament_cmake.build:Building ROS package in '/ros2_ws/src/realsense-pkg/realsense2_camera' with build type 'ament_cmake'
[0.718s] INFO:colcon.colcon_cmake.task.cmake.build:Building CMake package in '/ros2_ws/src/realsense-pkg/realsense2_camera'
[0.718s] INFO:colcon.colcon_core.shell:Skip shell extension 'powershell' for command environment: Not usable outside of PowerShell
[0.718s] DEBUG:colcon.colcon_core.shell:Skip shell extension 'dsv' for command environment
[0.721s] INFO:colcon.colcon_ros.task.ament_cmake.build:Building ROS package in '/ros2_ws/src/realsense-pkg/realsense2_description' with build type 'ament_cmake'
[0.721s] INFO:colcon.colcon_cmake.task.cmake.build:Building CMake package in '/ros2_ws/src/realsense-pkg/realsense2_description'
[0.721s] INFO:colcon.colcon_core.shell:Skip shell extension 'powershell' for command environment: Not usable outside of PowerShell
[0.721s] DEBUG:colcon.colcon_core.shell:Skip shell extension 'dsv' for command environment
[0.726s] DEBUG:colcon.colcon_core.event_handler.log_command:Invoking command in '/ros2_ws/build/realsense2_camera': AMENT_PREFIX_PATH=/ros2_ws/install/realsense2_camera_msgs:${AMENT_PREFIX_PATH} CMAKE_PREFIX_PATH=/ros2_ws/install/realsense2_camera_msgs:/home/realsense/vision-ws/install/realsense2_description:/home/realsense/vision-ws/install/realsense2_camera:/home/realsense/vision-ws/install/realsense2_camera_msgs:/opt/ros/humble LD_LIBRARY_PATH=/ros2_ws/install/realsense2_camera_msgs/lib:${LD_LIBRARY_PATH} PYTHONPATH=/ros2_ws/install/realsense2_camera_msgs/local/lib/python3.10/dist-packages:${PYTHONPATH} /usr/bin/cmake --build /ros2_ws/build/realsense2_camera -- -j16 -l16
[0.729s] DEBUG:colcon.colcon_core.event_handler.log_command:Invoking command in '/ros2_ws/build/realsense2_description': AMENT_PREFIX_PATH=/ros2_ws/install/realsense2_camera_msgs:${AMENT_PREFIX_PATH} CMAKE_PREFIX_PATH=/ros2_ws/install/realsense2_camera_msgs:/home/realsense/vision-ws/install/realsense2_description:/home/realsense/vision-ws/install/realsense2_camera:/home/realsense/vision-ws/install/realsense2_camera_msgs:/opt/ros/humble LD_LIBRARY_PATH=/ros2_ws/install/realsense2_camera_msgs/lib:${LD_LIBRARY_PATH} PYTHONPATH=/ros2_ws/install/realsense2_camera_msgs/local/lib/python3.10/dist-packages:${PYTHONPATH} /usr/bin/cmake --build /ros2_ws/build/realsense2_description -- -j16 -l16
[0.758s] DEBUG:colcon.colcon_core.event_handler.log_command:Invoked command in '/ros2_ws/build/realsense2_description' returned '0': AMENT_PREFIX_PATH=/ros2_ws/install/realsense2_camera_msgs:${AMENT_PREFIX_PATH} CMAKE_PREFIX_PATH=/ros2_ws/install/realsense2_camera_msgs:/home/realsense/vision-ws/install/realsense2_description:/home/realsense/vision-ws/install/realsense2_camera:/home/realsense/vision-ws/install/realsense2_camera_msgs:/opt/ros/humble LD_LIBRARY_PATH=/ros2_ws/install/realsense2_camera_msgs/lib:${LD_LIBRARY_PATH} PYTHONPATH=/ros2_ws/install/realsense2_camera_msgs/local/lib/python3.10/dist-packages:${PYTHONPATH} /usr/bin/cmake --build /ros2_ws/build/realsense2_description -- -j16 -l16
[0.782s] DEBUG:colcon.colcon_core.event_handler.log_command:Invoking command in '/ros2_ws/build/realsense2_description': AMENT_PREFIX_PATH=/ros2_ws/install/realsense2_camera_msgs:${AMENT_PREFIX_PATH} CMAKE_PREFIX_PATH=/ros2_ws/install/realsense2_camera_msgs:/home/realsense/vision-ws/install/realsense2_description:/home/realsense/vision-ws/install/realsense2_camera:/home/realsense/vision-ws/install/realsense2_camera_msgs:/opt/ros/humble LD_LIBRARY_PATH=/ros2_ws/install/realsense2_camera_msgs/lib:${LD_LIBRARY_PATH} PYTHONPATH=/ros2_ws/install/realsense2_camera_msgs/local/lib/python3.10/dist-packages:${PYTHONPATH} /usr/bin/cmake --install /ros2_ws/build/realsense2_description
[0.790s] Level 1:colcon.colcon_core.environment:create_environment_scripts_only(realsense2_description)
[0.791s] Level 1:colcon.colcon_core.environment:checking '/ros2_ws/install/realsense2_description' for CMake module files
[0.791s] DEBUG:colcon.colcon_core.event_handler.log_command:Invoked command in '/ros2_ws/build/realsense2_description' returned '0': AMENT_PREFIX_PATH=/ros2_ws/install/realsense2_camera_msgs:${AMENT_PREFIX_PATH} CMAKE_PREFIX_PATH=/ros2_ws/install/realsense2_camera_msgs:/home/realsense/vision-ws/install/realsense2_description:/home/realsense/vision-ws/install/realsense2_camera:/home/realsense/vision-ws/install/realsense2_camera_msgs:/opt/ros/humble LD_LIBRARY_PATH=/ros2_ws/install/realsense2_camera_msgs/lib:${LD_LIBRARY_PATH} PYTHONPATH=/ros2_ws/install/realsense2_camera_msgs/local/lib/python3.10/dist-packages:${PYTHONPATH} /usr/bin/cmake --install /ros2_ws/build/realsense2_description
[0.792s] Level 1:colcon.colcon_core.environment:checking '/ros2_ws/install/realsense2_description' for CMake config files
[0.792s] Level 1:colcon.colcon_core.shell:create_environment_hook('realsense2_description', 'cmake_prefix_path')
[0.792s] INFO:colcon.colcon_core.shell:Creating environment hook '/ros2_ws/install/realsense2_description/share/realsense2_description/hook/cmake_prefix_path.ps1'
[0.792s] INFO:colcon.colcon_core.shell:Creating environment descriptor '/ros2_ws/install/realsense2_description/share/realsense2_description/hook/cmake_prefix_path.dsv'
[0.793s] INFO:colcon.colcon_core.shell:Creating environment hook '/ros2_ws/install/realsense2_description/share/realsense2_description/hook/cmake_prefix_path.sh'
[0.793s] Level 1:colcon.colcon_core.environment:checking '/ros2_ws/install/realsense2_description/bin'
[0.793s] Level 1:colcon.colcon_core.environment:checking '/ros2_ws/install/realsense2_description/lib/pkgconfig/realsense2_description.pc'
[0.793s] Level 1:colcon.colcon_core.environment:checking '/ros2_ws/install/realsense2_description/lib/python3.10/site-packages'
[0.793s] Level 1:colcon.colcon_core.environment:checking '/ros2_ws/install/realsense2_description/bin'
[0.793s] INFO:colcon.colcon_core.shell:Creating package script '/ros2_ws/install/realsense2_description/share/realsense2_description/package.ps1'
[0.794s] INFO:colcon.colcon_core.shell:Creating package descriptor '/ros2_ws/install/realsense2_description/share/realsense2_description/package.dsv'
[0.794s] INFO:colcon.colcon_core.shell:Creating package script '/ros2_ws/install/realsense2_description/share/realsense2_description/package.sh'
[0.794s] INFO:colcon.colcon_core.shell:Creating package script '/ros2_ws/install/realsense2_description/share/realsense2_description/package.bash'
[0.794s] INFO:colcon.colcon_core.shell:Creating package script '/ros2_ws/install/realsense2_description/share/realsense2_description/package.zsh'
[0.794s] Level 1:colcon.colcon_core.environment:create_file_with_runtime_dependencies(/ros2_ws/install/realsense2_description/share/colcon-core/packages/realsense2_description)
[0.817s] Level 1:colcon.colcon_core.environment:create_environment_scripts_only(realsense2_description)
[0.817s] Level 1:colcon.colcon_core.environment:checking '/ros2_ws/install/realsense2_description' for CMake module files
[0.817s] Level 1:colcon.colcon_core.environment:checking '/ros2_ws/install/realsense2_description' for CMake config files
[0.817s] Level 1:colcon.colcon_core.shell:create_environment_hook('realsense2_description', 'cmake_prefix_path')
[0.817s] INFO:colcon.colcon_core.shell:Creating environment hook '/ros2_ws/install/realsense2_description/share/realsense2_description/hook/cmake_prefix_path.ps1'
[0.818s] INFO:colcon.colcon_core.shell:Creating environment descriptor '/ros2_ws/install/realsense2_description/share/realsense2_description/hook/cmake_prefix_path.dsv'
[0.818s] INFO:colcon.colcon_core.shell:Creating environment hook '/ros2_ws/install/realsense2_description/share/realsense2_description/hook/cmake_prefix_path.sh'
[0.818s] Level 1:colcon.colcon_core.environment:checking '/ros2_ws/install/realsense2_description/bin'
[0.819s] Level 1:colcon.colcon_core.environment:checking '/ros2_ws/install/realsense2_description/lib/pkgconfig/realsense2_description.pc'
[0.819s] Level 1:colcon.colcon_core.environment:checking '/ros2_ws/install/realsense2_description/lib/python3.10/site-packages'
[0.819s] Level 1:colcon.colcon_core.environment:checking '/ros2_ws/install/realsense2_description/bin'
[0.819s] INFO:colcon.colcon_core.shell:Creating package script '/ros2_ws/install/realsense2_description/share/realsense2_description/package.ps1'
[0.819s] INFO:colcon.colcon_core.shell:Creating package descriptor '/ros2_ws/install/realsense2_description/share/realsense2_description/package.dsv'
[0.820s] INFO:colcon.colcon_core.shell:Creating package script '/ros2_ws/install/realsense2_description/share/realsense2_description/package.sh'
[0.820s] INFO:colcon.colcon_core.shell:Creating package script '/ros2_ws/install/realsense2_description/share/realsense2_description/package.bash'
[0.820s] INFO:colcon.colcon_core.shell:Creating package script '/ros2_ws/install/realsense2_description/share/realsense2_description/package.zsh'
[0.820s] Level 1:colcon.colcon_core.environment:create_file_with_runtime_dependencies(/ros2_ws/install/realsense2_description/share/colcon-core/packages/realsense2_description)
[2.832s] DEBUG:colcon.colcon_core.event_handler.log_command:Invoked command in '/ros2_ws/build/realsense2_camera' returned '0': AMENT_PREFIX_PATH=/ros2_ws/install/realsense2_camera_msgs:${AMENT_PREFIX_PATH} CMAKE_PREFIX_PATH=/ros2_ws/install/realsense2_camera_msgs:/home/realsense/vision-ws/install/realsense2_description:/home/realsense/vision-ws/install/realsense2_camera:/home/realsense/vision-ws/install/realsense2_camera_msgs:/opt/ros/humble LD_LIBRARY_PATH=/ros2_ws/install/realsense2_camera_msgs/lib:${LD_LIBRARY_PATH} PYTHONPATH=/ros2_ws/install/realsense2_camera_msgs/local/lib/python3.10/dist-packages:${PYTHONPATH} /usr/bin/cmake --build /ros2_ws/build/realsense2_camera -- -j16 -l16
[2.833s] DEBUG:colcon.colcon_core.event_handler.log_command:Invoking command in '/ros2_ws/build/realsense2_camera': AMENT_PREFIX_PATH=/ros2_ws/install/realsense2_camera_msgs:${AMENT_PREFIX_PATH} CMAKE_PREFIX_PATH=/ros2_ws/install/realsense2_camera_msgs:/home/realsense/vision-ws/install/realsense2_description:/home/realsense/vision-ws/install/realsense2_camera:/home/realsense/vision-ws/install/realsense2_camera_msgs:/opt/ros/humble LD_LIBRARY_PATH=/ros2_ws/install/realsense2_camera_msgs/lib:${LD_LIBRARY_PATH} PYTHONPATH=/ros2_ws/install/realsense2_camera_msgs/local/lib/python3.10/dist-packages:${PYTHONPATH} /usr/bin/cmake --install /ros2_ws/build/realsense2_camera
[2.844s] Level 1:colcon.colcon_core.environment:create_environment_scripts_only(realsense2_camera)
[2.844s] Level 1:colcon.colcon_core.environment:checking '/ros2_ws/install/realsense2_camera' for CMake module files
[2.844s] DEBUG:colcon.colcon_core.event_handler.log_command:Invoked command in '/ros2_ws/build/realsense2_camera' returned '0': AMENT_PREFIX_PATH=/ros2_ws/install/realsense2_camera_msgs:${AMENT_PREFIX_PATH} CMAKE_PREFIX_PATH=/ros2_ws/install/realsense2_camera_msgs:/home/realsense/vision-ws/install/realsense2_description:/home/realsense/vision-ws/install/realsense2_camera:/home/realsense/vision-ws/install/realsense2_camera_msgs:/opt/ros/humble LD_LIBRARY_PATH=/ros2_ws/install/realsense2_camera_msgs/lib:${LD_LIBRARY_PATH} PYTHONPATH=/ros2_ws/install/realsense2_camera_msgs/local/lib/python3.10/dist-packages:${PYTHONPATH} /usr/bin/cmake --install /ros2_ws/build/realsense2_camera
[2.845s] Level 1:colcon.colcon_core.environment:checking '/ros2_ws/install/realsense2_camera' for CMake config files
[2.845s] Level 1:colcon.colcon_core.shell:create_environment_hook('realsense2_camera', 'cmake_prefix_path')
[2.846s] INFO:colcon.colcon_core.shell:Creating environment hook '/ros2_ws/install/realsense2_camera/share/realsense2_camera/hook/cmake_prefix_path.ps1'
[2.846s] INFO:colcon.colcon_core.shell:Creating environment descriptor '/ros2_ws/install/realsense2_camera/share/realsense2_camera/hook/cmake_prefix_path.dsv'
[2.846s] INFO:colcon.colcon_core.shell:Creating environment hook '/ros2_ws/install/realsense2_camera/share/realsense2_camera/hook/cmake_prefix_path.sh'
[2.846s] Level 1:colcon.colcon_core.environment:checking '/ros2_ws/install/realsense2_camera/lib'
[2.846s] Level 1:colcon.colcon_core.shell:create_environment_hook('realsense2_camera', 'ld_library_path_lib')
[2.847s] INFO:colcon.colcon_core.shell:Creating environment hook '/ros2_ws/install/realsense2_camera/share/realsense2_camera/hook/ld_library_path_lib.ps1'
[2.847s] INFO:colcon.colcon_core.shell:Creating environment descriptor '/ros2_ws/install/realsense2_camera/share/realsense2_camera/hook/ld_library_path_lib.dsv'
[2.847s] INFO:colcon.colcon_core.shell:Creating environment hook '/ros2_ws/install/realsense2_camera/share/realsense2_camera/hook/ld_library_path_lib.sh'
[2.847s] Level 1:colcon.colcon_core.environment:checking '/ros2_ws/install/realsense2_camera/bin'
[2.847s] Level 1:colcon.colcon_core.environment:checking '/ros2_ws/install/realsense2_camera/lib/pkgconfig/realsense2_camera.pc'
[2.847s] Level 1:colcon.colcon_core.environment:checking '/ros2_ws/install/realsense2_camera/lib/python3.10/site-packages'
[2.847s] Level 1:colcon.colcon_core.environment:checking '/ros2_ws/install/realsense2_camera/bin'
[2.848s] INFO:colcon.colcon_core.shell:Creating package script '/ros2_ws/install/realsense2_camera/share/realsense2_camera/package.ps1'
[2.848s] INFO:colcon.colcon_core.shell:Creating package descriptor '/ros2_ws/install/realsense2_camera/share/realsense2_camera/package.dsv'
[2.848s] INFO:colcon.colcon_core.shell:Creating package script '/ros2_ws/install/realsense2_camera/share/realsense2_camera/package.sh'
[2.848s] INFO:colcon.colcon_core.shell:Creating package script '/ros2_ws/install/realsense2_camera/share/realsense2_camera/package.bash'
[2.849s] INFO:colcon.colcon_core.shell:Creating package script '/ros2_ws/install/realsense2_camera/share/realsense2_camera/package.zsh'
[2.849s] Level 1:colcon.colcon_core.environment:create_file_with_runtime_dependencies(/ros2_ws/install/realsense2_camera/share/colcon-core/packages/realsense2_camera)
[2.849s] Level 1:colcon.colcon_core.environment:create_environment_scripts_only(realsense2_camera)
[2.849s] Level 1:colcon.colcon_core.environment:checking '/ros2_ws/install/realsense2_camera' for CMake module files
[2.850s] Level 1:colcon.colcon_core.environment:checking '/ros2_ws/install/realsense2_camera' for CMake config files
[2.850s] Level 1:colcon.colcon_core.shell:create_environment_hook('realsense2_camera', 'cmake_prefix_path')
[2.850s] INFO:colcon.colcon_core.shell:Creating environment hook '/ros2_ws/install/realsense2_camera/share/realsense2_camera/hook/cmake_prefix_path.ps1'
[2.850s] INFO:colcon.colcon_core.shell:Creating environment descriptor '/ros2_ws/install/realsense2_camera/share/realsense2_camera/hook/cmake_prefix_path.dsv'
[2.850s] INFO:colcon.colcon_core.shell:Creating environment hook '/ros2_ws/install/realsense2_camera/share/realsense2_camera/hook/cmake_prefix_path.sh'
[2.851s] Level 1:colcon.colcon_core.environment:checking '/ros2_ws/install/realsense2_camera/lib'
[2.851s] Level 1:colcon.colcon_core.shell:create_environment_hook('realsense2_camera', 'ld_library_path_lib')
[2.852s] INFO:colcon.colcon_core.shell:Creating environment hook '/ros2_ws/install/realsense2_camera/share/realsense2_camera/hook/ld_library_path_lib.ps1'
[2.852s] INFO:colcon.colcon_core.shell:Creating environment descriptor '/ros2_ws/install/realsense2_camera/share/realsense2_camera/hook/ld_library_path_lib.dsv'
[2.852s] INFO:colcon.colcon_core.shell:Creating environment hook '/ros2_ws/install/realsense2_camera/share/realsense2_camera/hook/ld_library_path_lib.sh'
[2.853s] Level 1:colcon.colcon_core.environment:checking '/ros2_ws/install/realsense2_camera/bin'
[2.853s] Level 1:colcon.colcon_core.environment:checking '/ros2_ws/install/realsense2_camera/lib/pkgconfig/realsense2_camera.pc'
[2.853s] Level 1:colcon.colcon_core.environment:checking '/ros2_ws/install/realsense2_camera/lib/python3.10/site-packages'
[2.853s] Level 1:colcon.colcon_core.environment:checking '/ros2_ws/install/realsense2_camera/bin'
[2.853s] INFO:colcon.colcon_core.shell:Creating package script '/ros2_ws/install/realsense2_camera/share/realsense2_camera/package.ps1'
[2.853s] INFO:colcon.colcon_core.shell:Creating package descriptor '/ros2_ws/install/realsense2_camera/share/realsense2_camera/package.dsv'
[2.854s] INFO:colcon.colcon_core.shell:Creating package script '/ros2_ws/install/realsense2_camera/share/realsense2_camera/package.sh'
[2.854s] INFO:colcon.colcon_core.shell:Creating package script '/ros2_ws/install/realsense2_camera/share/realsense2_camera/package.bash'
[2.854s] INFO:colcon.colcon_core.shell:Creating package script '/ros2_ws/install/realsense2_camera/share/realsense2_camera/package.zsh'
[2.854s] Level 1:colcon.colcon_core.environment:create_file_with_runtime_dependencies(/ros2_ws/install/realsense2_camera/share/colcon-core/packages/realsense2_camera)
[2.854s] DEBUG:colcon.colcon_parallel_executor.executor.parallel:closing loop
[2.854s] DEBUG:colcon.colcon_parallel_executor.executor.parallel:loop closed
[2.855s] DEBUG:colcon.colcon_parallel_executor.executor.parallel:run_until_complete finished with '0'
[2.855s] DEBUG:colcon.colcon_core.event_reactor:joining thread
[2.859s] INFO:colcon.colcon_core.plugin_system:Skipping extension 'colcon_notification.desktop_notification.notify_send': Could not find 'notify-send'
[2.859s] INFO:colcon.colcon_core.plugin_system:Skipping extension 'colcon_notification.desktop_notification.terminal_notifier': Not used on non-Darwin systems
[2.859s] INFO:colcon.colcon_core.plugin_system:Skipping extension 'colcon_notification.desktop_notification.win32': Not used on non-Windows systems
[2.859s] INFO:colcon.colcon_notification.desktop_notification:Sending desktop notification using 'notify2'
[2.859s] DEBUG:colcon.colcon_notification.desktop_notification.notify2:Failed to initialize notify2: org.freedesktop.DBus.Error.NotSupported: Unable to autolaunch a dbus-daemon without a $DISPLAY for X11
[2.859s] DEBUG:colcon.colcon_core.event_reactor:joined thread
[2.859s] INFO:colcon.colcon_core.shell:Creating prefix script '/ros2_ws/install/local_setup.ps1'
[2.860s] INFO:colcon.colcon_core.shell:Creating prefix util module '/ros2_ws/install/_local_setup_util_ps1.py'
[2.861s] INFO:colcon.colcon_core.shell:Creating prefix chain script '/ros2_ws/install/setup.ps1'
[2.862s] INFO:colcon.colcon_core.shell:Creating prefix script '/ros2_ws/install/local_setup.sh'
[2.862s] INFO:colcon.colcon_core.shell:Creating prefix util module '/ros2_ws/install/_local_setup_util_sh.py'
[2.862s] INFO:colcon.colcon_core.shell:Creating prefix chain script '/ros2_ws/install/setup.sh'
[2.864s] INFO:colcon.colcon_core.shell:Creating prefix script '/ros2_ws/install/local_setup.bash'
[2.864s] INFO:colcon.colcon_core.shell:Creating prefix chain script '/ros2_ws/install/setup.bash'
[2.865s] INFO:colcon.colcon_core.shell:Creating prefix script '/ros2_ws/install/local_setup.zsh'
[2.865s] INFO:colcon.colcon_core.shell:Creating prefix chain script '/ros2_ws/install/setup.zsh'
