-- The C compiler identification is GNU 11.4.0
-- The CXX compiler identification is GNU 11.4.0
-- Detecting C compiler ABI info
-- Detecting C compiler ABI info - done
-- Check for working C compiler: /usr/bin/cc - skipped
-- Detecting C compile features
-- Detecting C compile features - done
-- Detecting CXX compiler ABI info
-- Detecting CXX compiler ABI info - done
-- Check for working CXX compiler: /usr/bin/c++ - skipped
-- Detecting CXX compile features
-- Detecting CXX compile features - done
-- Found ament_cmake: 1.3.12 (/opt/ros/humble/share/ament_cmake/cmake)
-- Found Python3: /usr/bin/python3 (found version "3.10.12") found components: Interpreter 
-- Found rclcpp: 16.0.14 (/opt/ros/humble/share/rclcpp/cmake)
-- Found rosidl_generator_c: 3.1.7 (/opt/ros/humble/share/rosidl_generator_c/cmake)
-- Found rosidl_adapter: 3.1.7 (/opt/ros/humble/share/rosidl_adapter/cmake)
-- Found rosidl_generator_cpp: 3.1.7 (/opt/ros/humble/share/rosidl_generator_cpp/cmake)
-- Using all available rosidl_typesupport_c: rosidl_typesupport_fastrtps_c;rosidl_typesupport_introspection_c
-- Using all available rosidl_typesupport_cpp: rosidl_typesupport_fastrtps_cpp;rosidl_typesupport_introspection_cpp
-- Found rmw_implementation_cmake: 6.1.2 (/opt/ros/humble/share/rmw_implementation_cmake/cmake)
-- Found rmw_cyclonedds_cpp: 1.3.4 (/opt/ros/humble/share/rmw_cyclonedds_cpp/cmake)
-- Using RMW implementation 'rmw_cyclonedds_cpp' as default
-- Looking for pthread.h
-- Looking for pthread.h - found
-- Performing Test CMAKE_HAVE_LIBC_PTHREAD
-- Performing Test CMAKE_HAVE_LIBC_PTHREAD - Success
-- Found Threads: TRUE  
-- Found nav_msgs: 4.9.0 (/opt/ros/humble/share/nav_msgs/cmake)
-- Found rospi_pre: 0.0.0 (/ros2_ws/install/rospi_pre/share/rospi_pre/cmake)
-- Found ament_lint_auto: 0.12.14 (/opt/ros/humble/share/ament_lint_auto/cmake)
-- Added test 'cppcheck' to perform static code analysis on C / C++ code
-- Configured cppcheck include dirs: 
-- Configured cppcheck exclude dirs and/or files: 
-- Added test 'lint_cmake' to check CMake code style
-- Added test 'uncrustify' to check C / C++ code style
-- Configured uncrustify additional arguments: 
-- Added test 'xmllint' to check XML markup files
-- Configuring done
-- Generating done
-- Build files have been written to: /ros2_ws/build/navigation
[ 50%] [32mBuilding CXX object CMakeFiles/check_point_4.dir/src/check_point_4.cpp.o[0m
[ 50%] [32mBuilding CXX object CMakeFiles/chassis_controller.dir/src/chassis_controller.cpp.o[0m
[ 75%] [32m[1mLinking CXX executable check_point_4[0m
[ 75%] Built target check_point_4
[100%] [32m[1mLinking CXX executable chassis_controller[0m
[100%] Built target chassis_controller
-- Install configuration: ""
-- Installing: /ros2_ws/install/navigation/lib/navigation/check_point_4
-- Set runtime path of "/ros2_ws/install/navigation/lib/navigation/check_point_4" to ""
-- Installing: /ros2_ws/install/navigation/lib/navigation/chassis_controller
-- Set runtime path of "/ros2_ws/install/navigation/lib/navigation/chassis_controller" to ""
-- Installing: /ros2_ws/install/navigation/share/ament_index/resource_index/package_run_dependencies/navigation
-- Installing: /ros2_ws/install/navigation/share/ament_index/resource_index/parent_prefix_path/navigation
-- Installing: /ros2_ws/install/navigation/share/navigation/environment/ament_prefix_path.sh
-- Installing: /ros2_ws/install/navigation/share/navigation/environment/ament_prefix_path.dsv
-- Installing: /ros2_ws/install/navigation/share/navigation/environment/path.sh
-- Installing: /ros2_ws/install/navigation/share/navigation/environment/path.dsv
-- Installing: /ros2_ws/install/navigation/share/navigation/local_setup.bash
-- Installing: /ros2_ws/install/navigation/share/navigation/local_setup.sh
-- Installing: /ros2_ws/install/navigation/share/navigation/local_setup.zsh
-- Installing: /ros2_ws/install/navigation/share/navigation/local_setup.dsv
-- Installing: /ros2_ws/install/navigation/share/navigation/package.dsv
-- Installing: /ros2_ws/install/navigation/share/ament_index/resource_index/packages/navigation
-- Installing: /ros2_ws/install/navigation/share/navigation/cmake/navigationConfig.cmake
-- Installing: /ros2_ws/install/navigation/share/navigation/cmake/navigationConfig-version.cmake
-- Installing: /ros2_ws/install/navigation/share/navigation/package.xml
