[0.010s] Invoking command in '/ros2_ws/build/realsense2_description': CMAKE_PREFIX_PATH=/ros2_ws/install/realsense2_camera_msgs:/ros2_ws/install/navigation:/ros2_ws/install/rospi_pre:/ros2_ws/install/realsense2_description:/opt/ros/humble LD_LIBRARY_PATH=/ros2_ws/install/realsense2_camera_msgs/lib:/ros2_ws/install/rospi_pre/lib:/opt/ros/humble/opt/rviz_ogre_vendor/lib:/opt/ros/humble/lib/x86_64-linux-gnu:/opt/ros/humble/lib /usr/bin/cmake /ros2_ws/src/realsense-pkg/realsense2_description -DCMAKE_INSTALL_PREFIX=/ros2_ws/install/realsense2_description
[0.057s] -- The C compiler identification is GNU 11.4.0
[0.103s] -- The CXX compiler identification is GNU 11.4.0
[0.110s] -- Detecting C compiler ABI info
[0.168s] -- Detecting C compiler ABI info - done
[0.173s] -- Check for working C compiler: /usr/bin/cc - skipped
[0.173s] -- Detecting C compile features
[0.173s] -- Detecting C compile features - done
[0.176s] -- Detecting CXX compiler ABI info
[0.244s] -- Detecting CXX compiler ABI info - done
[0.249s] -- Check for working CXX compiler: /usr/bin/c++ - skipped
[0.249s] -- Detecting CXX compile features
[0.250s] -- Detecting CXX compile features - done
[0.252s] -- Found ament_cmake: 1.3.11 (/opt/ros/humble/share/ament_cmake/cmake)
[0.380s] -- Found Python3: /usr/bin/python3 (found version "3.10.12") found components: Interpreter 
[0.546s] -- Configuring done
[0.548s] -- Generating done
[0.550s] -- Build files have been written to: /ros2_ws/build/realsense2_description
[0.554s] Invoked command in '/ros2_ws/build/realsense2_description' returned '0': CMAKE_PREFIX_PATH=/ros2_ws/install/realsense2_camera_msgs:/ros2_ws/install/navigation:/ros2_ws/install/rospi_pre:/ros2_ws/install/realsense2_description:/opt/ros/humble LD_LIBRARY_PATH=/ros2_ws/install/realsense2_camera_msgs/lib:/ros2_ws/install/rospi_pre/lib:/opt/ros/humble/opt/rviz_ogre_vendor/lib:/opt/ros/humble/lib/x86_64-linux-gnu:/opt/ros/humble/lib /usr/bin/cmake /ros2_ws/src/realsense-pkg/realsense2_description -DCMAKE_INSTALL_PREFIX=/ros2_ws/install/realsense2_description
[0.556s] Invoking command in '/ros2_ws/build/realsense2_description': CMAKE_PREFIX_PATH=/ros2_ws/install/realsense2_camera_msgs:/ros2_ws/install/navigation:/ros2_ws/install/rospi_pre:/ros2_ws/install/realsense2_description:/opt/ros/humble LD_LIBRARY_PATH=/ros2_ws/install/realsense2_camera_msgs/lib:/ros2_ws/install/rospi_pre/lib:/opt/ros/humble/opt/rviz_ogre_vendor/lib:/opt/ros/humble/lib/x86_64-linux-gnu:/opt/ros/humble/lib /usr/bin/cmake --build /ros2_ws/build/realsense2_description -- -j12 -l12
[0.594s] Invoked command in '/ros2_ws/build/realsense2_description' returned '0': CMAKE_PREFIX_PATH=/ros2_ws/install/realsense2_camera_msgs:/ros2_ws/install/navigation:/ros2_ws/install/rospi_pre:/ros2_ws/install/realsense2_description:/opt/ros/humble LD_LIBRARY_PATH=/ros2_ws/install/realsense2_camera_msgs/lib:/ros2_ws/install/rospi_pre/lib:/opt/ros/humble/opt/rviz_ogre_vendor/lib:/opt/ros/humble/lib/x86_64-linux-gnu:/opt/ros/humble/lib /usr/bin/cmake --build /ros2_ws/build/realsense2_description -- -j12 -l12
[0.596s] Invoking command in '/ros2_ws/build/realsense2_description': CMAKE_PREFIX_PATH=/ros2_ws/install/realsense2_camera_msgs:/ros2_ws/install/navigation:/ros2_ws/install/rospi_pre:/ros2_ws/install/realsense2_description:/opt/ros/humble LD_LIBRARY_PATH=/ros2_ws/install/realsense2_camera_msgs/lib:/ros2_ws/install/rospi_pre/lib:/opt/ros/humble/opt/rviz_ogre_vendor/lib:/opt/ros/humble/lib/x86_64-linux-gnu:/opt/ros/humble/lib /usr/bin/cmake --install /ros2_ws/build/realsense2_description
[0.602s] -- Install configuration: ""
[0.603s] -- Installing: /ros2_ws/install/realsense2_description/share/realsense2_description/launch
[0.603s] -- Installing: /ros2_ws/install/realsense2_description/share/realsense2_description/launch/launch_utils.py
[0.603s] -- Installing: /ros2_ws/install/realsense2_description/share/realsense2_description/launch/view_model.launch.py
[0.603s] -- Installing: /ros2_ws/install/realsense2_description/share/realsense2_description/meshes
[0.603s] -- Installing: /ros2_ws/install/realsense2_description/share/realsense2_description/meshes/d415.stl
[0.623s] -- Installing: /ros2_ws/install/realsense2_description/share/realsense2_description/meshes/d455.stl
[0.626s] -- Installing: /ros2_ws/install/realsense2_description/share/realsense2_description/meshes/plug.stl
[0.626s] -- Installing: /ros2_ws/install/realsense2_description/share/realsense2_description/meshes/d405.stl
[0.626s] -- Installing: /ros2_ws/install/realsense2_description/share/realsense2_description/meshes/plug_collision.stl
[0.626s] -- Installing: /ros2_ws/install/realsense2_description/share/realsense2_description/meshes/l515.dae
[0.654s] -- Installing: /ros2_ws/install/realsense2_description/share/realsense2_description/meshes/d435.dae
[0.668s] -- Installing: /ros2_ws/install/realsense2_description/share/realsense2_description/rviz
[0.668s] -- Installing: /ros2_ws/install/realsense2_description/share/realsense2_description/rviz/urdf.rviz
[0.669s] -- Installing: /ros2_ws/install/realsense2_description/share/realsense2_description/urdf
[0.669s] -- Installing: /ros2_ws/install/realsense2_description/share/realsense2_description/urdf/_r410.urdf.xacro
[0.669s] -- Installing: /ros2_ws/install/realsense2_description/share/realsense2_description/urdf/test_d455_camera.urdf.xacro
[0.669s] -- Installing: /ros2_ws/install/realsense2_description/share/realsense2_description/urdf/_d405.urdf.xacro
[0.669s] -- Installing: /ros2_ws/install/realsense2_description/share/realsense2_description/urdf/_d435.urdf.xacro
[0.669s] -- Installing: /ros2_ws/install/realsense2_description/share/realsense2_description/urdf/test_d435_multiple_cameras.urdf.xacro
[0.669s] -- Installing: /ros2_ws/install/realsense2_description/share/realsense2_description/urdf/_d455.urdf.xacro
[0.669s] -- Installing: /ros2_ws/install/realsense2_description/share/realsense2_description/urdf/test_d415_camera.urdf.xacro
[0.669s] -- Installing: /ros2_ws/install/realsense2_description/share/realsense2_description/urdf/_d415.urdf.xacro
[0.669s] -- Installing: /ros2_ws/install/realsense2_description/share/realsense2_description/urdf/test_d435_camera.urdf.xacro
[0.669s] -- Installing: /ros2_ws/install/realsense2_description/share/realsense2_description/urdf/test_r410_camera.urdf.xacro
[0.670s] -- Installing: /ros2_ws/install/realsense2_description/share/realsense2_description/urdf/_usb_plug.urdf.xacro
[0.670s] -- Installing: /ros2_ws/install/realsense2_description/share/realsense2_description/urdf/_materials.urdf.xacro
[0.670s] -- Installing: /ros2_ws/install/realsense2_description/share/realsense2_description/urdf/_d435i_imu_modules.urdf.xacro
[0.670s] -- Installing: /ros2_ws/install/realsense2_description/share/realsense2_description/urdf/test_d435i_camera.urdf.xacro
[0.670s] -- Installing: /ros2_ws/install/realsense2_description/share/realsense2_description/urdf/_r430.urdf.xacro
[0.670s] -- Installing: /ros2_ws/install/realsense2_description/share/realsense2_description/urdf/test_r430_camera.urdf.xacro
[0.670s] -- Installing: /ros2_ws/install/realsense2_description/share/realsense2_description/urdf/_d435i.urdf.xacro
[0.670s] -- Installing: /ros2_ws/install/realsense2_description/share/realsense2_description/urdf/test_d405_camera.urdf.xacro
[0.670s] -- Installing: /ros2_ws/install/realsense2_description/share/ament_index/resource_index/package_run_dependencies/realsense2_description
[0.670s] -- Installing: /ros2_ws/install/realsense2_description/share/ament_index/resource_index/parent_prefix_path/realsense2_description
[0.671s] -- Installing: /ros2_ws/install/realsense2_description/share/realsense2_description/environment/ament_prefix_path.sh
[0.671s] -- Installing: /ros2_ws/install/realsense2_description/share/realsense2_description/environment/ament_prefix_path.dsv
[0.671s] -- Installing: /ros2_ws/install/realsense2_description/share/realsense2_description/environment/path.sh
[0.671s] -- Installing: /ros2_ws/install/realsense2_description/share/realsense2_description/environment/path.dsv
[0.671s] -- Installing: /ros2_ws/install/realsense2_description/share/realsense2_description/local_setup.bash
[0.671s] -- Installing: /ros2_ws/install/realsense2_description/share/realsense2_description/local_setup.sh
[0.671s] -- Installing: /ros2_ws/install/realsense2_description/share/realsense2_description/local_setup.zsh
[0.672s] -- Installing: /ros2_ws/install/realsense2_description/share/realsense2_description/local_setup.dsv
[0.672s] -- Installing: /ros2_ws/install/realsense2_description/share/realsense2_description/package.dsv
[0.672s] -- Installing: /ros2_ws/install/realsense2_description/share/ament_index/resource_index/packages/realsense2_description
[0.672s] -- Installing: /ros2_ws/install/realsense2_description/share/realsense2_description/cmake/realsense2_descriptionConfig.cmake
[0.672s] -- Installing: /ros2_ws/install/realsense2_description/share/realsense2_description/cmake/realsense2_descriptionConfig-version.cmake
[0.672s] -- Installing: /ros2_ws/install/realsense2_description/share/realsense2_description/package.xml
[0.675s] Invoked command in '/ros2_ws/build/realsense2_description' returned '0': CMAKE_PREFIX_PATH=/ros2_ws/install/realsense2_camera_msgs:/ros2_ws/install/navigation:/ros2_ws/install/rospi_pre:/ros2_ws/install/realsense2_description:/opt/ros/humble LD_LIBRARY_PATH=/ros2_ws/install/realsense2_camera_msgs/lib:/ros2_ws/install/rospi_pre/lib:/opt/ros/humble/opt/rviz_ogre_vendor/lib:/opt/ros/humble/lib/x86_64-linux-gnu:/opt/ros/humble/lib /usr/bin/cmake --install /ros2_ws/build/realsense2_description
