[0.023s] Invoking command in '/ros2_ws/build/realsense2_camera_msgs': CMAKE_PREFIX_PATH=${CMAKE_PREFIX_PATH}:/opt/ros/humble /usr/bin/cmake --build /ros2_ws/build/realsense2_camera_msgs -- -j12 -l12
[0.077s] [  1%] Built target realsense2_camera_msgs__cpp
[0.082s] [ 12%] Built target realsense2_camera_msgs__rosidl_generator_c
[0.090s] [ 12%] Built target ament_cmake_python_copy_realsense2_camera_msgs
[0.119s] [ 23%] Built target realsense2_camera_msgs__rosidl_typesupport_cpp
[0.120s] [ 34%] Built target realsense2_camera_msgs__rosidl_typesupport_introspection_cpp
[0.125s] [ 57%] Built target realsense2_camera_msgs__rosidl_typesupport_fastrtps_cpp
[0.126s] [ 57%] Built target realsense2_camera_msgs__rosidl_typesupport_c
[0.128s] [ 68%] Built target realsense2_camera_msgs__rosidl_typesupport_introspection_c
[0.129s] [ 79%] Built target realsense2_camera_msgs__rosidl_typesupport_fastrtps_c
[0.150s] [ 79%] Built target realsense2_camera_msgs
[0.171s] [ 80%] Built target realsense2_camera_msgs__py
[0.194s] [ 90%] Built target realsense2_camera_msgs__rosidl_generator_py
[0.219s] [ 93%] Built target realsense2_camera_msgs__rosidl_typesupport_fastrtps_c__pyext
[0.220s] [100%] Built target realsense2_camera_msgs__rosidl_typesupport_c__pyext
[0.220s] [100%] Built target realsense2_camera_msgs__rosidl_typesupport_introspection_c__pyext
[0.296s] running egg_info
[0.297s] writing realsense2_camera_msgs.egg-info/PKG-INFO
[0.297s] writing dependency_links to realsense2_camera_msgs.egg-info/dependency_links.txt
[0.297s] writing top-level names to realsense2_camera_msgs.egg-info/top_level.txt
[0.299s] reading manifest file 'realsense2_camera_msgs.egg-info/SOURCES.txt'
[0.300s] writing manifest file 'realsense2_camera_msgs.egg-info/SOURCES.txt'
[0.326s] [100%] Built target ament_cmake_python_build_realsense2_camera_msgs_egg
