[0.014s] Invoking command in '/ros2_ws/build/realsense2_camera': CMAKE_PREFIX_PATH=/ros2_ws/install/realsense2_camera_msgs:/ros2_ws/install/navigation:/ros2_ws/install/rospi_pre:/ros2_ws/install/realsense2_description:/ros2_ws/install/realsense2_camera:/ros2_ws/install/camera:/opt/ros/humble LD_LIBRARY_PATH=/ros2_ws/install/realsense2_camera_msgs/lib:/ros2_ws/install/rospi_pre/lib:/ros2_ws/install/realsense2_camera/lib:/opt/ros/humble/lib/x86_64-linux-gnu:/opt/ros/humble/lib /usr/bin/cmake --build /ros2_ws/build/realsense2_camera -- -j12 -l12
[0.042s] -- Create Release Build.
[0.042s] -- Found ament_cmake: 1.3.12 (/opt/ros/humble/share/ament_cmake/cmake)
[0.147s] -- Found builtin_interfaces: 1.2.2 (/opt/ros/humble/share/builtin_interfaces/cmake)
[0.164s] -- Found rosidl_generator_c: 3.1.7 (/opt/ros/humble/share/rosidl_generator_c/cmake)
[0.166s] -- Found rosidl_adapter: 3.1.7 (/opt/ros/humble/share/rosidl_adapter/cmake)
[0.171s] -- Found rosidl_generator_cpp: 3.1.7 (/opt/ros/humble/share/rosidl_generator_cpp/cmake)
[0.179s] -- Using all available rosidl_typesupport_c: rosidl_typesupport_fastrtps_c;rosidl_typesupport_introspection_c
[0.189s] -- Using all available rosidl_typesupport_cpp: rosidl_typesupport_fastrtps_cpp;rosidl_typesupport_introspection_cpp
[0.198s] -- Found cv_bridge: 3.2.1 (/opt/ros/humble/share/cv_bridge/cmake)
[0.240s] -- Found image_transport: 3.1.12 (/opt/ros/humble/share/image_transport/cmake)
[0.264s] -- Found rmw_implementation_cmake: 6.1.2 (/opt/ros/humble/share/rmw_implementation_cmake/cmake)
[0.265s] -- Found rmw_cyclonedds_cpp: 1.3.4 (/opt/ros/humble/share/rmw_cyclonedds_cpp/cmake)
[0.280s] -- Using RMW implementation 'rmw_cyclonedds_cpp' as default
[0.323s] -- Found rclcpp_components: 16.0.14 (/opt/ros/humble/share/rclcpp_components/cmake)
[0.335s] -- Found realsense2_camera_msgs: 4.55.1 (/ros2_ws/install/realsense2_camera_msgs/share/realsense2_camera_msgs/cmake)
[0.348s] -- Found nav_msgs: 4.9.0 (/opt/ros/humble/share/nav_msgs/cmake)
[0.361s] -- Found tf2_ros: 0.25.16 (/opt/ros/humble/share/tf2_ros/cmake)
[0.406s] -- Found diagnostic_updater: 4.0.6 (/opt/ros/humble/share/diagnostic_updater/cmake)
[0.424s] -- Build for ROS2 Humble
[0.429s] -- Found ament_cmake_gtest: 1.3.12 (/opt/ros/humble/share/ament_cmake_gtest/cmake)
[0.429s] -- Found gtest sources under '/opt/ros/humble/src/gtest_vendor': C++ tests using 'Google Test' will be built
[0.433s] -- Found ament_cmake_pytest: 1.3.12 (/opt/ros/humble/share/ament_cmake_pytest/cmake)
[2.844s] -- rs_device_info:
[2.844s] -- No device detected. Is it plugged in?
[2.844s] 
[2.901s] -- Configuring done
[2.928s] -- Generating done
[2.936s] -- Build files have been written to: /ros2_ws/build/realsense2_camera
[2.961s] [35m[1mConsolidate compiler generated dependencies of target gtest_main[0m
[2.961s] [35m[1mConsolidate compiler generated dependencies of target gtest[0m
[2.961s] [35m[1mConsolidate compiler generated dependencies of target realsense2_camera_node[0m
[2.968s] [35m[1mConsolidate compiler generated dependencies of target realsense2_camera[0m
[2.974s] [ 18%] Built target gtest_main
[2.974s] [ 18%] Built target gtest
[2.980s] [ 27%] Built target realsense2_camera_node
[2.985s] [35m[1mConsolidate compiler generated dependencies of target gtest_template[0m
[3.000s] [ 36%] Built target gtest_template
[3.022s] [100%] Built target realsense2_camera
[3.034s] Invoked command in '/ros2_ws/build/realsense2_camera' returned '0': CMAKE_PREFIX_PATH=/ros2_ws/install/realsense2_camera_msgs:/ros2_ws/install/navigation:/ros2_ws/install/rospi_pre:/ros2_ws/install/realsense2_description:/ros2_ws/install/realsense2_camera:/ros2_ws/install/camera:/opt/ros/humble LD_LIBRARY_PATH=/ros2_ws/install/realsense2_camera_msgs/lib:/ros2_ws/install/rospi_pre/lib:/ros2_ws/install/realsense2_camera/lib:/opt/ros/humble/lib/x86_64-linux-gnu:/opt/ros/humble/lib /usr/bin/cmake --build /ros2_ws/build/realsense2_camera -- -j12 -l12
[3.036s] Invoking command in '/ros2_ws/build/realsense2_camera': CMAKE_PREFIX_PATH=/ros2_ws/install/realsense2_camera_msgs:/ros2_ws/install/navigation:/ros2_ws/install/rospi_pre:/ros2_ws/install/realsense2_description:/ros2_ws/install/realsense2_camera:/ros2_ws/install/camera:/opt/ros/humble LD_LIBRARY_PATH=/ros2_ws/install/realsense2_camera_msgs/lib:/ros2_ws/install/rospi_pre/lib:/ros2_ws/install/realsense2_camera/lib:/opt/ros/humble/lib/x86_64-linux-gnu:/opt/ros/humble/lib /usr/bin/cmake --install /ros2_ws/build/realsense2_camera
[3.043s] -- Install configuration: "Release"
[3.043s] -- Up-to-date: /ros2_ws/install/realsense2_camera/lib/realsense2_camera/realsense2_camera_node
[3.044s] -- Up-to-date: /ros2_ws/install/realsense2_camera/lib/librealsense2_camera.so
[3.044s] -- Up-to-date: /ros2_ws/install/realsense2_camera/include
[3.044s] -- Up-to-date: /ros2_ws/install/realsense2_camera/include/named_filter.h
[3.044s] -- Up-to-date: /ros2_ws/install/realsense2_camera/include/ros_param_backend.h
[3.044s] -- Up-to-date: /ros2_ws/install/realsense2_camera/include/ros_sensor.h
[3.044s] -- Up-to-date: /ros2_ws/install/realsense2_camera/include/realsense_node_factory.h
[3.044s] -- Up-to-date: /ros2_ws/install/realsense2_camera/include/image_publisher.h
[3.044s] -- Up-to-date: /ros2_ws/install/realsense2_camera/include/constants.h
[3.044s] -- Up-to-date: /ros2_ws/install/realsense2_camera/include/sensor_params.h
[3.044s] -- Up-to-date: /ros2_ws/install/realsense2_camera/include/ros_utils.h
[3.044s] -- Up-to-date: /ros2_ws/install/realsense2_camera/include/gl_window.h
[3.044s] -- Up-to-date: /ros2_ws/install/realsense2_camera/include/dynamic_params.h
[3.045s] -- Up-to-date: /ros2_ws/install/realsense2_camera/include/base_realsense_node.h
[3.045s] -- Up-to-date: /ros2_ws/install/realsense2_camera/include/profile_manager.h
[3.045s] -- Up-to-date: /ros2_ws/install/realsense2_camera/share/realsense2_camera/launch
[3.045s] -- Up-to-date: /ros2_ws/install/realsense2_camera/share/realsense2_camera/launch/rs_launch.py
[3.045s] -- Up-to-date: /ros2_ws/install/realsense2_camera/share/realsense2_camera/launch/rs_intra_process_demo_launch.py
[3.045s] -- Up-to-date: /ros2_ws/install/realsense2_camera/share/realsense2_camera/launch/rs_multi_camera_launch.py
[3.045s] -- Up-to-date: /ros2_ws/install/realsense2_camera/share/realsense2_camera/launch/visual_presets
[3.045s] -- Up-to-date: /ros2_ws/install/realsense2_camera/share/realsense2_camera/launch/visual_presets/DefaultPreset_D455.json
[3.045s] -- Up-to-date: /ros2_ws/install/realsense2_camera/share/realsense2_camera/launch/visual_presets/DefaultPreset_D435.json
[3.045s] -- Up-to-date: /ros2_ws/install/realsense2_camera/share/realsense2_camera/launch/visual_presets/HandGesturePreset.json
[3.045s] -- Up-to-date: /ros2_ws/install/realsense2_camera/share/realsense2_camera/launch/visual_presets/ShortRangePreset.json
[3.045s] -- Up-to-date: /ros2_ws/install/realsense2_camera/share/realsense2_camera/launch/visual_presets/HighAccuracyPreset.json
[3.045s] -- Up-to-date: /ros2_ws/install/realsense2_camera/share/realsense2_camera/launch/visual_presets/HighDensityPreset.json
[3.045s] -- Up-to-date: /ros2_ws/install/realsense2_camera/share/realsense2_camera/launch/visual_presets/EdgeMapD435.json
[3.045s] -- Up-to-date: /ros2_ws/install/realsense2_camera/share/realsense2_camera/launch/visual_presets/BodyScanPreset.json
[3.045s] -- Up-to-date: /ros2_ws/install/realsense2_camera/share/realsense2_camera/launch/visual_presets/D415_RemoveIR.json
[3.045s] -- Up-to-date: /ros2_ws/install/realsense2_camera/share/realsense2_camera/launch/visual_presets/MedDensityPreset.json
[3.045s] -- Up-to-date: /ros2_ws/install/realsense2_camera/share/realsense2_camera/launch/visual_presets/DefaultPreset_D415.json
[3.045s] -- Up-to-date: /ros2_ws/install/realsense2_camera/share/realsense2_camera/launch/default.rviz
[3.045s] -- Up-to-date: /ros2_ws/install/realsense2_camera/share/realsense2_camera/examples
[3.046s] -- Up-to-date: /ros2_ws/install/realsense2_camera/share/realsense2_camera/examples/align_depth
[3.046s] -- Up-to-date: /ros2_ws/install/realsense2_camera/share/realsense2_camera/examples/align_depth/rs_align_depth_launch.py
[3.046s] -- Up-to-date: /ros2_ws/install/realsense2_camera/share/realsense2_camera/examples/align_depth/README.md
[3.046s] -- Up-to-date: /ros2_ws/install/realsense2_camera/share/realsense2_camera/examples/pointcloud
[3.046s] -- Up-to-date: /ros2_ws/install/realsense2_camera/share/realsense2_camera/examples/pointcloud/rs_d455_pointcloud_launch.py
[3.046s] -- Up-to-date: /ros2_ws/install/realsense2_camera/share/realsense2_camera/examples/pointcloud/rs_pointcloud_launch.py
[3.046s] -- Up-to-date: /ros2_ws/install/realsense2_camera/share/realsense2_camera/examples/pointcloud/README.md
[3.046s] -- Up-to-date: /ros2_ws/install/realsense2_camera/share/realsense2_camera/examples/pointcloud/rs_d405_pointcloud_launch.py
[3.046s] -- Up-to-date: /ros2_ws/install/realsense2_camera/share/realsense2_camera/examples/pointcloud/rviz
[3.046s] -- Up-to-date: /ros2_ws/install/realsense2_camera/share/realsense2_camera/examples/pointcloud/rviz/pointcloud.rviz
[3.046s] -- Up-to-date: /ros2_ws/install/realsense2_camera/share/realsense2_camera/examples/pointcloud/rviz/urdf_pointcloud.rviz
[3.046s] -- Up-to-date: /ros2_ws/install/realsense2_camera/share/realsense2_camera/examples/launch_from_rosbag
[3.046s] -- Up-to-date: /ros2_ws/install/realsense2_camera/share/realsense2_camera/examples/launch_from_rosbag/rs_launch_from_rosbag.py
[3.046s] -- Up-to-date: /ros2_ws/install/realsense2_camera/share/realsense2_camera/examples/launch_from_rosbag/README.md
[3.046s] -- Up-to-date: /ros2_ws/install/realsense2_camera/share/realsense2_camera/examples/dual_camera
[3.046s] -- Up-to-date: /ros2_ws/install/realsense2_camera/share/realsense2_camera/examples/dual_camera/README.md
[3.046s] -- Up-to-date: /ros2_ws/install/realsense2_camera/share/realsense2_camera/examples/dual_camera/rs_dual_camera_launch.py
[3.046s] -- Up-to-date: /ros2_ws/install/realsense2_camera/share/realsense2_camera/examples/dual_camera/rviz
[3.046s] -- Up-to-date: /ros2_ws/install/realsense2_camera/share/realsense2_camera/examples/dual_camera/rviz/dual_camera_pointcloud.rviz
[3.046s] -- Up-to-date: /ros2_ws/install/realsense2_camera/share/realsense2_camera/examples/launch_params_from_file
[3.046s] -- Up-to-date: /ros2_ws/install/realsense2_camera/share/realsense2_camera/examples/launch_params_from_file/config
[3.046s] -- Up-to-date: /ros2_ws/install/realsense2_camera/share/realsense2_camera/examples/launch_params_from_file/config/config.yaml
[3.047s] -- Up-to-date: /ros2_ws/install/realsense2_camera/share/realsense2_camera/examples/launch_params_from_file/README.md
[3.047s] -- Up-to-date: /ros2_ws/install/realsense2_camera/share/realsense2_camera/examples/launch_params_from_file/rs_launch_get_params_from_yaml.py
[3.047s] -- Up-to-date: /ros2_ws/install/realsense2_camera/share/realsense2_camera/environment/library_path.sh
[3.047s] -- Installing: /ros2_ws/install/realsense2_camera/share/realsense2_camera/environment/library_path.dsv
[3.047s] -- Up-to-date: /ros2_ws/install/realsense2_camera/share/ament_index/resource_index/package_run_dependencies/realsense2_camera
[3.047s] -- Installing: /ros2_ws/install/realsense2_camera/share/ament_index/resource_index/parent_prefix_path/realsense2_camera
[3.047s] -- Up-to-date: /ros2_ws/install/realsense2_camera/share/realsense2_camera/environment/ament_prefix_path.sh
[3.047s] -- Installing: /ros2_ws/install/realsense2_camera/share/realsense2_camera/environment/ament_prefix_path.dsv
[3.047s] -- Up-to-date: /ros2_ws/install/realsense2_camera/share/realsense2_camera/environment/path.sh
[3.047s] -- Installing: /ros2_ws/install/realsense2_camera/share/realsense2_camera/environment/path.dsv
[3.047s] -- Up-to-date: /ros2_ws/install/realsense2_camera/share/realsense2_camera/local_setup.bash
[3.047s] -- Up-to-date: /ros2_ws/install/realsense2_camera/share/realsense2_camera/local_setup.sh
[3.047s] -- Up-to-date: /ros2_ws/install/realsense2_camera/share/realsense2_camera/local_setup.zsh
[3.047s] -- Installing: /ros2_ws/install/realsense2_camera/share/realsense2_camera/local_setup.dsv
[3.047s] -- Installing: /ros2_ws/install/realsense2_camera/share/realsense2_camera/package.dsv
[3.047s] -- Up-to-date: /ros2_ws/install/realsense2_camera/share/ament_index/resource_index/packages/realsense2_camera
[3.047s] -- Up-to-date: /ros2_ws/install/realsense2_camera/share/ament_index/resource_index/rclcpp_components/realsense2_camera
[3.047s] -- Up-to-date: /ros2_ws/install/realsense2_camera/share/realsense2_camera/cmake/ament_cmake_export_include_directories-extras.cmake
[3.047s] -- Up-to-date: /ros2_ws/install/realsense2_camera/share/realsense2_camera/cmake/ament_cmake_export_libraries-extras.cmake
[3.047s] -- Up-to-date: /ros2_ws/install/realsense2_camera/share/realsense2_camera/cmake/ament_cmake_export_dependencies-extras.cmake
[3.047s] -- Up-to-date: /ros2_ws/install/realsense2_camera/share/realsense2_camera/cmake/realsense2_cameraConfig.cmake
[3.047s] -- Up-to-date: /ros2_ws/install/realsense2_camera/share/realsense2_camera/cmake/realsense2_cameraConfig-version.cmake
[3.047s] -- Up-to-date: /ros2_ws/install/realsense2_camera/share/realsense2_camera/package.xml
[3.049s] Invoked command in '/ros2_ws/build/realsense2_camera' returned '0': CMAKE_PREFIX_PATH=/ros2_ws/install/realsense2_camera_msgs:/ros2_ws/install/navigation:/ros2_ws/install/rospi_pre:/ros2_ws/install/realsense2_description:/ros2_ws/install/realsense2_camera:/ros2_ws/install/camera:/opt/ros/humble LD_LIBRARY_PATH=/ros2_ws/install/realsense2_camera_msgs/lib:/ros2_ws/install/rospi_pre/lib:/ros2_ws/install/realsense2_camera/lib:/opt/ros/humble/lib/x86_64-linux-gnu:/opt/ros/humble/lib /usr/bin/cmake --install /ros2_ws/build/realsense2_camera
