[0.014s] Invoking command in '/ros2_ws/build/realsense2_camera_msgs': CMAKE_PREFIX_PATH=/opt/ros/humble /usr/bin/cmake --build /ros2_ws/build/realsense2_camera_msgs -- -j12 -l12
[0.064s] [  1%] Built target realsense2_camera_msgs__cpp
[0.070s] [ 12%] Built target realsense2_camera_msgs__rosidl_generator_c
[0.074s] [ 12%] Built target ament_cmake_python_copy_realsense2_camera_msgs
[0.105s] [ 23%] Built target realsense2_camera_msgs__rosidl_typesupport_fastrtps_cpp
[0.106s] [ 46%] Built target realsense2_camera_msgs__rosidl_typesupport_introspection_cpp
[0.106s] [ 46%] Built target realsense2_camera_msgs__rosidl_typesupport_introspection_c
[0.107s] [ 57%] Built target realsense2_camera_msgs__rosidl_typesupport_cpp
[0.108s] [ 68%] Built target realsense2_camera_msgs__rosidl_typesupport_c
[0.113s] [ 79%] Built target realsense2_camera_msgs__rosidl_typesupport_fastrtps_c
[0.135s] [ 79%] Built target realsense2_camera_msgs
[0.157s] [ 80%] Built target realsense2_camera_msgs__py
[0.180s] [ 90%] Built target realsense2_camera_msgs__rosidl_generator_py
[0.206s] [ 93%] Built target realsense2_camera_msgs__rosidl_typesupport_fastrtps_c__pyext
[0.206s] [ 96%] Built target realsense2_camera_msgs__rosidl_typesupport_introspection_c__pyext
[0.207s] [100%] Built target realsense2_camera_msgs__rosidl_typesupport_c__pyext
[0.284s] running egg_info
[0.284s] writing realsense2_camera_msgs.egg-info/PKG-INFO
[0.284s] writing dependency_links to realsense2_camera_msgs.egg-info/dependency_links.txt
[0.284s] writing top-level names to realsense2_camera_msgs.egg-info/top_level.txt
[0.286s] reading manifest file 'realsense2_camera_msgs.egg-info/SOURCES.txt'
[0.287s] writing manifest file 'realsense2_camera_msgs.egg-info/SOURCES.txt'
[0.317s] [100%] Built target ament_cmake_python_build_realsense2_camera_msgs_egg
