[35m[1mConsolidate compiler generated dependencies of target coffee1[0m
[35m[1mConsolidate compiler generated dependencies of target coffee2[0m
[35m[1mConsolidate compiler generated dependencies of target imread[0m
[35m[1mConsolidate compiler generated dependencies of target TFsetup[0m
[35m[1mConsolidate compiler generated dependencies of target orange[0m
[35m[1mConsolidate compiler generated dependencies of target transform[0m
[35m[1mConsolidate compiler generated dependencies of target arm[0m
[ 14%] Built target coffee1
[ 28%] Built target coffee2
[ 42%] Built target TFsetup
[ 57%] Built target transform
[ 71%] Built target orange
[ 85%] [32mBuilding CXX object CMakeFiles/imread.dir/src/imread.cpp.o[0m
[ 92%] Built target arm
[100%] [32m[1mLinking CXX executable imread[0m
[100%] Built target imread
-- Install configuration: ""
-- Installing: /ros2_ws/install/camera/lib/camera/imread
-- Set runtime path of "/ros2_ws/install/camera/lib/camera/imread" to ""
-- Up-to-date: /ros2_ws/install/camera/lib/camera/coffee1
-- Up-to-date: /ros2_ws/install/camera/lib/camera/coffee2
-- Up-to-date: /ros2_ws/install/camera/lib/camera/orange
-- Up-to-date: /ros2_ws/install/camera/lib/camera/TFsetup
-- Up-to-date: /ros2_ws/install/camera/lib/camera/transform
-- Up-to-date: /ros2_ws/install/camera/lib/camera/arm
-- Up-to-date: /ros2_ws/install/camera/share/camera/launch
-- Up-to-date: /ros2_ws/install/camera/share/camera/launch/launch.xml
-- Up-to-date: /ros2_ws/install/camera/share/ament_index/resource_index/package_run_dependencies/camera
-- Up-to-date: /ros2_ws/install/camera/share/ament_index/resource_index/parent_prefix_path/camera
-- Up-to-date: /ros2_ws/install/camera/share/camera/environment/ament_prefix_path.sh
-- Up-to-date: /ros2_ws/install/camera/share/camera/environment/ament_prefix_path.dsv
-- Up-to-date: /ros2_ws/install/camera/share/camera/environment/path.sh
-- Up-to-date: /ros2_ws/install/camera/share/camera/environment/path.dsv
-- Up-to-date: /ros2_ws/install/camera/share/camera/local_setup.bash
-- Up-to-date: /ros2_ws/install/camera/share/camera/local_setup.sh
-- Up-to-date: /ros2_ws/install/camera/share/camera/local_setup.zsh
-- Up-to-date: /ros2_ws/install/camera/share/camera/local_setup.dsv
-- Installing: /ros2_ws/install/camera/share/camera/package.dsv
-- Up-to-date: /ros2_ws/install/camera/share/ament_index/resource_index/packages/camera
-- Up-to-date: /ros2_ws/install/camera/share/camera/cmake/cameraConfig.cmake
-- Up-to-date: /ros2_ws/install/camera/share/camera/cmake/cameraConfig-version.cmake
-- Up-to-date: /ros2_ws/install/camera/share/camera/package.xml
