[0.013s] Invoking command in '/ros2_ws/build/navigation': CMAKE_PREFIX_PATH=/opt/ros/humble:${CMAKE_PREFIX_PATH} /usr/bin/cmake --build /ros2_ws/build/navigation -- -j12 -l12
[0.049s] [35m[1mConsolidate compiler generated dependencies of target chassis_controller[0m
[0.061s] [ 50%] Built target check_point_4
[0.066s] [ 75%] [32mBuilding CXX object CMakeFiles/chassis_controller.dir/src/chassis_controller.cpp.o[0m
[6.926s] [100%] [32m[1mLinking CXX executable chassis_controller[0m
[7.265s] [100%] Built target chassis_controller
[7.276s] Invoked command in '/ros2_ws/build/navigation' returned '0': CMAKE_PREFIX_PATH=/opt/ros/humble:${CMAKE_PREFIX_PATH} /usr/bin/cmake --build /ros2_ws/build/navigation -- -j12 -l12
[7.285s] Invoking command in '/ros2_ws/build/navigation': CMAKE_PREFIX_PATH=/opt/ros/humble:${CMAKE_PREFIX_PATH} /usr/bin/cmake --install /ros2_ws/build/navigation
[7.291s] -- Install configuration: ""
[7.291s] -- Up-to-date: /ros2_ws/install/navigation/lib/navigation/check_point_4
[7.291s] -- Installing: /ros2_ws/install/navigation/lib/navigation/chassis_controller
[7.297s] -- Set runtime path of "/ros2_ws/install/navigation/lib/navigation/chassis_controller" to ""
[7.297s] -- Up-to-date: /ros2_ws/install/navigation/share/ament_index/resource_index/package_run_dependencies/navigation
[7.297s] -- Up-to-date: /ros2_ws/install/navigation/share/ament_index/resource_index/parent_prefix_path/navigation
[7.297s] -- Up-to-date: /ros2_ws/install/navigation/share/navigation/environment/ament_prefix_path.sh
[7.297s] -- Up-to-date: /ros2_ws/install/navigation/share/navigation/environment/ament_prefix_path.dsv
[7.297s] -- Up-to-date: /ros2_ws/install/navigation/share/navigation/environment/path.sh
[7.297s] -- Up-to-date: /ros2_ws/install/navigation/share/navigation/environment/path.dsv
[7.297s] -- Up-to-date: /ros2_ws/install/navigation/share/navigation/local_setup.bash
[7.297s] -- Up-to-date: /ros2_ws/install/navigation/share/navigation/local_setup.sh
[7.297s] -- Up-to-date: /ros2_ws/install/navigation/share/navigation/local_setup.zsh
[7.297s] -- Up-to-date: /ros2_ws/install/navigation/share/navigation/local_setup.dsv
[7.297s] -- Installing: /ros2_ws/install/navigation/share/navigation/package.dsv
[7.297s] -- Up-to-date: /ros2_ws/install/navigation/share/ament_index/resource_index/packages/navigation
[7.297s] -- Up-to-date: /ros2_ws/install/navigation/share/navigation/cmake/navigationConfig.cmake
[7.297s] -- Up-to-date: /ros2_ws/install/navigation/share/navigation/cmake/navigationConfig-version.cmake
[7.297s] -- Up-to-date: /ros2_ws/install/navigation/share/navigation/package.xml
[7.299s] Invoked command in '/ros2_ws/build/navigation' returned '0': CMAKE_PREFIX_PATH=/opt/ros/humble:${CMAKE_PREFIX_PATH} /usr/bin/cmake --install /ros2_ws/build/navigation
