[  9%] Built target rospi_pre__rosidl_generator_c
[ 12%] Built target rospi_pre__cpp
[ 12%] Built target ament_cmake_python_copy_rospi_pre
[ 22%] Built target rospi_pre__rosidl_typesupport_fastrtps_c
[ 32%] Built target rospi_pre__rosidl_typesupport_introspection_c
[ 41%] Built target rospi_pre__rosidl_typesupport_c
[ 51%] Built target rospi_pre__rosidl_typesupport_introspection_cpp
[ 61%] Built target rospi_pre__rosidl_typesupport_fastrtps_cpp
[ 70%] Built target rospi_pre__rosidl_typesupport_cpp
[ 70%] Built target rospi_pre
[ 74%] Built target rospi_pre__py
[ 80%] Built target rospi_pre__rosidl_generator_py
[ 93%] Built target rospi_pre__rosidl_typesupport_introspection_c__pyext
[ 93%] Built target rospi_pre__rosidl_typesupport_fastrtps_c__pyext
[100%] Built target rospi_pre__rosidl_typesupport_c__pyext
running egg_info
writing rospi_pre.egg-info/PKG-INFO
writing dependency_links to rospi_pre.egg-info/dependency_links.txt
writing top-level names to rospi_pre.egg-info/top_level.txt
reading manifest file 'rospi_pre.egg-info/SOURCES.txt'
writing manifest file 'rospi_pre.egg-info/SOURCES.txt'
[100%] Built target ament_cmake_python_build_rospi_pre_egg
-- Install configuration: ""
-- Up-to-date: /ros2_ws/install/rospi_pre/share/ament_index/resource_index/rosidl_interfaces/rospi_pre
-- Up-to-date: /ros2_ws/install/rospi_pre/include/rospi_pre/rospi_pre
-- Up-to-date: /ros2_ws/install/rospi_pre/include/rospi_pre/rospi_pre/msg
-- Up-to-date: /ros2_ws/install/rospi_pre/include/rospi_pre/rospi_pre/msg/rosidl_generator_c__visibility_control.h
-- Up-to-date: /ros2_ws/install/rospi_pre/include/rospi_pre/rospi_pre/srv
-- Up-to-date: /ros2_ws/install/rospi_pre/include/rospi_pre/rospi_pre/srv/detail
-- Up-to-date: /ros2_ws/install/rospi_pre/include/rospi_pre/rospi_pre/srv/detail/chassis_manager__struct.h
-- Up-to-date: /ros2_ws/install/rospi_pre/include/rospi_pre/rospi_pre/srv/detail/chassis_manager__type_support.h
-- Up-to-date: /ros2_ws/install/rospi_pre/include/rospi_pre/rospi_pre/srv/detail/chassis_manager__functions.h
-- Up-to-date: /ros2_ws/install/rospi_pre/include/rospi_pre/rospi_pre/srv/detail/chassis_manager__functions.c
-- Up-to-date: /ros2_ws/install/rospi_pre/include/rospi_pre/rospi_pre/srv/chassis_manager.h
-- Up-to-date: /ros2_ws/install/rospi_pre/share/rospi_pre/environment/library_path.sh
-- Up-to-date: /ros2_ws/install/rospi_pre/share/rospi_pre/environment/library_path.dsv
-- Up-to-date: /ros2_ws/install/rospi_pre/lib/librospi_pre__rosidl_generator_c.so
-- Up-to-date: /ros2_ws/install/rospi_pre/include/rospi_pre/rospi_pre
-- Up-to-date: /ros2_ws/install/rospi_pre/include/rospi_pre/rospi_pre/msg
-- Up-to-date: /ros2_ws/install/rospi_pre/include/rospi_pre/rospi_pre/msg/rosidl_typesupport_fastrtps_c__visibility_control.h
-- Up-to-date: /ros2_ws/install/rospi_pre/include/rospi_pre/rospi_pre/srv
-- Up-to-date: /ros2_ws/install/rospi_pre/include/rospi_pre/rospi_pre/srv/detail
-- Up-to-date: /ros2_ws/install/rospi_pre/include/rospi_pre/rospi_pre/srv/detail/chassis_manager__rosidl_typesupport_fastrtps_c.h
-- Up-to-date: /ros2_ws/install/rospi_pre/lib/librospi_pre__rosidl_typesupport_fastrtps_c.so
-- Up-to-date: /ros2_ws/install/rospi_pre/include/rospi_pre/rospi_pre
-- Up-to-date: /ros2_ws/install/rospi_pre/include/rospi_pre/rospi_pre/msg
-- Up-to-date: /ros2_ws/install/rospi_pre/include/rospi_pre/rospi_pre/msg/rosidl_generator_cpp__visibility_control.hpp
-- Up-to-date: /ros2_ws/install/rospi_pre/include/rospi_pre/rospi_pre/srv
-- Up-to-date: /ros2_ws/install/rospi_pre/include/rospi_pre/rospi_pre/srv/detail
-- Up-to-date: /ros2_ws/install/rospi_pre/include/rospi_pre/rospi_pre/srv/detail/chassis_manager__type_support.hpp
-- Up-to-date: /ros2_ws/install/rospi_pre/include/rospi_pre/rospi_pre/srv/detail/chassis_manager__traits.hpp
-- Up-to-date: /ros2_ws/install/rospi_pre/include/rospi_pre/rospi_pre/srv/detail/chassis_manager__struct.hpp
-- Up-to-date: /ros2_ws/install/rospi_pre/include/rospi_pre/rospi_pre/srv/detail/chassis_manager__builder.hpp
-- Up-to-date: /ros2_ws/install/rospi_pre/include/rospi_pre/rospi_pre/srv/chassis_manager.hpp
-- Up-to-date: /ros2_ws/install/rospi_pre/include/rospi_pre/rospi_pre
-- Up-to-date: /ros2_ws/install/rospi_pre/include/rospi_pre/rospi_pre/msg
-- Up-to-date: /ros2_ws/install/rospi_pre/include/rospi_pre/rospi_pre/msg/rosidl_typesupport_fastrtps_cpp__visibility_control.h
-- Up-to-date: /ros2_ws/install/rospi_pre/include/rospi_pre/rospi_pre/srv
-- Up-to-date: /ros2_ws/install/rospi_pre/include/rospi_pre/rospi_pre/srv/detail
-- Up-to-date: /ros2_ws/install/rospi_pre/include/rospi_pre/rospi_pre/srv/detail/dds_fastrtps
-- Up-to-date: /ros2_ws/install/rospi_pre/include/rospi_pre/rospi_pre/srv/detail/chassis_manager__rosidl_typesupport_fastrtps_cpp.hpp
-- Up-to-date: /ros2_ws/install/rospi_pre/lib/librospi_pre__rosidl_typesupport_fastrtps_cpp.so
-- Up-to-date: /ros2_ws/install/rospi_pre/include/rospi_pre/rospi_pre
-- Up-to-date: /ros2_ws/install/rospi_pre/include/rospi_pre/rospi_pre/msg
-- Up-to-date: /ros2_ws/install/rospi_pre/include/rospi_pre/rospi_pre/msg/rosidl_typesupport_introspection_c__visibility_control.h
-- Up-to-date: /ros2_ws/install/rospi_pre/include/rospi_pre/rospi_pre/srv
-- Up-to-date: /ros2_ws/install/rospi_pre/include/rospi_pre/rospi_pre/srv/detail
-- Up-to-date: /ros2_ws/install/rospi_pre/include/rospi_pre/rospi_pre/srv/detail/chassis_manager__rosidl_typesupport_introspection_c.h
-- Up-to-date: /ros2_ws/install/rospi_pre/include/rospi_pre/rospi_pre/srv/detail/chassis_manager__type_support.c
-- Up-to-date: /ros2_ws/install/rospi_pre/lib/librospi_pre__rosidl_typesupport_introspection_c.so
-- Up-to-date: /ros2_ws/install/rospi_pre/lib/librospi_pre__rosidl_typesupport_c.so
-- Up-to-date: /ros2_ws/install/rospi_pre/include/rospi_pre/rospi_pre
-- Up-to-date: /ros2_ws/install/rospi_pre/include/rospi_pre/rospi_pre/srv
-- Up-to-date: /ros2_ws/install/rospi_pre/include/rospi_pre/rospi_pre/srv/detail
-- Up-to-date: /ros2_ws/install/rospi_pre/include/rospi_pre/rospi_pre/srv/detail/chassis_manager__type_support.cpp
-- Up-to-date: /ros2_ws/install/rospi_pre/include/rospi_pre/rospi_pre/srv/detail/chassis_manager__rosidl_typesupport_introspection_cpp.hpp
-- Up-to-date: /ros2_ws/install/rospi_pre/lib/librospi_pre__rosidl_typesupport_introspection_cpp.so
-- Up-to-date: /ros2_ws/install/rospi_pre/lib/librospi_pre__rosidl_typesupport_cpp.so
-- Up-to-date: /ros2_ws/install/rospi_pre/share/rospi_pre/environment/pythonpath.sh
-- Up-to-date: /ros2_ws/install/rospi_pre/share/rospi_pre/environment/pythonpath.dsv
-- Up-to-date: /ros2_ws/install/rospi_pre/local/lib/python3.10/dist-packages/rospi_pre-0.0.0-py3.10.egg-info
-- Installing: /ros2_ws/install/rospi_pre/local/lib/python3.10/dist-packages/rospi_pre-0.0.0-py3.10.egg-info/PKG-INFO
-- Installing: /ros2_ws/install/rospi_pre/local/lib/python3.10/dist-packages/rospi_pre-0.0.0-py3.10.egg-info/SOURCES.txt
-- Installing: /ros2_ws/install/rospi_pre/local/lib/python3.10/dist-packages/rospi_pre-0.0.0-py3.10.egg-info/top_level.txt
-- Installing: /ros2_ws/install/rospi_pre/local/lib/python3.10/dist-packages/rospi_pre-0.0.0-py3.10.egg-info/dependency_links.txt
-- Up-to-date: /ros2_ws/install/rospi_pre/local/lib/python3.10/dist-packages/rospi_pre
-- Up-to-date: /ros2_ws/install/rospi_pre/local/lib/python3.10/dist-packages/rospi_pre/_rospi_pre_s.ep.rosidl_typesupport_introspection_c.c
-- Up-to-date: /ros2_ws/install/rospi_pre/local/lib/python3.10/dist-packages/rospi_pre/__init__.py
-- Up-to-date: /ros2_ws/install/rospi_pre/local/lib/python3.10/dist-packages/rospi_pre/rospi_pre_s__rosidl_typesupport_c.cpython-310-x86_64-linux-gnu.so
-- Up-to-date: /ros2_ws/install/rospi_pre/local/lib/python3.10/dist-packages/rospi_pre/rospi_pre_s__rosidl_typesupport_introspection_c.cpython-310-x86_64-linux-gnu.so
-- Up-to-date: /ros2_ws/install/rospi_pre/local/lib/python3.10/dist-packages/rospi_pre/_rospi_pre_s.ep.rosidl_typesupport_c.c
-- Up-to-date: /ros2_ws/install/rospi_pre/local/lib/python3.10/dist-packages/rospi_pre/_rospi_pre_s.ep.rosidl_typesupport_fastrtps_c.c
-- Up-to-date: /ros2_ws/install/rospi_pre/local/lib/python3.10/dist-packages/rospi_pre/rospi_pre_s__rosidl_typesupport_fastrtps_c.cpython-310-x86_64-linux-gnu.so
-- Up-to-date: /ros2_ws/install/rospi_pre/local/lib/python3.10/dist-packages/rospi_pre/librospi_pre__rosidl_generator_py.so
-- Up-to-date: /ros2_ws/install/rospi_pre/local/lib/python3.10/dist-packages/rospi_pre/srv
-- Up-to-date: /ros2_ws/install/rospi_pre/local/lib/python3.10/dist-packages/rospi_pre/srv/__init__.py
-- Up-to-date: /ros2_ws/install/rospi_pre/local/lib/python3.10/dist-packages/rospi_pre/srv/_chassis_manager.py
-- Up-to-date: /ros2_ws/install/rospi_pre/local/lib/python3.10/dist-packages/rospi_pre/srv/_chassis_manager_s.c
Listing '/ros2_ws/install/rospi_pre/local/lib/python3.10/dist-packages/rospi_pre'...
Listing '/ros2_ws/install/rospi_pre/local/lib/python3.10/dist-packages/rospi_pre/srv'...
-- Up-to-date: /ros2_ws/install/rospi_pre/local/lib/python3.10/dist-packages/rospi_pre/rospi_pre_s__rosidl_typesupport_fastrtps_c.cpython-310-x86_64-linux-gnu.so
-- Up-to-date: /ros2_ws/install/rospi_pre/local/lib/python3.10/dist-packages/rospi_pre/rospi_pre_s__rosidl_typesupport_introspection_c.cpython-310-x86_64-linux-gnu.so
-- Up-to-date: /ros2_ws/install/rospi_pre/local/lib/python3.10/dist-packages/rospi_pre/rospi_pre_s__rosidl_typesupport_c.cpython-310-x86_64-linux-gnu.so
-- Up-to-date: /ros2_ws/install/rospi_pre/lib/librospi_pre__rosidl_generator_py.so
-- Up-to-date: /ros2_ws/install/rospi_pre/share/rospi_pre/srv/ChassisManager.idl
-- Up-to-date: /ros2_ws/install/rospi_pre/share/rospi_pre/srv/ChassisManager.srv
-- Up-to-date: /ros2_ws/install/rospi_pre/share/rospi_pre/srv/ChassisManager_Request.msg
-- Up-to-date: /ros2_ws/install/rospi_pre/share/rospi_pre/srv/ChassisManager_Response.msg
-- Up-to-date: /ros2_ws/install/rospi_pre/share/ament_index/resource_index/package_run_dependencies/rospi_pre
-- Up-to-date: /ros2_ws/install/rospi_pre/share/ament_index/resource_index/parent_prefix_path/rospi_pre
-- Up-to-date: /ros2_ws/install/rospi_pre/share/rospi_pre/environment/ament_prefix_path.sh
-- Up-to-date: /ros2_ws/install/rospi_pre/share/rospi_pre/environment/ament_prefix_path.dsv
-- Up-to-date: /ros2_ws/install/rospi_pre/share/rospi_pre/environment/path.sh
-- Up-to-date: /ros2_ws/install/rospi_pre/share/rospi_pre/environment/path.dsv
-- Up-to-date: /ros2_ws/install/rospi_pre/share/rospi_pre/local_setup.bash
-- Up-to-date: /ros2_ws/install/rospi_pre/share/rospi_pre/local_setup.sh
-- Up-to-date: /ros2_ws/install/rospi_pre/share/rospi_pre/local_setup.zsh
-- Up-to-date: /ros2_ws/install/rospi_pre/share/rospi_pre/local_setup.dsv
-- Installing: /ros2_ws/install/rospi_pre/share/rospi_pre/package.dsv
-- Up-to-date: /ros2_ws/install/rospi_pre/share/ament_index/resource_index/packages/rospi_pre
-- Up-to-date: /ros2_ws/install/rospi_pre/share/rospi_pre/cmake/export_rospi_pre__rosidl_generator_cExport.cmake
-- Up-to-date: /ros2_ws/install/rospi_pre/share/rospi_pre/cmake/export_rospi_pre__rosidl_generator_cExport-noconfig.cmake
-- Up-to-date: /ros2_ws/install/rospi_pre/share/rospi_pre/cmake/export_rospi_pre__rosidl_typesupport_fastrtps_cExport.cmake
-- Up-to-date: /ros2_ws/install/rospi_pre/share/rospi_pre/cmake/export_rospi_pre__rosidl_typesupport_fastrtps_cExport-noconfig.cmake
-- Up-to-date: /ros2_ws/install/rospi_pre/share/rospi_pre/cmake/export_rospi_pre__rosidl_generator_cppExport.cmake
-- Up-to-date: /ros2_ws/install/rospi_pre/share/rospi_pre/cmake/export_rospi_pre__rosidl_typesupport_fastrtps_cppExport.cmake
-- Up-to-date: /ros2_ws/install/rospi_pre/share/rospi_pre/cmake/export_rospi_pre__rosidl_typesupport_fastrtps_cppExport-noconfig.cmake
-- Up-to-date: /ros2_ws/install/rospi_pre/share/rospi_pre/cmake/rospi_pre__rosidl_typesupport_introspection_cExport.cmake
-- Up-to-date: /ros2_ws/install/rospi_pre/share/rospi_pre/cmake/rospi_pre__rosidl_typesupport_introspection_cExport-noconfig.cmake
-- Up-to-date: /ros2_ws/install/rospi_pre/share/rospi_pre/cmake/rospi_pre__rosidl_typesupport_cExport.cmake
-- Up-to-date: /ros2_ws/install/rospi_pre/share/rospi_pre/cmake/rospi_pre__rosidl_typesupport_cExport-noconfig.cmake
-- Up-to-date: /ros2_ws/install/rospi_pre/share/rospi_pre/cmake/rospi_pre__rosidl_typesupport_introspection_cppExport.cmake
-- Up-to-date: /ros2_ws/install/rospi_pre/share/rospi_pre/cmake/rospi_pre__rosidl_typesupport_introspection_cppExport-noconfig.cmake
-- Up-to-date: /ros2_ws/install/rospi_pre/share/rospi_pre/cmake/rospi_pre__rosidl_typesupport_cppExport.cmake
-- Up-to-date: /ros2_ws/install/rospi_pre/share/rospi_pre/cmake/rospi_pre__rosidl_typesupport_cppExport-noconfig.cmake
-- Up-to-date: /ros2_ws/install/rospi_pre/share/rospi_pre/cmake/export_rospi_pre__rosidl_generator_pyExport.cmake
-- Up-to-date: /ros2_ws/install/rospi_pre/share/rospi_pre/cmake/export_rospi_pre__rosidl_generator_pyExport-noconfig.cmake
-- Up-to-date: /ros2_ws/install/rospi_pre/share/rospi_pre/cmake/rosidl_cmake-extras.cmake
-- Up-to-date: /ros2_ws/install/rospi_pre/share/rospi_pre/cmake/ament_cmake_export_dependencies-extras.cmake
-- Up-to-date: /ros2_ws/install/rospi_pre/share/rospi_pre/cmake/ament_cmake_export_include_directories-extras.cmake
-- Up-to-date: /ros2_ws/install/rospi_pre/share/rospi_pre/cmake/ament_cmake_export_libraries-extras.cmake
-- Up-to-date: /ros2_ws/install/rospi_pre/share/rospi_pre/cmake/ament_cmake_export_targets-extras.cmake
-- Up-to-date: /ros2_ws/install/rospi_pre/share/rospi_pre/cmake/rosidl_cmake_export_typesupport_targets-extras.cmake
-- Up-to-date: /ros2_ws/install/rospi_pre/share/rospi_pre/cmake/rosidl_cmake_export_typesupport_libraries-extras.cmake
-- Up-to-date: /ros2_ws/install/rospi_pre/share/rospi_pre/cmake/rospi_preConfig.cmake
-- Up-to-date: /ros2_ws/install/rospi_pre/share/rospi_pre/cmake/rospi_preConfig-version.cmake
-- Up-to-date: /ros2_ws/install/rospi_pre/share/rospi_pre/package.xml
