[35m[1mConsolidate compiler generated dependencies of target imread[0m
[ 92%] Built target TFsetup
[ 92%] Built target coffee1
[ 92%] Built target arm
[ 92%] [32mBuilding CXX object CMakeFiles/imread.dir/src/imread.cpp.o[0m
[ 92%] Built target orange
[ 92%] Built target coffee2
[ 92%] Built target transform
[ 92%] [32m[1mLinking CXX executable imread[0m
[ 92%] Built target imread
-- Install configuration: ""
-- Installing: /ros2_ws/install/camera/lib/camera/imread
-- Set runtime path of "/ros2_ws/install/camera/lib/camera/imread" to ""
-- Up-to-date: /ros2_ws/install/camera/lib/camera/coffee1
-- Up-to-date: /ros2_ws/install/camera/lib/camera/coffee2
-- Up-to-date: /ros2_ws/install/camera/lib/camera/orange
-- Installing: /ros2_ws/install/camera/lib/camera/TFsetup
-- Set runtime path of "/ros2_ws/install/camera/lib/camera/TFsetup" to ""
-- Installing: /ros2_ws/install/camera/lib/camera/transform
-- Set runtime path of "/ros2_ws/install/camera/lib/camera/transform" to ""
-- Up-to-date: /ros2_ws/install/camera/lib/camera/arm
-- Up-to-date: /ros2_ws/install/camera/share/camera/launch
-- Up-to-date: /ros2_ws/install/camera/share/camera/launch/launch.xml
-- Up-to-date: /ros2_ws/install/camera/share/ament_index/resource_index/package_run_dependencies/camera
-- Up-to-date: /ros2_ws/install/camera/share/ament_index/resource_index/parent_prefix_path/camera
-- Up-to-date: /ros2_ws/install/camera/share/camera/environment/ament_prefix_path.sh
-- Up-to-date: /ros2_ws/install/camera/share/camera/environment/ament_prefix_path.dsv
-- Up-to-date: /ros2_ws/install/camera/share/camera/environment/path.sh
-- Up-to-date: /ros2_ws/install/camera/share/camera/environment/path.dsv
-- Up-to-date: /ros2_ws/install/camera/share/camera/local_setup.bash
-- Up-to-date: /ros2_ws/install/camera/share/camera/local_setup.sh
-- Up-to-date: /ros2_ws/install/camera/share/camera/local_setup.zsh
-- Up-to-date: /ros2_ws/install/camera/share/camera/local_setup.dsv
-- Installing: /ros2_ws/install/camera/share/camera/package.dsv
-- Up-to-date: /ros2_ws/install/camera/share/ament_index/resource_index/packages/camera
-- Up-to-date: /ros2_ws/install/camera/share/camera/cmake/cameraConfig.cmake
-- Up-to-date: /ros2_ws/install/camera/share/camera/cmake/cameraConfig-version.cmake
-- Up-to-date: /ros2_ws/install/camera/share/camera/package.xml
