[0.011s] Invoking command in '/ros2_ws/build/camera': CMAKE_PREFIX_PATH=${CMAKE_PREFIX_PATH}:/opt/ros/humble /usr/bin/cmake --build /ros2_ws/build/camera -- -j12 -l12
[0.065s] [35m[1mConsolidate compiler generated dependencies of target imread[0m
[0.088s] [ 92%] Built target TFsetup
[0.099s] [ 92%] Built target coffee1
[0.100s] [ 92%] Built target arm
[0.101s] [ 92%] [32mBuilding CXX object CMakeFiles/imread.dir/src/imread.cpp.o[0m
[0.105s] [ 92%] Built target orange
[0.107s] [ 92%] Built target coffee2
[0.108s] [ 92%] Built target transform
[9.253s] [ 92%] [32m[1mLinking CXX executable imread[0m
[9.827s] [ 92%] Built target imread
[9.839s] Invoked command in '/ros2_ws/build/camera' returned '0': CMAKE_PREFIX_PATH=${CMAKE_PREFIX_PATH}:/opt/ros/humble /usr/bin/cmake --build /ros2_ws/build/camera -- -j12 -l12
[9.841s] Invoking command in '/ros2_ws/build/camera': CMAKE_PREFIX_PATH=${CMAKE_PREFIX_PATH}:/opt/ros/humble /usr/bin/cmake --install /ros2_ws/build/camera
[9.848s] -- Install configuration: ""
[9.848s] -- Installing: /ros2_ws/install/camera/lib/camera/imread
[9.855s] -- Set runtime path of "/ros2_ws/install/camera/lib/camera/imread" to ""
[9.855s] -- Up-to-date: /ros2_ws/install/camera/lib/camera/coffee1
[9.856s] -- Up-to-date: /ros2_ws/install/camera/lib/camera/coffee2
[9.856s] -- Up-to-date: /ros2_ws/install/camera/lib/camera/orange
[9.856s] -- Installing: /ros2_ws/install/camera/lib/camera/TFsetup
[9.865s] -- Set runtime path of "/ros2_ws/install/camera/lib/camera/TFsetup" to ""
[9.865s] -- Installing: /ros2_ws/install/camera/lib/camera/transform
[9.870s] -- Set runtime path of "/ros2_ws/install/camera/lib/camera/transform" to ""
[9.870s] -- Up-to-date: /ros2_ws/install/camera/lib/camera/arm
[9.870s] -- Up-to-date: /ros2_ws/install/camera/share/camera/launch
[9.870s] -- Up-to-date: /ros2_ws/install/camera/share/camera/launch/launch.xml
[9.870s] -- Up-to-date: /ros2_ws/install/camera/share/ament_index/resource_index/package_run_dependencies/camera
[9.871s] -- Up-to-date: /ros2_ws/install/camera/share/ament_index/resource_index/parent_prefix_path/camera
[9.871s] -- Up-to-date: /ros2_ws/install/camera/share/camera/environment/ament_prefix_path.sh
[9.871s] -- Up-to-date: /ros2_ws/install/camera/share/camera/environment/ament_prefix_path.dsv
[9.871s] -- Up-to-date: /ros2_ws/install/camera/share/camera/environment/path.sh
[9.871s] -- Up-to-date: /ros2_ws/install/camera/share/camera/environment/path.dsv
[9.871s] -- Up-to-date: /ros2_ws/install/camera/share/camera/local_setup.bash
[9.871s] -- Up-to-date: /ros2_ws/install/camera/share/camera/local_setup.sh
[9.871s] -- Up-to-date: /ros2_ws/install/camera/share/camera/local_setup.zsh
[9.871s] -- Up-to-date: /ros2_ws/install/camera/share/camera/local_setup.dsv
[9.871s] -- Installing: /ros2_ws/install/camera/share/camera/package.dsv
[9.871s] -- Up-to-date: /ros2_ws/install/camera/share/ament_index/resource_index/packages/camera
[9.871s] -- Up-to-date: /ros2_ws/install/camera/share/camera/cmake/cameraConfig.cmake
[9.871s] -- Up-to-date: /ros2_ws/install/camera/share/camera/cmake/cameraConfig-version.cmake
[9.871s] -- Up-to-date: /ros2_ws/install/camera/share/camera/package.xml
[9.873s] Invoked command in '/ros2_ws/build/camera' returned '0': CMAKE_PREFIX_PATH=${CMAKE_PREFIX_PATH}:/opt/ros/humble /usr/bin/cmake --install /ros2_ws/build/camera
