[0.007s] Invoking command in '/ros2_ws/build/realsense2_camera': AMENT_PREFIX_PATH=/ros2_ws/install/realsense2_camera_msgs:${AMENT_PREFIX_PATH} CMAKE_PREFIX_PATH=/ros2_ws/install/realsense2_camera_msgs:/home/realsense/vision-ws/install/realsense2_description:/home/realsense/vision-ws/install/realsense2_camera:/home/realsense/vision-ws/install/realsense2_camera_msgs:/opt/ros/humble LD_LIBRARY_PATH=/ros2_ws/install/realsense2_camera_msgs/lib:${LD_LIBRARY_PATH} PYTHONPATH=/ros2_ws/install/realsense2_camera_msgs/local/lib/python3.10/dist-packages:${PYTHONPATH} /usr/bin/cmake --build /ros2_ws/build/realsense2_camera -- -j16 -l16
[0.030s] -- Create Release Build.
[0.030s] -- Found ament_cmake: 1.3.11 (/opt/ros/humble/share/ament_cmake/cmake)
[0.118s] -- Found builtin_interfaces: 1.2.1 (/opt/ros/humble/share/builtin_interfaces/cmake)
[0.134s] -- Found rosidl_generator_c: 3.1.6 (/opt/ros/humble/share/rosidl_generator_c/cmake)
[0.135s] -- Found rosidl_adapter: 3.1.6 (/opt/ros/humble/share/rosidl_adapter/cmake)
[0.139s] -- Found rosidl_generator_cpp: 3.1.6 (/opt/ros/humble/share/rosidl_generator_cpp/cmake)
[0.145s] -- Using all available rosidl_typesupport_c: rosidl_typesupport_fastrtps_c;rosidl_typesupport_introspection_c
[0.152s] -- Using all available rosidl_typesupport_cpp: rosidl_typesupport_fastrtps_cpp;rosidl_typesupport_introspection_cpp
[0.158s] -- Found cv_bridge: 3.2.1 (/opt/ros/humble/share/cv_bridge/cmake)
[0.186s] -- Found image_transport: 3.1.12 (/opt/ros/humble/share/image_transport/cmake)
[0.203s] -- Found rmw_implementation_cmake: 6.1.2 (/opt/ros/humble/share/rmw_implementation_cmake/cmake)
[0.204s] -- Found rmw_cyclonedds_cpp: 1.3.4 (/opt/ros/humble/share/rmw_cyclonedds_cpp/cmake)
[0.214s] -- Using RMW implementation 'rmw_cyclonedds_cpp' as default
[0.245s] -- Found rclcpp_components: 16.0.12 (/opt/ros/humble/share/rclcpp_components/cmake)
[0.255s] -- Found realsense2_camera_msgs: 4.55.1 (/ros2_ws/install/realsense2_camera_msgs/share/realsense2_camera_msgs/cmake)
[0.264s] -- Found nav_msgs: 4.9.0 (/opt/ros/humble/share/nav_msgs/cmake)
[0.273s] -- Found tf2_ros: 0.25.13 (/opt/ros/humble/share/tf2_ros/cmake)
[0.307s] -- Found diagnostic_updater: 4.0.6 (/opt/ros/humble/share/diagnostic_updater/cmake)
[0.318s] -- Build for ROS2 Humble
[0.320s] -- Found ament_cmake_gtest: 1.3.11 (/opt/ros/humble/share/ament_cmake_gtest/cmake)
[0.321s] -- Found gtest sources under '/opt/ros/humble/src/gtest_vendor': C++ tests using 'Google Test' will be built
[0.323s] -- Found ament_cmake_pytest: 1.3.11 (/opt/ros/humble/share/ament_cmake_pytest/cmake)
[1.955s] -- rs_device_info:
[1.956s] -- No device detected. Is it plugged in?
[1.956s] 
[2.003s] -- Configuring done
[2.024s] -- Generating done
[2.029s] -- Build files have been written to: /ros2_ws/build/realsense2_camera
[2.052s] [35m[1mConsolidate compiler generated dependencies of target gtest_main[0m
[2.052s] [35m[1mConsolidate compiler generated dependencies of target gtest[0m
[2.053s] [35m[1mConsolidate compiler generated dependencies of target realsense2_camera_node[0m
[2.059s] [35m[1mConsolidate compiler generated dependencies of target realsense2_camera[0m
[2.065s] [ 18%] Built target gtest_main
[2.065s] [ 18%] Built target gtest
[2.069s] [ 27%] Built target realsense2_camera_node
[2.073s] [35m[1mConsolidate compiler generated dependencies of target gtest_template[0m
[2.084s] [ 36%] Built target gtest_template
[2.103s] [100%] Built target realsense2_camera
[2.113s] Invoked command in '/ros2_ws/build/realsense2_camera' returned '0': AMENT_PREFIX_PATH=/ros2_ws/install/realsense2_camera_msgs:${AMENT_PREFIX_PATH} CMAKE_PREFIX_PATH=/ros2_ws/install/realsense2_camera_msgs:/home/realsense/vision-ws/install/realsense2_description:/home/realsense/vision-ws/install/realsense2_camera:/home/realsense/vision-ws/install/realsense2_camera_msgs:/opt/ros/humble LD_LIBRARY_PATH=/ros2_ws/install/realsense2_camera_msgs/lib:${LD_LIBRARY_PATH} PYTHONPATH=/ros2_ws/install/realsense2_camera_msgs/local/lib/python3.10/dist-packages:${PYTHONPATH} /usr/bin/cmake --build /ros2_ws/build/realsense2_camera -- -j16 -l16
[2.114s] Invoking command in '/ros2_ws/build/realsense2_camera': AMENT_PREFIX_PATH=/ros2_ws/install/realsense2_camera_msgs:${AMENT_PREFIX_PATH} CMAKE_PREFIX_PATH=/ros2_ws/install/realsense2_camera_msgs:/home/realsense/vision-ws/install/realsense2_description:/home/realsense/vision-ws/install/realsense2_camera:/home/realsense/vision-ws/install/realsense2_camera_msgs:/opt/ros/humble LD_LIBRARY_PATH=/ros2_ws/install/realsense2_camera_msgs/lib:${LD_LIBRARY_PATH} PYTHONPATH=/ros2_ws/install/realsense2_camera_msgs/local/lib/python3.10/dist-packages:${PYTHONPATH} /usr/bin/cmake --install /ros2_ws/build/realsense2_camera
[2.120s] -- Install configuration: "Release"
[2.120s] -- Up-to-date: /ros2_ws/install/realsense2_camera/lib/realsense2_camera/realsense2_camera_node
[2.121s] -- Up-to-date: /ros2_ws/install/realsense2_camera/lib/librealsense2_camera.so
[2.121s] -- Up-to-date: /ros2_ws/install/realsense2_camera/include
[2.121s] -- Up-to-date: /ros2_ws/install/realsense2_camera/include/sensor_params.h
[2.121s] -- Up-to-date: /ros2_ws/install/realsense2_camera/include/profile_manager.h
[2.121s] -- Up-to-date: /ros2_ws/install/realsense2_camera/include/constants.h
[2.121s] -- Up-to-date: /ros2_ws/install/realsense2_camera/include/ros_utils.h
[2.121s] -- Up-to-date: /ros2_ws/install/realsense2_camera/include/ros_param_backend.h
[2.121s] -- Up-to-date: /ros2_ws/install/realsense2_camera/include/image_publisher.h
[2.121s] -- Up-to-date: /ros2_ws/install/realsense2_camera/include/named_filter.h
[2.121s] -- Up-to-date: /ros2_ws/install/realsense2_camera/include/dynamic_params.h
[2.121s] -- Up-to-date: /ros2_ws/install/realsense2_camera/include/ros_sensor.h
[2.121s] -- Up-to-date: /ros2_ws/install/realsense2_camera/include/base_realsense_node.h
[2.121s] -- Up-to-date: /ros2_ws/install/realsense2_camera/include/gl_window.h
[2.122s] -- Up-to-date: /ros2_ws/install/realsense2_camera/include/realsense_node_factory.h
[2.122s] -- Up-to-date: /ros2_ws/install/realsense2_camera/share/realsense2_camera/launch
[2.122s] -- Up-to-date: /ros2_ws/install/realsense2_camera/share/realsense2_camera/launch/visual_presets
[2.122s] -- Up-to-date: /ros2_ws/install/realsense2_camera/share/realsense2_camera/launch/visual_presets/DefaultPreset_D435.json
[2.122s] -- Up-to-date: /ros2_ws/install/realsense2_camera/share/realsense2_camera/launch/visual_presets/BodyScanPreset.json
[2.122s] -- Up-to-date: /ros2_ws/install/realsense2_camera/share/realsense2_camera/launch/visual_presets/MedDensityPreset.json
[2.122s] -- Up-to-date: /ros2_ws/install/realsense2_camera/share/realsense2_camera/launch/visual_presets/DefaultPreset_D415.json
[2.122s] -- Up-to-date: /ros2_ws/install/realsense2_camera/share/realsense2_camera/launch/visual_presets/ShortRangePreset.json
[2.122s] -- Up-to-date: /ros2_ws/install/realsense2_camera/share/realsense2_camera/launch/visual_presets/HandGesturePreset.json
[2.122s] -- Up-to-date: /ros2_ws/install/realsense2_camera/share/realsense2_camera/launch/visual_presets/HighAccuracyPreset.json
[2.122s] -- Up-to-date: /ros2_ws/install/realsense2_camera/share/realsense2_camera/launch/visual_presets/D415_RemoveIR.json
[2.122s] -- Up-to-date: /ros2_ws/install/realsense2_camera/share/realsense2_camera/launch/visual_presets/EdgeMapD435.json
[2.122s] -- Up-to-date: /ros2_ws/install/realsense2_camera/share/realsense2_camera/launch/visual_presets/HighDensityPreset.json
[2.122s] -- Up-to-date: /ros2_ws/install/realsense2_camera/share/realsense2_camera/launch/visual_presets/DefaultPreset_D455.json
[2.122s] -- Up-to-date: /ros2_ws/install/realsense2_camera/share/realsense2_camera/launch/rs_intra_process_demo_launch.py
[2.122s] -- Up-to-date: /ros2_ws/install/realsense2_camera/share/realsense2_camera/launch/default.rviz
[2.122s] -- Up-to-date: /ros2_ws/install/realsense2_camera/share/realsense2_camera/launch/rs_launch.py
[2.122s] -- Up-to-date: /ros2_ws/install/realsense2_camera/share/realsense2_camera/launch/rs_multi_camera_launch.py
[2.122s] -- Up-to-date: /ros2_ws/install/realsense2_camera/share/realsense2_camera/examples
[2.122s] -- Up-to-date: /ros2_ws/install/realsense2_camera/share/realsense2_camera/examples/align_depth
[2.122s] -- Up-to-date: /ros2_ws/install/realsense2_camera/share/realsense2_camera/examples/align_depth/rs_align_depth_launch.py
[2.122s] -- Up-to-date: /ros2_ws/install/realsense2_camera/share/realsense2_camera/examples/align_depth/README.md
[2.122s] -- Up-to-date: /ros2_ws/install/realsense2_camera/share/realsense2_camera/examples/launch_params_from_file
[2.122s] -- Up-to-date: /ros2_ws/install/realsense2_camera/share/realsense2_camera/examples/launch_params_from_file/config
[2.122s] -- Up-to-date: /ros2_ws/install/realsense2_camera/share/realsense2_camera/examples/launch_params_from_file/config/config.yaml
[2.122s] -- Up-to-date: /ros2_ws/install/realsense2_camera/share/realsense2_camera/examples/launch_params_from_file/rs_launch_get_params_from_yaml.py
[2.123s] -- Up-to-date: /ros2_ws/install/realsense2_camera/share/realsense2_camera/examples/launch_params_from_file/README.md
[2.123s] -- Up-to-date: /ros2_ws/install/realsense2_camera/share/realsense2_camera/examples/pointcloud
[2.123s] -- Up-to-date: /ros2_ws/install/realsense2_camera/share/realsense2_camera/examples/pointcloud/rs_d455_pointcloud_launch.py
[2.123s] -- Up-to-date: /ros2_ws/install/realsense2_camera/share/realsense2_camera/examples/pointcloud/rs_d405_pointcloud_launch.py
[2.123s] -- Up-to-date: /ros2_ws/install/realsense2_camera/share/realsense2_camera/examples/pointcloud/rviz
[2.123s] -- Up-to-date: /ros2_ws/install/realsense2_camera/share/realsense2_camera/examples/pointcloud/rviz/pointcloud.rviz
[2.123s] -- Up-to-date: /ros2_ws/install/realsense2_camera/share/realsense2_camera/examples/pointcloud/rviz/urdf_pointcloud.rviz
[2.123s] -- Up-to-date: /ros2_ws/install/realsense2_camera/share/realsense2_camera/examples/pointcloud/README.md
[2.123s] -- Up-to-date: /ros2_ws/install/realsense2_camera/share/realsense2_camera/examples/pointcloud/rs_pointcloud_launch.py
[2.123s] -- Up-to-date: /ros2_ws/install/realsense2_camera/share/realsense2_camera/examples/launch_from_rosbag
[2.123s] -- Up-to-date: /ros2_ws/install/realsense2_camera/share/realsense2_camera/examples/launch_from_rosbag/rs_launch_from_rosbag.py
[2.123s] -- Up-to-date: /ros2_ws/install/realsense2_camera/share/realsense2_camera/examples/launch_from_rosbag/README.md
[2.123s] -- Up-to-date: /ros2_ws/install/realsense2_camera/share/realsense2_camera/examples/dual_camera
[2.123s] -- Up-to-date: /ros2_ws/install/realsense2_camera/share/realsense2_camera/examples/dual_camera/rs_dual_camera_launch.py
[2.123s] -- Up-to-date: /ros2_ws/install/realsense2_camera/share/realsense2_camera/examples/dual_camera/rviz
[2.123s] -- Up-to-date: /ros2_ws/install/realsense2_camera/share/realsense2_camera/examples/dual_camera/rviz/dual_camera_pointcloud.rviz
[2.123s] -- Up-to-date: /ros2_ws/install/realsense2_camera/share/realsense2_camera/examples/dual_camera/README.md
[2.123s] -- Up-to-date: /ros2_ws/install/realsense2_camera/share/realsense2_camera/environment/library_path.sh
[2.123s] -- Installing: /ros2_ws/install/realsense2_camera/share/realsense2_camera/environment/library_path.dsv
[2.123s] -- Up-to-date: /ros2_ws/install/realsense2_camera/share/ament_index/resource_index/package_run_dependencies/realsense2_camera
[2.123s] -- Up-to-date: /ros2_ws/install/realsense2_camera/share/ament_index/resource_index/parent_prefix_path/realsense2_camera
[2.123s] -- Up-to-date: /ros2_ws/install/realsense2_camera/share/realsense2_camera/environment/ament_prefix_path.sh
[2.123s] -- Installing: /ros2_ws/install/realsense2_camera/share/realsense2_camera/environment/ament_prefix_path.dsv
[2.123s] -- Up-to-date: /ros2_ws/install/realsense2_camera/share/realsense2_camera/environment/path.sh
[2.123s] -- Installing: /ros2_ws/install/realsense2_camera/share/realsense2_camera/environment/path.dsv
[2.123s] -- Up-to-date: /ros2_ws/install/realsense2_camera/share/realsense2_camera/local_setup.bash
[2.123s] -- Up-to-date: /ros2_ws/install/realsense2_camera/share/realsense2_camera/local_setup.sh
[2.123s] -- Up-to-date: /ros2_ws/install/realsense2_camera/share/realsense2_camera/local_setup.zsh
[2.123s] -- Installing: /ros2_ws/install/realsense2_camera/share/realsense2_camera/local_setup.dsv
[2.123s] -- Installing: /ros2_ws/install/realsense2_camera/share/realsense2_camera/package.dsv
[2.123s] -- Up-to-date: /ros2_ws/install/realsense2_camera/share/ament_index/resource_index/packages/realsense2_camera
[2.123s] -- Up-to-date: /ros2_ws/install/realsense2_camera/share/ament_index/resource_index/rclcpp_components/realsense2_camera
[2.124s] -- Up-to-date: /ros2_ws/install/realsense2_camera/share/realsense2_camera/cmake/ament_cmake_export_include_directories-extras.cmake
[2.124s] -- Up-to-date: /ros2_ws/install/realsense2_camera/share/realsense2_camera/cmake/ament_cmake_export_libraries-extras.cmake
[2.124s] -- Up-to-date: /ros2_ws/install/realsense2_camera/share/realsense2_camera/cmake/ament_cmake_export_dependencies-extras.cmake
[2.124s] -- Up-to-date: /ros2_ws/install/realsense2_camera/share/realsense2_camera/cmake/realsense2_cameraConfig.cmake
[2.124s] -- Up-to-date: /ros2_ws/install/realsense2_camera/share/realsense2_camera/cmake/realsense2_cameraConfig-version.cmake
[2.124s] -- Up-to-date: /ros2_ws/install/realsense2_camera/share/realsense2_camera/package.xml
[2.125s] Invoked command in '/ros2_ws/build/realsense2_camera' returned '0': AMENT_PREFIX_PATH=/ros2_ws/install/realsense2_camera_msgs:${AMENT_PREFIX_PATH} CMAKE_PREFIX_PATH=/ros2_ws/install/realsense2_camera_msgs:/home/realsense/vision-ws/install/realsense2_description:/home/realsense/vision-ws/install/realsense2_camera:/home/realsense/vision-ws/install/realsense2_camera_msgs:/opt/ros/humble LD_LIBRARY_PATH=/ros2_ws/install/realsense2_camera_msgs/lib:${LD_LIBRARY_PATH} PYTHONPATH=/ros2_ws/install/realsense2_camera_msgs/local/lib/python3.10/dist-packages:${PYTHONPATH} /usr/bin/cmake --install /ros2_ws/build/realsense2_camera
