[0.015s] Invoking command in '/ros2_ws/build/realsense2_camera': CMAKE_PREFIX_PATH=/ros2_ws/install/realsense2_camera_msgs:/ros2_ws/install/navigation:/ros2_ws/install/rospi_pre:/ros2_ws/install/realsense2_description:/opt/ros/humble LD_LIBRARY_PATH=/ros2_ws/install/realsense2_camera_msgs/lib:/ros2_ws/install/rospi_pre/lib:/opt/ros/humble/opt/rviz_ogre_vendor/lib:/opt/ros/humble/lib/x86_64-linux-gnu:/opt/ros/humble/lib /usr/bin/cmake /ros2_ws/src/realsense-pkg/realsense2_camera -DCMAKE_INSTALL_PREFIX=/ros2_ws/install/realsense2_camera
[0.028s] -- Create Release Build.
[0.028s] -- Found ament_cmake: 1.3.11 (/opt/ros/humble/share/ament_cmake/cmake)
[0.122s] -- Found builtin_interfaces: 1.2.1 (/opt/ros/humble/share/builtin_interfaces/cmake)
[0.139s] -- Found rosidl_generator_c: 3.1.6 (/opt/ros/humble/share/rosidl_generator_c/cmake)
[0.141s] -- Found rosidl_adapter: 3.1.6 (/opt/ros/humble/share/rosidl_adapter/cmake)
[0.145s] -- Found rosidl_generator_cpp: 3.1.6 (/opt/ros/humble/share/rosidl_generator_cpp/cmake)
[0.152s] -- Using all available rosidl_typesupport_c: rosidl_typesupport_fastrtps_c;rosidl_typesupport_introspection_c
[0.160s] -- Using all available rosidl_typesupport_cpp: rosidl_typesupport_fastrtps_cpp;rosidl_typesupport_introspection_cpp
[0.168s] -- Found cv_bridge: 3.2.1 (/opt/ros/humble/share/cv_bridge/cmake)
[0.204s] -- Found image_transport: 3.1.12 (/opt/ros/humble/share/image_transport/cmake)
[0.224s] -- Found rmw_implementation_cmake: 6.1.2 (/opt/ros/humble/share/rmw_implementation_cmake/cmake)
[0.225s] -- Found rmw_cyclonedds_cpp: 1.3.4 (/opt/ros/humble/share/rmw_cyclonedds_cpp/cmake)
[0.237s] -- Using RMW implementation 'rmw_cyclonedds_cpp' as default
[0.282s] -- Found rclcpp_components: 16.0.12 (/opt/ros/humble/share/rclcpp_components/cmake)
[0.293s] -- Found realsense2_camera_msgs: 4.55.1 (/ros2_ws/install/realsense2_camera_msgs/share/realsense2_camera_msgs/cmake)
[0.305s] -- Found nav_msgs: 4.9.0 (/opt/ros/humble/share/nav_msgs/cmake)
[0.316s] -- Found tf2_ros: 0.25.13 (/opt/ros/humble/share/tf2_ros/cmake)
[0.359s] -- Found diagnostic_updater: 4.0.6 (/opt/ros/humble/share/diagnostic_updater/cmake)
[0.378s] -- Found OpenCV: /usr (found version "4.5.4") found components: core 
[0.379s] -- Build for ROS2 Humble
[0.384s] -- Found ament_cmake_gtest: 1.3.11 (/opt/ros/humble/share/ament_cmake_gtest/cmake)
[0.387s] -- Found gtest sources under '/opt/ros/humble/src/gtest_vendor': C++ tests using 'Google Test' will be built
[0.392s] -- Found ament_cmake_pytest: 1.3.11 (/opt/ros/humble/share/ament_cmake_pytest/cmake)
[2.528s] -- rs_device_info:
[2.528s] --  22/08 03:15:43,088 ERROR [124213048005184] (context.cpp:40) No valid configuration file found at : /root/.realsense-config.json loading defaults
[2.528s] No device detected. Is it plugged in?
[2.528s] 
[2.585s] -- Configuring done
[2.612s] -- Generating done
[2.618s] -- Build files have been written to: /ros2_ws/build/realsense2_camera
[2.627s] Invoked command in '/ros2_ws/build/realsense2_camera' returned '0': CMAKE_PREFIX_PATH=/ros2_ws/install/realsense2_camera_msgs:/ros2_ws/install/navigation:/ros2_ws/install/rospi_pre:/ros2_ws/install/realsense2_description:/opt/ros/humble LD_LIBRARY_PATH=/ros2_ws/install/realsense2_camera_msgs/lib:/ros2_ws/install/rospi_pre/lib:/opt/ros/humble/opt/rviz_ogre_vendor/lib:/opt/ros/humble/lib/x86_64-linux-gnu:/opt/ros/humble/lib /usr/bin/cmake /ros2_ws/src/realsense-pkg/realsense2_camera -DCMAKE_INSTALL_PREFIX=/ros2_ws/install/realsense2_camera
[2.628s] Invoking command in '/ros2_ws/build/realsense2_camera': CMAKE_PREFIX_PATH=/ros2_ws/install/realsense2_camera_msgs:/ros2_ws/install/navigation:/ros2_ws/install/rospi_pre:/ros2_ws/install/realsense2_description:/opt/ros/humble LD_LIBRARY_PATH=/ros2_ws/install/realsense2_camera_msgs/lib:/ros2_ws/install/rospi_pre/lib:/opt/ros/humble/opt/rviz_ogre_vendor/lib:/opt/ros/humble/lib/x86_64-linux-gnu:/opt/ros/humble/lib /usr/bin/cmake --build /ros2_ws/build/realsense2_camera -- -j12 -l12
[2.679s] [ 18%] [32mBuilding CXX object gtest/CMakeFiles/gtest_main.dir/src/gtest_main.cc.o[0m
[2.679s] [ 18%] [32mBuilding CXX object CMakeFiles/realsense2_camera_node.dir/rclcpp_components/node_main_realsense2_camera_node.cpp.o[0m
[2.679s] [ 18%] [32mBuilding CXX object gtest/CMakeFiles/gtest.dir/src/gtest-all.cc.o[0m
[2.680s] [ 22%] [32mBuilding CXX object CMakeFiles/realsense2_camera.dir/src/base_realsense_node.cpp.o[0m
[2.680s] [ 27%] [32mBuilding CXX object CMakeFiles/realsense2_camera.dir/src/rs_node_setup.cpp.o[0m
[2.680s] [ 31%] [32mBuilding CXX object CMakeFiles/realsense2_camera.dir/src/ros_sensor.cpp.o[0m
[2.680s] [ 36%] [32mBuilding CXX object CMakeFiles/realsense2_camera.dir/src/ros_utils.cpp.o[0m
[2.680s] [ 18%] [32mBuilding CXX object CMakeFiles/realsense2_camera.dir/src/parameters.cpp.o[0m
[2.680s] [ 45%] [32mBuilding CXX object CMakeFiles/realsense2_camera.dir/src/realsense_node_factory.cpp.o[0m
[2.680s] [ 45%] [32mBuilding CXX object CMakeFiles/realsense2_camera.dir/src/dynamic_params.cpp.o[0m
[2.683s] [ 50%] [32mBuilding CXX object CMakeFiles/realsense2_camera.dir/src/sensor_params.cpp.o[0m
[2.690s] [ 54%] [32mBuilding CXX object CMakeFiles/realsense2_camera.dir/src/named_filter.cpp.o[0m
[3.483s] [ 59%] [32m[1mLinking CXX static library libgtest_main.a[0m
[3.561s] [ 59%] Built target gtest_main
[3.561s] [ 63%] [32mBuilding CXX object CMakeFiles/realsense2_camera.dir/src/profile_manager.cpp.o[0m
[7.331s] [ 68%] [32m[1mLinking CXX executable realsense2_camera_node[0m
[7.381s] [ 72%] [32mBuilding CXX object CMakeFiles/realsense2_camera.dir/src/image_publisher.cpp.o[0m
[7.509s] [ 72%] Built target realsense2_camera_node
[7.521s] [ 77%] [32mBuilding CXX object CMakeFiles/realsense2_camera.dir/src/tfs.cpp.o[0m
[9.202s] [ 81%] [32mBuilding CXX object CMakeFiles/realsense2_camera.dir/src/ros_param_backend.cpp.o[0m
[11.116s] [ 86%] [32m[1mLinking CXX static library libgtest.a[0m
[11.208s] [ 86%] Built target gtest
[11.241s] [ 90%] [32mBuilding CXX object CMakeFiles/gtest_template.dir/test/gtest_template.cpp.o[0m
[12.178s] [ 95%] [32m[1mLinking CXX executable gtest_template[0m
[12.279s] [ 95%] Built target gtest_template
[17.216s] [100%] [32m[1mLinking CXX shared library librealsense2_camera.so[0m
[17.529s] [100%] Built target realsense2_camera
[17.540s] Invoked command in '/ros2_ws/build/realsense2_camera' returned '0': CMAKE_PREFIX_PATH=/ros2_ws/install/realsense2_camera_msgs:/ros2_ws/install/navigation:/ros2_ws/install/rospi_pre:/ros2_ws/install/realsense2_description:/opt/ros/humble LD_LIBRARY_PATH=/ros2_ws/install/realsense2_camera_msgs/lib:/ros2_ws/install/rospi_pre/lib:/opt/ros/humble/opt/rviz_ogre_vendor/lib:/opt/ros/humble/lib/x86_64-linux-gnu:/opt/ros/humble/lib /usr/bin/cmake --build /ros2_ws/build/realsense2_camera -- -j12 -l12
[17.548s] Invoking command in '/ros2_ws/build/realsense2_camera': CMAKE_PREFIX_PATH=/ros2_ws/install/realsense2_camera_msgs:/ros2_ws/install/navigation:/ros2_ws/install/rospi_pre:/ros2_ws/install/realsense2_description:/opt/ros/humble LD_LIBRARY_PATH=/ros2_ws/install/realsense2_camera_msgs/lib:/ros2_ws/install/rospi_pre/lib:/opt/ros/humble/opt/rviz_ogre_vendor/lib:/opt/ros/humble/lib/x86_64-linux-gnu:/opt/ros/humble/lib /usr/bin/cmake --install /ros2_ws/build/realsense2_camera
[17.554s] -- Install configuration: "Release"
[17.554s] -- Installing: /ros2_ws/install/realsense2_camera/lib/realsense2_camera/realsense2_camera_node
[17.555s] -- Set runtime path of "/ros2_ws/install/realsense2_camera/lib/realsense2_camera/realsense2_camera_node" to ""
[17.555s] -- Installing: /ros2_ws/install/realsense2_camera/lib/librealsense2_camera.so
[17.558s] -- Set runtime path of "/ros2_ws/install/realsense2_camera/lib/librealsense2_camera.so" to ""
[17.558s] -- Installing: /ros2_ws/install/realsense2_camera/include
[17.558s] -- Installing: /ros2_ws/install/realsense2_camera/include/ros_utils.h
[17.558s] -- Installing: /ros2_ws/install/realsense2_camera/include/gl_window.h
[17.558s] -- Installing: /ros2_ws/install/realsense2_camera/include/ros_param_backend.h
[17.559s] -- Installing: /ros2_ws/install/realsense2_camera/include/named_filter.h
[17.559s] -- Installing: /ros2_ws/install/realsense2_camera/include/constants.h
[17.559s] -- Installing: /ros2_ws/install/realsense2_camera/include/image_publisher.h
[17.559s] -- Installing: /ros2_ws/install/realsense2_camera/include/ros_sensor.h
[17.559s] -- Installing: /ros2_ws/install/realsense2_camera/include/base_realsense_node.h
[17.559s] -- Installing: /ros2_ws/install/realsense2_camera/include/dynamic_params.h
[17.559s] -- Installing: /ros2_ws/install/realsense2_camera/include/realsense_node_factory.h
[17.559s] -- Installing: /ros2_ws/install/realsense2_camera/include/profile_manager.h
[17.559s] -- Installing: /ros2_ws/install/realsense2_camera/include/sensor_params.h
[17.559s] -- Installing: /ros2_ws/install/realsense2_camera/share/realsense2_camera/launch
[17.559s] -- Installing: /ros2_ws/install/realsense2_camera/share/realsense2_camera/launch/rs_intra_process_demo_launch.py
[17.560s] -- Installing: /ros2_ws/install/realsense2_camera/share/realsense2_camera/launch/default.rviz
[17.560s] -- Installing: /ros2_ws/install/realsense2_camera/share/realsense2_camera/launch/visual_presets
[17.560s] -- Installing: /ros2_ws/install/realsense2_camera/share/realsense2_camera/launch/visual_presets/MedDensityPreset.json
[17.560s] -- Installing: /ros2_ws/install/realsense2_camera/share/realsense2_camera/launch/visual_presets/BodyScanPreset.json
[17.560s] -- Installing: /ros2_ws/install/realsense2_camera/share/realsense2_camera/launch/visual_presets/DefaultPreset_D415.json
[17.560s] -- Installing: /ros2_ws/install/realsense2_camera/share/realsense2_camera/launch/visual_presets/HighDensityPreset.json
[17.560s] -- Installing: /ros2_ws/install/realsense2_camera/share/realsense2_camera/launch/visual_presets/DefaultPreset_D455.json
[17.560s] -- Installing: /ros2_ws/install/realsense2_camera/share/realsense2_camera/launch/visual_presets/ShortRangePreset.json
[17.560s] -- Installing: /ros2_ws/install/realsense2_camera/share/realsense2_camera/launch/visual_presets/D415_RemoveIR.json
[17.560s] -- Installing: /ros2_ws/install/realsense2_camera/share/realsense2_camera/launch/visual_presets/HandGesturePreset.json
[17.560s] -- Installing: /ros2_ws/install/realsense2_camera/share/realsense2_camera/launch/visual_presets/HighAccuracyPreset.json
[17.560s] -- Installing: /ros2_ws/install/realsense2_camera/share/realsense2_camera/launch/visual_presets/EdgeMapD435.json
[17.561s] -- Installing: /ros2_ws/install/realsense2_camera/share/realsense2_camera/launch/visual_presets/DefaultPreset_D435.json
[17.561s] -- Installing: /ros2_ws/install/realsense2_camera/share/realsense2_camera/launch/rs_launch.py
[17.561s] -- Installing: /ros2_ws/install/realsense2_camera/share/realsense2_camera/launch/rs_multi_camera_launch.py
[17.561s] -- Installing: /ros2_ws/install/realsense2_camera/share/realsense2_camera/examples
[17.561s] -- Installing: /ros2_ws/install/realsense2_camera/share/realsense2_camera/examples/pointcloud
[17.561s] -- Installing: /ros2_ws/install/realsense2_camera/share/realsense2_camera/examples/pointcloud/rviz
[17.561s] -- Installing: /ros2_ws/install/realsense2_camera/share/realsense2_camera/examples/pointcloud/rviz/urdf_pointcloud.rviz
[17.561s] -- Installing: /ros2_ws/install/realsense2_camera/share/realsense2_camera/examples/pointcloud/rviz/pointcloud.rviz
[17.561s] -- Installing: /ros2_ws/install/realsense2_camera/share/realsense2_camera/examples/pointcloud/rs_pointcloud_launch.py
[17.561s] -- Installing: /ros2_ws/install/realsense2_camera/share/realsense2_camera/examples/pointcloud/rs_d455_pointcloud_launch.py
[17.561s] -- Installing: /ros2_ws/install/realsense2_camera/share/realsense2_camera/examples/pointcloud/README.md
[17.561s] -- Installing: /ros2_ws/install/realsense2_camera/share/realsense2_camera/examples/pointcloud/rs_d405_pointcloud_launch.py
[17.562s] -- Installing: /ros2_ws/install/realsense2_camera/share/realsense2_camera/examples/launch_params_from_file
[17.562s] -- Installing: /ros2_ws/install/realsense2_camera/share/realsense2_camera/examples/launch_params_from_file/rs_launch_get_params_from_yaml.py
[17.562s] -- Installing: /ros2_ws/install/realsense2_camera/share/realsense2_camera/examples/launch_params_from_file/README.md
[17.562s] -- Installing: /ros2_ws/install/realsense2_camera/share/realsense2_camera/examples/launch_params_from_file/config
[17.562s] -- Installing: /ros2_ws/install/realsense2_camera/share/realsense2_camera/examples/launch_params_from_file/config/config.yaml
[17.562s] -- Installing: /ros2_ws/install/realsense2_camera/share/realsense2_camera/examples/launch_from_rosbag
[17.562s] -- Installing: /ros2_ws/install/realsense2_camera/share/realsense2_camera/examples/launch_from_rosbag/rs_launch_from_rosbag.py
[17.562s] -- Installing: /ros2_ws/install/realsense2_camera/share/realsense2_camera/examples/launch_from_rosbag/README.md
[17.562s] -- Installing: /ros2_ws/install/realsense2_camera/share/realsense2_camera/examples/dual_camera
[17.562s] -- Installing: /ros2_ws/install/realsense2_camera/share/realsense2_camera/examples/dual_camera/rviz
[17.562s] -- Installing: /ros2_ws/install/realsense2_camera/share/realsense2_camera/examples/dual_camera/rviz/dual_camera_pointcloud.rviz
[17.562s] -- Installing: /ros2_ws/install/realsense2_camera/share/realsense2_camera/examples/dual_camera/rs_dual_camera_launch.py
[17.562s] -- Installing: /ros2_ws/install/realsense2_camera/share/realsense2_camera/examples/dual_camera/README.md
[17.566s] -- Installing: /ros2_ws/install/realsense2_camera/share/realsense2_camera/examples/align_depth
[17.566s] -- Installing: /ros2_ws/install/realsense2_camera/share/realsense2_camera/examples/align_depth/README.md
[17.566s] -- Installing: /ros2_ws/install/realsense2_camera/share/realsense2_camera/examples/align_depth/rs_align_depth_launch.py
[17.566s] -- Installing: /ros2_ws/install/realsense2_camera/share/realsense2_camera/environment/library_path.sh
[17.566s] -- Installing: /ros2_ws/install/realsense2_camera/share/realsense2_camera/environment/library_path.dsv
[17.566s] -- Installing: /ros2_ws/install/realsense2_camera/share/ament_index/resource_index/package_run_dependencies/realsense2_camera
[17.566s] -- Installing: /ros2_ws/install/realsense2_camera/share/ament_index/resource_index/parent_prefix_path/realsense2_camera
[17.566s] -- Installing: /ros2_ws/install/realsense2_camera/share/realsense2_camera/environment/ament_prefix_path.sh
[17.566s] -- Installing: /ros2_ws/install/realsense2_camera/share/realsense2_camera/environment/ament_prefix_path.dsv
[17.566s] -- Installing: /ros2_ws/install/realsense2_camera/share/realsense2_camera/environment/path.sh
[17.566s] -- Installing: /ros2_ws/install/realsense2_camera/share/realsense2_camera/environment/path.dsv
[17.566s] -- Installing: /ros2_ws/install/realsense2_camera/share/realsense2_camera/local_setup.bash
[17.566s] -- Installing: /ros2_ws/install/realsense2_camera/share/realsense2_camera/local_setup.sh
[17.566s] -- Installing: /ros2_ws/install/realsense2_camera/share/realsense2_camera/local_setup.zsh
[17.566s] -- Installing: /ros2_ws/install/realsense2_camera/share/realsense2_camera/local_setup.dsv
[17.566s] -- Installing: /ros2_ws/install/realsense2_camera/share/realsense2_camera/package.dsv
[17.566s] -- Installing: /ros2_ws/install/realsense2_camera/share/ament_index/resource_index/packages/realsense2_camera
[17.566s] -- Installing: /ros2_ws/install/realsense2_camera/share/ament_index/resource_index/rclcpp_components/realsense2_camera
[17.566s] -- Installing: /ros2_ws/install/realsense2_camera/share/realsense2_camera/cmake/ament_cmake_export_include_directories-extras.cmake
[17.567s] -- Installing: /ros2_ws/install/realsense2_camera/share/realsense2_camera/cmake/ament_cmake_export_libraries-extras.cmake
[17.567s] -- Installing: /ros2_ws/install/realsense2_camera/share/realsense2_camera/cmake/ament_cmake_export_dependencies-extras.cmake
[17.567s] -- Installing: /ros2_ws/install/realsense2_camera/share/realsense2_camera/cmake/realsense2_cameraConfig.cmake
[17.567s] -- Installing: /ros2_ws/install/realsense2_camera/share/realsense2_camera/cmake/realsense2_cameraConfig-version.cmake
[17.567s] -- Installing: /ros2_ws/install/realsense2_camera/share/realsense2_camera/package.xml
[17.568s] Invoked command in '/ros2_ws/build/realsense2_camera' returned '0': CMAKE_PREFIX_PATH=/ros2_ws/install/realsense2_camera_msgs:/ros2_ws/install/navigation:/ros2_ws/install/rospi_pre:/ros2_ws/install/realsense2_description:/opt/ros/humble LD_LIBRARY_PATH=/ros2_ws/install/realsense2_camera_msgs/lib:/ros2_ws/install/rospi_pre/lib:/opt/ros/humble/opt/rviz_ogre_vendor/lib:/opt/ros/humble/lib/x86_64-linux-gnu:/opt/ros/humble/lib /usr/bin/cmake --install /ros2_ws/build/realsense2_camera
