[0.013s] Invoking command in '/ros2_ws/build/realsense2_camera': CMAKE_PREFIX_PATH=/ros2_ws/install/realsense2_camera_msgs:/ros2_ws/install/navigation:/ros2_ws/install/rospi_pre:/ros2_ws/install/realsense2_description:/ros2_ws/install/realsense2_camera:/ros2_ws/install/main_pkg:/ros2_ws/install/camera:/opt/ros/humble LD_LIBRARY_PATH=/ros2_ws/install/realsense2_camera_msgs/lib:/ros2_ws/install/rospi_pre/lib:/ros2_ws/install/realsense2_camera/lib:/opt/ros/humble/opt/rviz_ogre_vendor/lib:/opt/ros/humble/lib/x86_64-linux-gnu:/opt/ros/humble/lib /usr/bin/cmake --build /ros2_ws/build/realsense2_camera -- -j12 -l12
[0.042s] -- Create Release Build.
[0.042s] -- Found ament_cmake: 1.3.12 (/opt/ros/humble/share/ament_cmake/cmake)
[0.150s] -- Found builtin_interfaces: 1.2.2 (/opt/ros/humble/share/builtin_interfaces/cmake)
[0.168s] -- Found rosidl_generator_c: 3.1.7 (/opt/ros/humble/share/rosidl_generator_c/cmake)
[0.170s] -- Found rosidl_adapter: 3.1.7 (/opt/ros/humble/share/rosidl_adapter/cmake)
[0.174s] -- Found rosidl_generator_cpp: 3.1.7 (/opt/ros/humble/share/rosidl_generator_cpp/cmake)
[0.186s] -- Using all available rosidl_typesupport_c: rosidl_typesupport_fastrtps_c;rosidl_typesupport_introspection_c
[0.199s] -- Using all available rosidl_typesupport_cpp: rosidl_typesupport_fastrtps_cpp;rosidl_typesupport_introspection_cpp
[0.211s] -- Found cv_bridge: 3.2.1 (/opt/ros/humble/share/cv_bridge/cmake)
[0.252s] -- Found image_transport: 3.1.12 (/opt/ros/humble/share/image_transport/cmake)
[0.276s] -- Found rmw_implementation_cmake: 6.1.2 (/opt/ros/humble/share/rmw_implementation_cmake/cmake)
[0.278s] -- Found rmw_cyclonedds_cpp: 1.3.4 (/opt/ros/humble/share/rmw_cyclonedds_cpp/cmake)
[0.291s] -- Using RMW implementation 'rmw_cyclonedds_cpp' as default
[0.343s] -- Found rclcpp_components: 16.0.14 (/opt/ros/humble/share/rclcpp_components/cmake)
[0.356s] -- Found realsense2_camera_msgs: 4.55.1 (/ros2_ws/install/realsense2_camera_msgs/share/realsense2_camera_msgs/cmake)
[0.372s] -- Found nav_msgs: 4.9.0 (/opt/ros/humble/share/nav_msgs/cmake)
[0.387s] -- Found tf2_ros: 0.25.15 (/opt/ros/humble/share/tf2_ros/cmake)
[0.454s] -- Found diagnostic_updater: 4.0.6 (/opt/ros/humble/share/diagnostic_updater/cmake)
[0.483s] [33mCMake Warning at CMakeLists.txt:120 (find_package):
[0.483s]   By not providing "Findrealsense2.cmake" in CMAKE_MODULE_PATH this project
[0.483s]   has asked CMake to find a package configuration file provided by
[0.483s]   "realsense2", but CMake did not find one.
[0.483s] 
[0.483s]   Could not find a package configuration file provided by "realsense2"
[0.483s]   (requested version 2.55.1) with any of the following names:
[0.483s] 
[0.483s]     realsense2Config.cmake
[0.483s]     realsense2-config.cmake
[0.483s] 
[0.483s]   Add the installation prefix of "realsense2" to CMAKE_PREFIX_PATH or set
[0.483s]   "realsense2_DIR" to a directory containing one of the above files.  If
[0.484s]   "realsense2" provides a separate development package or SDK, be sure it has
[0.484s]   been installed.
[0.484s] 
[0.484s] [0m
[0.484s] [31mCMake Error at CMakeLists.txt:125 (message):
[0.484s]   
[0.484s] 
[0.484s]   
[0.484s] 
[0.484s]    Intel RealSense SDK 2.0 is missing, please install it from https://github.com/IntelRealSense/librealsense/releases
[0.484s] 
[0.484s]   
[0.484s] 
[0.484s] 
[0.484s] [0m
[0.485s] -- Configuring incomplete, errors occurred!
[0.485s] See also "/ros2_ws/build/realsense2_camera/CMakeFiles/CMakeOutput.log".
[0.492s] gmake: *** [Makefile:701: cmake_check_build_system] Error 1
[0.495s] Invoked command in '/ros2_ws/build/realsense2_camera' returned '2': CMAKE_PREFIX_PATH=/ros2_ws/install/realsense2_camera_msgs:/ros2_ws/install/navigation:/ros2_ws/install/rospi_pre:/ros2_ws/install/realsense2_description:/ros2_ws/install/realsense2_camera:/ros2_ws/install/main_pkg:/ros2_ws/install/camera:/opt/ros/humble LD_LIBRARY_PATH=/ros2_ws/install/realsense2_camera_msgs/lib:/ros2_ws/install/rospi_pre/lib:/ros2_ws/install/realsense2_camera/lib:/opt/ros/humble/opt/rviz_ogre_vendor/lib:/opt/ros/humble/lib/x86_64-linux-gnu:/opt/ros/humble/lib /usr/bin/cmake --build /ros2_ws/build/realsense2_camera -- -j12 -l12
